2026-03-07 09:49:53 INFO  c.c.service.PermissionDataService - >>> Permission Check Initiated <<<
2026-03-07 09:49:53 INFO  c.c.service.PermissionDataService - User: Mohan, Designations: [CENTER HEAD], Roles: [ADMIN]
2026-03-07 09:49:54 INFO  c.c.service.PermissionDataService - CACHE HIT for role: ADMIN
2026-03-07 09:49:54 INFO  c.c.service.PermissionDataService - Refreshed expiration for role: ADMIN to 3 mins
2026-03-07 09:49:55 INFO  c.c.service.PermissionDataService - >>> Permission Check Initiated <<<
2026-03-07 09:49:55 INFO  c.c.service.PermissionDataService - User: Mohan, Designations: [CENTER HEAD], Roles: [ADMIN]
2026-03-07 09:49:55 INFO  c.c.service.PermissionDataService - CACHE HIT for role: ADMIN
2026-03-07 09:49:55 INFO  c.c.service.PermissionDataService - Refreshed expiration for role: ADMIN to 3 mins
2026-03-07 09:49:55 INFO  c.c.service.PermissionDataService - >>> Permission Check Initiated <<<
2026-03-07 09:49:55 INFO  c.c.service.PermissionDataService - User: Mohan, Designations: [CENTER HEAD], Roles: [ADMIN]
2026-03-07 09:49:55 INFO  c.c.service.PermissionDataService - CACHE HIT for role: ADMIN
2026-03-07 09:49:55 INFO  c.c.service.PermissionDataService - Refreshed expiration for role: ADMIN to 3 mins
2026-03-07 12:36:07 INFO  c.c.service.PermissionDataService - >>> Permission Check Initiated <<<
2026-03-07 12:36:07 INFO  c.c.service.PermissionDataService - User: Mohan, Designations: [CENTER HEAD], Roles: [ADMIN]
2026-03-07 12:36:07 INFO  c.c.service.PermissionDataService - CACHE HIT for role: ADMIN
2026-03-07 12:36:07 INFO  c.c.service.PermissionDataService - Refreshed expiration for role: ADMIN to 3 mins
2026-03-07 12:36:07 INFO  c.c.service.PermissionDataService - >>> Permission Check Initiated <<<
2026-03-07 12:36:07 INFO  c.c.service.PermissionDataService - User: Mohan, Designations: [CENTER HEAD], Roles: [ADMIN]
2026-03-07 12:36:07 INFO  c.c.service.PermissionDataService - CACHE HIT for role: ADMIN
2026-03-07 12:36:07 INFO  c.c.service.PermissionDataService - Refreshed expiration for role: ADMIN to 3 mins
2026-03-07 12:36:07 INFO  c.c.service.PermissionDataService - >>> Permission Check Initiated <<<
2026-03-07 12:36:07 INFO  c.c.service.PermissionDataService - User: Mohan, Designations: [CENTER HEAD], Roles: [ADMIN]
2026-03-07 12:36:07 INFO  c.c.service.PermissionDataService - CACHE HIT for role: ADMIN
2026-03-07 12:36:07 INFO  c.c.service.PermissionDataService - Refreshed expiration for role: ADMIN to 3 mins
2026-03-07 13:13:22 INFO  c.c.service.PermissionDataService - >>> Permission Check Initiated <<<
2026-03-07 13:13:22 INFO  c.c.service.PermissionDataService - User: Mohan, Designations: [CENTER HEAD], Roles: [ADMIN]
2026-03-07 13:13:22 INFO  c.c.service.PermissionDataService - CACHE MISS for role: ADMIN
2026-03-07 13:13:22 INFO  c.c.service.PermissionDataService - Fetching from DB for roles: [ADMIN]
2026-03-07 13:13:23 INFO  c.c.service.PermissionDataService - DB returned 1 records
2026-03-07 13:13:23 INFO  c.c.service.PermissionDataService - Processed DB Data chunk for role: ADMIN, UserRoleId: 939, JSON Length: 22208
2026-03-07 13:13:23 INFO  c.c.service.PermissionDataService - CACHE POPULATING (Pipeline) for role: ADMIN, Total Unique Screens: 185
2026-03-07 13:13:23 INFO  c.c.service.PermissionDataService - Stored in Redis: role_v2::ADMIN with 3 min expiration
2026-03-07 13:13:23 INFO  c.c.service.PermissionDataService - >>> Permission Check Initiated <<<
2026-03-07 13:13:23 INFO  c.c.service.PermissionDataService - User: Mohan, Designations: [CENTER HEAD], Roles: [ADMIN]
2026-03-07 13:13:23 INFO  c.c.service.PermissionDataService - CACHE HIT for role: ADMIN
2026-03-07 13:13:23 INFO  c.c.service.PermissionDataService - Refreshed expiration for role: ADMIN to 3 mins
2026-03-07 13:15:10 INFO  c.c.service.PermissionDataService - >>> Permission Check Initiated <<<
2026-03-07 13:15:10 INFO  c.c.service.PermissionDataService - User: Mohan, Designations: [CENTER HEAD], Roles: [ADMIN]
2026-03-07 13:15:10 INFO  c.c.service.PermissionDataService - CACHE HIT for role: ADMIN
2026-03-07 13:15:10 INFO  c.c.service.PermissionDataService - Refreshed expiration for role: ADMIN to 3 mins
2026-03-07 13:15:10 INFO  c.c.service.PermissionDataService - >>> Permission Check Initiated <<<
2026-03-07 13:15:10 INFO  c.c.service.PermissionDataService - User: Mohan, Designations: [CENTER HEAD], Roles: [ADMIN]
2026-03-07 13:15:10 INFO  c.c.service.PermissionDataService - CACHE HIT for role: ADMIN
2026-03-07 13:15:10 INFO  c.c.service.PermissionDataService - Refreshed expiration for role: ADMIN to 3 mins
2026-03-07 13:19:16 INFO  c.c.service.PermissionDataService - >>> Permission Check Initiated <<<
2026-03-07 13:19:16 INFO  c.c.service.PermissionDataService - User: Mohan, Designations: [CENTER HEAD], Roles: [ADMIN]
2026-03-07 13:19:16 INFO  c.c.service.PermissionDataService - CACHE MISS for role: ADMIN
2026-03-07 13:19:16 INFO  c.c.service.PermissionDataService - Fetching from DB for roles: [ADMIN]
2026-03-07 13:19:16 INFO  c.c.service.PermissionDataService - DB returned 1 records
2026-03-07 13:19:16 INFO  c.c.service.PermissionDataService - Processed DB Data chunk for role: ADMIN, UserRoleId: 939, JSON Length: 22208
2026-03-07 13:19:16 INFO  c.c.service.PermissionDataService - CACHE POPULATING (Pipeline) for role: ADMIN, Total Unique Screens: 185
2026-03-07 13:19:16 INFO  c.c.service.PermissionDataService - Stored in Redis: role_v2::ADMIN with 3 min expiration
2026-03-07 13:19:16 INFO  c.c.service.PermissionDataService - >>> Permission Check Initiated <<<
2026-03-07 13:19:16 INFO  c.c.service.PermissionDataService - User: Mohan, Designations: [CENTER HEAD], Roles: [ADMIN]
2026-03-07 13:19:16 INFO  c.c.service.PermissionDataService - CACHE HIT for role: ADMIN
2026-03-07 13:19:16 INFO  c.c.service.PermissionDataService - Refreshed expiration for role: ADMIN to 3 mins
2026-03-07 14:36:10 INFO  c.c.service.PermissionDataService - >>> Permission Check Initiated <<<
2026-03-07 14:36:10 INFO  c.c.service.PermissionDataService - User: Mohan, Designations: [CENTER HEAD], Roles: [ADMIN]
2026-03-07 14:36:10 INFO  c.c.service.PermissionDataService - CACHE HIT for role: ADMIN
2026-03-07 14:36:10 INFO  c.c.service.PermissionDataService - Refreshed expiration for role: ADMIN to 3 mins
2026-03-07 14:36:10 INFO  c.c.service.PermissionDataService - >>> Permission Check Initiated <<<
2026-03-07 14:36:10 INFO  c.c.service.PermissionDataService - User: Mohan, Designations: [CENTER HEAD], Roles: [ADMIN]
2026-03-07 14:36:10 INFO  c.c.service.PermissionDataService - CACHE HIT for role: ADMIN
2026-03-07 14:36:10 INFO  c.c.service.PermissionDataService - Refreshed expiration for role: ADMIN to 3 mins
2026-03-07 14:36:10 INFO  c.c.service.PermissionDataService - >>> Permission Check Initiated <<<
2026-03-07 14:36:10 INFO  c.c.service.PermissionDataService - User: Mohan, Designations: [CENTER HEAD], Roles: [ADMIN]
2026-03-07 14:36:10 INFO  c.c.service.PermissionDataService - CACHE HIT for role: ADMIN
2026-03-07 14:36:10 INFO  c.c.service.PermissionDataService - Refreshed expiration for role: ADMIN to 3 mins
