2026-02-19 10:26:42 INFO  c.c.service.PermissionDataService - >>> Permission Check Initiated <<<
2026-02-19 10:26:42 INFO  c.c.service.PermissionDataService - User: Mohan, Designations: [CENTER HEAD], Roles: [ADMIN]
2026-02-19 10:26:42 INFO  c.c.service.PermissionDataService - CACHE MISS for role: ADMIN
2026-02-19 10:26:42 INFO  c.c.service.PermissionDataService - Fetching from DB for roles: [ADMIN]
2026-02-19 10:26:42 INFO  c.c.service.PermissionDataService - DB returned 1 records
2026-02-19 10:26:42 INFO  c.c.service.PermissionDataService - Processed DB Data chunk for role: ADMIN, UserRoleId: 939, JSON Length: 15766
2026-02-19 10:26:42 INFO  c.c.service.PermissionDataService - CACHE POPULATING (Pipeline) for role: ADMIN, Total Unique Screens: 135
2026-02-19 10:26:42 INFO  c.c.service.PermissionDataService - Stored in Redis: role_v2::ADMIN with 3 min expiration
2026-02-19 10:26:42 INFO  c.c.service.PermissionDataService - >>> Permission Check Initiated <<<
2026-02-19 10:26:42 INFO  c.c.service.PermissionDataService - User: Mohan, Designations: [CENTER HEAD], Roles: [ADMIN]
2026-02-19 10:26:42 INFO  c.c.service.PermissionDataService - CACHE HIT for role: ADMIN
2026-02-19 10:26:42 INFO  c.c.service.PermissionDataService - Refreshed expiration for role: ADMIN to 3 mins
2026-02-19 10:26:42 INFO  c.c.service.PermissionDataService - >>> Permission Check Initiated <<<
2026-02-19 10:26:42 INFO  c.c.service.PermissionDataService - User: Mohan, Designations: [CENTER HEAD], Roles: [ADMIN]
2026-02-19 10:26:42 INFO  c.c.service.PermissionDataService - CACHE HIT for role: ADMIN
2026-02-19 10:26:42 INFO  c.c.service.PermissionDataService - Refreshed expiration for role: ADMIN to 3 mins
2026-02-19 17:13:47 INFO  c.c.service.PermissionDataService - >>> Permission Check Initiated <<<
2026-02-19 17:13:47 INFO  c.c.service.PermissionDataService - User: Mohan, Designations: [CENTER HEAD], Roles: [ADMIN]
2026-02-19 17:13:51 INFO  c.c.service.PermissionDataService - CACHE MISS for role: ADMIN
2026-02-19 17:13:51 INFO  c.c.service.PermissionDataService - Fetching from DB for roles: [ADMIN]
2026-02-19 17:13:52 INFO  c.c.service.PermissionDataService - DB returned 1 records
2026-02-19 17:13:53 INFO  c.c.service.PermissionDataService - Processed DB Data chunk for role: ADMIN, UserRoleId: 939, JSON Length: 15766
2026-02-19 17:13:54 INFO  c.c.service.PermissionDataService - CACHE POPULATING (Pipeline) for role: ADMIN, Total Unique Screens: 135
2026-02-19 17:13:55 INFO  c.c.service.PermissionDataService - Stored in Redis: role_v2::ADMIN with 3 min expiration
2026-02-19 17:13:55 INFO  c.c.service.PermissionDataService - >>> Permission Check Initiated <<<
2026-02-19 17:13:55 INFO  c.c.service.PermissionDataService - User: Mohan, Designations: [CENTER HEAD], Roles: [ADMIN]
2026-02-19 17:13:55 INFO  c.c.service.PermissionDataService - CACHE HIT for role: ADMIN
2026-02-19 17:13:55 INFO  c.c.service.PermissionDataService - Refreshed expiration for role: ADMIN to 3 mins
2026-02-19 17:13:55 INFO  c.c.service.PermissionDataService - >>> Permission Check Initiated <<<
2026-02-19 17:13:55 INFO  c.c.service.PermissionDataService - User: Mohan, Designations: [CENTER HEAD], Roles: [ADMIN]
2026-02-19 17:13:55 INFO  c.c.service.PermissionDataService - CACHE HIT for role: ADMIN
2026-02-19 17:13:55 INFO  c.c.service.PermissionDataService - Refreshed expiration for role: ADMIN to 3 mins
2026-02-19 17:35:30 INFO  c.c.service.PermissionDataService - >>> Permission Check Initiated <<<
2026-02-19 17:35:30 INFO  c.c.service.PermissionDataService - User: Mohan, Designations: [CENTER HEAD], Roles: [ADMIN]
2026-02-19 17:35:30 INFO  c.c.service.PermissionDataService - CACHE MISS for role: ADMIN
2026-02-19 17:35:30 INFO  c.c.service.PermissionDataService - Fetching from DB for roles: [ADMIN]
2026-02-19 17:35:30 INFO  c.c.service.PermissionDataService - DB returned 1 records
2026-02-19 17:35:30 INFO  c.c.service.PermissionDataService - Processed DB Data chunk for role: ADMIN, UserRoleId: 939, JSON Length: 15766
2026-02-19 17:35:30 INFO  c.c.service.PermissionDataService - CACHE POPULATING (Pipeline) for role: ADMIN, Total Unique Screens: 135
2026-02-19 17:35:30 INFO  c.c.service.PermissionDataService - Stored in Redis: role_v2::ADMIN with 3 min expiration
2026-02-19 17:35:30 INFO  c.c.service.PermissionDataService - >>> Permission Check Initiated <<<
2026-02-19 17:35:30 INFO  c.c.service.PermissionDataService - User: Mohan, Designations: [CENTER HEAD], Roles: [ADMIN]
2026-02-19 17:35:30 INFO  c.c.service.PermissionDataService - CACHE HIT for role: ADMIN
2026-02-19 17:35:30 INFO  c.c.service.PermissionDataService - Refreshed expiration for role: ADMIN to 3 mins
2026-02-19 17:39:34 INFO  c.c.service.PermissionDataService - >>> Permission Check Initiated <<<
2026-02-19 17:39:34 INFO  c.c.service.PermissionDataService - User: Mohan, Designations: [CENTER HEAD], Roles: [ADMIN]
2026-02-19 17:39:34 INFO  c.c.service.PermissionDataService - CACHE HIT for role: ADMIN
2026-02-19 17:39:34 INFO  c.c.service.PermissionDataService - Refreshed expiration for role: ADMIN to 3 mins
2026-02-19 17:39:34 INFO  c.c.service.PermissionDataService - >>> Permission Check Initiated <<<
2026-02-19 17:39:34 INFO  c.c.service.PermissionDataService - User: Mohan, Designations: [CENTER HEAD], Roles: [ADMIN]
2026-02-19 17:39:34 INFO  c.c.service.PermissionDataService - CACHE HIT for role: ADMIN
2026-02-19 17:39:34 INFO  c.c.service.PermissionDataService - Refreshed expiration for role: ADMIN to 3 mins
2026-02-19 17:39:46 INFO  c.c.service.PermissionDataService - >>> Permission Check Initiated <<<
2026-02-19 17:39:46 INFO  c.c.service.PermissionDataService - User: Mohan, Designations: [CENTER HEAD], Roles: [ADMIN]
2026-02-19 17:39:46 INFO  c.c.service.PermissionDataService - CACHE HIT for role: ADMIN
2026-02-19 17:39:46 INFO  c.c.service.PermissionDataService - Refreshed expiration for role: ADMIN to 3 mins
2026-02-19 17:39:46 INFO  c.c.service.PermissionDataService - >>> Permission Check Initiated <<<
2026-02-19 17:39:46 INFO  c.c.service.PermissionDataService - User: Mohan, Designations: [CENTER HEAD], Roles: [ADMIN]
2026-02-19 17:39:46 INFO  c.c.service.PermissionDataService - CACHE HIT for role: ADMIN
2026-02-19 17:39:46 INFO  c.c.service.PermissionDataService - Refreshed expiration for role: ADMIN to 3 mins
2026-02-19 18:32:19 INFO  c.c.service.PermissionDataService - >>> Permission Check Initiated <<<
2026-02-19 18:32:19 INFO  c.c.service.PermissionDataService - User: Mohan, Designations: [CENTER HEAD], Roles: [ADMIN]
2026-02-19 18:32:19 INFO  c.c.service.PermissionDataService - CACHE MISS for role: ADMIN
2026-02-19 18:32:19 INFO  c.c.service.PermissionDataService - Fetching from DB for roles: [ADMIN]
2026-02-19 18:32:20 INFO  c.c.service.PermissionDataService - DB returned 1 records
2026-02-19 18:32:20 INFO  c.c.service.PermissionDataService - Processed DB Data chunk for role: ADMIN, UserRoleId: 939, JSON Length: 15766
2026-02-19 18:32:20 INFO  c.c.service.PermissionDataService - CACHE POPULATING (Pipeline) for role: ADMIN, Total Unique Screens: 135
2026-02-19 18:32:20 INFO  c.c.service.PermissionDataService - Stored in Redis: role_v2::ADMIN with 3 min expiration
2026-02-19 18:32:20 INFO  c.c.service.PermissionDataService - >>> Permission Check Initiated <<<
2026-02-19 18:32:20 INFO  c.c.service.PermissionDataService - User: Mohan, Designations: [CENTER HEAD], Roles: [ADMIN]
2026-02-19 18:32:20 INFO  c.c.service.PermissionDataService - CACHE HIT for role: ADMIN
2026-02-19 18:32:20 INFO  c.c.service.PermissionDataService - Refreshed expiration for role: ADMIN to 3 mins
2026-02-19 18:32:20 INFO  c.c.service.PermissionDataService - >>> Permission Check Initiated <<<
2026-02-19 18:32:20 INFO  c.c.service.PermissionDataService - User: Mohan, Designations: [CENTER HEAD], Roles: [ADMIN]
2026-02-19 18:32:20 INFO  c.c.service.PermissionDataService - CACHE HIT for role: ADMIN
2026-02-19 18:32:20 INFO  c.c.service.PermissionDataService - Refreshed expiration for role: ADMIN to 3 mins
2026-02-19 18:32:45 INFO  c.c.service.PermissionDataService - >>> Permission Check Initiated <<<
2026-02-19 18:32:45 INFO  c.c.service.PermissionDataService - User: Mohan, Designations: [CENTER HEAD], Roles: [ADMIN]
2026-02-19 18:32:45 INFO  c.c.service.PermissionDataService - CACHE HIT for role: ADMIN
2026-02-19 18:32:45 INFO  c.c.service.PermissionDataService - Refreshed expiration for role: ADMIN to 3 mins
2026-02-19 18:32:45 INFO  c.c.service.PermissionDataService - >>> Permission Check Initiated <<<
2026-02-19 18:32:45 INFO  c.c.service.PermissionDataService - User: Mohan, Designations: [CENTER HEAD], Roles: [ADMIN]
2026-02-19 18:32:45 INFO  c.c.service.PermissionDataService - CACHE HIT for role: ADMIN
2026-02-19 18:32:45 INFO  c.c.service.PermissionDataService - Refreshed expiration for role: ADMIN to 3 mins
2026-02-19 18:32:50 INFO  c.c.service.PermissionDataService - >>> Permission Check Initiated <<<
2026-02-19 18:32:50 INFO  c.c.service.PermissionDataService - User: Mohan, Designations: [CENTER HEAD], Roles: [ADMIN]
2026-02-19 18:32:50 INFO  c.c.service.PermissionDataService - CACHE HIT for role: ADMIN
2026-02-19 18:32:50 INFO  c.c.service.PermissionDataService - Refreshed expiration for role: ADMIN to 3 mins
2026-02-19 18:32:50 INFO  c.c.service.PermissionDataService - >>> Permission Check Initiated <<<
2026-02-19 18:32:50 INFO  c.c.service.PermissionDataService - User: Mohan, Designations: [CENTER HEAD], Roles: [ADMIN]
2026-02-19 18:32:50 INFO  c.c.service.PermissionDataService - CACHE HIT for role: ADMIN
2026-02-19 18:32:50 INFO  c.c.service.PermissionDataService - Refreshed expiration for role: ADMIN to 3 mins
2026-02-19 18:33:30 INFO  c.c.service.PermissionDataService - >>> Permission Check Initiated <<<
2026-02-19 18:33:30 INFO  c.c.service.PermissionDataService - User: Mohan, Designations: [CENTER HEAD], Roles: [ADMIN]
2026-02-19 18:33:30 INFO  c.c.service.PermissionDataService - CACHE HIT for role: ADMIN
2026-02-19 18:33:30 INFO  c.c.service.PermissionDataService - Refreshed expiration for role: ADMIN to 3 mins
2026-02-19 18:33:30 INFO  c.c.service.PermissionDataService - >>> Permission Check Initiated <<<
2026-02-19 18:33:30 INFO  c.c.service.PermissionDataService - User: Mohan, Designations: [CENTER HEAD], Roles: [ADMIN]
2026-02-19 18:33:30 INFO  c.c.service.PermissionDataService - CACHE HIT for role: ADMIN
2026-02-19 18:33:30 INFO  c.c.service.PermissionDataService - Refreshed expiration for role: ADMIN to 3 mins
2026-02-19 18:33:38 INFO  c.c.service.PermissionDataService - >>> Permission Check Initiated <<<
2026-02-19 18:33:38 INFO  c.c.service.PermissionDataService - User: Mohan, Designations: [CENTER HEAD], Roles: [ADMIN]
2026-02-19 18:33:38 INFO  c.c.service.PermissionDataService - CACHE HIT for role: ADMIN
2026-02-19 18:33:38 INFO  c.c.service.PermissionDataService - Refreshed expiration for role: ADMIN to 3 mins
2026-02-19 18:33:38 INFO  c.c.service.PermissionDataService - >>> Permission Check Initiated <<<
2026-02-19 18:33:38 INFO  c.c.service.PermissionDataService - User: Mohan, Designations: [CENTER HEAD], Roles: [ADMIN]
2026-02-19 18:33:39 INFO  c.c.service.PermissionDataService - CACHE HIT for role: ADMIN
2026-02-19 18:33:39 INFO  c.c.service.PermissionDataService - Refreshed expiration for role: ADMIN to 3 mins
