2026-02-22 07:58:19 INFO  c.c.service.PermissionDataService - >>> Permission Check Initiated <<<
2026-02-22 07:58:19 INFO  c.c.service.PermissionDataService - User: Mohan, Designations: [CENTER HEAD], Roles: [ADMIN]
2026-02-22 07:58:19 INFO  c.c.service.PermissionDataService - CACHE HIT for role: ADMIN
2026-02-22 07:58:19 INFO  c.c.service.PermissionDataService - Refreshed expiration for role: ADMIN to 3 mins
2026-02-22 07:58:19 INFO  c.c.service.PermissionDataService - >>> Permission Check Initiated <<<
2026-02-22 07:58:19 INFO  c.c.service.PermissionDataService - User: Mohan, Designations: [CENTER HEAD], Roles: [ADMIN]
2026-02-22 07:58:19 INFO  c.c.service.PermissionDataService - CACHE HIT for role: ADMIN
2026-02-22 07:58:19 INFO  c.c.service.PermissionDataService - Refreshed expiration for role: ADMIN to 3 mins
2026-02-22 07:58:19 INFO  c.c.service.PermissionDataService - >>> Permission Check Initiated <<<
2026-02-22 07:58:19 INFO  c.c.service.PermissionDataService - User: Mohan, Designations: [CENTER HEAD], Roles: [ADMIN]
2026-02-22 07:58:19 INFO  c.c.service.PermissionDataService - CACHE HIT for role: ADMIN
2026-02-22 07:58:19 INFO  c.c.service.PermissionDataService - Refreshed expiration for role: ADMIN to 3 mins
2026-02-22 07:58:48 INFO  c.c.service.PermissionDataService - >>> Permission Check Initiated <<<
2026-02-22 07:58:48 INFO  c.c.service.PermissionDataService - User: Mohan, Designations: [CENTER HEAD], Roles: [ADMIN]
2026-02-22 07:58:50 INFO  c.c.service.PermissionDataService - CACHE HIT for role: ADMIN
2026-02-22 07:58:50 INFO  c.c.service.PermissionDataService - Refreshed expiration for role: ADMIN to 3 mins
2026-02-22 07:58:50 INFO  c.c.service.PermissionDataService - >>> Permission Check Initiated <<<
2026-02-22 07:58:50 INFO  c.c.service.PermissionDataService - User: Mohan, Designations: [CENTER HEAD], Roles: [ADMIN]
2026-02-22 07:58:50 INFO  c.c.service.PermissionDataService - CACHE HIT for role: ADMIN
2026-02-22 07:58:50 INFO  c.c.service.PermissionDataService - Refreshed expiration for role: ADMIN to 3 mins
2026-02-22 07:59:16 INFO  c.c.service.PermissionDataService - >>> Permission Check Initiated <<<
2026-02-22 07:59:16 INFO  c.c.service.PermissionDataService - User: Mohan, Designations: [CENTER HEAD], Roles: [ADMIN]
2026-02-22 07:59:16 INFO  c.c.service.PermissionDataService - CACHE HIT for role: ADMIN
2026-02-22 07:59:16 INFO  c.c.service.PermissionDataService - Refreshed expiration for role: ADMIN to 3 mins
2026-02-22 07:59:16 INFO  c.c.service.PermissionDataService - >>> Permission Check Initiated <<<
2026-02-22 07:59:16 INFO  c.c.service.PermissionDataService - User: Mohan, Designations: [CENTER HEAD], Roles: [ADMIN]
2026-02-22 07:59:16 INFO  c.c.service.PermissionDataService - CACHE HIT for role: ADMIN
2026-02-22 07:59:16 INFO  c.c.service.PermissionDataService - Refreshed expiration for role: ADMIN to 3 mins
2026-02-22 08:00:53 INFO  c.c.service.PermissionDataService - >>> Permission Check Initiated <<<
2026-02-22 08:00:53 INFO  c.c.service.PermissionDataService - User: Mohan, Designations: [CENTER HEAD], Roles: [ADMIN]
2026-02-22 08:00:53 INFO  c.c.service.PermissionDataService - CACHE HIT for role: ADMIN
2026-02-22 08:00:53 INFO  c.c.service.PermissionDataService - Refreshed expiration for role: ADMIN to 3 mins
2026-02-22 08:00:53 INFO  c.c.service.PermissionDataService - >>> Permission Check Initiated <<<
2026-02-22 08:00:53 INFO  c.c.service.PermissionDataService - User: Mohan, Designations: [CENTER HEAD], Roles: [ADMIN]
2026-02-22 08:00:53 INFO  c.c.service.PermissionDataService - CACHE HIT for role: ADMIN
2026-02-22 08:00:53 INFO  c.c.service.PermissionDataService - Refreshed expiration for role: ADMIN to 3 mins
2026-02-22 08:01:34 INFO  c.c.service.PermissionDataService - >>> Permission Check Initiated <<<
2026-02-22 08:01:34 INFO  c.c.service.PermissionDataService - User: Mohan, Designations: [CENTER HEAD], Roles: [ADMIN]
2026-02-22 08:01:34 INFO  c.c.service.PermissionDataService - CACHE HIT for role: ADMIN
2026-02-22 08:01:34 INFO  c.c.service.PermissionDataService - Refreshed expiration for role: ADMIN to 3 mins
2026-02-22 08:01:34 INFO  c.c.service.PermissionDataService - >>> Permission Check Initiated <<<
2026-02-22 08:01:34 INFO  c.c.service.PermissionDataService - User: Mohan, Designations: [CENTER HEAD], Roles: [ADMIN]
2026-02-22 08:01:35 INFO  c.c.service.PermissionDataService - CACHE HIT for role: ADMIN
2026-02-22 08:01:35 INFO  c.c.service.PermissionDataService - Refreshed expiration for role: ADMIN to 3 mins
2026-02-22 08:01:35 INFO  c.c.service.PermissionDataService - >>> Permission Check Initiated <<<
2026-02-22 08:01:35 INFO  c.c.service.PermissionDataService - User: Mohan, Designations: [CENTER HEAD], Roles: [ADMIN]
2026-02-22 08:01:35 INFO  c.c.service.PermissionDataService - CACHE HIT for role: ADMIN
2026-02-22 08:01:35 INFO  c.c.service.PermissionDataService - Refreshed expiration for role: ADMIN to 3 mins
2026-02-22 08:09:42 INFO  c.c.service.PermissionDataService - >>> Permission Check Initiated <<<
2026-02-22 08:09:42 INFO  c.c.service.PermissionDataService - User: Mohan, Designations: [CENTER HEAD], Roles: [ADMIN]
2026-02-22 08:09:42 INFO  c.c.service.PermissionDataService - CACHE MISS for role: ADMIN
2026-02-22 08:09:42 INFO  c.c.service.PermissionDataService - Fetching from DB for roles: [ADMIN]
2026-02-22 08:09:42 INFO  c.c.service.PermissionDataService - DB returned 1 records
2026-02-22 08:09:42 INFO  c.c.service.PermissionDataService - Processed DB Data chunk for role: ADMIN, UserRoleId: 939, JSON Length: 15766
2026-02-22 08:09:43 INFO  c.c.service.PermissionDataService - CACHE POPULATING (Pipeline) for role: ADMIN, Total Unique Screens: 135
2026-02-22 08:09:43 INFO  c.c.service.PermissionDataService - Stored in Redis: role_v2::ADMIN with 3 min expiration
2026-02-22 08:09:43 INFO  c.c.service.PermissionDataService - >>> Permission Check Initiated <<<
2026-02-22 08:09:43 INFO  c.c.service.PermissionDataService - User: Mohan, Designations: [CENTER HEAD], Roles: [ADMIN]
2026-02-22 08:09:43 INFO  c.c.service.PermissionDataService - CACHE HIT for role: ADMIN
2026-02-22 08:09:43 INFO  c.c.service.PermissionDataService - Refreshed expiration for role: ADMIN to 3 mins
2026-02-22 08:15:07 INFO  c.c.service.PermissionDataService - >>> Permission Check Initiated <<<
2026-02-22 08:15:07 INFO  c.c.service.PermissionDataService - User: Mohan, Designations: [CENTER HEAD], Roles: [ADMIN]
2026-02-22 08:15:07 INFO  c.c.service.PermissionDataService - CACHE MISS for role: ADMIN
2026-02-22 08:15:07 INFO  c.c.service.PermissionDataService - Fetching from DB for roles: [ADMIN]
2026-02-22 08:15:08 INFO  c.c.service.PermissionDataService - DB returned 1 records
2026-02-22 08:15:08 INFO  c.c.service.PermissionDataService - Processed DB Data chunk for role: ADMIN, UserRoleId: 939, JSON Length: 15766
2026-02-22 08:15:08 INFO  c.c.service.PermissionDataService - CACHE POPULATING (Pipeline) for role: ADMIN, Total Unique Screens: 135
2026-02-22 08:15:08 INFO  c.c.service.PermissionDataService - Stored in Redis: role_v2::ADMIN with 3 min expiration
2026-02-22 08:15:08 INFO  c.c.service.PermissionDataService - >>> Permission Check Initiated <<<
2026-02-22 08:15:08 INFO  c.c.service.PermissionDataService - User: Mohan, Designations: [CENTER HEAD], Roles: [ADMIN]
2026-02-22 08:15:08 INFO  c.c.service.PermissionDataService - CACHE HIT for role: ADMIN
2026-02-22 08:15:08 INFO  c.c.service.PermissionDataService - Refreshed expiration for role: ADMIN to 3 mins
2026-02-22 08:21:45 INFO  c.c.service.PermissionDataService - >>> Permission Check Initiated <<<
2026-02-22 08:21:45 INFO  c.c.service.PermissionDataService - User: Mohan, Designations: [CENTER HEAD], Roles: [ADMIN]
2026-02-22 08:21:45 INFO  c.c.service.PermissionDataService - CACHE MISS for role: ADMIN
2026-02-22 08:21:45 INFO  c.c.service.PermissionDataService - Fetching from DB for roles: [ADMIN]
2026-02-22 08:21:45 INFO  c.c.service.PermissionDataService - DB returned 1 records
2026-02-22 08:21:45 INFO  c.c.service.PermissionDataService - Processed DB Data chunk for role: ADMIN, UserRoleId: 939, JSON Length: 15766
2026-02-22 08:21:45 INFO  c.c.service.PermissionDataService - CACHE POPULATING (Pipeline) for role: ADMIN, Total Unique Screens: 135
2026-02-22 08:21:45 INFO  c.c.service.PermissionDataService - Stored in Redis: role_v2::ADMIN with 3 min expiration
2026-02-22 08:21:45 INFO  c.c.service.PermissionDataService - >>> Permission Check Initiated <<<
2026-02-22 08:21:45 INFO  c.c.service.PermissionDataService - User: Mohan, Designations: [CENTER HEAD], Roles: [ADMIN]
2026-02-22 08:21:45 INFO  c.c.service.PermissionDataService - CACHE HIT for role: ADMIN
2026-02-22 08:21:45 INFO  c.c.service.PermissionDataService - Refreshed expiration for role: ADMIN to 3 mins
2026-02-22 08:27:25 INFO  c.c.service.PermissionDataService - >>> Permission Check Initiated <<<
2026-02-22 08:27:25 INFO  c.c.service.PermissionDataService - User: Mohan, Designations: [CENTER HEAD], Roles: [ADMIN]
2026-02-22 08:27:45 INFO  c.c.service.PermissionDataService - >>> Permission Check Initiated <<<
2026-02-22 08:27:45 INFO  c.c.service.PermissionDataService - User: Mohan, Designations: [CENTER HEAD], Roles: [ADMIN]
2026-02-22 08:28:01 INFO  c.c.service.PermissionDataService - >>> Permission Check Initiated <<<
2026-02-22 08:28:01 INFO  c.c.service.PermissionDataService - User: Mohan, Designations: [CENTER HEAD], Roles: [ADMIN]
2026-02-22 08:28:03 INFO  c.c.service.PermissionDataService - CACHE MISS for role: ADMIN
2026-02-22 08:28:03 INFO  c.c.service.PermissionDataService - Fetching from DB for roles: [ADMIN]
2026-02-22 08:28:03 INFO  c.c.service.PermissionDataService - CACHE MISS for role: ADMIN
2026-02-22 08:28:03 INFO  c.c.service.PermissionDataService - Fetching from DB for roles: [ADMIN]
2026-02-22 08:28:03 INFO  c.c.service.PermissionDataService - CACHE MISS for role: ADMIN
2026-02-22 08:28:03 INFO  c.c.service.PermissionDataService - Fetching from DB for roles: [ADMIN]
2026-02-22 08:28:03 INFO  c.c.service.PermissionDataService - DB returned 1 records
2026-02-22 08:28:03 INFO  c.c.service.PermissionDataService - Processed DB Data chunk for role: ADMIN, UserRoleId: 939, JSON Length: 15766
2026-02-22 08:28:03 INFO  c.c.service.PermissionDataService - CACHE POPULATING (Pipeline) for role: ADMIN, Total Unique Screens: 135
2026-02-22 08:28:03 INFO  c.c.service.PermissionDataService - Stored in Redis: role_v2::ADMIN with 3 min expiration
2026-02-22 08:28:03 INFO  c.c.service.PermissionDataService - DB returned 1 records
2026-02-22 08:28:03 INFO  c.c.service.PermissionDataService - Processed DB Data chunk for role: ADMIN, UserRoleId: 939, JSON Length: 15766
2026-02-22 08:28:03 INFO  c.c.service.PermissionDataService - CACHE POPULATING (Pipeline) for role: ADMIN, Total Unique Screens: 135
2026-02-22 08:28:03 INFO  c.c.service.PermissionDataService - Stored in Redis: role_v2::ADMIN with 3 min expiration
2026-02-22 08:28:04 INFO  c.c.service.PermissionDataService - DB returned 1 records
2026-02-22 08:28:04 INFO  c.c.service.PermissionDataService - >>> Permission Check Initiated <<<
2026-02-22 08:28:04 INFO  c.c.service.PermissionDataService - User: Mohan, Designations: [CENTER HEAD], Roles: [ADMIN]
2026-02-22 08:28:04 INFO  c.c.service.PermissionDataService - Processed DB Data chunk for role: ADMIN, UserRoleId: 939, JSON Length: 15766
2026-02-22 08:28:04 INFO  c.c.service.PermissionDataService - CACHE HIT for role: ADMIN
2026-02-22 08:28:04 INFO  c.c.service.PermissionDataService - Refreshed expiration for role: ADMIN to 3 mins
2026-02-22 08:28:04 INFO  c.c.service.PermissionDataService - CACHE POPULATING (Pipeline) for role: ADMIN, Total Unique Screens: 135
2026-02-22 08:28:04 INFO  c.c.service.PermissionDataService - Stored in Redis: role_v2::ADMIN with 3 min expiration
2026-02-22 08:49:04 INFO  c.c.service.PermissionDataService - >>> Permission Check Initiated <<<
2026-02-22 08:49:04 INFO  c.c.service.PermissionDataService - User: Mohan, Designations: [CENTER HEAD], Roles: [ADMIN]
2026-02-22 08:49:04 INFO  c.c.service.PermissionDataService - CACHE MISS for role: ADMIN
2026-02-22 08:49:04 INFO  c.c.service.PermissionDataService - Fetching from DB for roles: [ADMIN]
2026-02-22 08:49:04 INFO  c.c.service.PermissionDataService - DB returned 1 records
2026-02-22 08:49:04 INFO  c.c.service.PermissionDataService - Processed DB Data chunk for role: ADMIN, UserRoleId: 939, JSON Length: 15766
2026-02-22 08:49:04 INFO  c.c.service.PermissionDataService - CACHE POPULATING (Pipeline) for role: ADMIN, Total Unique Screens: 135
2026-02-22 08:49:04 INFO  c.c.service.PermissionDataService - Stored in Redis: role_v2::ADMIN with 3 min expiration
2026-02-22 08:49:05 INFO  c.c.service.PermissionDataService - >>> Permission Check Initiated <<<
2026-02-22 08:49:05 INFO  c.c.service.PermissionDataService - User: Mohan, Designations: [CENTER HEAD], Roles: [ADMIN]
2026-02-22 08:49:05 INFO  c.c.service.PermissionDataService - CACHE HIT for role: ADMIN
2026-02-22 08:49:05 INFO  c.c.service.PermissionDataService - Refreshed expiration for role: ADMIN to 3 mins
2026-02-22 10:21:42 INFO  c.c.service.PermissionDataService - >>> Permission Check Initiated <<<
2026-02-22 10:21:42 INFO  c.c.service.PermissionDataService - User: Mohan, Designations: [CENTER HEAD], Roles: [ADMIN]
2026-02-22 10:21:42 INFO  c.c.service.PermissionDataService - CACHE HIT for role: ADMIN
2026-02-22 10:21:42 INFO  c.c.service.PermissionDataService - Refreshed expiration for role: ADMIN to 3 mins
2026-02-22 10:21:42 INFO  c.c.service.PermissionDataService - >>> Permission Check Initiated <<<
2026-02-22 10:21:42 INFO  c.c.service.PermissionDataService - User: Mohan, Designations: [CENTER HEAD], Roles: [ADMIN]
2026-02-22 10:21:42 INFO  c.c.service.PermissionDataService - CACHE HIT for role: ADMIN
2026-02-22 10:21:42 INFO  c.c.service.PermissionDataService - Refreshed expiration for role: ADMIN to 3 mins
2026-02-22 10:21:42 INFO  c.c.service.PermissionDataService - >>> Permission Check Initiated <<<
2026-02-22 10:21:42 INFO  c.c.service.PermissionDataService - User: Mohan, Designations: [CENTER HEAD], Roles: [ADMIN]
2026-02-22 10:21:43 INFO  c.c.service.PermissionDataService - CACHE HIT for role: ADMIN
2026-02-22 10:21:43 INFO  c.c.service.PermissionDataService - Refreshed expiration for role: ADMIN to 3 mins
2026-02-22 10:22:06 INFO  c.c.service.PermissionDataService - >>> Permission Check Initiated <<<
2026-02-22 10:22:06 INFO  c.c.service.PermissionDataService - User: Mohan, Designations: [CENTER HEAD], Roles: [ADMIN]
2026-02-22 10:22:06 INFO  c.c.service.PermissionDataService - CACHE HIT for role: ADMIN
2026-02-22 10:22:06 INFO  c.c.service.PermissionDataService - Refreshed expiration for role: ADMIN to 3 mins
2026-02-22 10:22:06 INFO  c.c.service.PermissionDataService - >>> Permission Check Initiated <<<
2026-02-22 10:22:06 INFO  c.c.service.PermissionDataService - User: Mohan, Designations: [CENTER HEAD], Roles: [ADMIN]
2026-02-22 10:22:06 INFO  c.c.service.PermissionDataService - CACHE HIT for role: ADMIN
2026-02-22 10:22:06 INFO  c.c.service.PermissionDataService - Refreshed expiration for role: ADMIN to 3 mins
2026-02-22 10:34:52 INFO  c.c.service.PermissionDataService - >>> Permission Check Initiated <<<
2026-02-22 10:34:52 INFO  c.c.service.PermissionDataService - User: Mohan, Designations: [CENTER HEAD], Roles: [ADMIN]
2026-02-22 10:34:52 INFO  c.c.service.PermissionDataService - CACHE MISS for role: ADMIN
2026-02-22 10:34:52 INFO  c.c.service.PermissionDataService - Fetching from DB for roles: [ADMIN]
2026-02-22 10:34:53 INFO  c.c.service.PermissionDataService - DB returned 1 records
2026-02-22 10:34:53 INFO  c.c.service.PermissionDataService - Processed DB Data chunk for role: ADMIN, UserRoleId: 939, JSON Length: 15766
2026-02-22 10:34:53 INFO  c.c.service.PermissionDataService - CACHE POPULATING (Pipeline) for role: ADMIN, Total Unique Screens: 135
2026-02-22 10:34:53 INFO  c.c.service.PermissionDataService - Stored in Redis: role_v2::ADMIN with 3 min expiration
2026-02-22 10:34:53 INFO  c.c.service.PermissionDataService - >>> Permission Check Initiated <<<
2026-02-22 10:34:53 INFO  c.c.service.PermissionDataService - User: Mohan, Designations: [CENTER HEAD], Roles: [ADMIN]
2026-02-22 10:34:53 INFO  c.c.service.PermissionDataService - CACHE HIT for role: ADMIN
2026-02-22 10:34:53 INFO  c.c.service.PermissionDataService - Refreshed expiration for role: ADMIN to 3 mins
2026-02-22 10:47:03 INFO  c.c.service.PermissionDataService - >>> Permission Check Initiated <<<
2026-02-22 10:47:03 INFO  c.c.service.PermissionDataService - User: Mohan, Designations: [CENTER HEAD], Roles: [ADMIN]
2026-02-22 10:47:03 INFO  c.c.service.PermissionDataService - CACHE MISS for role: ADMIN
2026-02-22 10:47:03 INFO  c.c.service.PermissionDataService - Fetching from DB for roles: [ADMIN]
2026-02-22 10:47:04 INFO  c.c.service.PermissionDataService - DB returned 1 records
2026-02-22 10:47:04 INFO  c.c.service.PermissionDataService - Processed DB Data chunk for role: ADMIN, UserRoleId: 939, JSON Length: 15766
2026-02-22 10:47:04 INFO  c.c.service.PermissionDataService - CACHE POPULATING (Pipeline) for role: ADMIN, Total Unique Screens: 135
2026-02-22 10:47:04 INFO  c.c.service.PermissionDataService - Stored in Redis: role_v2::ADMIN with 3 min expiration
2026-02-22 10:47:05 INFO  c.c.service.PermissionDataService - >>> Permission Check Initiated <<<
2026-02-22 10:47:05 INFO  c.c.service.PermissionDataService - User: Mohan, Designations: [CENTER HEAD], Roles: [ADMIN]
2026-02-22 10:47:05 INFO  c.c.service.PermissionDataService - CACHE HIT for role: ADMIN
2026-02-22 10:47:05 INFO  c.c.service.PermissionDataService - Refreshed expiration for role: ADMIN to 3 mins
2026-02-22 10:54:36 INFO  c.c.service.PermissionDataService - >>> Permission Check Initiated <<<
2026-02-22 10:54:36 INFO  c.c.service.PermissionDataService - User: Mohan, Designations: [CENTER HEAD], Roles: [ADMIN]
2026-02-22 10:54:36 INFO  c.c.service.PermissionDataService - CACHE MISS for role: ADMIN
2026-02-22 10:54:36 INFO  c.c.service.PermissionDataService - Fetching from DB for roles: [ADMIN]
2026-02-22 10:54:37 INFO  c.c.service.PermissionDataService - DB returned 1 records
2026-02-22 10:54:37 INFO  c.c.service.PermissionDataService - Processed DB Data chunk for role: ADMIN, UserRoleId: 939, JSON Length: 15766
2026-02-22 10:54:37 INFO  c.c.service.PermissionDataService - CACHE POPULATING (Pipeline) for role: ADMIN, Total Unique Screens: 135
2026-02-22 10:54:37 INFO  c.c.service.PermissionDataService - Stored in Redis: role_v2::ADMIN with 3 min expiration
2026-02-22 10:54:37 INFO  c.c.service.PermissionDataService - >>> Permission Check Initiated <<<
2026-02-22 10:54:37 INFO  c.c.service.PermissionDataService - User: Mohan, Designations: [CENTER HEAD], Roles: [ADMIN]
2026-02-22 10:54:37 INFO  c.c.service.PermissionDataService - CACHE HIT for role: ADMIN
2026-02-22 10:54:37 INFO  c.c.service.PermissionDataService - Refreshed expiration for role: ADMIN to 3 mins
2026-02-22 10:56:26 INFO  c.c.service.PermissionDataService - >>> Permission Check Initiated <<<
2026-02-22 10:56:26 INFO  c.c.service.PermissionDataService - User: Mohan, Designations: [CENTER HEAD], Roles: [ADMIN]
2026-02-22 10:56:26 INFO  c.c.service.PermissionDataService - CACHE HIT for role: ADMIN
2026-02-22 10:56:26 INFO  c.c.service.PermissionDataService - Refreshed expiration for role: ADMIN to 3 mins
2026-02-22 10:56:26 INFO  c.c.service.PermissionDataService - >>> Permission Check Initiated <<<
2026-02-22 10:56:26 INFO  c.c.service.PermissionDataService - User: Mohan, Designations: [CENTER HEAD], Roles: [ADMIN]
2026-02-22 10:56:26 INFO  c.c.service.PermissionDataService - CACHE HIT for role: ADMIN
2026-02-22 10:56:26 INFO  c.c.service.PermissionDataService - Refreshed expiration for role: ADMIN to 3 mins
2026-02-22 10:56:29 INFO  c.c.service.PermissionDataService - >>> Permission Check Initiated <<<
2026-02-22 10:56:29 INFO  c.c.service.PermissionDataService - User: Mohan, Designations: [CENTER HEAD], Roles: [ADMIN]
2026-02-22 10:56:29 INFO  c.c.service.PermissionDataService - CACHE HIT for role: ADMIN
2026-02-22 10:56:29 INFO  c.c.service.PermissionDataService - Refreshed expiration for role: ADMIN to 3 mins
2026-02-22 10:56:29 INFO  c.c.service.PermissionDataService - >>> Permission Check Initiated <<<
2026-02-22 10:56:29 INFO  c.c.service.PermissionDataService - User: Mohan, Designations: [CENTER HEAD], Roles: [ADMIN]
2026-02-22 10:56:29 INFO  c.c.service.PermissionDataService - CACHE HIT for role: ADMIN
2026-02-22 10:56:30 INFO  c.c.service.PermissionDataService - Refreshed expiration for role: ADMIN to 3 mins
2026-02-22 10:58:56 INFO  c.c.service.PermissionDataService - >>> Permission Check Initiated <<<
2026-02-22 10:58:56 INFO  c.c.service.PermissionDataService - User: Mohan, Designations: [CENTER HEAD], Roles: [ADMIN]
2026-02-22 10:58:56 INFO  c.c.service.PermissionDataService - >>> Permission Check Initiated <<<
2026-02-22 10:58:56 INFO  c.c.service.PermissionDataService - User: Mohan, Designations: [CENTER HEAD], Roles: [ADMIN]
2026-02-22 10:58:56 INFO  c.c.service.PermissionDataService - CACHE HIT for role: ADMIN
2026-02-22 10:58:56 INFO  c.c.service.PermissionDataService - CACHE HIT for role: ADMIN
2026-02-22 10:58:56 INFO  c.c.service.PermissionDataService - Refreshed expiration for role: ADMIN to 3 mins
2026-02-22 10:58:56 INFO  c.c.service.PermissionDataService - Refreshed expiration for role: ADMIN to 3 mins
2026-02-22 11:15:43 INFO  c.c.service.PermissionDataService - >>> Permission Check Initiated <<<
2026-02-22 11:15:43 INFO  c.c.service.PermissionDataService - User: Mohan, Designations: [CENTER HEAD], Roles: [ADMIN]
2026-02-22 11:15:43 INFO  c.c.service.PermissionDataService - CACHE HIT for role: ADMIN
2026-02-22 11:15:43 INFO  c.c.service.PermissionDataService - Refreshed expiration for role: ADMIN to 3 mins
2026-02-22 11:15:43 INFO  c.c.service.PermissionDataService - >>> Permission Check Initiated <<<
2026-02-22 11:15:43 INFO  c.c.service.PermissionDataService - User: Mohan, Designations: [CENTER HEAD], Roles: [ADMIN]
2026-02-22 11:15:43 INFO  c.c.service.PermissionDataService - CACHE HIT for role: ADMIN
2026-02-22 11:15:43 INFO  c.c.service.PermissionDataService - Refreshed expiration for role: ADMIN to 3 mins
2026-02-22 11:15:43 INFO  c.c.service.PermissionDataService - >>> Permission Check Initiated <<<
2026-02-22 11:15:43 INFO  c.c.service.PermissionDataService - User: Mohan, Designations: [CENTER HEAD], Roles: [ADMIN]
2026-02-22 11:15:43 INFO  c.c.service.PermissionDataService - CACHE HIT for role: ADMIN
2026-02-22 11:15:43 INFO  c.c.service.PermissionDataService - Refreshed expiration for role: ADMIN to 3 mins
2026-02-22 11:28:13 INFO  c.c.service.PermissionDataService - >>> Permission Check Initiated <<<
2026-02-22 11:28:13 INFO  c.c.service.PermissionDataService - >>> Permission Check Initiated <<<
2026-02-22 11:28:13 INFO  c.c.service.PermissionDataService - User: Mohan, Designations: [CENTER HEAD], Roles: [ADMIN]
2026-02-22 11:28:13 INFO  c.c.service.PermissionDataService - User: Mohan, Designations: [CENTER HEAD], Roles: [ADMIN]
2026-02-22 11:28:14 INFO  c.c.service.PermissionDataService - CACHE HIT for role: ADMIN
2026-02-22 11:28:14 INFO  c.c.service.PermissionDataService - Refreshed expiration for role: ADMIN to 3 mins
2026-02-22 11:28:14 INFO  c.c.service.PermissionDataService - CACHE HIT for role: ADMIN
2026-02-22 11:28:14 INFO  c.c.service.PermissionDataService - Refreshed expiration for role: ADMIN to 3 mins
2026-02-22 11:29:42 INFO  c.c.service.PermissionDataService - >>> Permission Check Initiated <<<
2026-02-22 11:29:42 INFO  c.c.service.PermissionDataService - User: Mohan, Designations: [CENTER HEAD], Roles: [ADMIN]
2026-02-22 11:29:42 INFO  c.c.service.PermissionDataService - >>> Permission Check Initiated <<<
2026-02-22 11:29:42 INFO  c.c.service.PermissionDataService - User: Mohan, Designations: [CENTER HEAD], Roles: [ADMIN]
2026-02-22 11:29:42 INFO  c.c.service.PermissionDataService - CACHE HIT for role: ADMIN
2026-02-22 11:29:42 INFO  c.c.service.PermissionDataService - Refreshed expiration for role: ADMIN to 3 mins
2026-02-22 11:29:42 INFO  c.c.service.PermissionDataService - CACHE HIT for role: ADMIN
2026-02-22 11:29:42 INFO  c.c.service.PermissionDataService - Refreshed expiration for role: ADMIN to 3 mins
2026-02-22 11:32:12 INFO  c.c.service.PermissionDataService - >>> Permission Check Initiated <<<
2026-02-22 11:32:12 INFO  c.c.service.PermissionDataService - User: Mohan, Designations: [CENTER HEAD], Roles: [ADMIN]
2026-02-22 11:32:12 INFO  c.c.service.PermissionDataService - CACHE HIT for role: ADMIN
2026-02-22 11:32:12 INFO  c.c.service.PermissionDataService - Refreshed expiration for role: ADMIN to 3 mins
2026-02-22 11:32:12 INFO  c.c.service.PermissionDataService - >>> Permission Check Initiated <<<
2026-02-22 11:32:12 INFO  c.c.service.PermissionDataService - User: Mohan, Designations: [CENTER HEAD], Roles: [ADMIN]
2026-02-22 11:32:12 INFO  c.c.service.PermissionDataService - CACHE HIT for role: ADMIN
2026-02-22 11:32:12 INFO  c.c.service.PermissionDataService - Refreshed expiration for role: ADMIN to 3 mins
2026-02-22 11:56:24 INFO  c.c.service.PermissionDataService - >>> Permission Check Initiated <<<
2026-02-22 11:56:24 INFO  c.c.service.PermissionDataService - User: Mohan, Designations: [CENTER HEAD], Roles: [ADMIN]
2026-02-22 11:56:24 INFO  c.c.service.PermissionDataService - CACHE MISS for role: ADMIN
2026-02-22 11:56:24 INFO  c.c.service.PermissionDataService - Fetching from DB for roles: [ADMIN]
2026-02-22 11:56:24 INFO  c.c.service.PermissionDataService - DB returned 1 records
2026-02-22 11:56:24 INFO  c.c.service.PermissionDataService - Processed DB Data chunk for role: ADMIN, UserRoleId: 939, JSON Length: 15766
2026-02-22 11:56:24 INFO  c.c.service.PermissionDataService - CACHE POPULATING (Pipeline) for role: ADMIN, Total Unique Screens: 135
2026-02-22 11:56:24 INFO  c.c.service.PermissionDataService - Stored in Redis: role_v2::ADMIN with 3 min expiration
2026-02-22 11:56:24 INFO  c.c.service.PermissionDataService - >>> Permission Check Initiated <<<
2026-02-22 11:56:24 INFO  c.c.service.PermissionDataService - User: Mohan, Designations: [CENTER HEAD], Roles: [ADMIN]
2026-02-22 11:56:24 INFO  c.c.service.PermissionDataService - CACHE HIT for role: ADMIN
2026-02-22 11:56:24 INFO  c.c.service.PermissionDataService - Refreshed expiration for role: ADMIN to 3 mins
2026-02-22 12:02:01 INFO  c.c.service.PermissionDataService - >>> Permission Check Initiated <<<
2026-02-22 12:02:01 INFO  c.c.service.PermissionDataService - User: Mohan, Designations: [CENTER HEAD], Roles: [ADMIN]
2026-02-22 12:02:01 INFO  c.c.service.PermissionDataService - >>> Permission Check Initiated <<<
2026-02-22 12:02:01 INFO  c.c.service.PermissionDataService - User: Mohan, Designations: [CENTER HEAD], Roles: [ADMIN]
2026-02-22 12:02:02 INFO  c.c.service.PermissionDataService - CACHE MISS for role: ADMIN
2026-02-22 12:02:02 INFO  c.c.service.PermissionDataService - CACHE MISS for role: ADMIN
2026-02-22 12:02:02 INFO  c.c.service.PermissionDataService - Fetching from DB for roles: [ADMIN]
2026-02-22 12:02:02 INFO  c.c.service.PermissionDataService - Fetching from DB for roles: [ADMIN]
2026-02-22 12:02:02 INFO  c.c.service.PermissionDataService - DB returned 1 records
2026-02-22 12:02:02 INFO  c.c.service.PermissionDataService - Processed DB Data chunk for role: ADMIN, UserRoleId: 939, JSON Length: 15766
2026-02-22 12:02:02 INFO  c.c.service.PermissionDataService - CACHE POPULATING (Pipeline) for role: ADMIN, Total Unique Screens: 135
2026-02-22 12:02:02 INFO  c.c.service.PermissionDataService - Stored in Redis: role_v2::ADMIN with 3 min expiration
2026-02-22 12:02:02 INFO  c.c.service.PermissionDataService - DB returned 1 records
2026-02-22 12:02:02 INFO  c.c.service.PermissionDataService - Processed DB Data chunk for role: ADMIN, UserRoleId: 939, JSON Length: 15766
2026-02-22 12:02:02 INFO  c.c.service.PermissionDataService - CACHE POPULATING (Pipeline) for role: ADMIN, Total Unique Screens: 135
2026-02-22 12:02:02 INFO  c.c.service.PermissionDataService - Stored in Redis: role_v2::ADMIN with 3 min expiration
2026-02-22 12:05:38 INFO  c.c.service.PermissionDataService - >>> Permission Check Initiated <<<
2026-02-22 12:05:38 INFO  c.c.service.PermissionDataService - User: Mohan, Designations: [CENTER HEAD], Roles: [ADMIN]
2026-02-22 12:05:38 INFO  c.c.service.PermissionDataService - CACHE MISS for role: ADMIN
2026-02-22 12:05:38 INFO  c.c.service.PermissionDataService - Fetching from DB for roles: [ADMIN]
2026-02-22 12:05:39 INFO  c.c.service.PermissionDataService - DB returned 1 records
2026-02-22 12:05:39 INFO  c.c.service.PermissionDataService - Processed DB Data chunk for role: ADMIN, UserRoleId: 939, JSON Length: 15766
2026-02-22 12:05:39 INFO  c.c.service.PermissionDataService - CACHE POPULATING (Pipeline) for role: ADMIN, Total Unique Screens: 135
2026-02-22 12:05:39 INFO  c.c.service.PermissionDataService - Stored in Redis: role_v2::ADMIN with 3 min expiration
2026-02-22 12:05:39 INFO  c.c.service.PermissionDataService - >>> Permission Check Initiated <<<
2026-02-22 12:05:39 INFO  c.c.service.PermissionDataService - User: Mohan, Designations: [CENTER HEAD], Roles: [ADMIN]
2026-02-22 12:05:39 INFO  c.c.service.PermissionDataService - CACHE HIT for role: ADMIN
2026-02-22 12:05:39 INFO  c.c.service.PermissionDataService - Refreshed expiration for role: ADMIN to 3 mins
2026-02-22 12:10:48 INFO  c.c.service.PermissionDataService - >>> Permission Check Initiated <<<
2026-02-22 12:10:48 INFO  c.c.service.PermissionDataService - User: Mohan, Designations: [CENTER HEAD], Roles: [ADMIN]
2026-02-22 12:10:48 INFO  c.c.service.PermissionDataService - CACHE MISS for role: ADMIN
2026-02-22 12:10:48 INFO  c.c.service.PermissionDataService - Fetching from DB for roles: [ADMIN]
2026-02-22 12:10:49 INFO  c.c.service.PermissionDataService - DB returned 1 records
2026-02-22 12:10:49 INFO  c.c.service.PermissionDataService - Processed DB Data chunk for role: ADMIN, UserRoleId: 939, JSON Length: 15766
2026-02-22 12:10:49 INFO  c.c.service.PermissionDataService - CACHE POPULATING (Pipeline) for role: ADMIN, Total Unique Screens: 135
2026-02-22 12:10:49 INFO  c.c.service.PermissionDataService - Stored in Redis: role_v2::ADMIN with 3 min expiration
2026-02-22 12:10:49 INFO  c.c.service.PermissionDataService - >>> Permission Check Initiated <<<
2026-02-22 12:10:49 INFO  c.c.service.PermissionDataService - User: Mohan, Designations: [CENTER HEAD], Roles: [ADMIN]
2026-02-22 12:10:49 INFO  c.c.service.PermissionDataService - CACHE HIT for role: ADMIN
2026-02-22 12:10:49 INFO  c.c.service.PermissionDataService - Refreshed expiration for role: ADMIN to 3 mins
2026-02-22 12:13:27 INFO  c.c.service.PermissionDataService - >>> Permission Check Initiated <<<
2026-02-22 12:13:27 INFO  c.c.service.PermissionDataService - User: Mohan, Designations: [CENTER HEAD], Roles: [ADMIN]
2026-02-22 12:13:27 INFO  c.c.service.PermissionDataService - >>> Permission Check Initiated <<<
2026-02-22 12:13:27 INFO  c.c.service.PermissionDataService - User: Mohan, Designations: [CENTER HEAD], Roles: [ADMIN]
2026-02-22 12:13:27 INFO  c.c.service.PermissionDataService - CACHE HIT for role: ADMIN
2026-02-22 12:13:28 INFO  c.c.service.PermissionDataService - CACHE HIT for role: ADMIN
2026-02-22 12:13:28 INFO  c.c.service.PermissionDataService - Refreshed expiration for role: ADMIN to 3 mins
2026-02-22 12:13:28 INFO  c.c.service.PermissionDataService - Refreshed expiration for role: ADMIN to 3 mins
2026-02-22 12:16:09 INFO  c.c.service.PermissionDataService - >>> Permission Check Initiated <<<
2026-02-22 12:16:09 INFO  c.c.service.PermissionDataService - User: Mohan, Designations: [CENTER HEAD], Roles: [ADMIN]
2026-02-22 12:16:09 INFO  c.c.service.PermissionDataService - CACHE HIT for role: ADMIN
2026-02-22 12:16:09 INFO  c.c.service.PermissionDataService - Refreshed expiration for role: ADMIN to 3 mins
2026-02-22 12:16:10 INFO  c.c.service.PermissionDataService - >>> Permission Check Initiated <<<
2026-02-22 12:16:10 INFO  c.c.service.PermissionDataService - User: Mohan, Designations: [CENTER HEAD], Roles: [ADMIN]
2026-02-22 12:16:10 INFO  c.c.service.PermissionDataService - CACHE HIT for role: ADMIN
2026-02-22 12:16:10 INFO  c.c.service.PermissionDataService - Refreshed expiration for role: ADMIN to 3 mins
2026-02-22 12:16:10 INFO  c.c.service.PermissionDataService - >>> Permission Check Initiated <<<
2026-02-22 12:16:10 INFO  c.c.service.PermissionDataService - User: Mohan, Designations: [CENTER HEAD], Roles: [ADMIN]
2026-02-22 12:16:10 INFO  c.c.service.PermissionDataService - CACHE HIT for role: ADMIN
2026-02-22 12:16:10 INFO  c.c.service.PermissionDataService - Refreshed expiration for role: ADMIN to 3 mins
2026-02-22 12:21:01 INFO  c.c.service.PermissionDataService - >>> Permission Check Initiated <<<
2026-02-22 12:21:01 INFO  c.c.service.PermissionDataService - User: Mohan, Designations: [CENTER HEAD], Roles: [ADMIN]
2026-02-22 12:21:01 INFO  c.c.service.PermissionDataService - CACHE MISS for role: ADMIN
2026-02-22 12:21:01 INFO  c.c.service.PermissionDataService - Fetching from DB for roles: [ADMIN]
2026-02-22 12:21:01 INFO  c.c.service.PermissionDataService - DB returned 1 records
2026-02-22 12:21:01 INFO  c.c.service.PermissionDataService - Processed DB Data chunk for role: ADMIN, UserRoleId: 939, JSON Length: 15766
2026-02-22 12:21:01 INFO  c.c.service.PermissionDataService - CACHE POPULATING (Pipeline) for role: ADMIN, Total Unique Screens: 135
2026-02-22 12:21:01 INFO  c.c.service.PermissionDataService - Stored in Redis: role_v2::ADMIN with 3 min expiration
2026-02-22 12:21:01 INFO  c.c.service.PermissionDataService - >>> Permission Check Initiated <<<
2026-02-22 12:21:01 INFO  c.c.service.PermissionDataService - User: Mohan, Designations: [CENTER HEAD], Roles: [ADMIN]
2026-02-22 12:21:01 INFO  c.c.service.PermissionDataService - CACHE HIT for role: ADMIN
2026-02-22 12:21:01 INFO  c.c.service.PermissionDataService - Refreshed expiration for role: ADMIN to 3 mins
2026-02-22 12:21:27 INFO  c.c.service.PermissionDataService - >>> Permission Check Initiated <<<
2026-02-22 12:21:27 INFO  c.c.service.PermissionDataService - User: Mohan, Designations: [CENTER HEAD], Roles: [ADMIN]
2026-02-22 12:21:27 INFO  c.c.service.PermissionDataService - CACHE HIT for role: ADMIN
2026-02-22 12:21:27 INFO  c.c.service.PermissionDataService - Refreshed expiration for role: ADMIN to 3 mins
2026-02-22 12:21:27 INFO  c.c.service.PermissionDataService - >>> Permission Check Initiated <<<
2026-02-22 12:21:27 INFO  c.c.service.PermissionDataService - User: Mohan, Designations: [CENTER HEAD], Roles: [ADMIN]
2026-02-22 12:21:27 INFO  c.c.service.PermissionDataService - CACHE HIT for role: ADMIN
2026-02-22 12:21:27 INFO  c.c.service.PermissionDataService - Refreshed expiration for role: ADMIN to 3 mins
2026-02-22 12:23:01 INFO  c.c.service.PermissionDataService - >>> Permission Check Initiated <<<
2026-02-22 12:23:01 INFO  c.c.service.PermissionDataService - User: Mohan, Designations: [CENTER HEAD], Roles: [ADMIN]
2026-02-22 12:23:01 INFO  c.c.service.PermissionDataService - CACHE HIT for role: ADMIN
2026-02-22 12:23:01 INFO  c.c.service.PermissionDataService - Refreshed expiration for role: ADMIN to 3 mins
2026-02-22 12:23:01 INFO  c.c.service.PermissionDataService - >>> Permission Check Initiated <<<
2026-02-22 12:23:01 INFO  c.c.service.PermissionDataService - User: Mohan, Designations: [CENTER HEAD], Roles: [ADMIN]
2026-02-22 12:23:01 INFO  c.c.service.PermissionDataService - CACHE HIT for role: ADMIN
2026-02-22 12:23:01 INFO  c.c.service.PermissionDataService - Refreshed expiration for role: ADMIN to 3 mins
2026-02-22 12:36:46 INFO  c.c.service.PermissionDataService - >>> Permission Check Initiated <<<
2026-02-22 12:36:46 INFO  c.c.service.PermissionDataService - User: Mohan, Designations: [CENTER HEAD], Roles: [ADMIN]
2026-02-22 12:36:55 INFO  c.c.service.PermissionDataService - >>> Permission Check Initiated <<<
2026-02-22 12:36:55 INFO  c.c.service.PermissionDataService - User: Mohan, Designations: [CENTER HEAD], Roles: [ADMIN]
2026-02-22 12:36:55 INFO  c.c.service.PermissionDataService - >>> Permission Check Initiated <<<
2026-02-22 12:36:55 INFO  c.c.service.PermissionDataService - User: Mohan, Designations: [CENTER HEAD], Roles: [ADMIN]
2026-02-22 12:37:31 INFO  c.c.service.PermissionDataService - >>> Permission Check Initiated <<<
2026-02-22 12:37:31 INFO  c.c.service.PermissionDataService - User: Mohan, Designations: [CENTER HEAD], Roles: [ADMIN]
2026-02-22 12:37:40 INFO  c.c.service.PermissionDataService - >>> Permission Check Initiated <<<
2026-02-22 12:37:40 INFO  c.c.service.PermissionDataService - User: Mohan, Designations: [CENTER HEAD], Roles: [ADMIN]
2026-02-22 12:38:00 INFO  c.c.service.PermissionDataService - >>> Permission Check Initiated <<<
2026-02-22 12:38:00 INFO  c.c.service.PermissionDataService - User: Mohan, Designations: [CENTER HEAD], Roles: [ADMIN]
2026-02-22 12:41:19 INFO  c.c.service.PermissionDataService - >>> Permission Check Initiated <<<
2026-02-22 12:41:19 INFO  c.c.service.PermissionDataService - User: Mohan, Designations: [CENTER HEAD], Roles: [ADMIN]
2026-02-22 12:41:19 INFO  c.c.service.PermissionDataService - CACHE HIT for role: ADMIN
2026-02-22 12:41:19 INFO  c.c.service.PermissionDataService - Refreshed expiration for role: ADMIN to 3 mins
2026-02-22 12:41:20 INFO  c.c.service.PermissionDataService - >>> Permission Check Initiated <<<
2026-02-22 12:41:20 INFO  c.c.service.PermissionDataService - User: Mohan, Designations: [CENTER HEAD], Roles: [ADMIN]
2026-02-22 12:41:20 INFO  c.c.service.PermissionDataService - CACHE HIT for role: ADMIN
2026-02-22 12:41:20 INFO  c.c.service.PermissionDataService - Refreshed expiration for role: ADMIN to 3 mins
2026-02-22 12:41:20 INFO  c.c.service.PermissionDataService - >>> Permission Check Initiated <<<
2026-02-22 12:41:20 INFO  c.c.service.PermissionDataService - User: Mohan, Designations: [CENTER HEAD], Roles: [ADMIN]
2026-02-22 12:41:20 INFO  c.c.service.PermissionDataService - CACHE HIT for role: ADMIN
2026-02-22 12:41:20 INFO  c.c.service.PermissionDataService - Refreshed expiration for role: ADMIN to 3 mins
2026-02-22 13:28:10 INFO  c.c.service.PermissionDataService - >>> Permission Check Initiated <<<
2026-02-22 13:28:10 INFO  c.c.service.PermissionDataService - User: Mohan, Designations: [CENTER HEAD], Roles: [ADMIN]
2026-02-22 13:28:10 INFO  c.c.service.PermissionDataService - CACHE MISS for role: ADMIN
2026-02-22 13:28:10 INFO  c.c.service.PermissionDataService - Fetching from DB for roles: [ADMIN]
2026-02-22 13:28:11 INFO  c.c.service.PermissionDataService - DB returned 1 records
2026-02-22 13:28:11 INFO  c.c.service.PermissionDataService - Processed DB Data chunk for role: ADMIN, UserRoleId: 939, JSON Length: 15766
2026-02-22 13:28:12 INFO  c.c.service.PermissionDataService - CACHE POPULATING (Pipeline) for role: ADMIN, Total Unique Screens: 135
2026-02-22 13:28:12 INFO  c.c.service.PermissionDataService - Stored in Redis: role_v2::ADMIN with 3 min expiration
2026-02-22 13:28:12 INFO  c.c.service.PermissionDataService - >>> Permission Check Initiated <<<
2026-02-22 13:28:12 INFO  c.c.service.PermissionDataService - User: Mohan, Designations: [CENTER HEAD], Roles: [ADMIN]
2026-02-22 13:28:12 INFO  c.c.service.PermissionDataService - CACHE HIT for role: ADMIN
2026-02-22 13:28:12 INFO  c.c.service.PermissionDataService - Refreshed expiration for role: ADMIN to 3 mins
2026-02-22 13:31:27 INFO  c.c.service.PermissionDataService - >>> Permission Check Initiated <<<
2026-02-22 13:31:27 INFO  c.c.service.PermissionDataService - User: Mohan, Designations: [CENTER HEAD], Roles: [ADMIN]
2026-02-22 13:31:27 INFO  c.c.service.PermissionDataService - CACHE MISS for role: ADMIN
2026-02-22 13:31:27 INFO  c.c.service.PermissionDataService - Fetching from DB for roles: [ADMIN]
2026-02-22 13:31:27 INFO  c.c.service.PermissionDataService - DB returned 1 records
2026-02-22 13:31:27 INFO  c.c.service.PermissionDataService - Processed DB Data chunk for role: ADMIN, UserRoleId: 939, JSON Length: 15766
2026-02-22 13:31:28 INFO  c.c.service.PermissionDataService - CACHE POPULATING (Pipeline) for role: ADMIN, Total Unique Screens: 135
2026-02-22 13:31:28 INFO  c.c.service.PermissionDataService - Stored in Redis: role_v2::ADMIN with 3 min expiration
2026-02-22 13:31:28 INFO  c.c.service.PermissionDataService - >>> Permission Check Initiated <<<
2026-02-22 13:31:28 INFO  c.c.service.PermissionDataService - User: Mohan, Designations: [CENTER HEAD], Roles: [ADMIN]
2026-02-22 13:31:28 INFO  c.c.service.PermissionDataService - CACHE HIT for role: ADMIN
2026-02-22 13:31:28 INFO  c.c.service.PermissionDataService - Refreshed expiration for role: ADMIN to 3 mins
2026-02-22 13:35:27 INFO  c.c.service.PermissionDataService - >>> Permission Check Initiated <<<
2026-02-22 13:35:27 INFO  c.c.service.PermissionDataService - User: Mohan, Designations: [CENTER HEAD], Roles: [ADMIN]
2026-02-22 13:35:27 INFO  c.c.service.PermissionDataService - CACHE MISS for role: ADMIN
2026-02-22 13:35:27 INFO  c.c.service.PermissionDataService - Fetching from DB for roles: [ADMIN]
2026-02-22 13:35:44 INFO  c.c.service.PermissionDataService - DB returned 1 records
2026-02-22 13:35:44 INFO  c.c.service.PermissionDataService - Processed DB Data chunk for role: ADMIN, UserRoleId: 939, JSON Length: 15766
2026-02-22 13:35:44 INFO  c.c.service.PermissionDataService - CACHE POPULATING (Pipeline) for role: ADMIN, Total Unique Screens: 135
2026-02-22 13:35:44 INFO  c.c.service.PermissionDataService - Stored in Redis: role_v2::ADMIN with 3 min expiration
2026-02-22 13:35:44 INFO  c.c.service.PermissionDataService - >>> Permission Check Initiated <<<
2026-02-22 13:35:44 INFO  c.c.service.PermissionDataService - User: Mohan, Designations: [CENTER HEAD], Roles: [ADMIN]
2026-02-22 13:35:44 INFO  c.c.service.PermissionDataService - CACHE HIT for role: ADMIN
2026-02-22 13:35:44 INFO  c.c.service.PermissionDataService - Refreshed expiration for role: ADMIN to 3 mins
2026-02-22 13:36:14 INFO  c.c.service.PermissionDataService - >>> Permission Check Initiated <<<
2026-02-22 13:36:14 INFO  c.c.service.PermissionDataService - User: Mohan, Designations: [CENTER HEAD], Roles: [ADMIN]
2026-02-22 13:36:15 INFO  c.c.service.PermissionDataService - CACHE HIT for role: ADMIN
2026-02-22 13:36:15 INFO  c.c.service.PermissionDataService - Refreshed expiration for role: ADMIN to 3 mins
2026-02-22 13:36:16 INFO  c.c.service.PermissionDataService - >>> Permission Check Initiated <<<
2026-02-22 13:36:16 INFO  c.c.service.PermissionDataService - User: Mohan, Designations: [CENTER HEAD], Roles: [ADMIN]
2026-02-22 13:36:16 INFO  c.c.service.PermissionDataService - CACHE HIT for role: ADMIN
2026-02-22 13:36:16 INFO  c.c.service.PermissionDataService - Refreshed expiration for role: ADMIN to 3 mins
2026-02-22 13:37:04 INFO  c.c.service.PermissionDataService - >>> Permission Check Initiated <<<
2026-02-22 13:37:04 INFO  c.c.service.PermissionDataService - User: Mohan, Designations: [CENTER HEAD], Roles: [ADMIN]
2026-02-22 13:37:04 INFO  c.c.service.PermissionDataService - CACHE HIT for role: ADMIN
2026-02-22 13:37:04 INFO  c.c.service.PermissionDataService - Refreshed expiration for role: ADMIN to 3 mins
2026-02-22 13:37:04 INFO  c.c.service.PermissionDataService - >>> Permission Check Initiated <<<
2026-02-22 13:37:04 INFO  c.c.service.PermissionDataService - User: Mohan, Designations: [CENTER HEAD], Roles: [ADMIN]
2026-02-22 13:37:04 INFO  c.c.service.PermissionDataService - CACHE HIT for role: ADMIN
2026-02-22 13:37:04 INFO  c.c.service.PermissionDataService - Refreshed expiration for role: ADMIN to 3 mins
2026-02-22 13:39:19 INFO  c.c.service.PermissionDataService - >>> Permission Check Initiated <<<
2026-02-22 13:39:19 INFO  c.c.service.PermissionDataService - User: Mohan, Designations: [CENTER HEAD], Roles: [ADMIN]
2026-02-22 13:39:19 INFO  c.c.service.PermissionDataService - CACHE HIT for role: ADMIN
2026-02-22 13:39:19 INFO  c.c.service.PermissionDataService - Refreshed expiration for role: ADMIN to 3 mins
2026-02-22 13:39:19 INFO  c.c.service.PermissionDataService - >>> Permission Check Initiated <<<
2026-02-22 13:39:19 INFO  c.c.service.PermissionDataService - User: Mohan, Designations: [CENTER HEAD], Roles: [ADMIN]
2026-02-22 13:39:19 INFO  c.c.service.PermissionDataService - CACHE HIT for role: ADMIN
2026-02-22 13:39:19 INFO  c.c.service.PermissionDataService - Refreshed expiration for role: ADMIN to 3 mins
2026-02-22 13:45:59 INFO  c.c.service.PermissionDataService - >>> Permission Check Initiated <<<
2026-02-22 13:45:59 INFO  c.c.service.PermissionDataService - User: Mohan, Designations: [CENTER HEAD], Roles: [ADMIN]
2026-02-22 13:45:59 INFO  c.c.service.PermissionDataService - CACHE HIT for role: ADMIN
2026-02-22 13:45:59 INFO  c.c.service.PermissionDataService - Refreshed expiration for role: ADMIN to 3 mins
2026-02-22 13:45:59 INFO  c.c.service.PermissionDataService - >>> Permission Check Initiated <<<
2026-02-22 13:45:59 INFO  c.c.service.PermissionDataService - User: Mohan, Designations: [CENTER HEAD], Roles: [ADMIN]
2026-02-22 13:46:00 INFO  c.c.service.PermissionDataService - CACHE HIT for role: ADMIN
2026-02-22 13:46:00 INFO  c.c.service.PermissionDataService - Refreshed expiration for role: ADMIN to 3 mins
2026-02-22 13:46:00 INFO  c.c.service.PermissionDataService - >>> Permission Check Initiated <<<
2026-02-22 13:46:00 INFO  c.c.service.PermissionDataService - User: Mohan, Designations: [CENTER HEAD], Roles: [ADMIN]
2026-02-22 13:46:00 INFO  c.c.service.PermissionDataService - CACHE HIT for role: ADMIN
2026-02-22 13:46:00 INFO  c.c.service.PermissionDataService - Refreshed expiration for role: ADMIN to 3 mins
2026-02-22 13:50:41 INFO  c.c.service.PermissionDataService - >>> Permission Check Initiated <<<
2026-02-22 13:50:41 INFO  c.c.service.PermissionDataService - User: Mohan, Designations: [CENTER HEAD], Roles: [ADMIN]
2026-02-22 13:50:41 INFO  c.c.service.PermissionDataService - CACHE MISS for role: ADMIN
2026-02-22 13:50:41 INFO  c.c.service.PermissionDataService - Fetching from DB for roles: [ADMIN]
2026-02-22 13:50:41 INFO  c.c.service.PermissionDataService - DB returned 1 records
2026-02-22 13:50:41 INFO  c.c.service.PermissionDataService - Processed DB Data chunk for role: ADMIN, UserRoleId: 939, JSON Length: 15766
2026-02-22 13:50:41 INFO  c.c.service.PermissionDataService - CACHE POPULATING (Pipeline) for role: ADMIN, Total Unique Screens: 135
2026-02-22 13:50:41 INFO  c.c.service.PermissionDataService - Stored in Redis: role_v2::ADMIN with 3 min expiration
2026-02-22 13:50:41 INFO  c.c.service.PermissionDataService - >>> Permission Check Initiated <<<
2026-02-22 13:50:41 INFO  c.c.service.PermissionDataService - User: Mohan, Designations: [CENTER HEAD], Roles: [ADMIN]
2026-02-22 13:50:41 INFO  c.c.service.PermissionDataService - CACHE HIT for role: ADMIN
2026-02-22 13:50:41 INFO  c.c.service.PermissionDataService - Refreshed expiration for role: ADMIN to 3 mins
2026-02-22 13:59:57 INFO  c.c.service.PermissionDataService - >>> Permission Check Initiated <<<
2026-02-22 13:59:57 INFO  c.c.service.PermissionDataService - User: Mohan, Designations: [CENTER HEAD], Roles: [ADMIN]
2026-02-22 13:59:57 INFO  c.c.service.PermissionDataService - CACHE HIT for role: ADMIN
2026-02-22 13:59:57 INFO  c.c.service.PermissionDataService - Refreshed expiration for role: ADMIN to 3 mins
2026-02-22 13:59:57 INFO  c.c.service.PermissionDataService - >>> Permission Check Initiated <<<
2026-02-22 13:59:57 INFO  c.c.service.PermissionDataService - User: Mohan, Designations: [CENTER HEAD], Roles: [ADMIN]
2026-02-22 13:59:57 INFO  c.c.service.PermissionDataService - CACHE HIT for role: ADMIN
2026-02-22 13:59:57 INFO  c.c.service.PermissionDataService - Refreshed expiration for role: ADMIN to 3 mins
2026-02-22 13:59:57 INFO  c.c.service.PermissionDataService - >>> Permission Check Initiated <<<
2026-02-22 13:59:57 INFO  c.c.service.PermissionDataService - User: Mohan, Designations: [CENTER HEAD], Roles: [ADMIN]
2026-02-22 13:59:57 INFO  c.c.service.PermissionDataService - CACHE HIT for role: ADMIN
2026-02-22 13:59:57 INFO  c.c.service.PermissionDataService - Refreshed expiration for role: ADMIN to 3 mins
2026-02-22 14:14:46 INFO  c.c.service.PermissionDataService - >>> Permission Check Initiated <<<
2026-02-22 14:14:46 INFO  c.c.service.PermissionDataService - User: Mohan, Designations: [CENTER HEAD], Roles: [ADMIN]
2026-02-22 14:14:46 INFO  c.c.service.PermissionDataService - CACHE MISS for role: ADMIN
2026-02-22 14:14:46 INFO  c.c.service.PermissionDataService - Fetching from DB for roles: [ADMIN]
2026-02-22 14:14:47 INFO  c.c.service.PermissionDataService - DB returned 1 records
2026-02-22 14:14:47 INFO  c.c.service.PermissionDataService - Processed DB Data chunk for role: ADMIN, UserRoleId: 939, JSON Length: 15766
2026-02-22 14:14:47 INFO  c.c.service.PermissionDataService - CACHE POPULATING (Pipeline) for role: ADMIN, Total Unique Screens: 135
2026-02-22 14:14:47 INFO  c.c.service.PermissionDataService - Stored in Redis: role_v2::ADMIN with 3 min expiration
2026-02-22 14:14:47 INFO  c.c.service.PermissionDataService - >>> Permission Check Initiated <<<
2026-02-22 14:14:47 INFO  c.c.service.PermissionDataService - User: Mohan, Designations: [CENTER HEAD], Roles: [ADMIN]
2026-02-22 14:14:48 INFO  c.c.service.PermissionDataService - CACHE HIT for role: ADMIN
2026-02-22 14:14:48 INFO  c.c.service.PermissionDataService - Refreshed expiration for role: ADMIN to 3 mins
2026-02-22 15:19:52 INFO  c.c.service.PermissionDataService - >>> Permission Check Initiated <<<
2026-02-22 15:19:52 INFO  c.c.service.PermissionDataService - User: Mohan, Designations: [CENTER HEAD], Roles: [ADMIN]
2026-02-22 15:20:05 INFO  c.c.service.PermissionDataService - CACHE HIT for role: ADMIN
2026-02-22 15:20:05 INFO  c.c.service.PermissionDataService - Refreshed expiration for role: ADMIN to 3 mins
2026-02-22 15:20:08 INFO  c.c.service.PermissionDataService - >>> Permission Check Initiated <<<
2026-02-22 15:20:08 INFO  c.c.service.PermissionDataService - User: Mohan, Designations: [CENTER HEAD], Roles: [ADMIN]
2026-02-22 15:20:08 INFO  c.c.service.PermissionDataService - CACHE HIT for role: ADMIN
2026-02-22 15:20:08 INFO  c.c.service.PermissionDataService - Refreshed expiration for role: ADMIN to 3 mins
2026-02-22 15:20:08 INFO  c.c.service.PermissionDataService - >>> Permission Check Initiated <<<
2026-02-22 15:20:08 INFO  c.c.service.PermissionDataService - User: Mohan, Designations: [CENTER HEAD], Roles: [ADMIN]
2026-02-22 15:20:08 INFO  c.c.service.PermissionDataService - CACHE HIT for role: ADMIN
2026-02-22 15:20:08 INFO  c.c.service.PermissionDataService - Refreshed expiration for role: ADMIN to 3 mins
2026-02-22 15:20:08 INFO  c.c.service.PermissionDataService - >>> Permission Check Initiated <<<
2026-02-22 15:20:08 INFO  c.c.service.PermissionDataService - User: Mohan, Designations: [CENTER HEAD], Roles: [ADMIN]
2026-02-22 15:20:08 INFO  c.c.service.PermissionDataService - CACHE HIT for role: ADMIN
2026-02-22 15:20:08 INFO  c.c.service.PermissionDataService - Refreshed expiration for role: ADMIN to 3 mins
2026-02-22 15:26:07 INFO  c.c.service.PermissionDataService - >>> Permission Check Initiated <<<
2026-02-22 15:26:07 INFO  c.c.service.PermissionDataService - User: Mohan, Designations: [CENTER HEAD], Roles: [ADMIN]
2026-02-22 15:26:07 INFO  c.c.service.PermissionDataService - CACHE HIT for role: ADMIN
2026-02-22 15:26:07 INFO  c.c.service.PermissionDataService - Refreshed expiration for role: ADMIN to 3 mins
2026-02-22 15:26:07 INFO  c.c.service.PermissionDataService - >>> Permission Check Initiated <<<
2026-02-22 15:26:07 INFO  c.c.service.PermissionDataService - User: Mohan, Designations: [CENTER HEAD], Roles: [ADMIN]
2026-02-22 15:26:07 INFO  c.c.service.PermissionDataService - CACHE HIT for role: ADMIN
2026-02-22 15:26:07 INFO  c.c.service.PermissionDataService - Refreshed expiration for role: ADMIN to 3 mins
2026-02-22 15:26:07 INFO  c.c.service.PermissionDataService - >>> Permission Check Initiated <<<
2026-02-22 15:26:07 INFO  c.c.service.PermissionDataService - User: Mohan, Designations: [CENTER HEAD], Roles: [ADMIN]
2026-02-22 15:26:08 INFO  c.c.service.PermissionDataService - CACHE HIT for role: ADMIN
2026-02-22 15:26:08 INFO  c.c.service.PermissionDataService - Refreshed expiration for role: ADMIN to 3 mins
2026-02-22 15:45:11 INFO  c.c.service.PermissionDataService - >>> Permission Check Initiated <<<
2026-02-22 15:45:11 INFO  c.c.service.PermissionDataService - User: Mohan, Designations: [CENTER HEAD], Roles: [ADMIN]
2026-02-22 15:45:11 INFO  c.c.service.PermissionDataService - CACHE MISS for role: ADMIN
2026-02-22 15:45:11 INFO  c.c.service.PermissionDataService - Fetching from DB for roles: [ADMIN]
2026-02-22 15:45:11 INFO  c.c.service.PermissionDataService - DB returned 1 records
2026-02-22 15:45:11 INFO  c.c.service.PermissionDataService - Processed DB Data chunk for role: ADMIN, UserRoleId: 939, JSON Length: 15766
2026-02-22 15:45:11 INFO  c.c.service.PermissionDataService - CACHE POPULATING (Pipeline) for role: ADMIN, Total Unique Screens: 135
2026-02-22 15:45:11 INFO  c.c.service.PermissionDataService - Stored in Redis: role_v2::ADMIN with 3 min expiration
2026-02-22 15:45:11 INFO  c.c.service.PermissionDataService - >>> Permission Check Initiated <<<
2026-02-22 15:45:11 INFO  c.c.service.PermissionDataService - User: Mohan, Designations: [CENTER HEAD], Roles: [ADMIN]
2026-02-22 15:45:11 INFO  c.c.service.PermissionDataService - CACHE HIT for role: ADMIN
2026-02-22 15:45:11 INFO  c.c.service.PermissionDataService - Refreshed expiration for role: ADMIN to 3 mins
2026-02-22 15:52:52 INFO  c.c.service.PermissionDataService - >>> Permission Check Initiated <<<
2026-02-22 15:52:52 INFO  c.c.service.PermissionDataService - User: Mohan, Designations: [CENTER HEAD], Roles: [ADMIN]
2026-02-22 15:53:12 INFO  c.c.service.PermissionDataService - >>> Permission Check Initiated <<<
2026-02-22 15:53:12 INFO  c.c.service.PermissionDataService - User: Mohan, Designations: [CENTER HEAD], Roles: [ADMIN]
2026-02-22 15:53:29 INFO  c.c.service.PermissionDataService - >>> Permission Check Initiated <<<
2026-02-22 15:53:29 INFO  c.c.service.PermissionDataService - User: Mohan, Designations: [CENTER HEAD], Roles: [ADMIN]
2026-02-22 15:53:30 INFO  c.c.service.PermissionDataService - CACHE MISS for role: ADMIN
2026-02-22 15:53:30 INFO  c.c.service.PermissionDataService - CACHE MISS for role: ADMIN
2026-02-22 15:53:30 INFO  c.c.service.PermissionDataService - Fetching from DB for roles: [ADMIN]
2026-02-22 15:53:30 INFO  c.c.service.PermissionDataService - CACHE MISS for role: ADMIN
2026-02-22 15:53:30 INFO  c.c.service.PermissionDataService - Fetching from DB for roles: [ADMIN]
2026-02-22 15:53:30 INFO  c.c.service.PermissionDataService - Fetching from DB for roles: [ADMIN]
2026-02-22 15:53:31 INFO  c.c.service.PermissionDataService - DB returned 1 records
2026-02-22 15:53:31 INFO  c.c.service.PermissionDataService - Processed DB Data chunk for role: ADMIN, UserRoleId: 939, JSON Length: 15766
2026-02-22 15:53:31 INFO  c.c.service.PermissionDataService - CACHE POPULATING (Pipeline) for role: ADMIN, Total Unique Screens: 135
2026-02-22 15:53:31 INFO  c.c.service.PermissionDataService - Stored in Redis: role_v2::ADMIN with 3 min expiration
2026-02-22 15:53:31 INFO  c.c.service.PermissionDataService - >>> Permission Check Initiated <<<
2026-02-22 15:53:31 INFO  c.c.service.PermissionDataService - User: Mohan, Designations: [CENTER HEAD], Roles: [ADMIN]
2026-02-22 15:53:31 INFO  c.c.service.PermissionDataService - CACHE HIT for role: ADMIN
2026-02-22 15:53:31 INFO  c.c.service.PermissionDataService - DB returned 1 records
2026-02-22 15:53:31 INFO  c.c.service.PermissionDataService - Processed DB Data chunk for role: ADMIN, UserRoleId: 939, JSON Length: 15766
2026-02-22 15:53:31 INFO  c.c.service.PermissionDataService - Refreshed expiration for role: ADMIN to 3 mins
2026-02-22 15:53:31 INFO  c.c.service.PermissionDataService - DB returned 1 records
2026-02-22 15:53:31 INFO  c.c.service.PermissionDataService - Processed DB Data chunk for role: ADMIN, UserRoleId: 939, JSON Length: 15766
2026-02-22 15:53:31 INFO  c.c.service.PermissionDataService - CACHE POPULATING (Pipeline) for role: ADMIN, Total Unique Screens: 135
2026-02-22 15:53:31 INFO  c.c.service.PermissionDataService - Stored in Redis: role_v2::ADMIN with 3 min expiration
2026-02-22 15:53:31 INFO  c.c.service.PermissionDataService - CACHE POPULATING (Pipeline) for role: ADMIN, Total Unique Screens: 135
2026-02-22 15:53:31 INFO  c.c.service.PermissionDataService - Stored in Redis: role_v2::ADMIN with 3 min expiration
2026-02-22 16:02:59 INFO  c.c.service.PermissionDataService - >>> Permission Check Initiated <<<
2026-02-22 16:02:59 INFO  c.c.service.PermissionDataService - User: Mohan, Designations: [CENTER HEAD], Roles: [ADMIN]
2026-02-22 16:02:59 INFO  c.c.service.PermissionDataService - CACHE MISS for role: ADMIN
2026-02-22 16:02:59 INFO  c.c.service.PermissionDataService - Fetching from DB for roles: [ADMIN]
2026-02-22 16:02:59 INFO  c.c.service.PermissionDataService - DB returned 1 records
2026-02-22 16:02:59 INFO  c.c.service.PermissionDataService - Processed DB Data chunk for role: ADMIN, UserRoleId: 939, JSON Length: 15766
2026-02-22 16:02:59 INFO  c.c.service.PermissionDataService - CACHE POPULATING (Pipeline) for role: ADMIN, Total Unique Screens: 135
2026-02-22 16:02:59 INFO  c.c.service.PermissionDataService - Stored in Redis: role_v2::ADMIN with 3 min expiration
2026-02-22 16:02:59 INFO  c.c.service.PermissionDataService - >>> Permission Check Initiated <<<
2026-02-22 16:02:59 INFO  c.c.service.PermissionDataService - User: Mohan, Designations: [CENTER HEAD], Roles: [ADMIN]
2026-02-22 16:02:59 INFO  c.c.service.PermissionDataService - CACHE HIT for role: ADMIN
2026-02-22 16:02:59 INFO  c.c.service.PermissionDataService - Refreshed expiration for role: ADMIN to 3 mins
2026-02-22 16:05:23 INFO  c.c.service.PermissionDataService - >>> Permission Check Initiated <<<
2026-02-22 16:05:23 INFO  c.c.service.PermissionDataService - User: Mohan, Designations: [CENTER HEAD], Roles: [ADMIN]
2026-02-22 16:05:23 INFO  c.c.service.PermissionDataService - CACHE HIT for role: ADMIN
2026-02-22 16:05:23 INFO  c.c.service.PermissionDataService - Refreshed expiration for role: ADMIN to 3 mins
2026-02-22 16:05:23 INFO  c.c.service.PermissionDataService - >>> Permission Check Initiated <<<
2026-02-22 16:05:23 INFO  c.c.service.PermissionDataService - User: Mohan, Designations: [CENTER HEAD], Roles: [ADMIN]
2026-02-22 16:05:23 INFO  c.c.service.PermissionDataService - CACHE HIT for role: ADMIN
2026-02-22 16:05:23 INFO  c.c.service.PermissionDataService - Refreshed expiration for role: ADMIN to 3 mins
2026-02-22 19:59:30 INFO  c.c.service.PermissionDataService - >>> Permission Check Initiated <<<
2026-02-22 19:59:30 INFO  c.c.service.PermissionDataService - User: Mohan, Designations: [CENTER HEAD], Roles: [ADMIN]
2026-02-22 19:59:30 INFO  c.c.service.PermissionDataService - CACHE HIT for role: ADMIN
2026-02-22 19:59:30 INFO  c.c.service.PermissionDataService - Refreshed expiration for role: ADMIN to 3 mins
2026-02-22 19:59:30 INFO  c.c.service.PermissionDataService - >>> Permission Check Initiated <<<
2026-02-22 19:59:30 INFO  c.c.service.PermissionDataService - User: Mohan, Designations: [CENTER HEAD], Roles: [ADMIN]
2026-02-22 19:59:30 INFO  c.c.service.PermissionDataService - CACHE HIT for role: ADMIN
2026-02-22 19:59:30 INFO  c.c.service.PermissionDataService - Refreshed expiration for role: ADMIN to 3 mins
2026-02-22 19:59:31 INFO  c.c.service.PermissionDataService - >>> Permission Check Initiated <<<
2026-02-22 19:59:31 INFO  c.c.service.PermissionDataService - User: Mohan, Designations: [CENTER HEAD], Roles: [ADMIN]
2026-02-22 19:59:31 INFO  c.c.service.PermissionDataService - CACHE HIT for role: ADMIN
2026-02-22 19:59:31 INFO  c.c.service.PermissionDataService - Refreshed expiration for role: ADMIN to 3 mins
2026-02-22 20:23:03 INFO  c.c.service.PermissionDataService - >>> Permission Check Initiated <<<
2026-02-22 20:23:03 INFO  c.c.service.PermissionDataService - User: Mohan, Designations: [CENTER HEAD], Roles: [ADMIN]
2026-02-22 20:23:03 INFO  c.c.service.PermissionDataService - CACHE MISS for role: ADMIN
2026-02-22 20:23:03 INFO  c.c.service.PermissionDataService - Fetching from DB for roles: [ADMIN]
2026-02-22 20:23:04 INFO  c.c.service.PermissionDataService - DB returned 1 records
2026-02-22 20:23:04 INFO  c.c.service.PermissionDataService - Processed DB Data chunk for role: ADMIN, UserRoleId: 939, JSON Length: 15766
2026-02-22 20:23:04 INFO  c.c.service.PermissionDataService - CACHE POPULATING (Pipeline) for role: ADMIN, Total Unique Screens: 135
2026-02-22 20:23:04 INFO  c.c.service.PermissionDataService - Stored in Redis: role_v2::ADMIN with 3 min expiration
2026-02-22 20:23:04 INFO  c.c.service.PermissionDataService - >>> Permission Check Initiated <<<
2026-02-22 20:23:04 INFO  c.c.service.PermissionDataService - User: Mohan, Designations: [CENTER HEAD], Roles: [ADMIN]
2026-02-22 20:23:04 INFO  c.c.service.PermissionDataService - CACHE HIT for role: ADMIN
2026-02-22 20:23:04 INFO  c.c.service.PermissionDataService - Refreshed expiration for role: ADMIN to 3 mins
2026-02-22 20:34:08 INFO  c.c.service.PermissionDataService - >>> Permission Check Initiated <<<
2026-02-22 20:34:08 INFO  c.c.service.PermissionDataService - User: Mohan, Designations: [CENTER HEAD], Roles: [ADMIN]
2026-02-22 20:34:28 INFO  c.c.service.PermissionDataService - >>> Permission Check Initiated <<<
2026-02-22 20:34:28 INFO  c.c.service.PermissionDataService - User: Mohan, Designations: [CENTER HEAD], Roles: [ADMIN]
2026-02-22 20:34:39 INFO  c.c.service.PermissionDataService - >>> Permission Check Initiated <<<
2026-02-22 20:34:39 INFO  c.c.service.PermissionDataService - User: Mohan, Designations: [CENTER HEAD], Roles: [ADMIN]
2026-02-22 20:34:59 INFO  c.c.service.PermissionDataService - >>> Permission Check Initiated <<<
2026-02-22 20:34:59 INFO  c.c.service.PermissionDataService - User: Mohan, Designations: [CENTER HEAD], Roles: [ADMIN]
2026-02-22 20:35:10 INFO  c.c.service.PermissionDataService - CACHE HIT for role: ADMIN
2026-02-22 20:35:10 INFO  c.c.service.PermissionDataService - CACHE HIT for role: ADMIN
2026-02-22 20:35:10 INFO  c.c.service.PermissionDataService - CACHE HIT for role: ADMIN
2026-02-22 20:35:10 INFO  c.c.service.PermissionDataService - Refreshed expiration for role: ADMIN to 3 mins
2026-02-22 20:35:10 INFO  c.c.service.PermissionDataService - Refreshed expiration for role: ADMIN to 3 mins
2026-02-22 20:35:10 INFO  c.c.service.PermissionDataService - Refreshed expiration for role: ADMIN to 3 mins
2026-02-22 20:35:10 INFO  c.c.service.PermissionDataService - >>> Permission Check Initiated <<<
2026-02-22 20:35:10 INFO  c.c.service.PermissionDataService - User: Mohan, Designations: [CENTER HEAD], Roles: [ADMIN]
2026-02-22 20:35:10 INFO  c.c.service.PermissionDataService - CACHE HIT for role: ADMIN
2026-02-22 20:35:10 INFO  c.c.service.PermissionDataService - Refreshed expiration for role: ADMIN to 3 mins
2026-02-22 20:35:10 INFO  c.c.service.PermissionDataService - >>> Permission Check Initiated <<<
2026-02-22 20:35:10 INFO  c.c.service.PermissionDataService - User: Mohan, Designations: [CENTER HEAD], Roles: [ADMIN]
2026-02-22 20:35:10 INFO  c.c.service.PermissionDataService - CACHE HIT for role: ADMIN
2026-02-22 20:35:10 INFO  c.c.service.PermissionDataService - Refreshed expiration for role: ADMIN to 3 mins
2026-02-22 20:35:10 INFO  c.c.service.PermissionDataService - >>> Permission Check Initiated <<<
2026-02-22 20:35:10 INFO  c.c.service.PermissionDataService - User: Mohan, Designations: [CENTER HEAD], Roles: [ADMIN]
2026-02-22 20:35:10 INFO  c.c.service.PermissionDataService - CACHE HIT for role: ADMIN
2026-02-22 20:35:10 INFO  c.c.service.PermissionDataService - Refreshed expiration for role: ADMIN to 3 mins
2026-02-22 20:35:10 INFO  c.c.service.PermissionDataService - >>> Permission Check Initiated <<<
2026-02-22 20:35:10 INFO  c.c.service.PermissionDataService - User: Mohan, Designations: [CENTER HEAD], Roles: [ADMIN]
2026-02-22 20:35:10 INFO  c.c.service.PermissionDataService - CACHE HIT for role: ADMIN
2026-02-22 20:35:10 INFO  c.c.service.PermissionDataService - Refreshed expiration for role: ADMIN to 3 mins
2026-02-22 20:35:10 INFO  c.c.service.PermissionDataService - >>> Permission Check Initiated <<<
2026-02-22 20:35:10 INFO  c.c.service.PermissionDataService - User: Mohan, Designations: [CENTER HEAD], Roles: [ADMIN]
2026-02-22 20:35:10 INFO  c.c.service.PermissionDataService - CACHE HIT for role: ADMIN
2026-02-22 20:35:10 INFO  c.c.service.PermissionDataService - Refreshed expiration for role: ADMIN to 3 mins
2026-02-22 20:41:20 INFO  c.c.service.PermissionDataService - >>> Permission Check Initiated <<<
2026-02-22 20:41:20 INFO  c.c.service.PermissionDataService - User: Mohan, Designations: [CENTER HEAD], Roles: [ADMIN]
2026-02-22 20:41:20 INFO  c.c.service.PermissionDataService - CACHE MISS for role: ADMIN
2026-02-22 20:41:20 INFO  c.c.service.PermissionDataService - Fetching from DB for roles: [ADMIN]
2026-02-22 20:41:23 INFO  c.c.service.PermissionDataService - DB returned 1 records
2026-02-22 20:41:23 INFO  c.c.service.PermissionDataService - Processed DB Data chunk for role: ADMIN, UserRoleId: 939, JSON Length: 15766
2026-02-22 20:41:23 INFO  c.c.service.PermissionDataService - CACHE POPULATING (Pipeline) for role: ADMIN, Total Unique Screens: 135
2026-02-22 20:41:23 INFO  c.c.service.PermissionDataService - Stored in Redis: role_v2::ADMIN with 3 min expiration
2026-02-22 20:41:23 INFO  c.c.service.PermissionDataService - >>> Permission Check Initiated <<<
2026-02-22 20:41:23 INFO  c.c.service.PermissionDataService - User: Mohan, Designations: [CENTER HEAD], Roles: [ADMIN]
2026-02-22 20:41:23 INFO  c.c.service.PermissionDataService - CACHE HIT for role: ADMIN
2026-02-22 20:41:23 INFO  c.c.service.PermissionDataService - Refreshed expiration for role: ADMIN to 3 mins
2026-02-22 21:05:16 INFO  c.c.service.PermissionDataService - >>> Permission Check Initiated <<<
2026-02-22 21:05:16 INFO  c.c.service.PermissionDataService - User: Mohan, Designations: [CENTER HEAD], Roles: [ADMIN]
2026-02-22 21:05:16 INFO  c.c.service.PermissionDataService - >>> Permission Check Initiated <<<
2026-02-22 21:05:16 INFO  c.c.service.PermissionDataService - User: Mohan, Designations: [CENTER HEAD], Roles: [ADMIN]
2026-02-22 21:05:41 INFO  c.c.service.PermissionDataService - >>> Permission Check Initiated <<<
2026-02-22 21:05:41 INFO  c.c.service.PermissionDataService - User: Mohan, Designations: [CENTER HEAD], Roles: [ADMIN]
2026-02-22 21:05:55 INFO  c.c.service.PermissionDataService - CACHE MISS for role: ADMIN
2026-02-22 21:05:55 INFO  c.c.service.PermissionDataService - CACHE MISS for role: ADMIN
2026-02-22 21:05:55 INFO  c.c.service.PermissionDataService - Fetching from DB for roles: [ADMIN]
2026-02-22 21:05:55 INFO  c.c.service.PermissionDataService - Fetching from DB for roles: [ADMIN]
2026-02-22 21:05:55 INFO  c.c.service.PermissionDataService - CACHE MISS for role: ADMIN
2026-02-22 21:05:55 INFO  c.c.service.PermissionDataService - Fetching from DB for roles: [ADMIN]
2026-02-22 21:05:55 INFO  c.c.service.PermissionDataService - DB returned 1 records
2026-02-22 21:05:55 INFO  c.c.service.PermissionDataService - Processed DB Data chunk for role: ADMIN, UserRoleId: 939, JSON Length: 15766
2026-02-22 21:05:56 INFO  c.c.service.PermissionDataService - CACHE POPULATING (Pipeline) for role: ADMIN, Total Unique Screens: 135
2026-02-22 21:05:56 INFO  c.c.service.PermissionDataService - Stored in Redis: role_v2::ADMIN with 3 min expiration
2026-02-22 21:05:56 INFO  c.c.service.PermissionDataService - DB returned 1 records
2026-02-22 21:05:56 INFO  c.c.service.PermissionDataService - Processed DB Data chunk for role: ADMIN, UserRoleId: 939, JSON Length: 15766
2026-02-22 21:05:56 INFO  c.c.service.PermissionDataService - CACHE POPULATING (Pipeline) for role: ADMIN, Total Unique Screens: 135
2026-02-22 21:05:56 INFO  c.c.service.PermissionDataService - Stored in Redis: role_v2::ADMIN with 3 min expiration
2026-02-22 21:05:56 INFO  c.c.service.PermissionDataService - DB returned 1 records
2026-02-22 21:05:56 INFO  c.c.service.PermissionDataService - Processed DB Data chunk for role: ADMIN, UserRoleId: 939, JSON Length: 15766
2026-02-22 21:05:56 INFO  c.c.service.PermissionDataService - >>> Permission Check Initiated <<<
2026-02-22 21:05:56 INFO  c.c.service.PermissionDataService - User: Mohan, Designations: [CENTER HEAD], Roles: [ADMIN]
2026-02-22 21:05:56 INFO  c.c.service.PermissionDataService - CACHE POPULATING (Pipeline) for role: ADMIN, Total Unique Screens: 135
2026-02-22 21:05:56 INFO  c.c.service.PermissionDataService - Stored in Redis: role_v2::ADMIN with 3 min expiration
2026-02-22 21:05:56 INFO  c.c.service.PermissionDataService - CACHE HIT for role: ADMIN
2026-02-22 21:05:56 INFO  c.c.service.PermissionDataService - Refreshed expiration for role: ADMIN to 3 mins
2026-02-22 21:10:11 INFO  c.c.service.PermissionDataService - >>> Permission Check Initiated <<<
2026-02-22 21:10:11 INFO  c.c.service.PermissionDataService - User: Mohan, Designations: [CENTER HEAD], Roles: [ADMIN]
2026-02-22 21:10:11 INFO  c.c.service.PermissionDataService - >>> Permission Check Initiated <<<
2026-02-22 21:10:11 INFO  c.c.service.PermissionDataService - User: Mohan, Designations: [CENTER HEAD], Roles: [ADMIN]
2026-02-22 21:10:11 INFO  c.c.service.PermissionDataService - CACHE HIT for role: ADMIN
2026-02-22 21:10:11 INFO  c.c.service.PermissionDataService - Refreshed expiration for role: ADMIN to 3 mins
2026-02-22 21:10:11 INFO  c.c.service.PermissionDataService - CACHE HIT for role: ADMIN
2026-02-22 21:10:11 INFO  c.c.service.PermissionDataService - Refreshed expiration for role: ADMIN to 3 mins
2026-02-22 21:14:03 INFO  c.c.service.PermissionDataService - >>> Permission Check Initiated <<<
2026-02-22 21:14:03 INFO  c.c.service.PermissionDataService - >>> Permission Check Initiated <<<
2026-02-22 21:14:03 INFO  c.c.service.PermissionDataService - User: Mohan, Designations: [CENTER HEAD], Roles: [ADMIN]
2026-02-22 21:14:03 INFO  c.c.service.PermissionDataService - User: Mohan, Designations: [CENTER HEAD], Roles: [ADMIN]
2026-02-22 21:14:03 INFO  c.c.service.PermissionDataService - CACHE MISS for role: ADMIN
2026-02-22 21:14:03 INFO  c.c.service.PermissionDataService - CACHE MISS for role: ADMIN
2026-02-22 21:14:03 INFO  c.c.service.PermissionDataService - Fetching from DB for roles: [ADMIN]
2026-02-22 21:14:03 INFO  c.c.service.PermissionDataService - Fetching from DB for roles: [ADMIN]
2026-02-22 21:14:04 INFO  c.c.service.PermissionDataService - DB returned 1 records
2026-02-22 21:14:04 INFO  c.c.service.PermissionDataService - Processed DB Data chunk for role: ADMIN, UserRoleId: 939, JSON Length: 15766
2026-02-22 21:14:04 INFO  c.c.service.PermissionDataService - CACHE POPULATING (Pipeline) for role: ADMIN, Total Unique Screens: 135
2026-02-22 21:14:04 INFO  c.c.service.PermissionDataService - Stored in Redis: role_v2::ADMIN with 3 min expiration
2026-02-22 21:14:04 INFO  c.c.service.PermissionDataService - DB returned 1 records
2026-02-22 21:14:04 INFO  c.c.service.PermissionDataService - Processed DB Data chunk for role: ADMIN, UserRoleId: 939, JSON Length: 15766
2026-02-22 21:14:04 INFO  c.c.service.PermissionDataService - CACHE POPULATING (Pipeline) for role: ADMIN, Total Unique Screens: 135
2026-02-22 21:14:04 INFO  c.c.service.PermissionDataService - Stored in Redis: role_v2::ADMIN with 3 min expiration
2026-02-22 21:14:40 INFO  c.c.service.PermissionDataService - >>> Permission Check Initiated <<<
2026-02-22 21:14:40 INFO  c.c.service.PermissionDataService - User: Mohan, Designations: [CENTER HEAD], Roles: [ADMIN]
2026-02-22 21:14:40 INFO  c.c.service.PermissionDataService - >>> Permission Check Initiated <<<
2026-02-22 21:14:40 INFO  c.c.service.PermissionDataService - User: Mohan, Designations: [CENTER HEAD], Roles: [ADMIN]
2026-02-22 21:14:40 INFO  c.c.service.PermissionDataService - CACHE HIT for role: ADMIN
2026-02-22 21:14:40 INFO  c.c.service.PermissionDataService - CACHE HIT for role: ADMIN
2026-02-22 21:14:40 INFO  c.c.service.PermissionDataService - Refreshed expiration for role: ADMIN to 3 mins
2026-02-22 21:14:40 INFO  c.c.service.PermissionDataService - Refreshed expiration for role: ADMIN to 3 mins
2026-02-22 21:17:33 INFO  c.c.service.PermissionDataService - >>> Permission Check Initiated <<<
2026-02-22 21:17:33 INFO  c.c.service.PermissionDataService - User: Mohan, Designations: [CENTER HEAD], Roles: [ADMIN]
2026-02-22 21:17:33 INFO  c.c.service.PermissionDataService - >>> Permission Check Initiated <<<
2026-02-22 21:17:33 INFO  c.c.service.PermissionDataService - User: Mohan, Designations: [CENTER HEAD], Roles: [ADMIN]
2026-02-22 21:17:33 INFO  c.c.service.PermissionDataService - CACHE HIT for role: ADMIN
2026-02-22 21:17:35 INFO  c.c.service.PermissionDataService - CACHE HIT for role: ADMIN
2026-02-22 21:17:35 INFO  c.c.service.PermissionDataService - Refreshed expiration for role: ADMIN to 3 mins
2026-02-22 21:17:35 INFO  c.c.service.PermissionDataService - Refreshed expiration for role: ADMIN to 3 mins
2026-02-22 21:19:33 INFO  c.c.service.PermissionDataService - >>> Permission Check Initiated <<<
2026-02-22 21:19:33 INFO  c.c.service.PermissionDataService - User: Mohan, Designations: [CENTER HEAD], Roles: [ADMIN]
2026-02-22 21:19:33 INFO  c.c.service.PermissionDataService - >>> Permission Check Initiated <<<
2026-02-22 21:19:33 INFO  c.c.service.PermissionDataService - User: Mohan, Designations: [CENTER HEAD], Roles: [ADMIN]
2026-02-22 21:19:33 INFO  c.c.service.PermissionDataService - CACHE HIT for role: ADMIN
2026-02-22 21:19:33 INFO  c.c.service.PermissionDataService - CACHE HIT for role: ADMIN
2026-02-22 21:19:33 INFO  c.c.service.PermissionDataService - Refreshed expiration for role: ADMIN to 3 mins
2026-02-22 21:19:33 INFO  c.c.service.PermissionDataService - Refreshed expiration for role: ADMIN to 3 mins
2026-02-22 21:19:49 INFO  c.c.service.PermissionDataService - >>> Permission Check Initiated <<<
2026-02-22 21:19:49 INFO  c.c.service.PermissionDataService - User: Mohan, Designations: [CENTER HEAD], Roles: [ADMIN]
2026-02-22 21:19:49 INFO  c.c.service.PermissionDataService - CACHE HIT for role: ADMIN
2026-02-22 21:19:50 INFO  c.c.service.PermissionDataService - Refreshed expiration for role: ADMIN to 3 mins
2026-02-22 21:19:50 INFO  c.c.service.PermissionDataService - >>> Permission Check Initiated <<<
2026-02-22 21:19:50 INFO  c.c.service.PermissionDataService - User: Mohan, Designations: [CENTER HEAD], Roles: [ADMIN]
2026-02-22 21:19:50 INFO  c.c.service.PermissionDataService - CACHE HIT for role: ADMIN
2026-02-22 21:19:50 INFO  c.c.service.PermissionDataService - Refreshed expiration for role: ADMIN to 3 mins
2026-02-22 21:52:39 INFO  c.c.service.PermissionDataService - >>> Permission Check Initiated <<<
2026-02-22 21:52:39 INFO  c.c.service.PermissionDataService - User: Mohan, Designations: [CENTER HEAD], Roles: [ADMIN]
2026-02-22 21:52:39 INFO  c.c.service.PermissionDataService - CACHE HIT for role: ADMIN
2026-02-22 21:52:39 INFO  c.c.service.PermissionDataService - Refreshed expiration for role: ADMIN to 3 mins
2026-02-22 21:52:39 INFO  c.c.service.PermissionDataService - >>> Permission Check Initiated <<<
2026-02-22 21:52:39 INFO  c.c.service.PermissionDataService - User: Mohan, Designations: [CENTER HEAD], Roles: [ADMIN]
2026-02-22 21:52:39 INFO  c.c.service.PermissionDataService - CACHE HIT for role: ADMIN
2026-02-22 21:52:39 INFO  c.c.service.PermissionDataService - Refreshed expiration for role: ADMIN to 3 mins
2026-02-22 21:52:39 INFO  c.c.service.PermissionDataService - >>> Permission Check Initiated <<<
2026-02-22 21:52:39 INFO  c.c.service.PermissionDataService - User: Mohan, Designations: [CENTER HEAD], Roles: [ADMIN]
2026-02-22 21:52:40 INFO  c.c.service.PermissionDataService - CACHE HIT for role: ADMIN
2026-02-22 21:52:40 INFO  c.c.service.PermissionDataService - Refreshed expiration for role: ADMIN to 3 mins
2026-02-22 21:53:20 INFO  c.c.service.PermissionDataService - >>> Permission Check Initiated <<<
2026-02-22 21:53:20 INFO  c.c.service.PermissionDataService - User: Mohan, Designations: [CENTER HEAD], Roles: [ADMIN]
2026-02-22 21:53:20 INFO  c.c.service.PermissionDataService - CACHE HIT for role: ADMIN
2026-02-22 21:53:20 INFO  c.c.service.PermissionDataService - Refreshed expiration for role: ADMIN to 3 mins
2026-02-22 21:53:20 INFO  c.c.service.PermissionDataService - >>> Permission Check Initiated <<<
2026-02-22 21:53:20 INFO  c.c.service.PermissionDataService - User: Mohan, Designations: [CENTER HEAD], Roles: [ADMIN]
2026-02-22 21:53:20 INFO  c.c.service.PermissionDataService - CACHE HIT for role: ADMIN
2026-02-22 21:53:20 INFO  c.c.service.PermissionDataService - Refreshed expiration for role: ADMIN to 3 mins
2026-02-22 21:54:34 INFO  c.c.service.PermissionDataService - >>> Permission Check Initiated <<<
2026-02-22 21:54:34 INFO  c.c.service.PermissionDataService - User: Mohan, Designations: [CENTER HEAD], Roles: [ADMIN]
2026-02-22 21:54:34 INFO  c.c.service.PermissionDataService - CACHE HIT for role: ADMIN
2026-02-22 21:54:34 INFO  c.c.service.PermissionDataService - Refreshed expiration for role: ADMIN to 3 mins
2026-02-22 21:54:34 INFO  c.c.service.PermissionDataService - >>> Permission Check Initiated <<<
2026-02-22 21:54:34 INFO  c.c.service.PermissionDataService - User: Mohan, Designations: [CENTER HEAD], Roles: [ADMIN]
2026-02-22 21:54:34 INFO  c.c.service.PermissionDataService - CACHE HIT for role: ADMIN
2026-02-22 21:54:35 INFO  c.c.service.PermissionDataService - Refreshed expiration for role: ADMIN to 3 mins
2026-02-22 21:58:47 INFO  c.c.service.PermissionDataService - >>> Permission Check Initiated <<<
2026-02-22 21:58:47 INFO  c.c.service.PermissionDataService - User: Mohan, Designations: [CENTER HEAD], Roles: [ADMIN]
2026-02-22 21:58:47 INFO  c.c.service.PermissionDataService - CACHE MISS for role: ADMIN
2026-02-22 21:58:47 INFO  c.c.service.PermissionDataService - Fetching from DB for roles: [ADMIN]
2026-02-22 21:58:48 INFO  c.c.service.PermissionDataService - DB returned 1 records
2026-02-22 21:58:48 INFO  c.c.service.PermissionDataService - Processed DB Data chunk for role: ADMIN, UserRoleId: 939, JSON Length: 15766
2026-02-22 21:58:48 INFO  c.c.service.PermissionDataService - CACHE POPULATING (Pipeline) for role: ADMIN, Total Unique Screens: 135
2026-02-22 21:58:48 INFO  c.c.service.PermissionDataService - Stored in Redis: role_v2::ADMIN with 3 min expiration
2026-02-22 21:58:49 INFO  c.c.service.PermissionDataService - >>> Permission Check Initiated <<<
2026-02-22 21:58:49 INFO  c.c.service.PermissionDataService - User: Mohan, Designations: [CENTER HEAD], Roles: [ADMIN]
2026-02-22 21:58:49 INFO  c.c.service.PermissionDataService - CACHE HIT for role: ADMIN
2026-02-22 21:58:49 INFO  c.c.service.PermissionDataService - Refreshed expiration for role: ADMIN to 3 mins
2026-02-22 22:28:59 INFO  c.c.service.PermissionDataService - >>> Permission Check Initiated <<<
2026-02-22 22:28:59 INFO  c.c.service.PermissionDataService - User: Mohan, Designations: [CENTER HEAD], Roles: [ADMIN]
2026-02-22 22:28:59 INFO  c.c.service.PermissionDataService - CACHE MISS for role: ADMIN
2026-02-22 22:28:59 INFO  c.c.service.PermissionDataService - Fetching from DB for roles: [ADMIN]
2026-02-22 22:28:59 INFO  c.c.service.PermissionDataService - DB returned 1 records
2026-02-22 22:28:59 INFO  c.c.service.PermissionDataService - Processed DB Data chunk for role: ADMIN, UserRoleId: 939, JSON Length: 15766
2026-02-22 22:28:59 INFO  c.c.service.PermissionDataService - CACHE POPULATING (Pipeline) for role: ADMIN, Total Unique Screens: 135
2026-02-22 22:28:59 INFO  c.c.service.PermissionDataService - Stored in Redis: role_v2::ADMIN with 3 min expiration
2026-02-22 22:28:59 INFO  c.c.service.PermissionDataService - >>> Permission Check Initiated <<<
2026-02-22 22:28:59 INFO  c.c.service.PermissionDataService - User: Mohan, Designations: [CENTER HEAD], Roles: [ADMIN]
2026-02-22 22:28:59 INFO  c.c.service.PermissionDataService - CACHE HIT for role: ADMIN
2026-02-22 22:28:59 INFO  c.c.service.PermissionDataService - Refreshed expiration for role: ADMIN to 3 mins
2026-02-22 22:51:35 INFO  c.c.service.PermissionDataService - >>> Permission Check Initiated <<<
2026-02-22 22:51:35 INFO  c.c.service.PermissionDataService - >>> Permission Check Initiated <<<
2026-02-22 22:51:35 INFO  c.c.service.PermissionDataService - User: Mohan, Designations: [CENTER HEAD], Roles: [ADMIN]
2026-02-22 22:51:35 INFO  c.c.service.PermissionDataService - User: Mohan, Designations: [CENTER HEAD], Roles: [ADMIN]
2026-02-22 22:51:35 INFO  c.c.service.PermissionDataService - CACHE HIT for role: ADMIN
2026-02-22 22:51:36 INFO  c.c.service.PermissionDataService - CACHE HIT for role: ADMIN
2026-02-22 22:51:36 INFO  c.c.service.PermissionDataService - Refreshed expiration for role: ADMIN to 3 mins
2026-02-22 22:51:36 INFO  c.c.service.PermissionDataService - Refreshed expiration for role: ADMIN to 3 mins
2026-02-22 23:20:42 INFO  c.c.service.PermissionDataService - >>> Permission Check Initiated <<<
2026-02-22 23:20:42 INFO  c.c.service.PermissionDataService - User: Mohan, Designations: [CENTER HEAD], Roles: [ADMIN]
2026-02-22 23:20:42 INFO  c.c.service.PermissionDataService - CACHE HIT for role: ADMIN
2026-02-22 23:20:43 INFO  c.c.service.PermissionDataService - Refreshed expiration for role: ADMIN to 3 mins
2026-02-22 23:20:43 INFO  c.c.service.PermissionDataService - >>> Permission Check Initiated <<<
2026-02-22 23:20:43 INFO  c.c.service.PermissionDataService - User: Mohan, Designations: [CENTER HEAD], Roles: [ADMIN]
2026-02-22 23:20:43 INFO  c.c.service.PermissionDataService - CACHE HIT for role: ADMIN
2026-02-22 23:20:43 INFO  c.c.service.PermissionDataService - Refreshed expiration for role: ADMIN to 3 mins
2026-02-22 23:20:43 INFO  c.c.service.PermissionDataService - >>> Permission Check Initiated <<<
2026-02-22 23:20:43 INFO  c.c.service.PermissionDataService - User: Mohan, Designations: [CENTER HEAD], Roles: [ADMIN]
2026-02-22 23:20:43 INFO  c.c.service.PermissionDataService - CACHE HIT for role: ADMIN
2026-02-22 23:20:43 INFO  c.c.service.PermissionDataService - Refreshed expiration for role: ADMIN to 3 mins
