2026-03-10 10:09:47 INFO  c.c.service.PermissionDataService - >>> Permission Check Initiated <<<
2026-03-10 10:09:47 INFO  c.c.service.PermissionDataService - User: Mohan, Designations: [CENTER HEAD], Roles: [ADMIN]
2026-03-10 10:09:47 INFO  c.c.service.PermissionDataService - CACHE HIT for role: ADMIN
2026-03-10 10:09:47 INFO  c.c.service.PermissionDataService - Refreshed expiration for role: ADMIN to 3 mins
2026-03-10 10:09:47 INFO  c.c.service.PermissionDataService - >>> Permission Check Initiated <<<
2026-03-10 10:09:47 INFO  c.c.service.PermissionDataService - User: Mohan, Designations: [CENTER HEAD], Roles: [ADMIN]
2026-03-10 10:09:47 INFO  c.c.service.PermissionDataService - CACHE HIT for role: ADMIN
2026-03-10 10:09:47 INFO  c.c.service.PermissionDataService - Refreshed expiration for role: ADMIN to 3 mins
2026-03-10 10:09:47 INFO  c.c.service.PermissionDataService - >>> Permission Check Initiated <<<
2026-03-10 10:09:47 INFO  c.c.service.PermissionDataService - User: Mohan, Designations: [CENTER HEAD], Roles: [ADMIN]
2026-03-10 10:09:47 INFO  c.c.service.PermissionDataService - CACHE HIT for role: ADMIN
2026-03-10 10:09:47 INFO  c.c.service.PermissionDataService - Refreshed expiration for role: ADMIN to 3 mins
2026-03-10 11:34:44 INFO  c.c.service.PermissionDataService - >>> Permission Check Initiated <<<
2026-03-10 11:34:44 INFO  c.c.service.PermissionDataService - User: Mohan, Designations: [CENTER HEAD], Roles: [ADMIN]
2026-03-10 11:34:44 INFO  c.c.service.PermissionDataService - CACHE HIT for role: ADMIN
2026-03-10 11:34:44 INFO  c.c.service.PermissionDataService - Refreshed expiration for role: ADMIN to 3 mins
2026-03-10 11:34:44 INFO  c.c.service.PermissionDataService - >>> Permission Check Initiated <<<
2026-03-10 11:34:44 INFO  c.c.service.PermissionDataService - User: Mohan, Designations: [CENTER HEAD], Roles: [ADMIN]
2026-03-10 11:34:44 INFO  c.c.service.PermissionDataService - CACHE HIT for role: ADMIN
2026-03-10 11:34:44 INFO  c.c.service.PermissionDataService - Refreshed expiration for role: ADMIN to 3 mins
2026-03-10 11:34:44 INFO  c.c.service.PermissionDataService - >>> Permission Check Initiated <<<
2026-03-10 11:34:44 INFO  c.c.service.PermissionDataService - User: Mohan, Designations: [CENTER HEAD], Roles: [ADMIN]
2026-03-10 11:34:44 INFO  c.c.service.PermissionDataService - CACHE HIT for role: ADMIN
2026-03-10 11:34:44 INFO  c.c.service.PermissionDataService - Refreshed expiration for role: ADMIN to 3 mins
2026-03-10 11:39:21 INFO  c.c.service.PermissionDataService - >>> Permission Check Initiated <<<
2026-03-10 11:39:21 INFO  c.c.service.PermissionDataService - User: Mohan, Designations: [CENTER HEAD], Roles: [ADMIN]
2026-03-10 11:39:21 INFO  c.c.service.PermissionDataService - CACHE MISS for role: ADMIN
2026-03-10 11:39:21 INFO  c.c.service.PermissionDataService - Fetching from DB for roles: [ADMIN]
2026-03-10 11:39:21 INFO  c.c.service.PermissionDataService - DB returned 1 records
2026-03-10 11:39:21 INFO  c.c.service.PermissionDataService - Processed DB Data chunk for role: ADMIN, UserRoleId: 939, JSON Length: 22208
2026-03-10 11:39:21 INFO  c.c.service.PermissionDataService - CACHE POPULATING (Pipeline) for role: ADMIN, Total Unique Screens: 185
2026-03-10 11:39:21 INFO  c.c.service.PermissionDataService - Stored in Redis: role_v2::ADMIN with 3 min expiration
2026-03-10 11:39:21 INFO  c.c.service.PermissionDataService - >>> Permission Check Initiated <<<
2026-03-10 11:39:21 INFO  c.c.service.PermissionDataService - User: Mohan, Designations: [CENTER HEAD], Roles: [ADMIN]
2026-03-10 11:39:21 INFO  c.c.service.PermissionDataService - CACHE HIT for role: ADMIN
2026-03-10 11:39:21 INFO  c.c.service.PermissionDataService - Refreshed expiration for role: ADMIN to 3 mins
2026-03-10 12:19:56 INFO  c.c.service.PermissionDataService - >>> Permission Check Initiated <<<
2026-03-10 12:19:56 INFO  c.c.service.PermissionDataService - User: Mohan, Designations: [CENTER HEAD], Roles: [ADMIN]
2026-03-10 12:19:56 INFO  c.c.service.PermissionDataService - CACHE MISS for role: ADMIN
2026-03-10 12:19:56 INFO  c.c.service.PermissionDataService - Fetching from DB for roles: [ADMIN]
2026-03-10 12:19:57 INFO  c.c.service.PermissionDataService - DB returned 1 records
2026-03-10 12:19:57 INFO  c.c.service.PermissionDataService - Processed DB Data chunk for role: ADMIN, UserRoleId: 939, JSON Length: 22208
2026-03-10 12:19:57 INFO  c.c.service.PermissionDataService - CACHE POPULATING (Pipeline) for role: ADMIN, Total Unique Screens: 185
2026-03-10 12:19:57 INFO  c.c.service.PermissionDataService - Stored in Redis: role_v2::ADMIN with 3 min expiration
2026-03-10 12:19:57 INFO  c.c.service.PermissionDataService - >>> Permission Check Initiated <<<
2026-03-10 12:19:57 INFO  c.c.service.PermissionDataService - User: Mohan, Designations: [CENTER HEAD], Roles: [ADMIN]
2026-03-10 12:19:57 INFO  c.c.service.PermissionDataService - CACHE HIT for role: ADMIN
2026-03-10 12:19:57 INFO  c.c.service.PermissionDataService - Refreshed expiration for role: ADMIN to 3 mins
2026-03-10 12:26:20 INFO  c.c.service.PermissionDataService - >>> Permission Check Initiated <<<
2026-03-10 12:26:20 INFO  c.c.service.PermissionDataService - User: Mohan, Designations: [CENTER HEAD], Roles: [ADMIN]
2026-03-10 12:26:20 INFO  c.c.service.PermissionDataService - CACHE MISS for role: ADMIN
2026-03-10 12:26:20 INFO  c.c.service.PermissionDataService - Fetching from DB for roles: [ADMIN]
2026-03-10 12:26:20 INFO  c.c.service.PermissionDataService - DB returned 1 records
2026-03-10 12:26:20 INFO  c.c.service.PermissionDataService - Processed DB Data chunk for role: ADMIN, UserRoleId: 939, JSON Length: 22208
2026-03-10 12:26:20 INFO  c.c.service.PermissionDataService - CACHE POPULATING (Pipeline) for role: ADMIN, Total Unique Screens: 185
2026-03-10 12:26:20 INFO  c.c.service.PermissionDataService - Stored in Redis: role_v2::ADMIN with 3 min expiration
2026-03-10 12:26:20 INFO  c.c.service.PermissionDataService - >>> Permission Check Initiated <<<
2026-03-10 12:26:20 INFO  c.c.service.PermissionDataService - User: Mohan, Designations: [CENTER HEAD], Roles: [ADMIN]
2026-03-10 12:26:21 INFO  c.c.service.PermissionDataService - CACHE HIT for role: ADMIN
2026-03-10 12:26:21 INFO  c.c.service.PermissionDataService - Refreshed expiration for role: ADMIN to 3 mins
2026-03-10 12:44:55 INFO  c.c.service.PermissionDataService - >>> Permission Check Initiated <<<
2026-03-10 12:44:55 INFO  c.c.service.PermissionDataService - User: Mohan, Designations: [CENTER HEAD], Roles: [ADMIN]
2026-03-10 12:44:55 INFO  c.c.service.PermissionDataService - CACHE HIT for role: ADMIN
2026-03-10 12:44:55 INFO  c.c.service.PermissionDataService - Refreshed expiration for role: ADMIN to 3 mins
2026-03-10 12:44:55 INFO  c.c.service.PermissionDataService - >>> Permission Check Initiated <<<
2026-03-10 12:44:55 INFO  c.c.service.PermissionDataService - User: Mohan, Designations: [CENTER HEAD], Roles: [ADMIN]
2026-03-10 12:44:55 INFO  c.c.service.PermissionDataService - CACHE HIT for role: ADMIN
2026-03-10 12:44:55 INFO  c.c.service.PermissionDataService - Refreshed expiration for role: ADMIN to 3 mins
2026-03-10 12:44:55 INFO  c.c.service.PermissionDataService - >>> Permission Check Initiated <<<
2026-03-10 12:44:55 INFO  c.c.service.PermissionDataService - User: Mohan, Designations: [CENTER HEAD], Roles: [ADMIN]
2026-03-10 12:44:55 INFO  c.c.service.PermissionDataService - CACHE HIT for role: ADMIN
2026-03-10 12:44:56 INFO  c.c.service.PermissionDataService - Refreshed expiration for role: ADMIN to 3 mins
2026-03-10 12:52:31 INFO  c.c.service.PermissionDataService - >>> Permission Check Initiated <<<
2026-03-10 12:52:31 INFO  c.c.service.PermissionDataService - User: Mohan, Designations: [CENTER HEAD], Roles: [ADMIN]
2026-03-10 12:52:31 INFO  c.c.service.PermissionDataService - CACHE MISS for role: ADMIN
2026-03-10 12:52:31 INFO  c.c.service.PermissionDataService - Fetching from DB for roles: [ADMIN]
2026-03-10 12:52:31 INFO  c.c.service.PermissionDataService - DB returned 1 records
2026-03-10 12:52:31 INFO  c.c.service.PermissionDataService - Processed DB Data chunk for role: ADMIN, UserRoleId: 939, JSON Length: 22208
2026-03-10 12:52:31 INFO  c.c.service.PermissionDataService - CACHE POPULATING (Pipeline) for role: ADMIN, Total Unique Screens: 185
2026-03-10 12:52:31 INFO  c.c.service.PermissionDataService - Stored in Redis: role_v2::ADMIN with 3 min expiration
2026-03-10 12:52:31 INFO  c.c.service.PermissionDataService - >>> Permission Check Initiated <<<
2026-03-10 12:52:31 INFO  c.c.service.PermissionDataService - User: Mohan, Designations: [CENTER HEAD], Roles: [ADMIN]
2026-03-10 12:52:31 INFO  c.c.service.PermissionDataService - CACHE HIT for role: ADMIN
2026-03-10 12:52:31 INFO  c.c.service.PermissionDataService - Refreshed expiration for role: ADMIN to 3 mins
2026-03-10 12:54:13 INFO  c.c.service.PermissionDataService - >>> Permission Check Initiated <<<
2026-03-10 12:54:13 INFO  c.c.service.PermissionDataService - User: Mohan, Designations: [CENTER HEAD], Roles: [ADMIN]
2026-03-10 12:54:13 INFO  c.c.service.PermissionDataService - CACHE HIT for role: ADMIN
2026-03-10 12:54:13 INFO  c.c.service.PermissionDataService - Refreshed expiration for role: ADMIN to 3 mins
2026-03-10 12:54:13 INFO  c.c.service.PermissionDataService - >>> Permission Check Initiated <<<
2026-03-10 12:54:13 INFO  c.c.service.PermissionDataService - User: Mohan, Designations: [CENTER HEAD], Roles: [ADMIN]
2026-03-10 12:54:13 INFO  c.c.service.PermissionDataService - CACHE HIT for role: ADMIN
2026-03-10 12:54:13 INFO  c.c.service.PermissionDataService - Refreshed expiration for role: ADMIN to 3 mins
2026-03-10 13:02:30 INFO  c.c.service.PermissionDataService - >>> Permission Check Initiated <<<
2026-03-10 13:02:30 INFO  c.c.service.PermissionDataService - User: Mohan, Designations: [CENTER HEAD], Roles: [ADMIN]
2026-03-10 13:02:30 INFO  c.c.service.PermissionDataService - CACHE MISS for role: ADMIN
2026-03-10 13:02:30 INFO  c.c.service.PermissionDataService - Fetching from DB for roles: [ADMIN]
2026-03-10 13:02:30 INFO  c.c.service.PermissionDataService - DB returned 1 records
2026-03-10 13:02:30 INFO  c.c.service.PermissionDataService - Processed DB Data chunk for role: ADMIN, UserRoleId: 939, JSON Length: 22208
2026-03-10 13:02:30 INFO  c.c.service.PermissionDataService - CACHE POPULATING (Pipeline) for role: ADMIN, Total Unique Screens: 185
2026-03-10 13:02:30 INFO  c.c.service.PermissionDataService - Stored in Redis: role_v2::ADMIN with 3 min expiration
2026-03-10 13:02:30 INFO  c.c.service.PermissionDataService - >>> Permission Check Initiated <<<
2026-03-10 13:02:30 INFO  c.c.service.PermissionDataService - User: Mohan, Designations: [CENTER HEAD], Roles: [ADMIN]
2026-03-10 13:02:30 INFO  c.c.service.PermissionDataService - CACHE HIT for role: ADMIN
2026-03-10 13:02:30 INFO  c.c.service.PermissionDataService - Refreshed expiration for role: ADMIN to 3 mins
2026-03-10 13:05:24 INFO  c.c.service.PermissionDataService - >>> Permission Check Initiated <<<
2026-03-10 13:05:24 INFO  c.c.service.PermissionDataService - User: Mohan, Designations: [CENTER HEAD], Roles: [ADMIN]
2026-03-10 13:05:24 INFO  c.c.service.PermissionDataService - CACHE HIT for role: ADMIN
2026-03-10 13:05:24 INFO  c.c.service.PermissionDataService - Refreshed expiration for role: ADMIN to 3 mins
2026-03-10 13:05:24 INFO  c.c.service.PermissionDataService - >>> Permission Check Initiated <<<
2026-03-10 13:05:24 INFO  c.c.service.PermissionDataService - User: Mohan, Designations: [CENTER HEAD], Roles: [ADMIN]
2026-03-10 13:05:24 INFO  c.c.service.PermissionDataService - CACHE HIT for role: ADMIN
2026-03-10 13:05:24 INFO  c.c.service.PermissionDataService - Refreshed expiration for role: ADMIN to 3 mins
2026-03-10 14:12:16 INFO  c.c.service.PermissionDataService - >>> Permission Check Initiated <<<
2026-03-10 14:12:16 INFO  c.c.service.PermissionDataService - User: Mohan, Designations: [CENTER HEAD], Roles: [ADMIN]
2026-03-10 14:12:16 INFO  c.c.service.PermissionDataService - CACHE MISS for role: ADMIN
2026-03-10 14:12:16 INFO  c.c.service.PermissionDataService - Fetching from DB for roles: [ADMIN]
2026-03-10 14:12:16 INFO  c.c.service.PermissionDataService - DB returned 1 records
2026-03-10 14:12:16 INFO  c.c.service.PermissionDataService - Processed DB Data chunk for role: ADMIN, UserRoleId: 939, JSON Length: 22208
2026-03-10 14:12:16 INFO  c.c.service.PermissionDataService - CACHE POPULATING (Pipeline) for role: ADMIN, Total Unique Screens: 185
2026-03-10 14:12:16 INFO  c.c.service.PermissionDataService - Stored in Redis: role_v2::ADMIN with 3 min expiration
2026-03-10 14:12:16 INFO  c.c.service.PermissionDataService - >>> Permission Check Initiated <<<
2026-03-10 14:12:16 INFO  c.c.service.PermissionDataService - User: Mohan, Designations: [CENTER HEAD], Roles: [ADMIN]
2026-03-10 14:12:16 INFO  c.c.service.PermissionDataService - CACHE HIT for role: ADMIN
2026-03-10 14:12:16 INFO  c.c.service.PermissionDataService - Refreshed expiration for role: ADMIN to 3 mins
2026-03-10 14:12:16 INFO  c.c.service.PermissionDataService - >>> Permission Check Initiated <<<
2026-03-10 14:12:16 INFO  c.c.service.PermissionDataService - User: Mohan, Designations: [CENTER HEAD], Roles: [ADMIN]
2026-03-10 14:12:16 INFO  c.c.service.PermissionDataService - CACHE HIT for role: ADMIN
2026-03-10 14:12:16 INFO  c.c.service.PermissionDataService - Refreshed expiration for role: ADMIN to 3 mins
2026-03-10 14:44:12 INFO  c.c.service.PermissionDataService - >>> Permission Check Initiated <<<
2026-03-10 14:44:12 INFO  c.c.service.PermissionDataService - User: Mohan, Designations: [CENTER HEAD], Roles: [ADMIN]
2026-03-10 14:44:12 INFO  c.c.service.PermissionDataService - CACHE MISS for role: ADMIN
2026-03-10 14:44:12 INFO  c.c.service.PermissionDataService - Fetching from DB for roles: [ADMIN]
2026-03-10 14:44:12 INFO  c.c.service.PermissionDataService - DB returned 1 records
2026-03-10 14:44:12 INFO  c.c.service.PermissionDataService - Processed DB Data chunk for role: ADMIN, UserRoleId: 939, JSON Length: 22208
2026-03-10 14:44:12 INFO  c.c.service.PermissionDataService - CACHE POPULATING (Pipeline) for role: ADMIN, Total Unique Screens: 185
2026-03-10 14:44:12 INFO  c.c.service.PermissionDataService - Stored in Redis: role_v2::ADMIN with 3 min expiration
2026-03-10 14:44:12 INFO  c.c.service.PermissionDataService - >>> Permission Check Initiated <<<
2026-03-10 14:44:12 INFO  c.c.service.PermissionDataService - User: Mohan, Designations: [CENTER HEAD], Roles: [ADMIN]
2026-03-10 14:44:12 INFO  c.c.service.PermissionDataService - CACHE HIT for role: ADMIN
2026-03-10 14:44:12 INFO  c.c.service.PermissionDataService - Refreshed expiration for role: ADMIN to 3 mins
2026-03-10 16:02:44 INFO  c.c.service.PermissionDataService - >>> Permission Check Initiated <<<
2026-03-10 16:02:44 INFO  c.c.service.PermissionDataService - User: Mohan, Designations: [CENTER HEAD], Roles: [ADMIN]
2026-03-10 16:02:44 INFO  c.c.service.PermissionDataService - CACHE HIT for role: ADMIN
2026-03-10 16:02:44 INFO  c.c.service.PermissionDataService - Refreshed expiration for role: ADMIN to 3 mins
2026-03-10 16:02:44 INFO  c.c.service.PermissionDataService - >>> Permission Check Initiated <<<
2026-03-10 16:02:44 INFO  c.c.service.PermissionDataService - User: Mohan, Designations: [CENTER HEAD], Roles: [ADMIN]
2026-03-10 16:02:44 INFO  c.c.service.PermissionDataService - CACHE HIT for role: ADMIN
2026-03-10 16:02:44 INFO  c.c.service.PermissionDataService - Refreshed expiration for role: ADMIN to 3 mins
2026-03-10 16:02:44 INFO  c.c.service.PermissionDataService - >>> Permission Check Initiated <<<
2026-03-10 16:02:44 INFO  c.c.service.PermissionDataService - User: Mohan, Designations: [CENTER HEAD], Roles: [ADMIN]
2026-03-10 16:02:44 INFO  c.c.service.PermissionDataService - CACHE HIT for role: ADMIN
2026-03-10 16:02:44 INFO  c.c.service.PermissionDataService - Refreshed expiration for role: ADMIN to 3 mins
