2026-02-16 11:06:18 INFO  c.c.service.PermissionDataService - >>> Permission Check Initiated <<<
2026-02-16 11:06:18 INFO  c.c.service.PermissionDataService - User: Hemanth, Designations: [ADMIN EXECUTIVE], Roles: [ADMIN]
2026-02-16 11:06:22 INFO  c.c.service.PermissionDataService - CACHE MISS for role: ADMIN
2026-02-16 11:06:22 INFO  c.c.service.PermissionDataService - Fetching from DB for roles: [ADMIN]
2026-02-16 11:06:22 INFO  c.c.service.PermissionDataService - DB returned 1 records
2026-02-16 11:06:22 INFO  c.c.service.PermissionDataService - Processed DB Data chunk for role: ADMIN, UserRoleId: 1045, JSON Length: 15781
2026-02-16 11:06:23 INFO  c.c.service.PermissionDataService - CACHE POPULATING (Pipeline) for role: ADMIN, Total Unique Screens: 135
2026-02-16 11:06:23 INFO  c.c.service.PermissionDataService - Stored in Redis: role_v2::ADMIN with 3 min expiration
2026-02-16 11:06:24 INFO  c.c.service.PermissionDataService - >>> Permission Check Initiated <<<
2026-02-16 11:06:24 INFO  c.c.service.PermissionDataService - User: Hemanth, Designations: [ADMIN EXECUTIVE], Roles: [ADMIN]
2026-02-16 11:06:24 INFO  c.c.service.PermissionDataService - CACHE HIT for role: ADMIN
2026-02-16 11:06:24 INFO  c.c.service.PermissionDataService - Refreshed expiration for role: ADMIN to 3 mins
2026-02-16 11:06:24 INFO  c.c.service.PermissionDataService - >>> Permission Check Initiated <<<
2026-02-16 11:06:24 INFO  c.c.service.PermissionDataService - User: Hemanth, Designations: [ADMIN EXECUTIVE], Roles: [ADMIN]
2026-02-16 11:06:24 INFO  c.c.service.PermissionDataService - CACHE HIT for role: ADMIN
2026-02-16 11:06:24 INFO  c.c.service.PermissionDataService - Refreshed expiration for role: ADMIN to 3 mins
2026-02-16 11:11:45 INFO  c.c.service.PermissionDataService - >>> Permission Check Initiated <<<
2026-02-16 11:11:45 INFO  c.c.service.PermissionDataService - >>> Permission Check Initiated <<<
2026-02-16 11:11:45 INFO  c.c.service.PermissionDataService - User: Hemanth, Designations: [ADMIN EXECUTIVE], Roles: [ADMIN]
2026-02-16 11:11:45 INFO  c.c.service.PermissionDataService - User: Hemanth, Designations: [ADMIN EXECUTIVE], Roles: [ADMIN]
2026-02-16 11:11:45 INFO  c.c.service.PermissionDataService - CACHE MISS for role: ADMIN
2026-02-16 11:11:45 INFO  c.c.service.PermissionDataService - CACHE MISS for role: ADMIN
2026-02-16 11:11:45 INFO  c.c.service.PermissionDataService - Fetching from DB for roles: [ADMIN]
2026-02-16 11:11:45 INFO  c.c.service.PermissionDataService - Fetching from DB for roles: [ADMIN]
2026-02-16 11:11:45 INFO  c.c.service.PermissionDataService - DB returned 1 records
2026-02-16 11:11:45 INFO  c.c.service.PermissionDataService - Processed DB Data chunk for role: ADMIN, UserRoleId: 1045, JSON Length: 15781
2026-02-16 11:11:45 INFO  c.c.service.PermissionDataService - CACHE POPULATING (Pipeline) for role: ADMIN, Total Unique Screens: 135
2026-02-16 11:11:45 INFO  c.c.service.PermissionDataService - Stored in Redis: role_v2::ADMIN with 3 min expiration
2026-02-16 11:11:45 INFO  c.c.service.PermissionDataService - DB returned 1 records
2026-02-16 11:11:45 INFO  c.c.service.PermissionDataService - Processed DB Data chunk for role: ADMIN, UserRoleId: 1045, JSON Length: 15781
2026-02-16 11:11:45 INFO  c.c.service.PermissionDataService - CACHE POPULATING (Pipeline) for role: ADMIN, Total Unique Screens: 135
2026-02-16 11:11:45 INFO  c.c.service.PermissionDataService - Stored in Redis: role_v2::ADMIN with 3 min expiration
2026-02-16 11:23:14 INFO  c.c.service.PermissionDataService - >>> Permission Check Initiated <<<
2026-02-16 11:23:14 INFO  c.c.service.PermissionDataService - >>> Permission Check Initiated <<<
2026-02-16 11:23:14 INFO  c.c.service.PermissionDataService - User: Hemanth, Designations: [ADMIN EXECUTIVE], Roles: [ADMIN]
2026-02-16 11:23:14 INFO  c.c.service.PermissionDataService - User: Hemanth, Designations: [ADMIN EXECUTIVE], Roles: [ADMIN]
2026-02-16 11:23:14 INFO  c.c.service.PermissionDataService - CACHE MISS for role: ADMIN
2026-02-16 11:23:14 INFO  c.c.service.PermissionDataService - CACHE MISS for role: ADMIN
2026-02-16 11:23:14 INFO  c.c.service.PermissionDataService - Fetching from DB for roles: [ADMIN]
2026-02-16 11:23:14 INFO  c.c.service.PermissionDataService - Fetching from DB for roles: [ADMIN]
2026-02-16 11:23:14 INFO  c.c.service.PermissionDataService - DB returned 1 records
2026-02-16 11:23:14 INFO  c.c.service.PermissionDataService - Processed DB Data chunk for role: ADMIN, UserRoleId: 1045, JSON Length: 15781
2026-02-16 11:23:14 INFO  c.c.service.PermissionDataService - CACHE POPULATING (Pipeline) for role: ADMIN, Total Unique Screens: 135
2026-02-16 11:23:14 INFO  c.c.service.PermissionDataService - Stored in Redis: role_v2::ADMIN with 3 min expiration
2026-02-16 11:23:14 INFO  c.c.service.PermissionDataService - DB returned 1 records
2026-02-16 11:23:14 INFO  c.c.service.PermissionDataService - Processed DB Data chunk for role: ADMIN, UserRoleId: 1045, JSON Length: 15781
2026-02-16 11:23:14 INFO  c.c.service.PermissionDataService - CACHE POPULATING (Pipeline) for role: ADMIN, Total Unique Screens: 135
2026-02-16 11:23:14 INFO  c.c.service.PermissionDataService - Stored in Redis: role_v2::ADMIN with 3 min expiration
2026-02-16 11:23:29 INFO  c.c.service.PermissionDataService - >>> Permission Check Initiated <<<
2026-02-16 11:23:29 INFO  c.c.service.PermissionDataService - User: Mohan, Designations: [ADMIN EXECUTIVE], Roles: [ADMIN]
2026-02-16 11:23:29 INFO  c.c.service.PermissionDataService - CACHE HIT for role: ADMIN
2026-02-16 11:23:29 INFO  c.c.service.PermissionDataService - Refreshed expiration for role: ADMIN to 3 mins
2026-02-16 11:23:29 INFO  c.c.service.PermissionDataService - >>> Permission Check Initiated <<<
2026-02-16 11:23:29 INFO  c.c.service.PermissionDataService - User: Mohan, Designations: [ADMIN EXECUTIVE], Roles: [ADMIN]
2026-02-16 11:23:29 INFO  c.c.service.PermissionDataService - CACHE HIT for role: ADMIN
2026-02-16 11:23:29 INFO  c.c.service.PermissionDataService - Refreshed expiration for role: ADMIN to 3 mins
2026-02-16 11:23:29 INFO  c.c.service.PermissionDataService - >>> Permission Check Initiated <<<
2026-02-16 11:23:29 INFO  c.c.service.PermissionDataService - User: Mohan, Designations: [ADMIN EXECUTIVE], Roles: [ADMIN]
2026-02-16 11:23:29 INFO  c.c.service.PermissionDataService - CACHE HIT for role: ADMIN
2026-02-16 11:23:29 INFO  c.c.service.PermissionDataService - Refreshed expiration for role: ADMIN to 3 mins
2026-02-16 11:24:39 INFO  c.c.service.PermissionDataService - >>> Permission Check Initiated <<<
2026-02-16 11:24:39 INFO  c.c.service.PermissionDataService - User: Mohan, Designations: [ADMIN EXECUTIVE], Roles: [ADMIN]
2026-02-16 11:24:39 INFO  c.c.service.PermissionDataService - CACHE HIT for role: ADMIN
2026-02-16 11:24:39 INFO  c.c.service.PermissionDataService - Refreshed expiration for role: ADMIN to 3 mins
2026-02-16 11:24:39 INFO  c.c.service.PermissionDataService - >>> Permission Check Initiated <<<
2026-02-16 11:24:39 INFO  c.c.service.PermissionDataService - User: Mohan, Designations: [ADMIN EXECUTIVE], Roles: [ADMIN]
2026-02-16 11:24:39 INFO  c.c.service.PermissionDataService - CACHE HIT for role: ADMIN
2026-02-16 11:24:39 INFO  c.c.service.PermissionDataService - Refreshed expiration for role: ADMIN to 3 mins
2026-02-16 11:24:39 INFO  c.c.service.PermissionDataService - >>> Permission Check Initiated <<<
2026-02-16 11:24:39 INFO  c.c.service.PermissionDataService - User: Mohan, Designations: [ADMIN EXECUTIVE], Roles: [ADMIN]
2026-02-16 11:24:39 INFO  c.c.service.PermissionDataService - CACHE HIT for role: ADMIN
2026-02-16 11:24:39 INFO  c.c.service.PermissionDataService - Refreshed expiration for role: ADMIN to 3 mins
2026-02-16 11:24:48 INFO  c.c.service.PermissionDataService - >>> Permission Check Initiated <<<
2026-02-16 11:24:48 INFO  c.c.service.PermissionDataService - User: Rahul, Designations: [ZONAL ACCOUNTANT], Roles: [ZONAL ACCOUNTANT]
2026-02-16 11:24:48 INFO  c.c.service.PermissionDataService - CACHE MISS for role: ZONAL ACCOUNTANT
2026-02-16 11:24:48 INFO  c.c.service.PermissionDataService - Fetching from DB for roles: [ZONAL ACCOUNTANT]
2026-02-16 11:24:48 INFO  c.c.service.PermissionDataService - DB returned 1 records
2026-02-16 11:24:48 INFO  c.c.service.PermissionDataService - Processed DB Data chunk for role: ZONAL ACCOUNTANT, UserRoleId: 5, JSON Length: 15878
2026-02-16 11:24:48 INFO  c.c.service.PermissionDataService - CACHE POPULATING (Pipeline) for role: ZONAL ACCOUNTANT, Total Unique Screens: 54
2026-02-16 11:24:48 INFO  c.c.service.PermissionDataService - Stored in Redis: role_v2::ZONAL ACCOUNTANT with 3 min expiration
2026-02-16 11:24:48 INFO  c.c.service.PermissionDataService - >>> Permission Check Initiated <<<
2026-02-16 11:24:48 INFO  c.c.service.PermissionDataService - User: Rahul, Designations: [ZONAL ACCOUNTANT], Roles: [ZONAL ACCOUNTANT]
2026-02-16 11:24:48 INFO  c.c.service.PermissionDataService - CACHE HIT for role: ZONAL ACCOUNTANT
2026-02-16 11:24:48 INFO  c.c.service.PermissionDataService - Refreshed expiration for role: ZONAL ACCOUNTANT to 3 mins
2026-02-16 11:24:49 INFO  c.c.service.PermissionDataService - >>> Permission Check Initiated <<<
2026-02-16 11:24:49 INFO  c.c.service.PermissionDataService - User: Rahul, Designations: [ZONAL ACCOUNTANT], Roles: [ZONAL ACCOUNTANT]
2026-02-16 11:24:49 INFO  c.c.service.PermissionDataService - CACHE HIT for role: ZONAL ACCOUNTANT
2026-02-16 11:24:49 INFO  c.c.service.PermissionDataService - Refreshed expiration for role: ZONAL ACCOUNTANT to 3 mins
2026-02-16 11:27:52 INFO  c.c.service.PermissionDataService - >>> Permission Check Initiated <<<
2026-02-16 11:27:52 INFO  c.c.service.PermissionDataService - User: Hameed, Designations: [DGM], Roles: [DGM]
2026-02-16 11:27:52 INFO  c.c.service.PermissionDataService - CACHE MISS for role: DGM
2026-02-16 11:27:52 INFO  c.c.service.PermissionDataService - Fetching from DB for roles: [DGM]
2026-02-16 11:27:52 INFO  c.c.service.PermissionDataService - DB returned 1 records
2026-02-16 11:27:52 INFO  c.c.service.PermissionDataService - Processed DB Data chunk for role: DGM, UserRoleId: 1004, JSON Length: 537
2026-02-16 11:27:52 INFO  c.c.service.PermissionDataService - CACHE POPULATING (Pipeline) for role: DGM, Total Unique Screens: 4
2026-02-16 11:27:52 INFO  c.c.service.PermissionDataService - Stored in Redis: role_v2::DGM with 3 min expiration
2026-02-16 11:27:52 INFO  c.c.service.PermissionDataService - >>> Permission Check Initiated <<<
2026-02-16 11:27:52 INFO  c.c.service.PermissionDataService - User: Hameed, Designations: [DGM], Roles: [DGM]
2026-02-16 11:27:52 INFO  c.c.service.PermissionDataService - CACHE HIT for role: DGM
2026-02-16 11:27:52 INFO  c.c.service.PermissionDataService - Refreshed expiration for role: DGM to 3 mins
2026-02-16 11:27:52 INFO  c.c.service.PermissionDataService - >>> Permission Check Initiated <<<
2026-02-16 11:27:52 INFO  c.c.service.PermissionDataService - User: Hameed, Designations: [DGM], Roles: [DGM]
2026-02-16 11:27:52 INFO  c.c.service.PermissionDataService - CACHE HIT for role: DGM
2026-02-16 11:27:52 INFO  c.c.service.PermissionDataService - Refreshed expiration for role: DGM to 3 mins
2026-02-16 11:30:08 INFO  c.c.service.PermissionDataService - >>> Permission Check Initiated <<<
2026-02-16 11:30:08 INFO  c.c.service.PermissionDataService - >>> Permission Check Initiated <<<
2026-02-16 11:30:08 INFO  c.c.service.PermissionDataService - User: Mohan, Designations: [ADMIN EXECUTIVE], Roles: [ADMIN]
2026-02-16 11:30:08 INFO  c.c.service.PermissionDataService - User: Mohan, Designations: [ADMIN EXECUTIVE], Roles: [ADMIN]
2026-02-16 11:30:08 INFO  c.c.service.PermissionDataService - CACHE HIT for role: ADMIN
2026-02-16 11:30:08 INFO  c.c.service.PermissionDataService - CACHE HIT for role: ADMIN
2026-02-16 11:30:08 INFO  c.c.service.PermissionDataService - Refreshed expiration for role: ADMIN to 3 mins
2026-02-16 11:30:08 INFO  c.c.service.PermissionDataService - Refreshed expiration for role: ADMIN to 3 mins
2026-02-16 11:59:21 INFO  c.c.service.PermissionDataService - >>> Permission Check Initiated <<<
2026-02-16 11:59:21 INFO  c.c.service.PermissionDataService - User: Rohith, Designations: [ZONAL ACCOUNTANT], Roles: [ZONAL ACCOUNTANT]
2026-02-16 11:59:21 INFO  c.c.service.PermissionDataService - CACHE MISS for role: ZONAL ACCOUNTANT
2026-02-16 11:59:21 INFO  c.c.service.PermissionDataService - Fetching from DB for roles: [ZONAL ACCOUNTANT]
2026-02-16 11:59:21 INFO  c.c.service.PermissionDataService - DB returned 1 records
2026-02-16 11:59:21 INFO  c.c.service.PermissionDataService - Processed DB Data chunk for role: ZONAL ACCOUNTANT, UserRoleId: 640, JSON Length: 15878
2026-02-16 11:59:21 INFO  c.c.service.PermissionDataService - CACHE POPULATING (Pipeline) for role: ZONAL ACCOUNTANT, Total Unique Screens: 54
2026-02-16 11:59:21 INFO  c.c.service.PermissionDataService - Stored in Redis: role_v2::ZONAL ACCOUNTANT with 3 min expiration
2026-02-16 11:59:21 INFO  c.c.service.PermissionDataService - >>> Permission Check Initiated <<<
2026-02-16 11:59:21 INFO  c.c.service.PermissionDataService - User: Rohith, Designations: [ZONAL ACCOUNTANT], Roles: [ZONAL ACCOUNTANT]
2026-02-16 11:59:21 INFO  c.c.service.PermissionDataService - CACHE HIT for role: ZONAL ACCOUNTANT
2026-02-16 11:59:21 INFO  c.c.service.PermissionDataService - Refreshed expiration for role: ZONAL ACCOUNTANT to 3 mins
2026-02-16 11:59:21 INFO  c.c.service.PermissionDataService - >>> Permission Check Initiated <<<
2026-02-16 11:59:21 INFO  c.c.service.PermissionDataService - User: Rohith, Designations: [ZONAL ACCOUNTANT], Roles: [ZONAL ACCOUNTANT]
2026-02-16 11:59:21 INFO  c.c.service.PermissionDataService - CACHE HIT for role: ZONAL ACCOUNTANT
2026-02-16 11:59:21 INFO  c.c.service.PermissionDataService - Refreshed expiration for role: ZONAL ACCOUNTANT to 3 mins
2026-02-16 12:01:16 INFO  c.c.service.PermissionDataService - >>> Permission Check Initiated <<<
2026-02-16 12:01:16 INFO  c.c.service.PermissionDataService - User: Pavan, Designations: [DGM], Roles: [DGM]
2026-02-16 12:01:16 INFO  c.c.service.PermissionDataService - CACHE MISS for role: DGM
2026-02-16 12:01:16 INFO  c.c.service.PermissionDataService - Fetching from DB for roles: [DGM]
2026-02-16 12:01:16 INFO  c.c.service.PermissionDataService - DB returned 1 records
2026-02-16 12:01:16 INFO  c.c.service.PermissionDataService - Processed DB Data chunk for role: DGM, UserRoleId: 901, JSON Length: 537
2026-02-16 12:01:16 INFO  c.c.service.PermissionDataService - CACHE POPULATING (Pipeline) for role: DGM, Total Unique Screens: 4
2026-02-16 12:01:16 INFO  c.c.service.PermissionDataService - Stored in Redis: role_v2::DGM with 3 min expiration
2026-02-16 12:01:16 INFO  c.c.service.PermissionDataService - >>> Permission Check Initiated <<<
2026-02-16 12:01:16 INFO  c.c.service.PermissionDataService - User: Pavan, Designations: [DGM], Roles: [DGM]
2026-02-16 12:01:16 INFO  c.c.service.PermissionDataService - CACHE HIT for role: DGM
2026-02-16 12:01:16 INFO  c.c.service.PermissionDataService - Refreshed expiration for role: DGM to 3 mins
2026-02-16 12:01:16 INFO  c.c.service.PermissionDataService - >>> Permission Check Initiated <<<
2026-02-16 12:01:16 INFO  c.c.service.PermissionDataService - User: Pavan, Designations: [DGM], Roles: [DGM]
2026-02-16 12:01:16 INFO  c.c.service.PermissionDataService - CACHE HIT for role: DGM
2026-02-16 12:01:16 INFO  c.c.service.PermissionDataService - Refreshed expiration for role: DGM to 3 mins
2026-02-16 13:07:39 INFO  c.c.service.PermissionDataService - >>> Permission Check Initiated <<<
2026-02-16 13:07:39 INFO  c.c.service.PermissionDataService - User: Mohan, Designations: [ADMIN EXECUTIVE], Roles: [ADMIN]
2026-02-16 13:07:39 INFO  c.c.service.PermissionDataService - CACHE MISS for role: ADMIN
2026-02-16 13:07:39 INFO  c.c.service.PermissionDataService - Fetching from DB for roles: [ADMIN]
2026-02-16 13:07:40 INFO  c.c.service.PermissionDataService - DB returned 1 records
2026-02-16 13:07:40 INFO  c.c.service.PermissionDataService - Processed DB Data chunk for role: ADMIN, UserRoleId: 939, JSON Length: 15781
2026-02-16 13:07:40 INFO  c.c.service.PermissionDataService - CACHE POPULATING (Pipeline) for role: ADMIN, Total Unique Screens: 135
2026-02-16 13:07:40 INFO  c.c.service.PermissionDataService - Stored in Redis: role_v2::ADMIN with 3 min expiration
2026-02-16 13:07:40 INFO  c.c.service.PermissionDataService - >>> Permission Check Initiated <<<
2026-02-16 13:07:40 INFO  c.c.service.PermissionDataService - User: Mohan, Designations: [ADMIN EXECUTIVE], Roles: [ADMIN]
2026-02-16 13:07:40 INFO  c.c.service.PermissionDataService - CACHE HIT for role: ADMIN
2026-02-16 13:07:40 INFO  c.c.service.PermissionDataService - Refreshed expiration for role: ADMIN to 3 mins
2026-02-16 13:07:40 INFO  c.c.service.PermissionDataService - >>> Permission Check Initiated <<<
2026-02-16 13:07:40 INFO  c.c.service.PermissionDataService - User: Mohan, Designations: [ADMIN EXECUTIVE], Roles: [ADMIN]
2026-02-16 13:07:40 INFO  c.c.service.PermissionDataService - CACHE HIT for role: ADMIN
2026-02-16 13:07:40 INFO  c.c.service.PermissionDataService - Refreshed expiration for role: ADMIN to 3 mins
2026-02-16 13:22:25 INFO  c.c.service.PermissionDataService - >>> Permission Check Initiated <<<
2026-02-16 13:22:25 INFO  c.c.service.PermissionDataService - >>> Permission Check Initiated <<<
2026-02-16 13:22:25 INFO  c.c.service.PermissionDataService - User: Mohan, Designations: [ADMIN EXECUTIVE], Roles: [ADMIN]
2026-02-16 13:22:25 INFO  c.c.service.PermissionDataService - User: Mohan, Designations: [ADMIN EXECUTIVE], Roles: [ADMIN]
2026-02-16 13:22:25 INFO  c.c.service.PermissionDataService - CACHE HIT for role: ADMIN
2026-02-16 13:22:25 INFO  c.c.service.PermissionDataService - CACHE HIT for role: ADMIN
2026-02-16 13:22:25 INFO  c.c.service.PermissionDataService - Refreshed expiration for role: ADMIN to 3 mins
2026-02-16 13:22:25 INFO  c.c.service.PermissionDataService - Refreshed expiration for role: ADMIN to 3 mins
2026-02-16 15:16:00 INFO  c.c.service.PermissionDataService - >>> Permission Check Initiated <<<
2026-02-16 15:16:00 INFO  c.c.service.PermissionDataService - User: Mohan, Designations: [ADMIN EXECUTIVE], Roles: [ADMIN]
2026-02-16 15:16:00 INFO  c.c.service.PermissionDataService - CACHE MISS for role: ADMIN
2026-02-16 15:16:00 INFO  c.c.service.PermissionDataService - Fetching from DB for roles: [ADMIN]
2026-02-16 15:16:00 INFO  c.c.service.PermissionDataService - DB returned 1 records
2026-02-16 15:16:00 INFO  c.c.service.PermissionDataService - Processed DB Data chunk for role: ADMIN, UserRoleId: 939, JSON Length: 15781
2026-02-16 15:16:00 INFO  c.c.service.PermissionDataService - CACHE POPULATING (Pipeline) for role: ADMIN, Total Unique Screens: 135
2026-02-16 15:16:00 INFO  c.c.service.PermissionDataService - Stored in Redis: role_v2::ADMIN with 3 min expiration
2026-02-16 15:16:01 INFO  c.c.service.PermissionDataService - >>> Permission Check Initiated <<<
2026-02-16 15:16:01 INFO  c.c.service.PermissionDataService - User: Mohan, Designations: [ADMIN EXECUTIVE], Roles: [ADMIN]
2026-02-16 15:16:01 INFO  c.c.service.PermissionDataService - CACHE HIT for role: ADMIN
2026-02-16 15:16:01 INFO  c.c.service.PermissionDataService - Refreshed expiration for role: ADMIN to 3 mins
2026-02-16 15:16:01 INFO  c.c.service.PermissionDataService - >>> Permission Check Initiated <<<
2026-02-16 15:16:01 INFO  c.c.service.PermissionDataService - User: Mohan, Designations: [ADMIN EXECUTIVE], Roles: [ADMIN]
2026-02-16 15:16:01 INFO  c.c.service.PermissionDataService - CACHE HIT for role: ADMIN
2026-02-16 15:16:01 INFO  c.c.service.PermissionDataService - Refreshed expiration for role: ADMIN to 3 mins
2026-02-16 17:08:25 INFO  c.c.service.PermissionDataService - >>> Permission Check Initiated <<<
2026-02-16 17:08:26 INFO  c.c.service.PermissionDataService - User: Mohan, Designations: [ADMIN EXECUTIVE], Roles: [ADMIN]
2026-02-16 17:08:28 INFO  c.c.service.PermissionDataService - >>> Permission Check Initiated <<<
2026-02-16 17:08:28 INFO  c.c.service.PermissionDataService - User: Mohan, Designations: [ADMIN EXECUTIVE], Roles: [ADMIN]
2026-02-16 17:08:28 INFO  c.c.service.PermissionDataService - CACHE MISS for role: ADMIN
2026-02-16 17:08:28 INFO  c.c.service.PermissionDataService - Fetching from DB for roles: [ADMIN]
2026-02-16 17:08:28 INFO  c.c.service.PermissionDataService - DB returned 1 records
2026-02-16 17:08:28 INFO  c.c.service.PermissionDataService - Processed DB Data chunk for role: ADMIN, UserRoleId: 939, JSON Length: 15781
2026-02-16 17:08:28 INFO  c.c.service.PermissionDataService - CACHE POPULATING (Pipeline) for role: ADMIN, Total Unique Screens: 135
2026-02-16 17:08:28 INFO  c.c.service.PermissionDataService - Stored in Redis: role_v2::ADMIN with 3 min expiration
2026-02-16 17:08:28 INFO  c.c.service.PermissionDataService - >>> Permission Check Initiated <<<
2026-02-16 17:08:28 INFO  c.c.service.PermissionDataService - User: Mohan, Designations: [ADMIN EXECUTIVE], Roles: [ADMIN]
2026-02-16 17:08:28 INFO  c.c.service.PermissionDataService - CACHE HIT for role: ADMIN
2026-02-16 17:08:29 INFO  c.c.service.PermissionDataService - Refreshed expiration for role: ADMIN to 3 mins
2026-02-16 17:08:29 INFO  c.c.service.PermissionDataService - >>> Permission Check Initiated <<<
2026-02-16 17:08:29 INFO  c.c.service.PermissionDataService - User: Mohan, Designations: [ADMIN EXECUTIVE], Roles: [ADMIN]
2026-02-16 17:08:29 INFO  c.c.service.PermissionDataService - CACHE HIT for role: ADMIN
2026-02-16 17:08:29 INFO  c.c.service.PermissionDataService - Refreshed expiration for role: ADMIN to 3 mins
2026-02-16 17:12:12 INFO  c.c.service.PermissionDataService - >>> Permission Check Initiated <<<
2026-02-16 17:12:12 INFO  c.c.service.PermissionDataService - User: Mohan, Designations: [ADMIN EXECUTIVE], Roles: [ADMIN]
2026-02-16 17:12:12 INFO  c.c.service.PermissionDataService - >>> Permission Check Initiated <<<
2026-02-16 17:12:12 INFO  c.c.service.PermissionDataService - CACHE MISS for role: ADMIN
2026-02-16 17:12:12 INFO  c.c.service.PermissionDataService - Fetching from DB for roles: [ADMIN]
2026-02-16 17:12:12 INFO  c.c.service.PermissionDataService - User: Mohan, Designations: [ADMIN EXECUTIVE], Roles: [ADMIN]
2026-02-16 17:12:13 INFO  c.c.service.PermissionDataService - CACHE MISS for role: ADMIN
2026-02-16 17:12:13 INFO  c.c.service.PermissionDataService - Fetching from DB for roles: [ADMIN]
2026-02-16 17:12:13 INFO  c.c.service.PermissionDataService - DB returned 1 records
2026-02-16 17:12:13 INFO  c.c.service.PermissionDataService - Processed DB Data chunk for role: ADMIN, UserRoleId: 939, JSON Length: 15781
2026-02-16 17:12:13 INFO  c.c.service.PermissionDataService - CACHE POPULATING (Pipeline) for role: ADMIN, Total Unique Screens: 135
2026-02-16 17:12:13 INFO  c.c.service.PermissionDataService - Stored in Redis: role_v2::ADMIN with 3 min expiration
2026-02-16 17:12:13 INFO  c.c.service.PermissionDataService - DB returned 1 records
2026-02-16 17:12:13 INFO  c.c.service.PermissionDataService - Processed DB Data chunk for role: ADMIN, UserRoleId: 939, JSON Length: 15781
2026-02-16 17:12:13 INFO  c.c.service.PermissionDataService - CACHE POPULATING (Pipeline) for role: ADMIN, Total Unique Screens: 135
2026-02-16 17:12:13 INFO  c.c.service.PermissionDataService - Stored in Redis: role_v2::ADMIN with 3 min expiration
2026-02-16 17:21:23 INFO  c.c.service.PermissionDataService - >>> Permission Check Initiated <<<
2026-02-16 17:21:23 INFO  c.c.service.PermissionDataService - >>> Permission Check Initiated <<<
2026-02-16 17:21:23 INFO  c.c.service.PermissionDataService - User: Mohan, Designations: [ADMIN EXECUTIVE], Roles: [ADMIN]
2026-02-16 17:21:23 INFO  c.c.service.PermissionDataService - User: Mohan, Designations: [ADMIN EXECUTIVE], Roles: [ADMIN]
2026-02-16 17:21:23 INFO  c.c.service.PermissionDataService - CACHE MISS for role: ADMIN
2026-02-16 17:21:23 INFO  c.c.service.PermissionDataService - CACHE MISS for role: ADMIN
2026-02-16 17:21:23 INFO  c.c.service.PermissionDataService - Fetching from DB for roles: [ADMIN]
2026-02-16 17:21:23 INFO  c.c.service.PermissionDataService - Fetching from DB for roles: [ADMIN]
2026-02-16 17:21:23 INFO  c.c.service.PermissionDataService - DB returned 1 records
2026-02-16 17:21:23 INFO  c.c.service.PermissionDataService - Processed DB Data chunk for role: ADMIN, UserRoleId: 939, JSON Length: 15781
2026-02-16 17:21:23 INFO  c.c.service.PermissionDataService - CACHE POPULATING (Pipeline) for role: ADMIN, Total Unique Screens: 135
2026-02-16 17:21:23 INFO  c.c.service.PermissionDataService - Stored in Redis: role_v2::ADMIN with 3 min expiration
2026-02-16 17:21:23 INFO  c.c.service.PermissionDataService - DB returned 1 records
2026-02-16 17:21:23 INFO  c.c.service.PermissionDataService - Processed DB Data chunk for role: ADMIN, UserRoleId: 939, JSON Length: 15781
2026-02-16 17:21:23 INFO  c.c.service.PermissionDataService - CACHE POPULATING (Pipeline) for role: ADMIN, Total Unique Screens: 135
2026-02-16 17:21:23 INFO  c.c.service.PermissionDataService - Stored in Redis: role_v2::ADMIN with 3 min expiration
2026-02-16 17:44:39 INFO  c.c.service.PermissionDataService - >>> Permission Check Initiated <<<
2026-02-16 17:44:39 INFO  c.c.service.PermissionDataService - User: Mohan, Designations: [ADMIN EXECUTIVE], Roles: [ADMIN]
2026-02-16 17:44:39 INFO  c.c.service.PermissionDataService - CACHE MISS for role: ADMIN
2026-02-16 17:44:39 INFO  c.c.service.PermissionDataService - Fetching from DB for roles: [ADMIN]
2026-02-16 17:44:39 INFO  c.c.service.PermissionDataService - >>> Permission Check Initiated <<<
2026-02-16 17:44:39 INFO  c.c.service.PermissionDataService - User: Mohan, Designations: [ADMIN EXECUTIVE], Roles: [ADMIN]
2026-02-16 17:44:39 INFO  c.c.service.PermissionDataService - CACHE MISS for role: ADMIN
2026-02-16 17:44:39 INFO  c.c.service.PermissionDataService - Fetching from DB for roles: [ADMIN]
2026-02-16 17:44:39 INFO  c.c.service.PermissionDataService - DB returned 1 records
2026-02-16 17:44:39 INFO  c.c.service.PermissionDataService - Processed DB Data chunk for role: ADMIN, UserRoleId: 939, JSON Length: 15781
2026-02-16 17:44:39 INFO  c.c.service.PermissionDataService - CACHE POPULATING (Pipeline) for role: ADMIN, Total Unique Screens: 135
2026-02-16 17:44:39 INFO  c.c.service.PermissionDataService - Stored in Redis: role_v2::ADMIN with 3 min expiration
2026-02-16 17:44:39 INFO  c.c.service.PermissionDataService - DB returned 1 records
2026-02-16 17:44:39 INFO  c.c.service.PermissionDataService - Processed DB Data chunk for role: ADMIN, UserRoleId: 939, JSON Length: 15781
2026-02-16 17:44:39 INFO  c.c.service.PermissionDataService - CACHE POPULATING (Pipeline) for role: ADMIN, Total Unique Screens: 135
2026-02-16 17:44:39 INFO  c.c.service.PermissionDataService - Stored in Redis: role_v2::ADMIN with 3 min expiration
2026-02-16 17:47:18 INFO  c.c.service.PermissionDataService - >>> Permission Check Initiated <<<
2026-02-16 17:47:18 INFO  c.c.service.PermissionDataService - >>> Permission Check Initiated <<<
2026-02-16 17:47:18 INFO  c.c.service.PermissionDataService - User: Mohan, Designations: [ADMIN EXECUTIVE], Roles: [ADMIN]
2026-02-16 17:47:18 INFO  c.c.service.PermissionDataService - User: Mohan, Designations: [ADMIN EXECUTIVE], Roles: [ADMIN]
2026-02-16 17:47:18 INFO  c.c.service.PermissionDataService - CACHE HIT for role: ADMIN
2026-02-16 17:47:18 INFO  c.c.service.PermissionDataService - CACHE HIT for role: ADMIN
2026-02-16 17:47:18 INFO  c.c.service.PermissionDataService - Refreshed expiration for role: ADMIN to 3 mins
2026-02-16 17:47:18 INFO  c.c.service.PermissionDataService - Refreshed expiration for role: ADMIN to 3 mins
