2026-02-21 00:17:22 INFO  c.c.service.PermissionDataService - >>> Permission Check Initiated <<<
2026-02-21 00:17:22 INFO  c.c.service.PermissionDataService - User: Mohan, Designations: [CENTER HEAD], Roles: [ADMIN]
2026-02-21 00:17:22 INFO  c.c.service.PermissionDataService - CACHE MISS for role: ADMIN
2026-02-21 00:17:22 INFO  c.c.service.PermissionDataService - Fetching from DB for roles: [ADMIN]
2026-02-21 00:17:23 INFO  c.c.service.PermissionDataService - DB returned 1 records
2026-02-21 00:17:23 INFO  c.c.service.PermissionDataService - Processed DB Data chunk for role: ADMIN, UserRoleId: 939, JSON Length: 15766
2026-02-21 00:17:23 INFO  c.c.service.PermissionDataService - CACHE POPULATING (Pipeline) for role: ADMIN, Total Unique Screens: 135
2026-02-21 00:17:23 INFO  c.c.service.PermissionDataService - Stored in Redis: role_v2::ADMIN with 3 min expiration
2026-02-21 00:17:23 INFO  c.c.service.PermissionDataService - >>> Permission Check Initiated <<<
2026-02-21 00:17:23 INFO  c.c.service.PermissionDataService - User: Mohan, Designations: [CENTER HEAD], Roles: [ADMIN]
2026-02-21 00:17:23 INFO  c.c.service.PermissionDataService - CACHE HIT for role: ADMIN
2026-02-21 00:17:23 INFO  c.c.service.PermissionDataService - Refreshed expiration for role: ADMIN to 3 mins
2026-02-21 00:17:39 INFO  c.c.service.PermissionDataService - >>> Permission Check Initiated <<<
2026-02-21 00:17:39 INFO  c.c.service.PermissionDataService - User: Mohan, Designations: [CENTER HEAD], Roles: [ADMIN]
2026-02-21 00:17:39 INFO  c.c.service.PermissionDataService - CACHE HIT for role: ADMIN
2026-02-21 00:17:39 INFO  c.c.service.PermissionDataService - Refreshed expiration for role: ADMIN to 3 mins
2026-02-21 00:17:39 INFO  c.c.service.PermissionDataService - >>> Permission Check Initiated <<<
2026-02-21 00:17:39 INFO  c.c.service.PermissionDataService - User: Mohan, Designations: [CENTER HEAD], Roles: [ADMIN]
2026-02-21 00:17:39 INFO  c.c.service.PermissionDataService - CACHE HIT for role: ADMIN
2026-02-21 00:17:39 INFO  c.c.service.PermissionDataService - Refreshed expiration for role: ADMIN to 3 mins
2026-02-21 00:17:39 INFO  c.c.service.PermissionDataService - >>> Permission Check Initiated <<<
2026-02-21 00:17:39 INFO  c.c.service.PermissionDataService - User: Mohan, Designations: [CENTER HEAD], Roles: [ADMIN]
2026-02-21 00:17:39 INFO  c.c.service.PermissionDataService - CACHE HIT for role: ADMIN
2026-02-21 00:17:39 INFO  c.c.service.PermissionDataService - Refreshed expiration for role: ADMIN to 3 mins
2026-02-21 00:18:42 INFO  c.c.service.PermissionDataService - >>> Permission Check Initiated <<<
2026-02-21 00:18:42 INFO  c.c.service.PermissionDataService - User: Mohan, Designations: [CENTER HEAD], Roles: [ADMIN]
2026-02-21 00:18:42 INFO  c.c.service.PermissionDataService - CACHE HIT for role: ADMIN
2026-02-21 00:18:42 INFO  c.c.service.PermissionDataService - Refreshed expiration for role: ADMIN to 3 mins
2026-02-21 00:18:42 INFO  c.c.service.PermissionDataService - >>> Permission Check Initiated <<<
2026-02-21 00:18:42 INFO  c.c.service.PermissionDataService - User: Mohan, Designations: [CENTER HEAD], Roles: [ADMIN]
2026-02-21 00:18:42 INFO  c.c.service.PermissionDataService - CACHE HIT for role: ADMIN
2026-02-21 00:18:42 INFO  c.c.service.PermissionDataService - Refreshed expiration for role: ADMIN to 3 mins
2026-02-21 00:23:12 INFO  c.c.service.PermissionDataService - >>> Permission Check Initiated <<<
2026-02-21 00:23:12 INFO  c.c.service.PermissionDataService - User: Mohan, Designations: [CENTER HEAD], Roles: [ADMIN]
2026-02-21 00:23:12 INFO  c.c.service.PermissionDataService - CACHE MISS for role: ADMIN
2026-02-21 00:23:12 INFO  c.c.service.PermissionDataService - Fetching from DB for roles: [ADMIN]
2026-02-21 00:23:12 INFO  c.c.service.PermissionDataService - DB returned 1 records
2026-02-21 00:23:12 INFO  c.c.service.PermissionDataService - Processed DB Data chunk for role: ADMIN, UserRoleId: 939, JSON Length: 15766
2026-02-21 00:23:12 INFO  c.c.service.PermissionDataService - CACHE POPULATING (Pipeline) for role: ADMIN, Total Unique Screens: 135
2026-02-21 00:23:12 INFO  c.c.service.PermissionDataService - Stored in Redis: role_v2::ADMIN with 3 min expiration
2026-02-21 00:23:12 INFO  c.c.service.PermissionDataService - >>> Permission Check Initiated <<<
2026-02-21 00:23:12 INFO  c.c.service.PermissionDataService - User: Mohan, Designations: [CENTER HEAD], Roles: [ADMIN]
2026-02-21 00:23:12 INFO  c.c.service.PermissionDataService - CACHE HIT for role: ADMIN
2026-02-21 00:23:12 INFO  c.c.service.PermissionDataService - Refreshed expiration for role: ADMIN to 3 mins
2026-02-21 00:24:19 INFO  c.c.service.PermissionDataService - >>> Permission Check Initiated <<<
2026-02-21 00:24:19 INFO  c.c.service.PermissionDataService - User: Mohan, Designations: [CENTER HEAD], Roles: [ADMIN]
2026-02-21 00:24:19 INFO  c.c.service.PermissionDataService - CACHE HIT for role: ADMIN
2026-02-21 00:24:19 INFO  c.c.service.PermissionDataService - Refreshed expiration for role: ADMIN to 3 mins
2026-02-21 00:24:19 INFO  c.c.service.PermissionDataService - >>> Permission Check Initiated <<<
2026-02-21 00:24:19 INFO  c.c.service.PermissionDataService - User: Mohan, Designations: [CENTER HEAD], Roles: [ADMIN]
2026-02-21 00:24:19 INFO  c.c.service.PermissionDataService - CACHE HIT for role: ADMIN
2026-02-21 00:24:19 INFO  c.c.service.PermissionDataService - Refreshed expiration for role: ADMIN to 3 mins
2026-02-21 00:24:29 INFO  c.c.service.PermissionDataService - >>> Permission Check Initiated <<<
2026-02-21 00:24:29 INFO  c.c.service.PermissionDataService - User: Mohan, Designations: [CENTER HEAD], Roles: [ADMIN]
2026-02-21 00:24:29 INFO  c.c.service.PermissionDataService - CACHE HIT for role: ADMIN
2026-02-21 00:24:29 INFO  c.c.service.PermissionDataService - Refreshed expiration for role: ADMIN to 3 mins
2026-02-21 00:24:29 INFO  c.c.service.PermissionDataService - >>> Permission Check Initiated <<<
2026-02-21 00:24:29 INFO  c.c.service.PermissionDataService - User: Mohan, Designations: [CENTER HEAD], Roles: [ADMIN]
2026-02-21 00:24:29 INFO  c.c.service.PermissionDataService - CACHE HIT for role: ADMIN
2026-02-21 00:24:29 INFO  c.c.service.PermissionDataService - Refreshed expiration for role: ADMIN to 3 mins
2026-02-21 00:25:17 INFO  c.c.service.PermissionDataService - >>> Permission Check Initiated <<<
2026-02-21 00:25:17 INFO  c.c.service.PermissionDataService - User: Mohan, Designations: [CENTER HEAD], Roles: [ADMIN]
2026-02-21 00:25:18 INFO  c.c.service.PermissionDataService - CACHE HIT for role: ADMIN
2026-02-21 00:25:18 INFO  c.c.service.PermissionDataService - Refreshed expiration for role: ADMIN to 3 mins
2026-02-21 00:25:18 INFO  c.c.service.PermissionDataService - >>> Permission Check Initiated <<<
2026-02-21 00:25:18 INFO  c.c.service.PermissionDataService - User: Mohan, Designations: [CENTER HEAD], Roles: [ADMIN]
2026-02-21 00:25:18 INFO  c.c.service.PermissionDataService - CACHE HIT for role: ADMIN
2026-02-21 00:25:18 INFO  c.c.service.PermissionDataService - Refreshed expiration for role: ADMIN to 3 mins
2026-02-21 09:51:15 INFO  c.c.service.PermissionDataService - >>> Permission Check Initiated <<<
2026-02-21 09:51:15 INFO  c.c.service.PermissionDataService - User: Mohan, Designations: [CENTER HEAD], Roles: [ADMIN]
2026-02-21 09:51:15 INFO  c.c.service.PermissionDataService - CACHE HIT for role: ADMIN
2026-02-21 09:51:15 INFO  c.c.service.PermissionDataService - Refreshed expiration for role: ADMIN to 3 mins
2026-02-21 09:51:15 INFO  c.c.service.PermissionDataService - >>> Permission Check Initiated <<<
2026-02-21 09:51:15 INFO  c.c.service.PermissionDataService - User: Mohan, Designations: [CENTER HEAD], Roles: [ADMIN]
2026-02-21 09:51:15 INFO  c.c.service.PermissionDataService - CACHE HIT for role: ADMIN
2026-02-21 09:51:15 INFO  c.c.service.PermissionDataService - Refreshed expiration for role: ADMIN to 3 mins
2026-02-21 09:51:16 INFO  c.c.service.PermissionDataService - >>> Permission Check Initiated <<<
2026-02-21 09:51:16 INFO  c.c.service.PermissionDataService - User: Mohan, Designations: [CENTER HEAD], Roles: [ADMIN]
2026-02-21 09:51:16 INFO  c.c.service.PermissionDataService - CACHE HIT for role: ADMIN
2026-02-21 09:51:16 INFO  c.c.service.PermissionDataService - Refreshed expiration for role: ADMIN to 3 mins
2026-02-21 09:53:41 INFO  c.c.service.PermissionDataService - >>> Permission Check Initiated <<<
2026-02-21 09:53:41 INFO  c.c.service.PermissionDataService - User: Mohan, Designations: [CENTER HEAD], Roles: [ADMIN]
2026-02-21 09:53:41 INFO  c.c.service.PermissionDataService - CACHE HIT for role: ADMIN
2026-02-21 09:53:41 INFO  c.c.service.PermissionDataService - Refreshed expiration for role: ADMIN to 3 mins
2026-02-21 09:53:42 INFO  c.c.service.PermissionDataService - >>> Permission Check Initiated <<<
2026-02-21 09:53:42 INFO  c.c.service.PermissionDataService - User: Mohan, Designations: [CENTER HEAD], Roles: [ADMIN]
2026-02-21 09:53:42 INFO  c.c.service.PermissionDataService - CACHE HIT for role: ADMIN
2026-02-21 09:53:42 INFO  c.c.service.PermissionDataService - Refreshed expiration for role: ADMIN to 3 mins
2026-02-21 09:54:15 INFO  c.c.service.PermissionDataService - >>> Permission Check Initiated <<<
2026-02-21 09:54:15 INFO  c.c.service.PermissionDataService - User: Mohan, Designations: [CENTER HEAD], Roles: [ADMIN]
2026-02-21 09:54:15 INFO  c.c.service.PermissionDataService - CACHE HIT for role: ADMIN
2026-02-21 09:54:15 INFO  c.c.service.PermissionDataService - Refreshed expiration for role: ADMIN to 3 mins
2026-02-21 09:54:15 INFO  c.c.service.PermissionDataService - >>> Permission Check Initiated <<<
2026-02-21 09:54:15 INFO  c.c.service.PermissionDataService - User: Mohan, Designations: [CENTER HEAD], Roles: [ADMIN]
2026-02-21 09:54:15 INFO  c.c.service.PermissionDataService - CACHE HIT for role: ADMIN
2026-02-21 09:54:15 INFO  c.c.service.PermissionDataService - Refreshed expiration for role: ADMIN to 3 mins
2026-02-21 10:32:45 INFO  c.c.service.PermissionDataService - >>> Permission Check Initiated <<<
2026-02-21 10:32:45 INFO  c.c.service.PermissionDataService - User: Mohan, Designations: [CENTER HEAD], Roles: [ADMIN]
2026-02-21 10:32:45 INFO  c.c.service.PermissionDataService - CACHE HIT for role: ADMIN
2026-02-21 10:32:45 INFO  c.c.service.PermissionDataService - Refreshed expiration for role: ADMIN to 3 mins
2026-02-21 10:32:45 INFO  c.c.service.PermissionDataService - >>> Permission Check Initiated <<<
2026-02-21 10:32:45 INFO  c.c.service.PermissionDataService - User: Mohan, Designations: [CENTER HEAD], Roles: [ADMIN]
2026-02-21 10:32:45 INFO  c.c.service.PermissionDataService - CACHE HIT for role: ADMIN
2026-02-21 10:32:45 INFO  c.c.service.PermissionDataService - Refreshed expiration for role: ADMIN to 3 mins
2026-02-21 10:32:45 INFO  c.c.service.PermissionDataService - >>> Permission Check Initiated <<<
2026-02-21 10:32:45 INFO  c.c.service.PermissionDataService - User: Mohan, Designations: [CENTER HEAD], Roles: [ADMIN]
2026-02-21 10:32:45 INFO  c.c.service.PermissionDataService - CACHE HIT for role: ADMIN
2026-02-21 10:32:45 INFO  c.c.service.PermissionDataService - Refreshed expiration for role: ADMIN to 3 mins
2026-02-21 10:36:49 INFO  c.c.service.PermissionDataService - >>> Permission Check Initiated <<<
2026-02-21 10:36:49 INFO  c.c.service.PermissionDataService - User: Mohan, Designations: [CENTER HEAD], Roles: [ADMIN]
2026-02-21 10:36:49 INFO  c.c.service.PermissionDataService - CACHE MISS for role: ADMIN
2026-02-21 10:36:49 INFO  c.c.service.PermissionDataService - Fetching from DB for roles: [ADMIN]
2026-02-21 10:36:50 INFO  c.c.service.PermissionDataService - DB returned 1 records
2026-02-21 10:36:50 INFO  c.c.service.PermissionDataService - Processed DB Data chunk for role: ADMIN, UserRoleId: 939, JSON Length: 15766
2026-02-21 10:36:50 INFO  c.c.service.PermissionDataService - CACHE POPULATING (Pipeline) for role: ADMIN, Total Unique Screens: 135
2026-02-21 10:36:50 INFO  c.c.service.PermissionDataService - Stored in Redis: role_v2::ADMIN with 3 min expiration
2026-02-21 10:36:50 INFO  c.c.service.PermissionDataService - >>> Permission Check Initiated <<<
2026-02-21 10:36:50 INFO  c.c.service.PermissionDataService - User: Mohan, Designations: [CENTER HEAD], Roles: [ADMIN]
2026-02-21 10:36:50 INFO  c.c.service.PermissionDataService - CACHE HIT for role: ADMIN
2026-02-21 10:36:50 INFO  c.c.service.PermissionDataService - Refreshed expiration for role: ADMIN to 3 mins
2026-02-21 11:54:59 INFO  c.c.service.PermissionDataService - >>> Permission Check Initiated <<<
2026-02-21 11:54:59 INFO  c.c.service.PermissionDataService - User: Mohan, Designations: [CENTER HEAD], Roles: [ADMIN]
2026-02-21 11:55:00 INFO  c.c.service.PermissionDataService - CACHE HIT for role: ADMIN
2026-02-21 11:55:00 INFO  c.c.service.PermissionDataService - Refreshed expiration for role: ADMIN to 3 mins
2026-02-21 11:55:00 INFO  c.c.service.PermissionDataService - >>> Permission Check Initiated <<<
2026-02-21 11:55:00 INFO  c.c.service.PermissionDataService - User: Mohan, Designations: [CENTER HEAD], Roles: [ADMIN]
2026-02-21 11:55:01 INFO  c.c.service.PermissionDataService - CACHE HIT for role: ADMIN
2026-02-21 11:55:01 INFO  c.c.service.PermissionDataService - Refreshed expiration for role: ADMIN to 3 mins
2026-02-21 11:55:01 INFO  c.c.service.PermissionDataService - >>> Permission Check Initiated <<<
2026-02-21 11:55:01 INFO  c.c.service.PermissionDataService - User: Mohan, Designations: [CENTER HEAD], Roles: [ADMIN]
2026-02-21 11:55:01 INFO  c.c.service.PermissionDataService - CACHE HIT for role: ADMIN
2026-02-21 11:55:01 INFO  c.c.service.PermissionDataService - Refreshed expiration for role: ADMIN to 3 mins
2026-02-21 12:16:10 INFO  c.c.service.PermissionDataService - >>> Permission Check Initiated <<<
2026-02-21 12:16:10 INFO  c.c.service.PermissionDataService - User: Mohan, Designations: [CENTER HEAD], Roles: [ADMIN]
2026-02-21 12:16:10 INFO  c.c.service.PermissionDataService - CACHE HIT for role: ADMIN
2026-02-21 12:16:10 INFO  c.c.service.PermissionDataService - Refreshed expiration for role: ADMIN to 3 mins
2026-02-21 12:16:10 INFO  c.c.service.PermissionDataService - >>> Permission Check Initiated <<<
2026-02-21 12:16:10 INFO  c.c.service.PermissionDataService - User: Mohan, Designations: [CENTER HEAD], Roles: [ADMIN]
2026-02-21 12:16:10 INFO  c.c.service.PermissionDataService - CACHE HIT for role: ADMIN
2026-02-21 12:16:10 INFO  c.c.service.PermissionDataService - Refreshed expiration for role: ADMIN to 3 mins
2026-02-21 12:17:29 INFO  c.c.service.PermissionDataService - >>> Permission Check Initiated <<<
2026-02-21 12:17:29 INFO  c.c.service.PermissionDataService - User: Mohan, Designations: [CENTER HEAD], Roles: [ADMIN]
2026-02-21 12:17:29 INFO  c.c.service.PermissionDataService - CACHE HIT for role: ADMIN
2026-02-21 12:17:29 INFO  c.c.service.PermissionDataService - Refreshed expiration for role: ADMIN to 3 mins
2026-02-21 12:17:29 INFO  c.c.service.PermissionDataService - >>> Permission Check Initiated <<<
2026-02-21 12:17:29 INFO  c.c.service.PermissionDataService - User: Mohan, Designations: [CENTER HEAD], Roles: [ADMIN]
2026-02-21 12:17:29 INFO  c.c.service.PermissionDataService - CACHE HIT for role: ADMIN
2026-02-21 12:17:29 INFO  c.c.service.PermissionDataService - Refreshed expiration for role: ADMIN to 3 mins
2026-02-21 12:17:44 INFO  c.c.service.PermissionDataService - >>> Permission Check Initiated <<<
2026-02-21 12:17:44 INFO  c.c.service.PermissionDataService - User: Mohan, Designations: [CENTER HEAD], Roles: [ADMIN]
2026-02-21 12:17:44 INFO  c.c.service.PermissionDataService - CACHE HIT for role: ADMIN
2026-02-21 12:17:44 INFO  c.c.service.PermissionDataService - Refreshed expiration for role: ADMIN to 3 mins
2026-02-21 12:17:44 INFO  c.c.service.PermissionDataService - >>> Permission Check Initiated <<<
2026-02-21 12:17:44 INFO  c.c.service.PermissionDataService - User: Mohan, Designations: [CENTER HEAD], Roles: [ADMIN]
2026-02-21 12:17:44 INFO  c.c.service.PermissionDataService - CACHE HIT for role: ADMIN
2026-02-21 12:17:44 INFO  c.c.service.PermissionDataService - Refreshed expiration for role: ADMIN to 3 mins
2026-02-21 12:27:39 INFO  c.c.service.PermissionDataService - >>> Permission Check Initiated <<<
2026-02-21 12:27:39 INFO  c.c.service.PermissionDataService - User: Mohan, Designations: [CENTER HEAD], Roles: [ADMIN]
2026-02-21 12:27:39 INFO  c.c.service.PermissionDataService - CACHE HIT for role: ADMIN
2026-02-21 12:27:39 INFO  c.c.service.PermissionDataService - Refreshed expiration for role: ADMIN to 3 mins
2026-02-21 12:27:39 INFO  c.c.service.PermissionDataService - >>> Permission Check Initiated <<<
2026-02-21 12:27:39 INFO  c.c.service.PermissionDataService - User: Mohan, Designations: [CENTER HEAD], Roles: [ADMIN]
2026-02-21 12:27:39 INFO  c.c.service.PermissionDataService - CACHE HIT for role: ADMIN
2026-02-21 12:27:39 INFO  c.c.service.PermissionDataService - Refreshed expiration for role: ADMIN to 3 mins
2026-02-21 12:31:45 INFO  c.c.service.PermissionDataService - >>> Permission Check Initiated <<<
2026-02-21 12:31:45 INFO  c.c.service.PermissionDataService - User: Mohan, Designations: [CENTER HEAD], Roles: [ADMIN]
2026-02-21 12:31:45 INFO  c.c.service.PermissionDataService - CACHE MISS for role: ADMIN
2026-02-21 12:31:45 INFO  c.c.service.PermissionDataService - Fetching from DB for roles: [ADMIN]
2026-02-21 12:31:46 INFO  c.c.service.PermissionDataService - DB returned 1 records
2026-02-21 12:31:46 INFO  c.c.service.PermissionDataService - Processed DB Data chunk for role: ADMIN, UserRoleId: 939, JSON Length: 15766
2026-02-21 12:31:47 INFO  c.c.service.PermissionDataService - CACHE POPULATING (Pipeline) for role: ADMIN, Total Unique Screens: 135
2026-02-21 12:31:47 INFO  c.c.service.PermissionDataService - Stored in Redis: role_v2::ADMIN with 3 min expiration
2026-02-21 12:31:48 INFO  c.c.service.PermissionDataService - >>> Permission Check Initiated <<<
2026-02-21 12:31:48 INFO  c.c.service.PermissionDataService - User: Mohan, Designations: [CENTER HEAD], Roles: [ADMIN]
2026-02-21 12:31:48 INFO  c.c.service.PermissionDataService - CACHE HIT for role: ADMIN
2026-02-21 12:31:48 INFO  c.c.service.PermissionDataService - Refreshed expiration for role: ADMIN to 3 mins
2026-02-21 12:59:19 INFO  c.c.service.PermissionDataService - >>> Permission Check Initiated <<<
2026-02-21 12:59:19 INFO  c.c.service.PermissionDataService - User: Mohan, Designations: [CENTER HEAD], Roles: [ADMIN]
2026-02-21 12:59:19 INFO  c.c.service.PermissionDataService - CACHE HIT for role: ADMIN
2026-02-21 12:59:19 INFO  c.c.service.PermissionDataService - Refreshed expiration for role: ADMIN to 3 mins
2026-02-21 12:59:19 INFO  c.c.service.PermissionDataService - >>> Permission Check Initiated <<<
2026-02-21 12:59:19 INFO  c.c.service.PermissionDataService - User: Mohan, Designations: [CENTER HEAD], Roles: [ADMIN]
2026-02-21 12:59:19 INFO  c.c.service.PermissionDataService - CACHE HIT for role: ADMIN
2026-02-21 12:59:19 INFO  c.c.service.PermissionDataService - Refreshed expiration for role: ADMIN to 3 mins
2026-02-21 12:59:19 INFO  c.c.service.PermissionDataService - >>> Permission Check Initiated <<<
2026-02-21 12:59:19 INFO  c.c.service.PermissionDataService - User: Mohan, Designations: [CENTER HEAD], Roles: [ADMIN]
2026-02-21 12:59:19 INFO  c.c.service.PermissionDataService - CACHE HIT for role: ADMIN
2026-02-21 12:59:19 INFO  c.c.service.PermissionDataService - Refreshed expiration for role: ADMIN to 3 mins
2026-02-21 13:04:44 INFO  c.c.service.PermissionDataService - >>> Permission Check Initiated <<<
2026-02-21 13:04:44 INFO  c.c.service.PermissionDataService - User: Mohan, Designations: [CENTER HEAD], Roles: [ADMIN]
2026-02-21 13:04:44 INFO  c.c.service.PermissionDataService - CACHE MISS for role: ADMIN
2026-02-21 13:04:44 INFO  c.c.service.PermissionDataService - Fetching from DB for roles: [ADMIN]
2026-02-21 13:04:44 INFO  c.c.service.PermissionDataService - DB returned 1 records
2026-02-21 13:04:44 INFO  c.c.service.PermissionDataService - Processed DB Data chunk for role: ADMIN, UserRoleId: 939, JSON Length: 15766
2026-02-21 13:04:44 INFO  c.c.service.PermissionDataService - CACHE POPULATING (Pipeline) for role: ADMIN, Total Unique Screens: 135
2026-02-21 13:04:44 INFO  c.c.service.PermissionDataService - Stored in Redis: role_v2::ADMIN with 3 min expiration
2026-02-21 13:04:44 INFO  c.c.service.PermissionDataService - >>> Permission Check Initiated <<<
2026-02-21 13:04:44 INFO  c.c.service.PermissionDataService - User: Mohan, Designations: [CENTER HEAD], Roles: [ADMIN]
2026-02-21 13:04:44 INFO  c.c.service.PermissionDataService - CACHE HIT for role: ADMIN
2026-02-21 13:04:44 INFO  c.c.service.PermissionDataService - Refreshed expiration for role: ADMIN to 3 mins
2026-02-21 13:05:54 INFO  c.c.service.PermissionDataService - >>> Permission Check Initiated <<<
2026-02-21 13:05:54 INFO  c.c.service.PermissionDataService - User: Mohan, Designations: [CENTER HEAD], Roles: [ADMIN]
2026-02-21 13:05:54 INFO  c.c.service.PermissionDataService - CACHE HIT for role: ADMIN
2026-02-21 13:05:54 INFO  c.c.service.PermissionDataService - Refreshed expiration for role: ADMIN to 3 mins
2026-02-21 13:05:54 INFO  c.c.service.PermissionDataService - >>> Permission Check Initiated <<<
2026-02-21 13:05:54 INFO  c.c.service.PermissionDataService - User: Mohan, Designations: [CENTER HEAD], Roles: [ADMIN]
2026-02-21 13:05:54 INFO  c.c.service.PermissionDataService - CACHE HIT for role: ADMIN
2026-02-21 13:05:54 INFO  c.c.service.PermissionDataService - Refreshed expiration for role: ADMIN to 3 mins
2026-02-21 13:15:11 INFO  c.c.service.PermissionDataService - >>> Permission Check Initiated <<<
2026-02-21 13:15:11 INFO  c.c.service.PermissionDataService - User: Mohan, Designations: [CENTER HEAD], Roles: [ADMIN]
2026-02-21 13:15:11 INFO  c.c.service.PermissionDataService - CACHE MISS for role: ADMIN
2026-02-21 13:15:11 INFO  c.c.service.PermissionDataService - Fetching from DB for roles: [ADMIN]
2026-02-21 13:15:12 INFO  c.c.service.PermissionDataService - DB returned 1 records
2026-02-21 13:15:12 INFO  c.c.service.PermissionDataService - Processed DB Data chunk for role: ADMIN, UserRoleId: 939, JSON Length: 15766
2026-02-21 13:15:12 INFO  c.c.service.PermissionDataService - CACHE POPULATING (Pipeline) for role: ADMIN, Total Unique Screens: 135
2026-02-21 13:15:12 INFO  c.c.service.PermissionDataService - Stored in Redis: role_v2::ADMIN with 3 min expiration
2026-02-21 13:15:12 INFO  c.c.service.PermissionDataService - >>> Permission Check Initiated <<<
2026-02-21 13:15:12 INFO  c.c.service.PermissionDataService - User: Mohan, Designations: [CENTER HEAD], Roles: [ADMIN]
2026-02-21 13:15:12 INFO  c.c.service.PermissionDataService - CACHE HIT for role: ADMIN
2026-02-21 13:15:12 INFO  c.c.service.PermissionDataService - Refreshed expiration for role: ADMIN to 3 mins
2026-02-21 14:29:53 INFO  c.c.service.PermissionDataService - >>> Permission Check Initiated <<<
2026-02-21 14:29:53 INFO  c.c.service.PermissionDataService - User: Mohan, Designations: [CENTER HEAD], Roles: [ADMIN]
2026-02-21 14:29:53 INFO  c.c.service.PermissionDataService - CACHE HIT for role: ADMIN
2026-02-21 14:29:53 INFO  c.c.service.PermissionDataService - Refreshed expiration for role: ADMIN to 3 mins
2026-02-21 14:29:54 INFO  c.c.service.PermissionDataService - >>> Permission Check Initiated <<<
2026-02-21 14:29:54 INFO  c.c.service.PermissionDataService - User: Mohan, Designations: [CENTER HEAD], Roles: [ADMIN]
2026-02-21 14:29:54 INFO  c.c.service.PermissionDataService - CACHE HIT for role: ADMIN
2026-02-21 14:29:54 INFO  c.c.service.PermissionDataService - Refreshed expiration for role: ADMIN to 3 mins
2026-02-21 14:29:54 INFO  c.c.service.PermissionDataService - >>> Permission Check Initiated <<<
2026-02-21 14:29:54 INFO  c.c.service.PermissionDataService - User: Mohan, Designations: [CENTER HEAD], Roles: [ADMIN]
2026-02-21 14:29:54 INFO  c.c.service.PermissionDataService - CACHE HIT for role: ADMIN
2026-02-21 14:29:54 INFO  c.c.service.PermissionDataService - Refreshed expiration for role: ADMIN to 3 mins
2026-02-21 16:00:49 INFO  c.c.service.PermissionDataService - >>> Permission Check Initiated <<<
2026-02-21 16:00:49 INFO  c.c.service.PermissionDataService - User: Mohan, Designations: [CENTER HEAD], Roles: [ADMIN]
2026-02-21 16:00:49 INFO  c.c.service.PermissionDataService - CACHE HIT for role: ADMIN
2026-02-21 16:00:49 INFO  c.c.service.PermissionDataService - Refreshed expiration for role: ADMIN to 3 mins
2026-02-21 16:00:49 INFO  c.c.service.PermissionDataService - >>> Permission Check Initiated <<<
2026-02-21 16:00:49 INFO  c.c.service.PermissionDataService - User: Mohan, Designations: [CENTER HEAD], Roles: [ADMIN]
2026-02-21 16:00:49 INFO  c.c.service.PermissionDataService - CACHE HIT for role: ADMIN
2026-02-21 16:00:49 INFO  c.c.service.PermissionDataService - Refreshed expiration for role: ADMIN to 3 mins
2026-02-21 16:00:49 INFO  c.c.service.PermissionDataService - >>> Permission Check Initiated <<<
2026-02-21 16:00:49 INFO  c.c.service.PermissionDataService - User: Mohan, Designations: [CENTER HEAD], Roles: [ADMIN]
2026-02-21 16:00:49 INFO  c.c.service.PermissionDataService - CACHE HIT for role: ADMIN
2026-02-21 16:00:49 INFO  c.c.service.PermissionDataService - Refreshed expiration for role: ADMIN to 3 mins
2026-02-21 16:03:52 INFO  c.c.service.PermissionDataService - >>> Permission Check Initiated <<<
2026-02-21 16:03:52 INFO  c.c.service.PermissionDataService - User: Mohan, Designations: [CENTER HEAD], Roles: [ADMIN]
2026-02-21 16:03:52 INFO  c.c.service.PermissionDataService - CACHE MISS for role: ADMIN
2026-02-21 16:03:52 INFO  c.c.service.PermissionDataService - Fetching from DB for roles: [ADMIN]
2026-02-21 16:03:53 INFO  c.c.service.PermissionDataService - DB returned 1 records
2026-02-21 16:03:53 INFO  c.c.service.PermissionDataService - Processed DB Data chunk for role: ADMIN, UserRoleId: 939, JSON Length: 15766
2026-02-21 16:03:53 INFO  c.c.service.PermissionDataService - CACHE POPULATING (Pipeline) for role: ADMIN, Total Unique Screens: 135
2026-02-21 16:03:53 INFO  c.c.service.PermissionDataService - Stored in Redis: role_v2::ADMIN with 3 min expiration
2026-02-21 16:03:53 INFO  c.c.service.PermissionDataService - >>> Permission Check Initiated <<<
2026-02-21 16:03:53 INFO  c.c.service.PermissionDataService - User: Mohan, Designations: [CENTER HEAD], Roles: [ADMIN]
2026-02-21 16:03:53 INFO  c.c.service.PermissionDataService - CACHE HIT for role: ADMIN
2026-02-21 16:03:53 INFO  c.c.service.PermissionDataService - Refreshed expiration for role: ADMIN to 3 mins
2026-02-21 16:05:14 INFO  c.c.service.PermissionDataService - >>> Permission Check Initiated <<<
2026-02-21 16:05:14 INFO  c.c.service.PermissionDataService - User: Mohan, Designations: [CENTER HEAD], Roles: [ADMIN]
2026-02-21 16:05:14 INFO  c.c.service.PermissionDataService - CACHE HIT for role: ADMIN
2026-02-21 16:05:14 INFO  c.c.service.PermissionDataService - Refreshed expiration for role: ADMIN to 3 mins
2026-02-21 16:05:14 INFO  c.c.service.PermissionDataService - >>> Permission Check Initiated <<<
2026-02-21 16:05:14 INFO  c.c.service.PermissionDataService - User: Mohan, Designations: [CENTER HEAD], Roles: [ADMIN]
2026-02-21 16:05:14 INFO  c.c.service.PermissionDataService - CACHE HIT for role: ADMIN
2026-02-21 16:05:14 INFO  c.c.service.PermissionDataService - Refreshed expiration for role: ADMIN to 3 mins
2026-02-21 16:13:15 INFO  c.c.service.PermissionDataService - >>> Permission Check Initiated <<<
2026-02-21 16:13:15 INFO  c.c.service.PermissionDataService - User: Mohan, Designations: [CENTER HEAD], Roles: [ADMIN]
2026-02-21 16:13:15 INFO  c.c.service.PermissionDataService - CACHE MISS for role: ADMIN
2026-02-21 16:13:15 INFO  c.c.service.PermissionDataService - Fetching from DB for roles: [ADMIN]
2026-02-21 16:13:15 INFO  c.c.service.PermissionDataService - DB returned 1 records
2026-02-21 16:13:15 INFO  c.c.service.PermissionDataService - Processed DB Data chunk for role: ADMIN, UserRoleId: 939, JSON Length: 15766
2026-02-21 16:13:15 INFO  c.c.service.PermissionDataService - CACHE POPULATING (Pipeline) for role: ADMIN, Total Unique Screens: 135
2026-02-21 16:13:15 INFO  c.c.service.PermissionDataService - Stored in Redis: role_v2::ADMIN with 3 min expiration
2026-02-21 16:13:16 INFO  c.c.service.PermissionDataService - >>> Permission Check Initiated <<<
2026-02-21 16:13:16 INFO  c.c.service.PermissionDataService - User: Mohan, Designations: [CENTER HEAD], Roles: [ADMIN]
2026-02-21 16:13:16 INFO  c.c.service.PermissionDataService - CACHE HIT for role: ADMIN
2026-02-21 16:13:16 INFO  c.c.service.PermissionDataService - Refreshed expiration for role: ADMIN to 3 mins
2026-02-21 16:17:36 INFO  c.c.service.PermissionDataService - >>> Permission Check Initiated <<<
2026-02-21 16:17:36 INFO  c.c.service.PermissionDataService - User: Mohan, Designations: [CENTER HEAD], Roles: [ADMIN]
2026-02-21 16:17:36 INFO  c.c.service.PermissionDataService - CACHE MISS for role: ADMIN
2026-02-21 16:17:36 INFO  c.c.service.PermissionDataService - Fetching from DB for roles: [ADMIN]
2026-02-21 16:17:36 INFO  c.c.service.PermissionDataService - DB returned 1 records
2026-02-21 16:17:36 INFO  c.c.service.PermissionDataService - Processed DB Data chunk for role: ADMIN, UserRoleId: 939, JSON Length: 15766
2026-02-21 16:17:36 INFO  c.c.service.PermissionDataService - CACHE POPULATING (Pipeline) for role: ADMIN, Total Unique Screens: 135
2026-02-21 16:17:36 INFO  c.c.service.PermissionDataService - Stored in Redis: role_v2::ADMIN with 3 min expiration
2026-02-21 16:17:36 INFO  c.c.service.PermissionDataService - >>> Permission Check Initiated <<<
2026-02-21 16:17:36 INFO  c.c.service.PermissionDataService - User: Mohan, Designations: [CENTER HEAD], Roles: [ADMIN]
2026-02-21 16:17:36 INFO  c.c.service.PermissionDataService - CACHE HIT for role: ADMIN
2026-02-21 16:17:36 INFO  c.c.service.PermissionDataService - Refreshed expiration for role: ADMIN to 3 mins
2026-02-21 16:18:31 INFO  c.c.service.PermissionDataService - >>> Permission Check Initiated <<<
2026-02-21 16:18:31 INFO  c.c.service.PermissionDataService - User: Mohan, Designations: [CENTER HEAD], Roles: [ADMIN]
2026-02-21 16:18:31 INFO  c.c.service.PermissionDataService - CACHE HIT for role: ADMIN
2026-02-21 16:18:31 INFO  c.c.service.PermissionDataService - Refreshed expiration for role: ADMIN to 3 mins
2026-02-21 16:18:31 INFO  c.c.service.PermissionDataService - >>> Permission Check Initiated <<<
2026-02-21 16:18:31 INFO  c.c.service.PermissionDataService - User: Mohan, Designations: [CENTER HEAD], Roles: [ADMIN]
2026-02-21 16:18:31 INFO  c.c.service.PermissionDataService - CACHE HIT for role: ADMIN
2026-02-21 16:18:31 INFO  c.c.service.PermissionDataService - Refreshed expiration for role: ADMIN to 3 mins
2026-02-21 16:23:41 INFO  c.c.service.PermissionDataService - >>> Permission Check Initiated <<<
2026-02-21 16:23:41 INFO  c.c.service.PermissionDataService - User: Mohan, Designations: [CENTER HEAD], Roles: [ADMIN]
2026-02-21 16:23:41 INFO  c.c.service.PermissionDataService - CACHE MISS for role: ADMIN
2026-02-21 16:23:41 INFO  c.c.service.PermissionDataService - Fetching from DB for roles: [ADMIN]
2026-02-21 16:23:41 INFO  c.c.service.PermissionDataService - DB returned 1 records
2026-02-21 16:23:41 INFO  c.c.service.PermissionDataService - Processed DB Data chunk for role: ADMIN, UserRoleId: 939, JSON Length: 15766
2026-02-21 16:23:41 INFO  c.c.service.PermissionDataService - CACHE POPULATING (Pipeline) for role: ADMIN, Total Unique Screens: 135
2026-02-21 16:23:41 INFO  c.c.service.PermissionDataService - Stored in Redis: role_v2::ADMIN with 3 min expiration
2026-02-21 16:23:41 INFO  c.c.service.PermissionDataService - >>> Permission Check Initiated <<<
2026-02-21 16:23:41 INFO  c.c.service.PermissionDataService - User: Mohan, Designations: [CENTER HEAD], Roles: [ADMIN]
2026-02-21 16:23:41 INFO  c.c.service.PermissionDataService - CACHE HIT for role: ADMIN
2026-02-21 16:23:41 INFO  c.c.service.PermissionDataService - Refreshed expiration for role: ADMIN to 3 mins
