2026-03-01 10:32:41 INFO  c.c.service.PermissionDataService - >>> Permission Check Initiated <<<
2026-03-01 10:32:41 INFO  c.c.service.PermissionDataService - User: Mohan, Designations: [CENTER HEAD], Roles: [ADMIN]
2026-03-01 10:32:43 INFO  c.c.service.PermissionDataService - CACHE HIT for role: ADMIN
2026-03-01 10:32:43 INFO  c.c.service.PermissionDataService - Refreshed expiration for role: ADMIN to 3 mins
2026-03-01 10:32:43 INFO  c.c.service.PermissionDataService - >>> Permission Check Initiated <<<
2026-03-01 10:32:43 INFO  c.c.service.PermissionDataService - User: Mohan, Designations: [CENTER HEAD], Roles: [ADMIN]
2026-03-01 10:32:43 INFO  c.c.service.PermissionDataService - CACHE HIT for role: ADMIN
2026-03-01 10:32:43 INFO  c.c.service.PermissionDataService - Refreshed expiration for role: ADMIN to 3 mins
2026-03-01 10:32:43 INFO  c.c.service.PermissionDataService - >>> Permission Check Initiated <<<
2026-03-01 10:32:43 INFO  c.c.service.PermissionDataService - User: Mohan, Designations: [CENTER HEAD], Roles: [ADMIN]
2026-03-01 10:32:43 INFO  c.c.service.PermissionDataService - CACHE HIT for role: ADMIN
2026-03-01 10:32:43 INFO  c.c.service.PermissionDataService - Refreshed expiration for role: ADMIN to 3 mins
2026-03-01 11:01:43 INFO  c.c.service.PermissionDataService - >>> Permission Check Initiated <<<
2026-03-01 11:01:43 INFO  c.c.service.PermissionDataService - User: Mohan, Designations: [CENTER HEAD], Roles: [ADMIN]
2026-03-01 11:02:02 INFO  c.c.service.PermissionDataService - >>> Permission Check Initiated <<<
2026-03-01 11:02:02 INFO  c.c.service.PermissionDataService - User: Mohan, Designations: [CENTER HEAD], Roles: [ADMIN]
2026-03-01 11:02:22 INFO  c.c.service.PermissionDataService - >>> Permission Check Initiated <<<
2026-03-01 11:02:22 INFO  c.c.service.PermissionDataService - User: Mohan, Designations: [CENTER HEAD], Roles: [ADMIN]
2026-03-01 11:02:26 INFO  c.c.service.PermissionDataService - CACHE MISS for role: ADMIN
2026-03-01 11:02:26 INFO  c.c.service.PermissionDataService - Fetching from DB for roles: [ADMIN]
2026-03-01 11:02:26 INFO  c.c.service.PermissionDataService - CACHE MISS for role: ADMIN
2026-03-01 11:02:26 INFO  c.c.service.PermissionDataService - Fetching from DB for roles: [ADMIN]
2026-03-01 11:02:26 INFO  c.c.service.PermissionDataService - CACHE MISS for role: ADMIN
2026-03-01 11:02:26 INFO  c.c.service.PermissionDataService - Fetching from DB for roles: [ADMIN]
2026-03-01 11:02:27 INFO  c.c.service.PermissionDataService - DB returned 1 records
2026-03-01 11:02:27 INFO  c.c.service.PermissionDataService - Processed DB Data chunk for role: ADMIN, UserRoleId: 939, JSON Length: 22208
2026-03-01 11:02:28 INFO  c.c.service.PermissionDataService - CACHE POPULATING (Pipeline) for role: ADMIN, Total Unique Screens: 185
2026-03-01 11:02:29 INFO  c.c.service.PermissionDataService - Stored in Redis: role_v2::ADMIN with 3 min expiration
2026-03-01 11:02:30 INFO  c.c.service.PermissionDataService - DB returned 1 records
2026-03-01 11:02:30 INFO  c.c.service.PermissionDataService - Processed DB Data chunk for role: ADMIN, UserRoleId: 939, JSON Length: 22208
2026-03-01 11:02:30 INFO  c.c.service.PermissionDataService - DB returned 1 records
2026-03-01 11:02:30 INFO  c.c.service.PermissionDataService - Processed DB Data chunk for role: ADMIN, UserRoleId: 939, JSON Length: 22208
2026-03-01 11:02:30 INFO  c.c.service.PermissionDataService - CACHE POPULATING (Pipeline) for role: ADMIN, Total Unique Screens: 185
2026-03-01 11:02:30 INFO  c.c.service.PermissionDataService - Stored in Redis: role_v2::ADMIN with 3 min expiration
2026-03-01 11:02:30 INFO  c.c.service.PermissionDataService - CACHE POPULATING (Pipeline) for role: ADMIN, Total Unique Screens: 185
2026-03-01 11:02:30 INFO  c.c.service.PermissionDataService - Stored in Redis: role_v2::ADMIN with 3 min expiration
2026-03-01 11:20:13 INFO  c.c.service.PermissionDataService - >>> Permission Check Initiated <<<
2026-03-01 11:20:13 INFO  c.c.service.PermissionDataService - User: Mohan, Designations: [CENTER HEAD], Roles: [ADMIN]
2026-03-01 11:20:14 INFO  c.c.service.PermissionDataService - CACHE MISS for role: ADMIN
2026-03-01 11:20:14 INFO  c.c.service.PermissionDataService - Fetching from DB for roles: [ADMIN]
2026-03-01 11:20:14 INFO  c.c.service.PermissionDataService - DB returned 1 records
2026-03-01 11:20:14 INFO  c.c.service.PermissionDataService - Processed DB Data chunk for role: ADMIN, UserRoleId: 939, JSON Length: 22208
2026-03-01 11:20:15 INFO  c.c.service.PermissionDataService - CACHE POPULATING (Pipeline) for role: ADMIN, Total Unique Screens: 185
2026-03-01 11:20:15 INFO  c.c.service.PermissionDataService - Stored in Redis: role_v2::ADMIN with 3 min expiration
2026-03-01 11:20:15 INFO  c.c.service.PermissionDataService - >>> Permission Check Initiated <<<
2026-03-01 11:20:15 INFO  c.c.service.PermissionDataService - User: Mohan, Designations: [CENTER HEAD], Roles: [ADMIN]
2026-03-01 11:20:15 INFO  c.c.service.PermissionDataService - CACHE HIT for role: ADMIN
2026-03-01 11:20:15 INFO  c.c.service.PermissionDataService - Refreshed expiration for role: ADMIN to 3 mins
2026-03-01 20:57:10 INFO  c.c.service.PermissionDataService - >>> Permission Check Initiated <<<
2026-03-01 20:57:10 INFO  c.c.service.PermissionDataService - User: Mohan, Designations: [CENTER HEAD], Roles: [ADMIN]
2026-03-01 20:57:12 INFO  c.c.service.PermissionDataService - CACHE HIT for role: ADMIN
2026-03-01 20:57:12 INFO  c.c.service.PermissionDataService - Refreshed expiration for role: ADMIN to 3 mins
2026-03-01 20:57:12 INFO  c.c.service.PermissionDataService - >>> Permission Check Initiated <<<
2026-03-01 20:57:12 INFO  c.c.service.PermissionDataService - User: Mohan, Designations: [CENTER HEAD], Roles: [ADMIN]
2026-03-01 20:57:12 INFO  c.c.service.PermissionDataService - CACHE HIT for role: ADMIN
2026-03-01 20:57:12 INFO  c.c.service.PermissionDataService - Refreshed expiration for role: ADMIN to 3 mins
2026-03-01 20:57:12 INFO  c.c.service.PermissionDataService - >>> Permission Check Initiated <<<
2026-03-01 20:57:12 INFO  c.c.service.PermissionDataService - User: Mohan, Designations: [CENTER HEAD], Roles: [ADMIN]
2026-03-01 20:57:13 INFO  c.c.service.PermissionDataService - CACHE HIT for role: ADMIN
2026-03-01 20:57:13 INFO  c.c.service.PermissionDataService - Refreshed expiration for role: ADMIN to 3 mins
2026-03-01 21:31:12 INFO  c.c.service.PermissionDataService - >>> Permission Check Initiated <<<
2026-03-01 21:31:12 INFO  c.c.service.PermissionDataService - User: Mohan, Designations: [CENTER HEAD], Roles: [ADMIN]
2026-03-01 21:31:12 INFO  c.c.service.PermissionDataService - CACHE MISS for role: ADMIN
2026-03-01 21:31:12 INFO  c.c.service.PermissionDataService - Fetching from DB for roles: [ADMIN]
2026-03-01 21:31:14 INFO  c.c.service.PermissionDataService - DB returned 1 records
2026-03-01 21:31:14 INFO  c.c.service.PermissionDataService - Processed DB Data chunk for role: ADMIN, UserRoleId: 939, JSON Length: 22208
2026-03-01 21:31:14 INFO  c.c.service.PermissionDataService - CACHE POPULATING (Pipeline) for role: ADMIN, Total Unique Screens: 185
2026-03-01 21:31:15 INFO  c.c.service.PermissionDataService - Stored in Redis: role_v2::ADMIN with 3 min expiration
2026-03-01 21:31:15 INFO  c.c.service.PermissionDataService - >>> Permission Check Initiated <<<
2026-03-01 21:31:15 INFO  c.c.service.PermissionDataService - User: Mohan, Designations: [CENTER HEAD], Roles: [ADMIN]
2026-03-01 21:31:15 INFO  c.c.service.PermissionDataService - CACHE HIT for role: ADMIN
2026-03-01 21:31:15 INFO  c.c.service.PermissionDataService - Refreshed expiration for role: ADMIN to 3 mins
2026-03-01 22:33:14 INFO  c.c.service.PermissionDataService - >>> Permission Check Initiated <<<
2026-03-01 22:33:14 INFO  c.c.service.PermissionDataService - User: Mohan, Designations: [CENTER HEAD], Roles: [ADMIN]
2026-03-01 22:33:14 INFO  c.c.service.PermissionDataService - CACHE HIT for role: ADMIN
2026-03-01 22:33:14 INFO  c.c.service.PermissionDataService - Refreshed expiration for role: ADMIN to 3 mins
2026-03-01 22:33:14 INFO  c.c.service.PermissionDataService - >>> Permission Check Initiated <<<
2026-03-01 22:33:14 INFO  c.c.service.PermissionDataService - User: Mohan, Designations: [CENTER HEAD], Roles: [ADMIN]
2026-03-01 22:33:14 INFO  c.c.service.PermissionDataService - CACHE HIT for role: ADMIN
2026-03-01 22:33:14 INFO  c.c.service.PermissionDataService - Refreshed expiration for role: ADMIN to 3 mins
2026-03-01 22:33:14 INFO  c.c.service.PermissionDataService - >>> Permission Check Initiated <<<
2026-03-01 22:33:14 INFO  c.c.service.PermissionDataService - User: Mohan, Designations: [CENTER HEAD], Roles: [ADMIN]
2026-03-01 22:33:14 INFO  c.c.service.PermissionDataService - CACHE HIT for role: ADMIN
2026-03-01 22:33:14 INFO  c.c.service.PermissionDataService - Refreshed expiration for role: ADMIN to 3 mins
2026-03-01 22:47:30 INFO  c.c.service.PermissionDataService - >>> Permission Check Initiated <<<
2026-03-01 22:47:30 INFO  c.c.service.PermissionDataService - User: Mohan, Designations: [CENTER HEAD], Roles: [ADMIN]
2026-03-01 22:47:30 INFO  c.c.service.PermissionDataService - CACHE MISS for role: ADMIN
2026-03-01 22:47:30 INFO  c.c.service.PermissionDataService - Fetching from DB for roles: [ADMIN]
2026-03-01 22:47:30 INFO  c.c.service.PermissionDataService - DB returned 1 records
2026-03-01 22:47:30 INFO  c.c.service.PermissionDataService - Processed DB Data chunk for role: ADMIN, UserRoleId: 939, JSON Length: 22208
2026-03-01 22:47:30 INFO  c.c.service.PermissionDataService - CACHE POPULATING (Pipeline) for role: ADMIN, Total Unique Screens: 185
2026-03-01 22:47:30 INFO  c.c.service.PermissionDataService - Stored in Redis: role_v2::ADMIN with 3 min expiration
2026-03-01 22:47:30 INFO  c.c.service.PermissionDataService - >>> Permission Check Initiated <<<
2026-03-01 22:47:30 INFO  c.c.service.PermissionDataService - User: Mohan, Designations: [CENTER HEAD], Roles: [ADMIN]
2026-03-01 22:47:30 INFO  c.c.service.PermissionDataService - CACHE HIT for role: ADMIN
2026-03-01 22:47:30 INFO  c.c.service.PermissionDataService - Refreshed expiration for role: ADMIN to 3 mins
2026-03-01 23:00:45 INFO  c.c.service.PermissionDataService - >>> Permission Check Initiated <<<
2026-03-01 23:00:45 INFO  c.c.service.PermissionDataService - User: Mohan, Designations: [CENTER HEAD], Roles: [ADMIN]
2026-03-01 23:00:45 INFO  c.c.service.PermissionDataService - CACHE MISS for role: ADMIN
2026-03-01 23:00:45 INFO  c.c.service.PermissionDataService - Fetching from DB for roles: [ADMIN]
2026-03-01 23:00:46 INFO  c.c.service.PermissionDataService - DB returned 1 records
2026-03-01 23:00:46 INFO  c.c.service.PermissionDataService - Processed DB Data chunk for role: ADMIN, UserRoleId: 939, JSON Length: 22208
2026-03-01 23:00:46 INFO  c.c.service.PermissionDataService - CACHE POPULATING (Pipeline) for role: ADMIN, Total Unique Screens: 185
2026-03-01 23:00:46 INFO  c.c.service.PermissionDataService - Stored in Redis: role_v2::ADMIN with 3 min expiration
2026-03-01 23:00:46 INFO  c.c.service.PermissionDataService - >>> Permission Check Initiated <<<
2026-03-01 23:00:46 INFO  c.c.service.PermissionDataService - User: Mohan, Designations: [CENTER HEAD], Roles: [ADMIN]
2026-03-01 23:00:47 INFO  c.c.service.PermissionDataService - CACHE HIT for role: ADMIN
2026-03-01 23:00:47 INFO  c.c.service.PermissionDataService - Refreshed expiration for role: ADMIN to 3 mins
2026-03-01 23:07:44 INFO  c.c.service.PermissionDataService - >>> Permission Check Initiated <<<
2026-03-01 23:07:44 INFO  c.c.service.PermissionDataService - User: Mohan, Designations: [CENTER HEAD], Roles: [ADMIN]
2026-03-01 23:07:44 INFO  c.c.service.PermissionDataService - CACHE MISS for role: ADMIN
2026-03-01 23:07:44 INFO  c.c.service.PermissionDataService - Fetching from DB for roles: [ADMIN]
2026-03-01 23:07:44 INFO  c.c.service.PermissionDataService - DB returned 1 records
2026-03-01 23:07:44 INFO  c.c.service.PermissionDataService - Processed DB Data chunk for role: ADMIN, UserRoleId: 939, JSON Length: 22208
2026-03-01 23:07:44 INFO  c.c.service.PermissionDataService - CACHE POPULATING (Pipeline) for role: ADMIN, Total Unique Screens: 185
2026-03-01 23:07:44 INFO  c.c.service.PermissionDataService - Stored in Redis: role_v2::ADMIN with 3 min expiration
2026-03-01 23:07:44 INFO  c.c.service.PermissionDataService - >>> Permission Check Initiated <<<
2026-03-01 23:07:44 INFO  c.c.service.PermissionDataService - User: Mohan, Designations: [CENTER HEAD], Roles: [ADMIN]
2026-03-01 23:07:44 INFO  c.c.service.PermissionDataService - CACHE HIT for role: ADMIN
2026-03-01 23:07:44 INFO  c.c.service.PermissionDataService - Refreshed expiration for role: ADMIN to 3 mins
2026-03-01 23:19:43 INFO  c.c.service.PermissionDataService - >>> Permission Check Initiated <<<
2026-03-01 23:19:43 INFO  c.c.service.PermissionDataService - User: Mohan, Designations: [CENTER HEAD], Roles: [ADMIN]
2026-03-01 23:20:03 INFO  c.c.service.PermissionDataService - >>> Permission Check Initiated <<<
2026-03-01 23:20:03 INFO  c.c.service.PermissionDataService - User: Mohan, Designations: [CENTER HEAD], Roles: [ADMIN]
