2026-03-09 11:41:18 INFO  c.c.service.PermissionDataService - >>> Permission Check Initiated <<<
2026-03-09 11:41:18 INFO  c.c.service.PermissionDataService - User: Mohan, Designations: [CENTER HEAD], Roles: [ADMIN]
2026-03-09 11:41:18 INFO  c.c.service.PermissionDataService - CACHE HIT for role: ADMIN
2026-03-09 11:41:18 INFO  c.c.service.PermissionDataService - Refreshed expiration for role: ADMIN to 3 mins
2026-03-09 11:41:18 INFO  c.c.service.PermissionDataService - >>> Permission Check Initiated <<<
2026-03-09 11:41:18 INFO  c.c.service.PermissionDataService - User: Mohan, Designations: [CENTER HEAD], Roles: [ADMIN]
2026-03-09 11:41:18 INFO  c.c.service.PermissionDataService - CACHE HIT for role: ADMIN
2026-03-09 11:41:18 INFO  c.c.service.PermissionDataService - Refreshed expiration for role: ADMIN to 3 mins
2026-03-09 11:41:18 INFO  c.c.service.PermissionDataService - >>> Permission Check Initiated <<<
2026-03-09 11:41:18 INFO  c.c.service.PermissionDataService - User: Mohan, Designations: [CENTER HEAD], Roles: [ADMIN]
2026-03-09 11:41:18 INFO  c.c.service.PermissionDataService - CACHE HIT for role: ADMIN
2026-03-09 11:41:18 INFO  c.c.service.PermissionDataService - Refreshed expiration for role: ADMIN to 3 mins
2026-03-09 15:20:25 INFO  c.c.service.PermissionDataService - >>> Permission Check Initiated <<<
2026-03-09 15:20:25 INFO  c.c.service.PermissionDataService - User: Mohan, Designations: [CENTER HEAD], Roles: [ADMIN]
2026-03-09 15:20:25 INFO  c.c.service.PermissionDataService - CACHE HIT for role: ADMIN
2026-03-09 15:20:25 INFO  c.c.service.PermissionDataService - Refreshed expiration for role: ADMIN to 3 mins
2026-03-09 15:20:25 INFO  c.c.service.PermissionDataService - >>> Permission Check Initiated <<<
2026-03-09 15:20:25 INFO  c.c.service.PermissionDataService - User: Mohan, Designations: [CENTER HEAD], Roles: [ADMIN]
2026-03-09 15:20:25 INFO  c.c.service.PermissionDataService - CACHE HIT for role: ADMIN
2026-03-09 15:20:25 INFO  c.c.service.PermissionDataService - Refreshed expiration for role: ADMIN to 3 mins
2026-03-09 15:20:25 INFO  c.c.service.PermissionDataService - >>> Permission Check Initiated <<<
2026-03-09 15:20:25 INFO  c.c.service.PermissionDataService - User: Mohan, Designations: [CENTER HEAD], Roles: [ADMIN]
2026-03-09 15:20:25 INFO  c.c.service.PermissionDataService - CACHE HIT for role: ADMIN
2026-03-09 15:20:25 INFO  c.c.service.PermissionDataService - Refreshed expiration for role: ADMIN to 3 mins
2026-03-09 15:37:57 INFO  c.c.service.PermissionDataService - >>> Permission Check Initiated <<<
2026-03-09 15:37:57 INFO  c.c.service.PermissionDataService - User: Mohan, Designations: [CENTER HEAD], Roles: [ADMIN]
2026-03-09 15:37:57 INFO  c.c.service.PermissionDataService - CACHE MISS for role: ADMIN
2026-03-09 15:37:57 INFO  c.c.service.PermissionDataService - Fetching from DB for roles: [ADMIN]
2026-03-09 15:37:57 INFO  c.c.service.PermissionDataService - DB returned 1 records
2026-03-09 15:37:57 INFO  c.c.service.PermissionDataService - Processed DB Data chunk for role: ADMIN, UserRoleId: 939, JSON Length: 22208
2026-03-09 15:37:57 INFO  c.c.service.PermissionDataService - CACHE POPULATING (Pipeline) for role: ADMIN, Total Unique Screens: 185
2026-03-09 15:37:57 INFO  c.c.service.PermissionDataService - Stored in Redis: role_v2::ADMIN with 3 min expiration
2026-03-09 15:37:57 INFO  c.c.service.PermissionDataService - >>> Permission Check Initiated <<<
2026-03-09 15:37:57 INFO  c.c.service.PermissionDataService - User: Mohan, Designations: [CENTER HEAD], Roles: [ADMIN]
2026-03-09 15:37:57 INFO  c.c.service.PermissionDataService - CACHE HIT for role: ADMIN
2026-03-09 15:37:57 INFO  c.c.service.PermissionDataService - Refreshed expiration for role: ADMIN to 3 mins
2026-03-09 15:51:01 INFO  c.c.service.PermissionDataService - >>> Permission Check Initiated <<<
2026-03-09 15:51:01 INFO  c.c.service.PermissionDataService - User: Mohan, Designations: [CENTER HEAD], Roles: [ADMIN]
2026-03-09 15:51:01 INFO  c.c.service.PermissionDataService - CACHE MISS for role: ADMIN
2026-03-09 15:51:01 INFO  c.c.service.PermissionDataService - Fetching from DB for roles: [ADMIN]
2026-03-09 15:51:01 INFO  c.c.service.PermissionDataService - DB returned 1 records
2026-03-09 15:51:01 INFO  c.c.service.PermissionDataService - Processed DB Data chunk for role: ADMIN, UserRoleId: 939, JSON Length: 22208
2026-03-09 15:51:02 INFO  c.c.service.PermissionDataService - CACHE POPULATING (Pipeline) for role: ADMIN, Total Unique Screens: 185
2026-03-09 15:51:02 INFO  c.c.service.PermissionDataService - Stored in Redis: role_v2::ADMIN with 3 min expiration
2026-03-09 15:51:02 INFO  c.c.service.PermissionDataService - >>> Permission Check Initiated <<<
2026-03-09 15:51:02 INFO  c.c.service.PermissionDataService - User: Mohan, Designations: [CENTER HEAD], Roles: [ADMIN]
2026-03-09 15:51:02 INFO  c.c.service.PermissionDataService - CACHE HIT for role: ADMIN
2026-03-09 15:51:02 INFO  c.c.service.PermissionDataService - Refreshed expiration for role: ADMIN to 3 mins
2026-03-09 15:53:28 INFO  c.c.service.PermissionDataService - >>> Permission Check Initiated <<<
2026-03-09 15:53:28 INFO  c.c.service.PermissionDataService - User: Mohan, Designations: [CENTER HEAD], Roles: [ADMIN]
2026-03-09 15:53:28 INFO  c.c.service.PermissionDataService - CACHE HIT for role: ADMIN
2026-03-09 15:53:28 INFO  c.c.service.PermissionDataService - Refreshed expiration for role: ADMIN to 3 mins
2026-03-09 15:53:28 INFO  c.c.service.PermissionDataService - >>> Permission Check Initiated <<<
2026-03-09 15:53:28 INFO  c.c.service.PermissionDataService - User: Mohan, Designations: [CENTER HEAD], Roles: [ADMIN]
2026-03-09 15:53:28 INFO  c.c.service.PermissionDataService - CACHE HIT for role: ADMIN
2026-03-09 15:53:28 INFO  c.c.service.PermissionDataService - Refreshed expiration for role: ADMIN to 3 mins
2026-03-09 15:53:42 INFO  c.c.service.PermissionDataService - >>> Permission Check Initiated <<<
2026-03-09 15:53:42 INFO  c.c.service.PermissionDataService - User: Mohan, Designations: [CENTER HEAD], Roles: [ADMIN]
2026-03-09 15:53:42 INFO  c.c.service.PermissionDataService - CACHE HIT for role: ADMIN
2026-03-09 15:53:42 INFO  c.c.service.PermissionDataService - Refreshed expiration for role: ADMIN to 3 mins
2026-03-09 15:53:42 INFO  c.c.service.PermissionDataService - >>> Permission Check Initiated <<<
2026-03-09 15:53:42 INFO  c.c.service.PermissionDataService - User: Mohan, Designations: [CENTER HEAD], Roles: [ADMIN]
2026-03-09 15:53:42 INFO  c.c.service.PermissionDataService - CACHE HIT for role: ADMIN
2026-03-09 15:53:42 INFO  c.c.service.PermissionDataService - Refreshed expiration for role: ADMIN to 3 mins
2026-03-09 15:53:55 INFO  c.c.service.PermissionDataService - >>> Permission Check Initiated <<<
2026-03-09 15:53:55 INFO  c.c.service.PermissionDataService - User: Mohan, Designations: [CENTER HEAD], Roles: [ADMIN]
2026-03-09 15:53:55 INFO  c.c.service.PermissionDataService - CACHE HIT for role: ADMIN
2026-03-09 15:53:55 INFO  c.c.service.PermissionDataService - Refreshed expiration for role: ADMIN to 3 mins
2026-03-09 15:53:55 INFO  c.c.service.PermissionDataService - >>> Permission Check Initiated <<<
2026-03-09 15:53:55 INFO  c.c.service.PermissionDataService - User: Mohan, Designations: [CENTER HEAD], Roles: [ADMIN]
2026-03-09 15:53:55 INFO  c.c.service.PermissionDataService - CACHE HIT for role: ADMIN
2026-03-09 15:53:55 INFO  c.c.service.PermissionDataService - Refreshed expiration for role: ADMIN to 3 mins
2026-03-09 16:28:44 INFO  c.c.service.PermissionDataService - >>> Permission Check Initiated <<<
2026-03-09 16:28:44 INFO  c.c.service.PermissionDataService - User: Mohan, Designations: [CENTER HEAD], Roles: [ADMIN]
2026-03-09 16:28:44 INFO  c.c.service.PermissionDataService - CACHE HIT for role: ADMIN
2026-03-09 16:28:44 INFO  c.c.service.PermissionDataService - Refreshed expiration for role: ADMIN to 3 mins
2026-03-09 16:28:44 INFO  c.c.service.PermissionDataService - >>> Permission Check Initiated <<<
2026-03-09 16:28:44 INFO  c.c.service.PermissionDataService - User: Mohan, Designations: [CENTER HEAD], Roles: [ADMIN]
2026-03-09 16:28:44 INFO  c.c.service.PermissionDataService - CACHE HIT for role: ADMIN
2026-03-09 16:28:44 INFO  c.c.service.PermissionDataService - Refreshed expiration for role: ADMIN to 3 mins
2026-03-09 16:28:44 INFO  c.c.service.PermissionDataService - >>> Permission Check Initiated <<<
2026-03-09 16:28:44 INFO  c.c.service.PermissionDataService - User: Mohan, Designations: [CENTER HEAD], Roles: [ADMIN]
2026-03-09 16:28:44 INFO  c.c.service.PermissionDataService - CACHE HIT for role: ADMIN
2026-03-09 16:28:44 INFO  c.c.service.PermissionDataService - Refreshed expiration for role: ADMIN to 3 mins
