2026-03-11 10:39:35 INFO  c.c.service.PermissionDataService - >>> Permission Check Initiated <<<
2026-03-11 10:39:35 INFO  c.c.service.PermissionDataService - User: Mohan, Designations: [CENTER HEAD], Roles: [ADMIN]
2026-03-11 10:39:35 INFO  c.c.service.PermissionDataService - CACHE HIT for role: ADMIN
2026-03-11 10:39:35 INFO  c.c.service.PermissionDataService - Refreshed expiration for role: ADMIN to 3 mins
2026-03-11 10:39:36 INFO  c.c.service.PermissionDataService - >>> Permission Check Initiated <<<
2026-03-11 10:39:36 INFO  c.c.service.PermissionDataService - User: Mohan, Designations: [CENTER HEAD], Roles: [ADMIN]
2026-03-11 10:39:36 INFO  c.c.service.PermissionDataService - CACHE HIT for role: ADMIN
2026-03-11 10:39:36 INFO  c.c.service.PermissionDataService - Refreshed expiration for role: ADMIN to 3 mins
2026-03-11 10:39:36 INFO  c.c.service.PermissionDataService - >>> Permission Check Initiated <<<
2026-03-11 10:39:36 INFO  c.c.service.PermissionDataService - User: Mohan, Designations: [CENTER HEAD], Roles: [ADMIN]
2026-03-11 10:39:36 INFO  c.c.service.PermissionDataService - CACHE HIT for role: ADMIN
2026-03-11 10:39:36 INFO  c.c.service.PermissionDataService - Refreshed expiration for role: ADMIN to 3 mins
2026-03-11 11:05:37 INFO  c.c.service.PermissionDataService - >>> Permission Check Initiated <<<
2026-03-11 11:05:37 INFO  c.c.service.PermissionDataService - User: Mohan, Designations: [CENTER HEAD], Roles: [ADMIN]
2026-03-11 11:05:39 INFO  c.c.service.PermissionDataService - CACHE HIT for role: ADMIN
2026-03-11 11:05:39 INFO  c.c.service.PermissionDataService - Refreshed expiration for role: ADMIN to 3 mins
2026-03-11 11:05:39 INFO  c.c.service.PermissionDataService - >>> Permission Check Initiated <<<
2026-03-11 11:05:39 INFO  c.c.service.PermissionDataService - User: Mohan, Designations: [CENTER HEAD], Roles: [ADMIN]
2026-03-11 11:05:39 INFO  c.c.service.PermissionDataService - CACHE HIT for role: ADMIN
2026-03-11 11:05:39 INFO  c.c.service.PermissionDataService - Refreshed expiration for role: ADMIN to 3 mins
2026-03-11 11:05:39 INFO  c.c.service.PermissionDataService - >>> Permission Check Initiated <<<
2026-03-11 11:05:39 INFO  c.c.service.PermissionDataService - User: Mohan, Designations: [CENTER HEAD], Roles: [ADMIN]
2026-03-11 11:05:39 INFO  c.c.service.PermissionDataService - CACHE HIT for role: ADMIN
2026-03-11 11:05:39 INFO  c.c.service.PermissionDataService - Refreshed expiration for role: ADMIN to 3 mins
2026-03-11 11:48:43 INFO  c.c.service.PermissionDataService - >>> Permission Check Initiated <<<
2026-03-11 11:48:43 INFO  c.c.service.PermissionDataService - User: Mohan, Designations: [CENTER HEAD], Roles: [ADMIN]
2026-03-11 11:48:43 INFO  c.c.service.PermissionDataService - CACHE MISS for role: ADMIN
2026-03-11 11:48:43 INFO  c.c.service.PermissionDataService - Fetching from DB for roles: [ADMIN]
2026-03-11 11:48:43 INFO  c.c.service.PermissionDataService - DB returned 1 records
2026-03-11 11:48:43 INFO  c.c.service.PermissionDataService - Processed DB Data chunk for role: ADMIN, UserRoleId: 939, JSON Length: 22208
2026-03-11 11:48:43 INFO  c.c.service.PermissionDataService - CACHE POPULATING (Pipeline) for role: ADMIN, Total Unique Screens: 185
2026-03-11 11:48:44 INFO  c.c.service.PermissionDataService - Stored in Redis: role_v2::ADMIN with 3 min expiration
2026-03-11 11:48:44 INFO  c.c.service.PermissionDataService - >>> Permission Check Initiated <<<
2026-03-11 11:48:44 INFO  c.c.service.PermissionDataService - User: Mohan, Designations: [CENTER HEAD], Roles: [ADMIN]
2026-03-11 11:48:44 INFO  c.c.service.PermissionDataService - CACHE HIT for role: ADMIN
2026-03-11 11:48:44 INFO  c.c.service.PermissionDataService - Refreshed expiration for role: ADMIN to 3 mins
2026-03-11 11:54:47 INFO  c.c.service.PermissionDataService - >>> Permission Check Initiated <<<
2026-03-11 11:54:47 INFO  c.c.service.PermissionDataService - User: Mohan, Designations: [CENTER HEAD], Roles: [ADMIN]
2026-03-11 11:54:47 INFO  c.c.service.PermissionDataService - CACHE MISS for role: ADMIN
2026-03-11 11:54:47 INFO  c.c.service.PermissionDataService - Fetching from DB for roles: [ADMIN]
2026-03-11 11:54:48 INFO  c.c.service.PermissionDataService - DB returned 1 records
2026-03-11 11:54:48 INFO  c.c.service.PermissionDataService - Processed DB Data chunk for role: ADMIN, UserRoleId: 939, JSON Length: 22208
2026-03-11 11:54:48 INFO  c.c.service.PermissionDataService - CACHE POPULATING (Pipeline) for role: ADMIN, Total Unique Screens: 185
2026-03-11 11:54:48 INFO  c.c.service.PermissionDataService - Stored in Redis: role_v2::ADMIN with 3 min expiration
2026-03-11 11:54:48 INFO  c.c.service.PermissionDataService - >>> Permission Check Initiated <<<
2026-03-11 11:54:48 INFO  c.c.service.PermissionDataService - User: Mohan, Designations: [CENTER HEAD], Roles: [ADMIN]
2026-03-11 11:54:48 INFO  c.c.service.PermissionDataService - CACHE HIT for role: ADMIN
2026-03-11 11:54:48 INFO  c.c.service.PermissionDataService - Refreshed expiration for role: ADMIN to 3 mins
2026-03-11 11:58:10 INFO  c.c.service.PermissionDataService - >>> Permission Check Initiated <<<
2026-03-11 11:58:10 INFO  c.c.service.PermissionDataService - User: Mohan, Designations: [CENTER HEAD], Roles: [ADMIN]
2026-03-11 11:58:10 INFO  c.c.service.PermissionDataService - CACHE MISS for role: ADMIN
2026-03-11 11:58:10 INFO  c.c.service.PermissionDataService - Fetching from DB for roles: [ADMIN]
2026-03-11 11:58:11 INFO  c.c.service.PermissionDataService - DB returned 1 records
2026-03-11 11:58:11 INFO  c.c.service.PermissionDataService - Processed DB Data chunk for role: ADMIN, UserRoleId: 939, JSON Length: 22208
2026-03-11 11:58:11 INFO  c.c.service.PermissionDataService - CACHE POPULATING (Pipeline) for role: ADMIN, Total Unique Screens: 185
2026-03-11 11:58:11 INFO  c.c.service.PermissionDataService - Stored in Redis: role_v2::ADMIN with 3 min expiration
2026-03-11 11:58:11 INFO  c.c.service.PermissionDataService - >>> Permission Check Initiated <<<
2026-03-11 11:58:11 INFO  c.c.service.PermissionDataService - User: Mohan, Designations: [CENTER HEAD], Roles: [ADMIN]
2026-03-11 11:58:11 INFO  c.c.service.PermissionDataService - CACHE HIT for role: ADMIN
2026-03-11 11:58:11 INFO  c.c.service.PermissionDataService - Refreshed expiration for role: ADMIN to 3 mins
2026-03-11 12:18:35 INFO  c.c.service.PermissionDataService - >>> Permission Check Initiated <<<
2026-03-11 12:18:35 INFO  c.c.service.PermissionDataService - User: Mohan, Designations: [CENTER HEAD], Roles: [ADMIN]
2026-03-11 12:18:35 INFO  c.c.service.PermissionDataService - CACHE HIT for role: ADMIN
2026-03-11 12:18:35 INFO  c.c.service.PermissionDataService - Refreshed expiration for role: ADMIN to 3 mins
2026-03-11 12:18:36 INFO  c.c.service.PermissionDataService - >>> Permission Check Initiated <<<
2026-03-11 12:18:36 INFO  c.c.service.PermissionDataService - User: Mohan, Designations: [CENTER HEAD], Roles: [ADMIN]
2026-03-11 12:18:36 INFO  c.c.service.PermissionDataService - CACHE HIT for role: ADMIN
2026-03-11 12:18:36 INFO  c.c.service.PermissionDataService - Refreshed expiration for role: ADMIN to 3 mins
2026-03-11 12:18:36 INFO  c.c.service.PermissionDataService - >>> Permission Check Initiated <<<
2026-03-11 12:18:36 INFO  c.c.service.PermissionDataService - User: Mohan, Designations: [CENTER HEAD], Roles: [ADMIN]
2026-03-11 12:18:36 INFO  c.c.service.PermissionDataService - CACHE HIT for role: ADMIN
2026-03-11 12:18:36 INFO  c.c.service.PermissionDataService - Refreshed expiration for role: ADMIN to 3 mins
