2026-02-17 10:23:18 INFO  c.c.service.PermissionDataService - >>> Permission Check Initiated <<<
2026-02-17 10:23:18 INFO  c.c.service.PermissionDataService - User: Mohan, Designations: [ADMIN EXECUTIVE], Roles: [ADMIN]
2026-02-17 10:23:18 INFO  c.c.service.PermissionDataService - CACHE HIT for role: ADMIN
2026-02-17 10:23:18 INFO  c.c.service.PermissionDataService - Refreshed expiration for role: ADMIN to 3 mins
2026-02-17 10:23:18 INFO  c.c.service.PermissionDataService - >>> Permission Check Initiated <<<
2026-02-17 10:23:18 INFO  c.c.service.PermissionDataService - User: Mohan, Designations: [ADMIN EXECUTIVE], Roles: [ADMIN]
2026-02-17 10:23:18 INFO  c.c.service.PermissionDataService - CACHE HIT for role: ADMIN
2026-02-17 10:23:18 INFO  c.c.service.PermissionDataService - Refreshed expiration for role: ADMIN to 3 mins
2026-02-17 10:23:18 INFO  c.c.service.PermissionDataService - >>> Permission Check Initiated <<<
2026-02-17 10:23:18 INFO  c.c.service.PermissionDataService - User: Mohan, Designations: [ADMIN EXECUTIVE], Roles: [ADMIN]
2026-02-17 10:23:18 INFO  c.c.service.PermissionDataService - CACHE HIT for role: ADMIN
2026-02-17 10:23:19 INFO  c.c.service.PermissionDataService - Refreshed expiration for role: ADMIN to 3 mins
2026-02-17 10:47:45 INFO  c.c.service.PermissionDataService - >>> Permission Check Initiated <<<
2026-02-17 10:47:45 INFO  c.c.service.PermissionDataService - User: Rohith, Designations: [ZONAL ACCOUNTANT], Roles: [ZONAL ACCOUNTANT]
2026-02-17 10:47:45 INFO  c.c.service.PermissionDataService - CACHE MISS for role: ZONAL ACCOUNTANT
2026-02-17 10:47:45 INFO  c.c.service.PermissionDataService - Fetching from DB for roles: [ZONAL ACCOUNTANT]
2026-02-17 10:47:45 INFO  c.c.service.PermissionDataService - DB returned 1 records
2026-02-17 10:47:45 INFO  c.c.service.PermissionDataService - Processed DB Data chunk for role: ZONAL ACCOUNTANT, UserRoleId: 640, JSON Length: 15878
2026-02-17 10:47:45 INFO  c.c.service.PermissionDataService - CACHE POPULATING (Pipeline) for role: ZONAL ACCOUNTANT, Total Unique Screens: 54
2026-02-17 10:47:45 INFO  c.c.service.PermissionDataService - Stored in Redis: role_v2::ZONAL ACCOUNTANT with 3 min expiration
2026-02-17 10:47:45 INFO  c.c.service.PermissionDataService - >>> Permission Check Initiated <<<
2026-02-17 10:47:45 INFO  c.c.service.PermissionDataService - User: Rohith, Designations: [ZONAL ACCOUNTANT], Roles: [ZONAL ACCOUNTANT]
2026-02-17 10:47:45 INFO  c.c.service.PermissionDataService - CACHE HIT for role: ZONAL ACCOUNTANT
2026-02-17 10:47:45 INFO  c.c.service.PermissionDataService - Refreshed expiration for role: ZONAL ACCOUNTANT to 3 mins
2026-02-17 10:47:46 INFO  c.c.service.PermissionDataService - >>> Permission Check Initiated <<<
2026-02-17 10:47:46 INFO  c.c.service.PermissionDataService - User: Rohith, Designations: [ZONAL ACCOUNTANT], Roles: [ZONAL ACCOUNTANT]
2026-02-17 10:47:46 INFO  c.c.service.PermissionDataService - CACHE HIT for role: ZONAL ACCOUNTANT
2026-02-17 10:47:46 INFO  c.c.service.PermissionDataService - Refreshed expiration for role: ZONAL ACCOUNTANT to 3 mins
2026-02-17 10:48:47 INFO  c.c.service.PermissionDataService - >>> Permission Check Initiated <<<
2026-02-17 10:48:47 INFO  c.c.service.PermissionDataService - User: Pavan, Designations: [DGM], Roles: [DGM]
2026-02-17 10:48:47 INFO  c.c.service.PermissionDataService - CACHE MISS for role: DGM
2026-02-17 10:48:47 INFO  c.c.service.PermissionDataService - Fetching from DB for roles: [DGM]
2026-02-17 10:48:47 INFO  c.c.service.PermissionDataService - DB returned 1 records
2026-02-17 10:48:47 INFO  c.c.service.PermissionDataService - Processed DB Data chunk for role: DGM, UserRoleId: 901, JSON Length: 537
2026-02-17 10:48:47 INFO  c.c.service.PermissionDataService - CACHE POPULATING (Pipeline) for role: DGM, Total Unique Screens: 4
2026-02-17 10:48:47 INFO  c.c.service.PermissionDataService - Stored in Redis: role_v2::DGM with 3 min expiration
2026-02-17 10:48:47 INFO  c.c.service.PermissionDataService - >>> Permission Check Initiated <<<
2026-02-17 10:48:47 INFO  c.c.service.PermissionDataService - User: Pavan, Designations: [DGM], Roles: [DGM]
2026-02-17 10:48:47 INFO  c.c.service.PermissionDataService - CACHE HIT for role: DGM
2026-02-17 10:48:47 INFO  c.c.service.PermissionDataService - Refreshed expiration for role: DGM to 3 mins
2026-02-17 10:48:47 INFO  c.c.service.PermissionDataService - >>> Permission Check Initiated <<<
2026-02-17 10:48:47 INFO  c.c.service.PermissionDataService - User: Pavan, Designations: [DGM], Roles: [DGM]
2026-02-17 10:48:47 INFO  c.c.service.PermissionDataService - CACHE HIT for role: DGM
2026-02-17 10:48:47 INFO  c.c.service.PermissionDataService - Refreshed expiration for role: DGM to 3 mins
2026-02-17 10:53:57 INFO  c.c.service.PermissionDataService - >>> Permission Check Initiated <<<
2026-02-17 10:53:57 INFO  c.c.service.PermissionDataService - User: Rohith, Designations: [ZONAL ACCOUNTANT], Roles: [ZONAL ACCOUNTANT]
2026-02-17 10:53:57 INFO  c.c.service.PermissionDataService - CACHE MISS for role: ZONAL ACCOUNTANT
2026-02-17 10:53:57 INFO  c.c.service.PermissionDataService - Fetching from DB for roles: [ZONAL ACCOUNTANT]
2026-02-17 10:53:57 INFO  c.c.service.PermissionDataService - DB returned 1 records
2026-02-17 10:53:57 INFO  c.c.service.PermissionDataService - Processed DB Data chunk for role: ZONAL ACCOUNTANT, UserRoleId: 640, JSON Length: 15878
2026-02-17 10:53:57 INFO  c.c.service.PermissionDataService - CACHE POPULATING (Pipeline) for role: ZONAL ACCOUNTANT, Total Unique Screens: 54
2026-02-17 10:53:57 INFO  c.c.service.PermissionDataService - Stored in Redis: role_v2::ZONAL ACCOUNTANT with 3 min expiration
2026-02-17 10:53:57 INFO  c.c.service.PermissionDataService - >>> Permission Check Initiated <<<
2026-02-17 10:53:57 INFO  c.c.service.PermissionDataService - User: Rohith, Designations: [ZONAL ACCOUNTANT], Roles: [ZONAL ACCOUNTANT]
2026-02-17 10:53:57 INFO  c.c.service.PermissionDataService - CACHE HIT for role: ZONAL ACCOUNTANT
2026-02-17 10:53:57 INFO  c.c.service.PermissionDataService - Refreshed expiration for role: ZONAL ACCOUNTANT to 3 mins
2026-02-17 10:53:57 INFO  c.c.service.PermissionDataService - >>> Permission Check Initiated <<<
2026-02-17 10:53:57 INFO  c.c.service.PermissionDataService - User: Rohith, Designations: [ZONAL ACCOUNTANT], Roles: [ZONAL ACCOUNTANT]
2026-02-17 10:53:57 INFO  c.c.service.PermissionDataService - CACHE HIT for role: ZONAL ACCOUNTANT
2026-02-17 10:53:57 INFO  c.c.service.PermissionDataService - Refreshed expiration for role: ZONAL ACCOUNTANT to 3 mins
2026-02-17 10:54:31 INFO  c.c.service.PermissionDataService - >>> Permission Check Initiated <<<
2026-02-17 10:54:31 INFO  c.c.service.PermissionDataService - >>> Permission Check Initiated <<<
2026-02-17 10:54:31 INFO  c.c.service.PermissionDataService - User: Rohith, Designations: [ZONAL ACCOUNTANT], Roles: [ZONAL ACCOUNTANT]
2026-02-17 10:54:31 INFO  c.c.service.PermissionDataService - User: Rohith, Designations: [ZONAL ACCOUNTANT], Roles: [ZONAL ACCOUNTANT]
2026-02-17 10:54:31 INFO  c.c.service.PermissionDataService - CACHE HIT for role: ZONAL ACCOUNTANT
2026-02-17 10:54:31 INFO  c.c.service.PermissionDataService - Refreshed expiration for role: ZONAL ACCOUNTANT to 3 mins
2026-02-17 10:54:31 INFO  c.c.service.PermissionDataService - CACHE HIT for role: ZONAL ACCOUNTANT
2026-02-17 10:54:32 INFO  c.c.service.PermissionDataService - Refreshed expiration for role: ZONAL ACCOUNTANT to 3 mins
2026-02-17 10:55:17 INFO  c.c.service.PermissionDataService - >>> Permission Check Initiated <<<
2026-02-17 10:55:17 INFO  c.c.service.PermissionDataService - User: Rohith, Designations: [ZONAL ACCOUNTANT], Roles: [ZONAL ACCOUNTANT]
2026-02-17 10:55:17 INFO  c.c.service.PermissionDataService - CACHE HIT for role: ZONAL ACCOUNTANT
2026-02-17 10:55:17 INFO  c.c.service.PermissionDataService - Refreshed expiration for role: ZONAL ACCOUNTANT to 3 mins
2026-02-17 10:55:17 INFO  c.c.service.PermissionDataService - >>> Permission Check Initiated <<<
2026-02-17 10:55:17 INFO  c.c.service.PermissionDataService - User: Rohith, Designations: [ZONAL ACCOUNTANT], Roles: [ZONAL ACCOUNTANT]
2026-02-17 10:55:17 INFO  c.c.service.PermissionDataService - CACHE HIT for role: ZONAL ACCOUNTANT
2026-02-17 10:55:17 INFO  c.c.service.PermissionDataService - Refreshed expiration for role: ZONAL ACCOUNTANT to 3 mins
2026-02-17 10:55:17 INFO  c.c.service.PermissionDataService - >>> Permission Check Initiated <<<
2026-02-17 10:55:17 INFO  c.c.service.PermissionDataService - User: Rohith, Designations: [ZONAL ACCOUNTANT], Roles: [ZONAL ACCOUNTANT]
2026-02-17 10:55:17 INFO  c.c.service.PermissionDataService - CACHE HIT for role: ZONAL ACCOUNTANT
2026-02-17 10:55:17 INFO  c.c.service.PermissionDataService - Refreshed expiration for role: ZONAL ACCOUNTANT to 3 mins
2026-02-17 10:55:41 INFO  c.c.service.PermissionDataService - >>> Permission Check Initiated <<<
2026-02-17 10:55:41 INFO  c.c.service.PermissionDataService - User: Rahul, Designations: [ZONAL ACCOUNTANT], Roles: [ZONAL ACCOUNTANT]
2026-02-17 10:55:41 INFO  c.c.service.PermissionDataService - CACHE HIT for role: ZONAL ACCOUNTANT
2026-02-17 10:55:41 INFO  c.c.service.PermissionDataService - Refreshed expiration for role: ZONAL ACCOUNTANT to 3 mins
2026-02-17 10:55:41 INFO  c.c.service.PermissionDataService - >>> Permission Check Initiated <<<
2026-02-17 10:55:41 INFO  c.c.service.PermissionDataService - User: Rahul, Designations: [ZONAL ACCOUNTANT], Roles: [ZONAL ACCOUNTANT]
2026-02-17 10:55:41 INFO  c.c.service.PermissionDataService - CACHE HIT for role: ZONAL ACCOUNTANT
2026-02-17 10:55:41 INFO  c.c.service.PermissionDataService - Refreshed expiration for role: ZONAL ACCOUNTANT to 3 mins
2026-02-17 10:55:41 INFO  c.c.service.PermissionDataService - >>> Permission Check Initiated <<<
2026-02-17 10:55:41 INFO  c.c.service.PermissionDataService - User: Rahul, Designations: [ZONAL ACCOUNTANT], Roles: [ZONAL ACCOUNTANT]
2026-02-17 10:55:41 INFO  c.c.service.PermissionDataService - CACHE HIT for role: ZONAL ACCOUNTANT
2026-02-17 10:55:41 INFO  c.c.service.PermissionDataService - Refreshed expiration for role: ZONAL ACCOUNTANT to 3 mins
2026-02-17 10:56:45 INFO  c.c.service.PermissionDataService - >>> Permission Check Initiated <<<
2026-02-17 10:56:45 INFO  c.c.service.PermissionDataService - User: Hameed, Designations: [DGM], Roles: [DGM]
2026-02-17 10:56:45 INFO  c.c.service.PermissionDataService - CACHE MISS for role: DGM
2026-02-17 10:56:45 INFO  c.c.service.PermissionDataService - Fetching from DB for roles: [DGM]
2026-02-17 10:56:45 INFO  c.c.service.PermissionDataService - DB returned 1 records
2026-02-17 10:56:45 INFO  c.c.service.PermissionDataService - Processed DB Data chunk for role: DGM, UserRoleId: 1004, JSON Length: 537
2026-02-17 10:56:45 INFO  c.c.service.PermissionDataService - CACHE POPULATING (Pipeline) for role: DGM, Total Unique Screens: 4
2026-02-17 10:56:45 INFO  c.c.service.PermissionDataService - Stored in Redis: role_v2::DGM with 3 min expiration
2026-02-17 10:56:45 INFO  c.c.service.PermissionDataService - >>> Permission Check Initiated <<<
2026-02-17 10:56:45 INFO  c.c.service.PermissionDataService - User: Hameed, Designations: [DGM], Roles: [DGM]
2026-02-17 10:56:45 INFO  c.c.service.PermissionDataService - CACHE HIT for role: DGM
2026-02-17 10:56:45 INFO  c.c.service.PermissionDataService - Refreshed expiration for role: DGM to 3 mins
2026-02-17 10:56:45 INFO  c.c.service.PermissionDataService - >>> Permission Check Initiated <<<
2026-02-17 10:56:46 INFO  c.c.service.PermissionDataService - User: Hameed, Designations: [DGM], Roles: [DGM]
2026-02-17 10:56:46 INFO  c.c.service.PermissionDataService - CACHE HIT for role: DGM
2026-02-17 10:56:46 INFO  c.c.service.PermissionDataService - Refreshed expiration for role: DGM to 3 mins
2026-02-17 11:10:36 INFO  c.c.service.PermissionDataService - >>> Permission Check Initiated <<<
2026-02-17 11:10:36 INFO  c.c.service.PermissionDataService - User: Rohith, Designations: [ZONAL ACCOUNTANT], Roles: [ZONAL ACCOUNTANT]
2026-02-17 11:10:36 INFO  c.c.service.PermissionDataService - CACHE MISS for role: ZONAL ACCOUNTANT
2026-02-17 11:10:36 INFO  c.c.service.PermissionDataService - Fetching from DB for roles: [ZONAL ACCOUNTANT]
2026-02-17 11:10:37 INFO  c.c.service.PermissionDataService - DB returned 1 records
2026-02-17 11:10:37 INFO  c.c.service.PermissionDataService - Processed DB Data chunk for role: ZONAL ACCOUNTANT, UserRoleId: 640, JSON Length: 15878
2026-02-17 11:10:37 INFO  c.c.service.PermissionDataService - CACHE POPULATING (Pipeline) for role: ZONAL ACCOUNTANT, Total Unique Screens: 54
2026-02-17 11:10:37 INFO  c.c.service.PermissionDataService - Stored in Redis: role_v2::ZONAL ACCOUNTANT with 3 min expiration
2026-02-17 11:10:37 INFO  c.c.service.PermissionDataService - >>> Permission Check Initiated <<<
2026-02-17 11:10:37 INFO  c.c.service.PermissionDataService - User: Rohith, Designations: [ZONAL ACCOUNTANT], Roles: [ZONAL ACCOUNTANT]
2026-02-17 11:10:37 INFO  c.c.service.PermissionDataService - CACHE HIT for role: ZONAL ACCOUNTANT
2026-02-17 11:10:37 INFO  c.c.service.PermissionDataService - Refreshed expiration for role: ZONAL ACCOUNTANT to 3 mins
2026-02-17 11:10:37 INFO  c.c.service.PermissionDataService - >>> Permission Check Initiated <<<
2026-02-17 11:10:37 INFO  c.c.service.PermissionDataService - User: Rohith, Designations: [ZONAL ACCOUNTANT], Roles: [ZONAL ACCOUNTANT]
2026-02-17 11:10:37 INFO  c.c.service.PermissionDataService - CACHE HIT for role: ZONAL ACCOUNTANT
2026-02-17 11:10:37 INFO  c.c.service.PermissionDataService - Refreshed expiration for role: ZONAL ACCOUNTANT to 3 mins
2026-02-17 11:32:02 INFO  c.c.service.PermissionDataService - >>> Permission Check Initiated <<<
2026-02-17 11:32:02 INFO  c.c.service.PermissionDataService - User: Rohith, Designations: [ZONAL ACCOUNTANT], Roles: [ZONAL ACCOUNTANT]
2026-02-17 11:32:02 INFO  c.c.service.PermissionDataService - >>> Permission Check Initiated <<<
2026-02-17 11:32:02 INFO  c.c.service.PermissionDataService - User: Rohith, Designations: [ZONAL ACCOUNTANT], Roles: [ZONAL ACCOUNTANT]
2026-02-17 11:32:02 INFO  c.c.service.PermissionDataService - CACHE MISS for role: ZONAL ACCOUNTANT
2026-02-17 11:32:02 INFO  c.c.service.PermissionDataService - Fetching from DB for roles: [ZONAL ACCOUNTANT]
2026-02-17 11:32:02 INFO  c.c.service.PermissionDataService - CACHE MISS for role: ZONAL ACCOUNTANT
2026-02-17 11:32:02 INFO  c.c.service.PermissionDataService - Fetching from DB for roles: [ZONAL ACCOUNTANT]
2026-02-17 11:32:02 INFO  c.c.service.PermissionDataService - DB returned 1 records
2026-02-17 11:32:02 INFO  c.c.service.PermissionDataService - Processed DB Data chunk for role: ZONAL ACCOUNTANT, UserRoleId: 640, JSON Length: 15878
2026-02-17 11:32:02 INFO  c.c.service.PermissionDataService - CACHE POPULATING (Pipeline) for role: ZONAL ACCOUNTANT, Total Unique Screens: 54
2026-02-17 11:32:02 INFO  c.c.service.PermissionDataService - Stored in Redis: role_v2::ZONAL ACCOUNTANT with 3 min expiration
2026-02-17 11:32:02 INFO  c.c.service.PermissionDataService - DB returned 1 records
2026-02-17 11:32:02 INFO  c.c.service.PermissionDataService - Processed DB Data chunk for role: ZONAL ACCOUNTANT, UserRoleId: 640, JSON Length: 15878
2026-02-17 11:32:02 INFO  c.c.service.PermissionDataService - CACHE POPULATING (Pipeline) for role: ZONAL ACCOUNTANT, Total Unique Screens: 54
2026-02-17 11:32:02 INFO  c.c.service.PermissionDataService - Stored in Redis: role_v2::ZONAL ACCOUNTANT with 3 min expiration
2026-02-17 11:32:58 INFO  c.c.service.PermissionDataService - >>> Permission Check Initiated <<<
2026-02-17 11:32:58 INFO  c.c.service.PermissionDataService - >>> Permission Check Initiated <<<
2026-02-17 11:32:58 INFO  c.c.service.PermissionDataService - User: Rohith, Designations: [ZONAL ACCOUNTANT], Roles: [ZONAL ACCOUNTANT]
2026-02-17 11:32:58 INFO  c.c.service.PermissionDataService - User: Rohith, Designations: [ZONAL ACCOUNTANT], Roles: [ZONAL ACCOUNTANT]
2026-02-17 11:32:58 INFO  c.c.service.PermissionDataService - CACHE HIT for role: ZONAL ACCOUNTANT
2026-02-17 11:32:58 INFO  c.c.service.PermissionDataService - CACHE HIT for role: ZONAL ACCOUNTANT
2026-02-17 11:32:58 INFO  c.c.service.PermissionDataService - Refreshed expiration for role: ZONAL ACCOUNTANT to 3 mins
2026-02-17 11:32:58 INFO  c.c.service.PermissionDataService - Refreshed expiration for role: ZONAL ACCOUNTANT to 3 mins
2026-02-17 11:34:21 INFO  c.c.service.PermissionDataService - >>> Permission Check Initiated <<<
2026-02-17 11:34:21 INFO  c.c.service.PermissionDataService - User: Pavan, Designations: [DGM], Roles: [DGM]
2026-02-17 11:34:21 INFO  c.c.service.PermissionDataService - CACHE MISS for role: DGM
2026-02-17 11:34:21 INFO  c.c.service.PermissionDataService - Fetching from DB for roles: [DGM]
2026-02-17 11:34:21 INFO  c.c.service.PermissionDataService - DB returned 1 records
2026-02-17 11:34:21 INFO  c.c.service.PermissionDataService - Processed DB Data chunk for role: DGM, UserRoleId: 901, JSON Length: 537
2026-02-17 11:34:21 INFO  c.c.service.PermissionDataService - CACHE POPULATING (Pipeline) for role: DGM, Total Unique Screens: 4
2026-02-17 11:34:21 INFO  c.c.service.PermissionDataService - Stored in Redis: role_v2::DGM with 3 min expiration
2026-02-17 11:34:21 INFO  c.c.service.PermissionDataService - >>> Permission Check Initiated <<<
2026-02-17 11:34:21 INFO  c.c.service.PermissionDataService - User: Pavan, Designations: [DGM], Roles: [DGM]
2026-02-17 11:34:21 INFO  c.c.service.PermissionDataService - CACHE HIT for role: DGM
2026-02-17 11:34:21 INFO  c.c.service.PermissionDataService - Refreshed expiration for role: DGM to 3 mins
2026-02-17 11:34:21 INFO  c.c.service.PermissionDataService - >>> Permission Check Initiated <<<
2026-02-17 11:34:21 INFO  c.c.service.PermissionDataService - User: Pavan, Designations: [DGM], Roles: [DGM]
2026-02-17 11:34:21 INFO  c.c.service.PermissionDataService - CACHE HIT for role: DGM
2026-02-17 11:34:21 INFO  c.c.service.PermissionDataService - Refreshed expiration for role: DGM to 3 mins
2026-02-17 11:49:25 INFO  c.c.service.PermissionDataService - >>> Permission Check Initiated <<<
2026-02-17 11:49:25 INFO  c.c.service.PermissionDataService - >>> Permission Check Initiated <<<
2026-02-17 11:49:25 INFO  c.c.service.PermissionDataService - User: Pavan, Designations: [DGM], Roles: [DGM]
2026-02-17 11:49:25 INFO  c.c.service.PermissionDataService - User: Pavan, Designations: [DGM], Roles: [DGM]
2026-02-17 11:49:25 INFO  c.c.service.PermissionDataService - CACHE MISS for role: DGM
2026-02-17 11:49:25 INFO  c.c.service.PermissionDataService - CACHE MISS for role: DGM
2026-02-17 11:49:25 INFO  c.c.service.PermissionDataService - Fetching from DB for roles: [DGM]
2026-02-17 11:49:25 INFO  c.c.service.PermissionDataService - Fetching from DB for roles: [DGM]
2026-02-17 11:49:25 INFO  c.c.service.PermissionDataService - DB returned 1 records
2026-02-17 11:49:25 INFO  c.c.service.PermissionDataService - Processed DB Data chunk for role: DGM, UserRoleId: 901, JSON Length: 537
2026-02-17 11:49:26 INFO  c.c.service.PermissionDataService - CACHE POPULATING (Pipeline) for role: DGM, Total Unique Screens: 4
2026-02-17 11:49:26 INFO  c.c.service.PermissionDataService - Stored in Redis: role_v2::DGM with 3 min expiration
2026-02-17 11:49:26 INFO  c.c.service.PermissionDataService - DB returned 1 records
2026-02-17 11:49:26 INFO  c.c.service.PermissionDataService - Processed DB Data chunk for role: DGM, UserRoleId: 901, JSON Length: 537
2026-02-17 11:49:26 INFO  c.c.service.PermissionDataService - CACHE POPULATING (Pipeline) for role: DGM, Total Unique Screens: 4
2026-02-17 11:49:26 INFO  c.c.service.PermissionDataService - Stored in Redis: role_v2::DGM with 3 min expiration
2026-02-17 11:49:29 INFO  c.c.service.PermissionDataService - >>> Permission Check Initiated <<<
2026-02-17 11:49:29 INFO  c.c.service.PermissionDataService - User: Pavan, Designations: [DGM], Roles: [DGM]
2026-02-17 11:49:29 INFO  c.c.service.PermissionDataService - CACHE HIT for role: DGM
2026-02-17 11:49:29 INFO  c.c.service.PermissionDataService - Refreshed expiration for role: DGM to 3 mins
2026-02-17 11:49:29 INFO  c.c.service.PermissionDataService - >>> Permission Check Initiated <<<
2026-02-17 11:49:29 INFO  c.c.service.PermissionDataService - User: Pavan, Designations: [DGM], Roles: [DGM]
2026-02-17 11:49:29 INFO  c.c.service.PermissionDataService - CACHE HIT for role: DGM
2026-02-17 11:49:29 INFO  c.c.service.PermissionDataService - Refreshed expiration for role: DGM to 3 mins
2026-02-17 11:49:29 INFO  c.c.service.PermissionDataService - >>> Permission Check Initiated <<<
2026-02-17 11:49:29 INFO  c.c.service.PermissionDataService - User: Pavan, Designations: [DGM], Roles: [DGM]
2026-02-17 11:49:29 INFO  c.c.service.PermissionDataService - CACHE HIT for role: DGM
2026-02-17 11:49:29 INFO  c.c.service.PermissionDataService - Refreshed expiration for role: DGM to 3 mins
2026-02-17 11:49:33 INFO  c.c.service.PermissionDataService - >>> Permission Check Initiated <<<
2026-02-17 11:49:33 INFO  c.c.service.PermissionDataService - User: Mohan, Designations: [ADMIN EXECUTIVE], Roles: [ADMIN]
2026-02-17 11:49:33 INFO  c.c.service.PermissionDataService - CACHE MISS for role: ADMIN
2026-02-17 11:49:33 INFO  c.c.service.PermissionDataService - Fetching from DB for roles: [ADMIN]
2026-02-17 11:49:33 INFO  c.c.service.PermissionDataService - DB returned 1 records
2026-02-17 11:49:33 INFO  c.c.service.PermissionDataService - Processed DB Data chunk for role: ADMIN, UserRoleId: 939, JSON Length: 15781
2026-02-17 11:49:33 INFO  c.c.service.PermissionDataService - CACHE POPULATING (Pipeline) for role: ADMIN, Total Unique Screens: 135
2026-02-17 11:49:33 INFO  c.c.service.PermissionDataService - Stored in Redis: role_v2::ADMIN with 3 min expiration
2026-02-17 11:49:33 INFO  c.c.service.PermissionDataService - >>> Permission Check Initiated <<<
2026-02-17 11:49:33 INFO  c.c.service.PermissionDataService - User: Mohan, Designations: [ADMIN EXECUTIVE], Roles: [ADMIN]
2026-02-17 11:49:33 INFO  c.c.service.PermissionDataService - CACHE HIT for role: ADMIN
2026-02-17 11:49:33 INFO  c.c.service.PermissionDataService - Refreshed expiration for role: ADMIN to 3 mins
2026-02-17 11:49:33 INFO  c.c.service.PermissionDataService - >>> Permission Check Initiated <<<
2026-02-17 11:49:33 INFO  c.c.service.PermissionDataService - User: Mohan, Designations: [ADMIN EXECUTIVE], Roles: [ADMIN]
2026-02-17 11:49:33 INFO  c.c.service.PermissionDataService - CACHE HIT for role: ADMIN
2026-02-17 11:49:33 INFO  c.c.service.PermissionDataService - Refreshed expiration for role: ADMIN to 3 mins
2026-02-17 11:55:31 INFO  c.c.service.PermissionDataService - >>> Permission Check Initiated <<<
2026-02-17 11:55:31 INFO  c.c.service.PermissionDataService - >>> Permission Check Initiated <<<
2026-02-17 11:55:31 INFO  c.c.service.PermissionDataService - User: Mohan, Designations: [ADMIN EXECUTIVE], Roles: [ADMIN]
2026-02-17 11:55:31 INFO  c.c.service.PermissionDataService - User: Mohan, Designations: [ADMIN EXECUTIVE], Roles: [ADMIN]
2026-02-17 11:55:31 INFO  c.c.service.PermissionDataService - CACHE HIT for role: ADMIN
2026-02-17 11:55:31 INFO  c.c.service.PermissionDataService - CACHE HIT for role: ADMIN
2026-02-17 11:55:31 INFO  c.c.service.PermissionDataService - Refreshed expiration for role: ADMIN to 3 mins
2026-02-17 11:55:31 INFO  c.c.service.PermissionDataService - Refreshed expiration for role: ADMIN to 3 mins
2026-02-17 12:02:01 INFO  c.c.service.PermissionDataService - >>> Permission Check Initiated <<<
2026-02-17 12:02:01 INFO  c.c.service.PermissionDataService - >>> Permission Check Initiated <<<
2026-02-17 12:02:01 INFO  c.c.service.PermissionDataService - User: Mohan, Designations: [ADMIN EXECUTIVE], Roles: [ADMIN]
2026-02-17 12:02:01 INFO  c.c.service.PermissionDataService - User: Mohan, Designations: [ADMIN EXECUTIVE], Roles: [ADMIN]
2026-02-17 12:02:01 INFO  c.c.service.PermissionDataService - CACHE MISS for role: ADMIN
2026-02-17 12:02:01 INFO  c.c.service.PermissionDataService - CACHE MISS for role: ADMIN
2026-02-17 12:02:01 INFO  c.c.service.PermissionDataService - Fetching from DB for roles: [ADMIN]
2026-02-17 12:02:01 INFO  c.c.service.PermissionDataService - Fetching from DB for roles: [ADMIN]
2026-02-17 12:02:01 INFO  c.c.service.PermissionDataService - DB returned 1 records
2026-02-17 12:02:01 INFO  c.c.service.PermissionDataService - Processed DB Data chunk for role: ADMIN, UserRoleId: 939, JSON Length: 15781
2026-02-17 12:02:01 INFO  c.c.service.PermissionDataService - CACHE POPULATING (Pipeline) for role: ADMIN, Total Unique Screens: 135
2026-02-17 12:02:01 INFO  c.c.service.PermissionDataService - Stored in Redis: role_v2::ADMIN with 3 min expiration
2026-02-17 12:02:01 INFO  c.c.service.PermissionDataService - DB returned 1 records
2026-02-17 12:02:01 INFO  c.c.service.PermissionDataService - Processed DB Data chunk for role: ADMIN, UserRoleId: 939, JSON Length: 15781
2026-02-17 12:02:02 INFO  c.c.service.PermissionDataService - CACHE POPULATING (Pipeline) for role: ADMIN, Total Unique Screens: 135
2026-02-17 12:02:02 INFO  c.c.service.PermissionDataService - Stored in Redis: role_v2::ADMIN with 3 min expiration
2026-02-17 13:08:51 INFO  c.c.service.PermissionDataService - >>> Permission Check Initiated <<<
2026-02-17 13:08:51 INFO  c.c.service.PermissionDataService - User: Mohan, Designations: [ADMIN EXECUTIVE], Roles: [ADMIN]
2026-02-17 13:08:51 INFO  c.c.service.PermissionDataService - CACHE MISS for role: ADMIN
2026-02-17 13:08:51 INFO  c.c.service.PermissionDataService - Fetching from DB for roles: [ADMIN]
2026-02-17 13:08:51 INFO  c.c.service.PermissionDataService - DB returned 1 records
2026-02-17 13:08:51 INFO  c.c.service.PermissionDataService - Processed DB Data chunk for role: ADMIN, UserRoleId: 939, JSON Length: 15781
2026-02-17 13:08:51 INFO  c.c.service.PermissionDataService - CACHE POPULATING (Pipeline) for role: ADMIN, Total Unique Screens: 135
2026-02-17 13:08:51 INFO  c.c.service.PermissionDataService - Stored in Redis: role_v2::ADMIN with 3 min expiration
2026-02-17 13:08:51 INFO  c.c.service.PermissionDataService - >>> Permission Check Initiated <<<
2026-02-17 13:08:51 INFO  c.c.service.PermissionDataService - User: Mohan, Designations: [ADMIN EXECUTIVE], Roles: [ADMIN]
2026-02-17 13:08:51 INFO  c.c.service.PermissionDataService - CACHE HIT for role: ADMIN
2026-02-17 13:08:51 INFO  c.c.service.PermissionDataService - Refreshed expiration for role: ADMIN to 3 mins
2026-02-17 13:08:52 INFO  c.c.service.PermissionDataService - >>> Permission Check Initiated <<<
2026-02-17 13:08:52 INFO  c.c.service.PermissionDataService - User: Mohan, Designations: [ADMIN EXECUTIVE], Roles: [ADMIN]
2026-02-17 13:08:52 INFO  c.c.service.PermissionDataService - CACHE HIT for role: ADMIN
2026-02-17 13:08:52 INFO  c.c.service.PermissionDataService - Refreshed expiration for role: ADMIN to 3 mins
2026-02-17 13:12:34 INFO  c.c.service.PermissionDataService - >>> Permission Check Initiated <<<
2026-02-17 13:12:34 INFO  c.c.service.PermissionDataService - >>> Permission Check Initiated <<<
2026-02-17 13:12:34 INFO  c.c.service.PermissionDataService - User: Mohan, Designations: [ADMIN EXECUTIVE], Roles: [ADMIN]
2026-02-17 13:12:34 INFO  c.c.service.PermissionDataService - User: Mohan, Designations: [ADMIN EXECUTIVE], Roles: [ADMIN]
2026-02-17 13:12:34 INFO  c.c.service.PermissionDataService - CACHE MISS for role: ADMIN
2026-02-17 13:12:34 INFO  c.c.service.PermissionDataService - CACHE MISS for role: ADMIN
2026-02-17 13:12:34 INFO  c.c.service.PermissionDataService - Fetching from DB for roles: [ADMIN]
2026-02-17 13:12:34 INFO  c.c.service.PermissionDataService - Fetching from DB for roles: [ADMIN]
2026-02-17 13:12:34 INFO  c.c.service.PermissionDataService - DB returned 1 records
2026-02-17 13:12:34 INFO  c.c.service.PermissionDataService - Processed DB Data chunk for role: ADMIN, UserRoleId: 939, JSON Length: 15781
2026-02-17 13:12:34 INFO  c.c.service.PermissionDataService - CACHE POPULATING (Pipeline) for role: ADMIN, Total Unique Screens: 135
2026-02-17 13:12:34 INFO  c.c.service.PermissionDataService - Stored in Redis: role_v2::ADMIN with 3 min expiration
2026-02-17 13:12:35 INFO  c.c.service.PermissionDataService - DB returned 1 records
2026-02-17 13:12:35 INFO  c.c.service.PermissionDataService - Processed DB Data chunk for role: ADMIN, UserRoleId: 939, JSON Length: 15781
2026-02-17 13:12:35 INFO  c.c.service.PermissionDataService - CACHE POPULATING (Pipeline) for role: ADMIN, Total Unique Screens: 135
2026-02-17 13:12:35 INFO  c.c.service.PermissionDataService - Stored in Redis: role_v2::ADMIN with 3 min expiration
2026-02-17 15:06:42 INFO  c.c.service.PermissionDataService - >>> Permission Check Initiated <<<
2026-02-17 15:06:42 INFO  c.c.service.PermissionDataService - User: Mohan, Designations: [ADMIN EXECUTIVE], Roles: [ADMIN]
2026-02-17 15:06:42 INFO  c.c.service.PermissionDataService - CACHE MISS for role: ADMIN
2026-02-17 15:06:42 INFO  c.c.service.PermissionDataService - Fetching from DB for roles: [ADMIN]
2026-02-17 15:06:43 INFO  c.c.service.PermissionDataService - DB returned 1 records
2026-02-17 15:06:43 INFO  c.c.service.PermissionDataService - Processed DB Data chunk for role: ADMIN, UserRoleId: 939, JSON Length: 15766
2026-02-17 15:06:43 INFO  c.c.service.PermissionDataService - CACHE POPULATING (Pipeline) for role: ADMIN, Total Unique Screens: 135
2026-02-17 15:06:43 INFO  c.c.service.PermissionDataService - Stored in Redis: role_v2::ADMIN with 3 min expiration
2026-02-17 15:06:43 INFO  c.c.service.PermissionDataService - >>> Permission Check Initiated <<<
2026-02-17 15:06:43 INFO  c.c.service.PermissionDataService - User: Mohan, Designations: [ADMIN EXECUTIVE], Roles: [ADMIN]
2026-02-17 15:06:43 INFO  c.c.service.PermissionDataService - CACHE HIT for role: ADMIN
2026-02-17 15:06:43 INFO  c.c.service.PermissionDataService - Refreshed expiration for role: ADMIN to 3 mins
2026-02-17 15:06:43 INFO  c.c.service.PermissionDataService - >>> Permission Check Initiated <<<
2026-02-17 15:06:43 INFO  c.c.service.PermissionDataService - User: Mohan, Designations: [ADMIN EXECUTIVE], Roles: [ADMIN]
2026-02-17 15:06:43 INFO  c.c.service.PermissionDataService - CACHE HIT for role: ADMIN
2026-02-17 15:06:43 INFO  c.c.service.PermissionDataService - Refreshed expiration for role: ADMIN to 3 mins
2026-02-17 15:42:27 INFO  c.c.service.PermissionDataService - >>> Permission Check Initiated <<<
2026-02-17 15:42:27 INFO  c.c.service.PermissionDataService - User: Mohan, Designations: [ADMIN EXECUTIVE], Roles: [ADMIN]
2026-02-17 15:42:27 INFO  c.c.service.PermissionDataService - CACHE MISS for role: ADMIN
2026-02-17 15:42:27 INFO  c.c.service.PermissionDataService - Fetching from DB for roles: [ADMIN]
2026-02-17 15:42:27 INFO  c.c.service.PermissionDataService - DB returned 1 records
2026-02-17 15:42:27 INFO  c.c.service.PermissionDataService - Processed DB Data chunk for role: ADMIN, UserRoleId: 939, JSON Length: 15766
2026-02-17 15:42:27 INFO  c.c.service.PermissionDataService - CACHE POPULATING (Pipeline) for role: ADMIN, Total Unique Screens: 135
2026-02-17 15:42:27 INFO  c.c.service.PermissionDataService - Stored in Redis: role_v2::ADMIN with 3 min expiration
2026-02-17 15:42:27 INFO  c.c.service.PermissionDataService - >>> Permission Check Initiated <<<
2026-02-17 15:42:27 INFO  c.c.service.PermissionDataService - User: Mohan, Designations: [ADMIN EXECUTIVE], Roles: [ADMIN]
2026-02-17 15:42:27 INFO  c.c.service.PermissionDataService - >>> Permission Check Initiated <<<
2026-02-17 15:42:27 INFO  c.c.service.PermissionDataService - User: Mohan, Designations: [ADMIN EXECUTIVE], Roles: [ADMIN]
2026-02-17 15:42:27 INFO  c.c.service.PermissionDataService - CACHE HIT for role: ADMIN
2026-02-17 15:42:27 INFO  c.c.service.PermissionDataService - CACHE HIT for role: ADMIN
2026-02-17 15:42:27 INFO  c.c.service.PermissionDataService - Refreshed expiration for role: ADMIN to 3 mins
2026-02-17 15:42:27 INFO  c.c.service.PermissionDataService - Refreshed expiration for role: ADMIN to 3 mins
2026-02-17 19:10:36 INFO  c.c.service.PermissionDataService - >>> Permission Check Initiated <<<
2026-02-17 19:10:36 INFO  c.c.service.PermissionDataService - User: Mohan, Designations: [ADMIN EXECUTIVE], Roles: [ADMIN]
2026-02-17 19:10:51 INFO  c.c.service.PermissionDataService - CACHE MISS for role: ADMIN
2026-02-17 19:10:51 INFO  c.c.service.PermissionDataService - Fetching from DB for roles: [ADMIN]
2026-02-17 19:10:51 INFO  c.c.service.PermissionDataService - DB returned 1 records
2026-02-17 19:10:51 INFO  c.c.service.PermissionDataService - Processed DB Data chunk for role: ADMIN, UserRoleId: 939, JSON Length: 15766
2026-02-17 19:10:51 INFO  c.c.service.PermissionDataService - CACHE POPULATING (Pipeline) for role: ADMIN, Total Unique Screens: 135
2026-02-17 19:10:51 INFO  c.c.service.PermissionDataService - Stored in Redis: role_v2::ADMIN with 3 min expiration
2026-02-17 19:10:51 INFO  c.c.service.PermissionDataService - >>> Permission Check Initiated <<<
2026-02-17 19:10:51 INFO  c.c.service.PermissionDataService - User: Mohan, Designations: [ADMIN EXECUTIVE], Roles: [ADMIN]
2026-02-17 19:10:51 INFO  c.c.service.PermissionDataService - CACHE HIT for role: ADMIN
2026-02-17 19:10:51 INFO  c.c.service.PermissionDataService - Refreshed expiration for role: ADMIN to 3 mins
2026-02-17 19:10:51 INFO  c.c.service.PermissionDataService - >>> Permission Check Initiated <<<
2026-02-17 19:10:51 INFO  c.c.service.PermissionDataService - User: Mohan, Designations: [ADMIN EXECUTIVE], Roles: [ADMIN]
2026-02-17 19:10:51 INFO  c.c.service.PermissionDataService - CACHE HIT for role: ADMIN
2026-02-17 19:10:51 INFO  c.c.service.PermissionDataService - Refreshed expiration for role: ADMIN to 3 mins
2026-02-17 19:11:13 INFO  c.c.service.PermissionDataService - >>> Permission Check Initiated <<<
2026-02-17 19:11:13 INFO  c.c.service.PermissionDataService - >>> Permission Check Initiated <<<
2026-02-17 19:11:13 INFO  c.c.service.PermissionDataService - User: Mohan, Designations: [ADMIN EXECUTIVE], Roles: [ADMIN]
2026-02-17 19:11:13 INFO  c.c.service.PermissionDataService - User: Mohan, Designations: [ADMIN EXECUTIVE], Roles: [ADMIN]
2026-02-17 19:11:13 INFO  c.c.service.PermissionDataService - CACHE HIT for role: ADMIN
2026-02-17 19:11:13 INFO  c.c.service.PermissionDataService - Refreshed expiration for role: ADMIN to 3 mins
2026-02-17 19:11:13 INFO  c.c.service.PermissionDataService - CACHE HIT for role: ADMIN
2026-02-17 19:11:13 INFO  c.c.service.PermissionDataService - Refreshed expiration for role: ADMIN to 3 mins
2026-02-17 21:50:01 INFO  c.c.service.PermissionDataService - >>> Permission Check Initiated <<<
2026-02-17 21:50:01 INFO  c.c.service.PermissionDataService - User: Mohan, Designations: [ADMIN EXECUTIVE], Roles: [ADMIN]
2026-02-17 21:50:01 INFO  c.c.service.PermissionDataService - CACHE HIT for role: ADMIN
2026-02-17 21:50:01 INFO  c.c.service.PermissionDataService - Refreshed expiration for role: ADMIN to 3 mins
2026-02-17 21:50:01 INFO  c.c.service.PermissionDataService - >>> Permission Check Initiated <<<
2026-02-17 21:50:01 INFO  c.c.service.PermissionDataService - User: Mohan, Designations: [ADMIN EXECUTIVE], Roles: [ADMIN]
2026-02-17 21:50:01 INFO  c.c.service.PermissionDataService - CACHE HIT for role: ADMIN
2026-02-17 21:50:01 INFO  c.c.service.PermissionDataService - Refreshed expiration for role: ADMIN to 3 mins
2026-02-17 21:50:01 INFO  c.c.service.PermissionDataService - >>> Permission Check Initiated <<<
2026-02-17 21:50:01 INFO  c.c.service.PermissionDataService - User: Mohan, Designations: [ADMIN EXECUTIVE], Roles: [ADMIN]
2026-02-17 21:50:01 INFO  c.c.service.PermissionDataService - CACHE HIT for role: ADMIN
2026-02-17 21:50:01 INFO  c.c.service.PermissionDataService - Refreshed expiration for role: ADMIN to 3 mins
2026-02-17 21:50:47 INFO  c.c.service.PermissionDataService - >>> Permission Check Initiated <<<
2026-02-17 21:50:47 INFO  c.c.service.PermissionDataService - User: Mohan, Designations: [ADMIN EXECUTIVE], Roles: [ADMIN]
2026-02-17 21:50:47 INFO  c.c.service.PermissionDataService - CACHE HIT for role: ADMIN
2026-02-17 21:50:47 INFO  c.c.service.PermissionDataService - Refreshed expiration for role: ADMIN to 3 mins
2026-02-17 21:50:47 INFO  c.c.service.PermissionDataService - >>> Permission Check Initiated <<<
2026-02-17 21:50:47 INFO  c.c.service.PermissionDataService - User: Mohan, Designations: [ADMIN EXECUTIVE], Roles: [ADMIN]
2026-02-17 21:50:47 INFO  c.c.service.PermissionDataService - CACHE HIT for role: ADMIN
2026-02-17 21:50:47 INFO  c.c.service.PermissionDataService - Refreshed expiration for role: ADMIN to 3 mins
2026-02-17 21:50:47 INFO  c.c.service.PermissionDataService - >>> Permission Check Initiated <<<
2026-02-17 21:50:47 INFO  c.c.service.PermissionDataService - User: Mohan, Designations: [ADMIN EXECUTIVE], Roles: [ADMIN]
2026-02-17 21:50:47 INFO  c.c.service.PermissionDataService - CACHE HIT for role: ADMIN
2026-02-17 21:50:48 INFO  c.c.service.PermissionDataService - Refreshed expiration for role: ADMIN to 3 mins
