2026-02-14 10:21:27 INFO  c.c.service.PermissionDataService - >>> Permission Check Initiated <<<
2026-02-14 10:21:27 INFO  c.c.service.PermissionDataService - User: Hemanth, Designations: [ADMIN EXECUTIVE], Roles: [ADMIN]
2026-02-14 10:21:27 INFO  c.c.service.PermissionDataService - CACHE MISS for role: ADMIN
2026-02-14 10:21:27 INFO  c.c.service.PermissionDataService - Fetching from DB for roles: [ADMIN]
2026-02-14 10:21:27 INFO  c.c.service.PermissionDataService - DB returned 1 records
2026-02-14 10:21:27 INFO  c.c.service.PermissionDataService - Processed DB Data chunk for role: ADMIN, UserRoleId: 1045, JSON Length: 15781
2026-02-14 10:21:27 INFO  c.c.service.PermissionDataService - CACHE POPULATING (Pipeline) for role: ADMIN, Total Unique Screens: 135
2026-02-14 10:21:27 INFO  c.c.service.PermissionDataService - Stored in Redis: role_v2::ADMIN with 3 min expiration
2026-02-14 10:21:27 INFO  c.c.service.PermissionDataService - >>> Permission Check Initiated <<<
2026-02-14 10:21:27 INFO  c.c.service.PermissionDataService - User: Hemanth, Designations: [ADMIN EXECUTIVE], Roles: [ADMIN]
2026-02-14 10:21:27 INFO  c.c.service.PermissionDataService - CACHE HIT for role: ADMIN
2026-02-14 10:21:27 INFO  c.c.service.PermissionDataService - Refreshed expiration for role: ADMIN to 3 mins
2026-02-14 10:21:27 INFO  c.c.service.PermissionDataService - >>> Permission Check Initiated <<<
2026-02-14 10:21:27 INFO  c.c.service.PermissionDataService - User: Hemanth, Designations: [ADMIN EXECUTIVE], Roles: [ADMIN]
2026-02-14 10:21:27 INFO  c.c.service.PermissionDataService - CACHE HIT for role: ADMIN
2026-02-14 10:21:27 INFO  c.c.service.PermissionDataService - Refreshed expiration for role: ADMIN to 3 mins
2026-02-14 12:29:33 INFO  c.c.service.PermissionDataService - >>> Permission Check Initiated <<<
2026-02-14 12:29:33 INFO  c.c.service.PermissionDataService - User: Hemanth, Designations: [ADMIN EXECUTIVE], Roles: [ADMIN]
2026-02-14 12:29:40 INFO  c.c.service.PermissionDataService - >>> Permission Check Initiated <<<
2026-02-14 12:29:40 INFO  c.c.service.PermissionDataService - User: Hemanth, Designations: [ADMIN EXECUTIVE], Roles: [ADMIN]
2026-02-14 12:29:40 INFO  c.c.service.PermissionDataService - CACHE MISS for role: ADMIN
2026-02-14 12:29:40 INFO  c.c.service.PermissionDataService - Fetching from DB for roles: [ADMIN]
2026-02-14 12:29:40 INFO  c.c.service.PermissionDataService - DB returned 1 records
2026-02-14 12:29:40 INFO  c.c.service.PermissionDataService - Processed DB Data chunk for role: ADMIN, UserRoleId: 1045, JSON Length: 15781
2026-02-14 12:29:40 INFO  c.c.service.PermissionDataService - CACHE POPULATING (Pipeline) for role: ADMIN, Total Unique Screens: 135
2026-02-14 12:29:40 INFO  c.c.service.PermissionDataService - Stored in Redis: role_v2::ADMIN with 3 min expiration
2026-02-14 12:29:40 INFO  c.c.service.PermissionDataService - >>> Permission Check Initiated <<<
2026-02-14 12:29:40 INFO  c.c.service.PermissionDataService - User: Hemanth, Designations: [ADMIN EXECUTIVE], Roles: [ADMIN]
2026-02-14 12:29:40 INFO  c.c.service.PermissionDataService - CACHE HIT for role: ADMIN
2026-02-14 12:29:40 INFO  c.c.service.PermissionDataService - Refreshed expiration for role: ADMIN to 3 mins
2026-02-14 12:29:40 INFO  c.c.service.PermissionDataService - >>> Permission Check Initiated <<<
2026-02-14 12:29:40 INFO  c.c.service.PermissionDataService - User: Hemanth, Designations: [ADMIN EXECUTIVE], Roles: [ADMIN]
2026-02-14 12:29:40 INFO  c.c.service.PermissionDataService - CACHE HIT for role: ADMIN
2026-02-14 12:29:40 INFO  c.c.service.PermissionDataService - Refreshed expiration for role: ADMIN to 3 mins
2026-02-14 15:15:39 INFO  c.c.service.PermissionDataService - >>> Permission Check Initiated <<<
2026-02-14 15:15:39 INFO  c.c.service.PermissionDataService - User: Hemanth, Designations: [ADMIN EXECUTIVE], Roles: [ADMIN]
2026-02-14 15:15:39 INFO  c.c.service.PermissionDataService - CACHE MISS for role: ADMIN
2026-02-14 15:15:39 INFO  c.c.service.PermissionDataService - Fetching from DB for roles: [ADMIN]
2026-02-14 15:15:39 INFO  c.c.service.PermissionDataService - DB returned 1 records
2026-02-14 15:15:39 INFO  c.c.service.PermissionDataService - Processed DB Data chunk for role: ADMIN, UserRoleId: 1045, JSON Length: 15781
2026-02-14 15:15:39 INFO  c.c.service.PermissionDataService - CACHE POPULATING (Pipeline) for role: ADMIN, Total Unique Screens: 135
2026-02-14 15:15:39 INFO  c.c.service.PermissionDataService - Stored in Redis: role_v2::ADMIN with 3 min expiration
2026-02-14 15:15:39 INFO  c.c.service.PermissionDataService - >>> Permission Check Initiated <<<
2026-02-14 15:15:39 INFO  c.c.service.PermissionDataService - User: Hemanth, Designations: [ADMIN EXECUTIVE], Roles: [ADMIN]
2026-02-14 15:15:39 INFO  c.c.service.PermissionDataService - CACHE HIT for role: ADMIN
2026-02-14 15:15:39 INFO  c.c.service.PermissionDataService - Refreshed expiration for role: ADMIN to 3 mins
2026-02-14 15:15:39 INFO  c.c.service.PermissionDataService - >>> Permission Check Initiated <<<
2026-02-14 15:15:39 INFO  c.c.service.PermissionDataService - User: Hemanth, Designations: [ADMIN EXECUTIVE], Roles: [ADMIN]
2026-02-14 15:15:39 INFO  c.c.service.PermissionDataService - CACHE HIT for role: ADMIN
2026-02-14 15:15:39 INFO  c.c.service.PermissionDataService - Refreshed expiration for role: ADMIN to 3 mins
2026-02-14 15:25:10 INFO  c.c.service.PermissionDataService - >>> Permission Check Initiated <<<
2026-02-14 15:25:10 INFO  c.c.service.PermissionDataService - >>> Permission Check Initiated <<<
2026-02-14 15:25:10 INFO  c.c.service.PermissionDataService - User: Hemanth, Designations: [ADMIN EXECUTIVE], Roles: [ADMIN]
2026-02-14 15:25:10 INFO  c.c.service.PermissionDataService - User: Hemanth, Designations: [ADMIN EXECUTIVE], Roles: [ADMIN]
2026-02-14 15:25:10 INFO  c.c.service.PermissionDataService - CACHE HIT for role: ADMIN
2026-02-14 15:25:10 INFO  c.c.service.PermissionDataService - CACHE HIT for role: ADMIN
2026-02-14 15:25:10 INFO  c.c.service.PermissionDataService - Refreshed expiration for role: ADMIN to 3 mins
2026-02-14 15:25:10 INFO  c.c.service.PermissionDataService - Refreshed expiration for role: ADMIN to 3 mins
