2026-02-27 00:09:04 INFO  c.c.service.PermissionDataService - >>> Permission Check Initiated <<<
2026-02-27 00:09:04 INFO  c.c.service.PermissionDataService - User: Mohan, Designations: [CENTER HEAD], Roles: [ADMIN]
2026-02-27 00:09:04 INFO  c.c.service.PermissionDataService - CACHE MISS for role: ADMIN
2026-02-27 00:09:04 INFO  c.c.service.PermissionDataService - Fetching from DB for roles: [ADMIN]
2026-02-27 00:09:05 INFO  c.c.service.PermissionDataService - DB returned 1 records
2026-02-27 00:09:05 INFO  c.c.service.PermissionDataService - Processed DB Data chunk for role: ADMIN, UserRoleId: 939, JSON Length: 22208
2026-02-27 00:09:05 INFO  c.c.service.PermissionDataService - CACHE POPULATING (Pipeline) for role: ADMIN, Total Unique Screens: 185
2026-02-27 00:09:05 INFO  c.c.service.PermissionDataService - Stored in Redis: role_v2::ADMIN with 3 min expiration
2026-02-27 00:09:05 INFO  c.c.service.PermissionDataService - >>> Permission Check Initiated <<<
2026-02-27 00:09:05 INFO  c.c.service.PermissionDataService - User: Mohan, Designations: [CENTER HEAD], Roles: [ADMIN]
2026-02-27 00:09:05 INFO  c.c.service.PermissionDataService - CACHE HIT for role: ADMIN
2026-02-27 00:09:05 INFO  c.c.service.PermissionDataService - Refreshed expiration for role: ADMIN to 3 mins
2026-02-27 00:16:00 INFO  c.c.service.PermissionDataService - >>> Permission Check Initiated <<<
2026-02-27 00:16:00 INFO  c.c.service.PermissionDataService - User: Mohan, Designations: [CENTER HEAD], Roles: [ADMIN]
2026-02-27 00:16:00 INFO  c.c.service.PermissionDataService - CACHE MISS for role: ADMIN
2026-02-27 00:16:00 INFO  c.c.service.PermissionDataService - Fetching from DB for roles: [ADMIN]
2026-02-27 00:16:01 INFO  c.c.service.PermissionDataService - DB returned 1 records
2026-02-27 00:16:01 INFO  c.c.service.PermissionDataService - Processed DB Data chunk for role: ADMIN, UserRoleId: 939, JSON Length: 22208
2026-02-27 00:16:01 INFO  c.c.service.PermissionDataService - CACHE POPULATING (Pipeline) for role: ADMIN, Total Unique Screens: 185
2026-02-27 00:16:01 INFO  c.c.service.PermissionDataService - Stored in Redis: role_v2::ADMIN with 3 min expiration
2026-02-27 00:16:01 INFO  c.c.service.PermissionDataService - >>> Permission Check Initiated <<<
2026-02-27 00:16:01 INFO  c.c.service.PermissionDataService - User: Mohan, Designations: [CENTER HEAD], Roles: [ADMIN]
2026-02-27 00:16:01 INFO  c.c.service.PermissionDataService - CACHE HIT for role: ADMIN
2026-02-27 00:16:01 INFO  c.c.service.PermissionDataService - Refreshed expiration for role: ADMIN to 3 mins
2026-02-27 00:20:09 INFO  c.c.service.PermissionDataService - >>> Permission Check Initiated <<<
2026-02-27 00:20:09 INFO  c.c.service.PermissionDataService - User: Mohan, Designations: [CENTER HEAD], Roles: [ADMIN]
2026-02-27 00:20:09 INFO  c.c.service.PermissionDataService - CACHE HIT for role: ADMIN
2026-02-27 00:20:09 INFO  c.c.service.PermissionDataService - Refreshed expiration for role: ADMIN to 3 mins
2026-02-27 00:20:09 INFO  c.c.service.PermissionDataService - >>> Permission Check Initiated <<<
2026-02-27 00:20:09 INFO  c.c.service.PermissionDataService - User: Mohan, Designations: [CENTER HEAD], Roles: [ADMIN]
2026-02-27 00:20:09 INFO  c.c.service.PermissionDataService - CACHE HIT for role: ADMIN
2026-02-27 00:20:09 INFO  c.c.service.PermissionDataService - Refreshed expiration for role: ADMIN to 3 mins
2026-02-27 00:20:09 INFO  c.c.service.PermissionDataService - >>> Permission Check Initiated <<<
2026-02-27 00:20:09 INFO  c.c.service.PermissionDataService - User: Mohan, Designations: [CENTER HEAD], Roles: [ADMIN]
2026-02-27 00:20:09 INFO  c.c.service.PermissionDataService - CACHE HIT for role: ADMIN
2026-02-27 00:20:09 INFO  c.c.service.PermissionDataService - Refreshed expiration for role: ADMIN to 3 mins
2026-02-27 07:13:00 INFO  c.c.service.PermissionDataService - >>> Permission Check Initiated <<<
2026-02-27 07:13:00 INFO  c.c.service.PermissionDataService - User: Mohan, Designations: [CENTER HEAD], Roles: [ADMIN]
2026-02-27 07:13:02 INFO  c.c.service.PermissionDataService - CACHE HIT for role: ADMIN
2026-02-27 07:13:02 INFO  c.c.service.PermissionDataService - Refreshed expiration for role: ADMIN to 3 mins
2026-02-27 07:13:02 INFO  c.c.service.PermissionDataService - >>> Permission Check Initiated <<<
2026-02-27 07:13:02 INFO  c.c.service.PermissionDataService - User: Mohan, Designations: [CENTER HEAD], Roles: [ADMIN]
2026-02-27 07:13:02 INFO  c.c.service.PermissionDataService - CACHE HIT for role: ADMIN
2026-02-27 07:13:03 INFO  c.c.service.PermissionDataService - Refreshed expiration for role: ADMIN to 3 mins
2026-02-27 07:13:03 INFO  c.c.service.PermissionDataService - >>> Permission Check Initiated <<<
2026-02-27 07:13:03 INFO  c.c.service.PermissionDataService - User: Mohan, Designations: [CENTER HEAD], Roles: [ADMIN]
2026-02-27 07:13:03 INFO  c.c.service.PermissionDataService - CACHE HIT for role: ADMIN
2026-02-27 07:13:03 INFO  c.c.service.PermissionDataService - Refreshed expiration for role: ADMIN to 3 mins
2026-02-27 07:18:20 INFO  c.c.service.PermissionDataService - >>> Permission Check Initiated <<<
2026-02-27 07:18:20 INFO  c.c.service.PermissionDataService - User: Mohan, Designations: [CENTER HEAD], Roles: [ADMIN]
2026-02-27 07:18:20 INFO  c.c.service.PermissionDataService - CACHE MISS for role: ADMIN
2026-02-27 07:18:20 INFO  c.c.service.PermissionDataService - Fetching from DB for roles: [ADMIN]
2026-02-27 07:18:22 INFO  c.c.service.PermissionDataService - DB returned 1 records
2026-02-27 07:18:22 INFO  c.c.service.PermissionDataService - Processed DB Data chunk for role: ADMIN, UserRoleId: 939, JSON Length: 22208
2026-02-27 07:18:23 INFO  c.c.service.PermissionDataService - CACHE POPULATING (Pipeline) for role: ADMIN, Total Unique Screens: 185
2026-02-27 07:18:23 INFO  c.c.service.PermissionDataService - Stored in Redis: role_v2::ADMIN with 3 min expiration
2026-02-27 07:18:23 INFO  c.c.service.PermissionDataService - >>> Permission Check Initiated <<<
2026-02-27 07:18:23 INFO  c.c.service.PermissionDataService - User: Mohan, Designations: [CENTER HEAD], Roles: [ADMIN]
2026-02-27 07:18:23 INFO  c.c.service.PermissionDataService - CACHE HIT for role: ADMIN
2026-02-27 07:18:23 INFO  c.c.service.PermissionDataService - Refreshed expiration for role: ADMIN to 3 mins
2026-02-27 07:36:22 INFO  c.c.service.PermissionDataService - >>> Permission Check Initiated <<<
2026-02-27 07:36:22 INFO  c.c.service.PermissionDataService - User: Mohan, Designations: [CENTER HEAD], Roles: [ADMIN]
2026-02-27 07:36:22 INFO  c.c.service.PermissionDataService - CACHE MISS for role: ADMIN
2026-02-27 07:36:22 INFO  c.c.service.PermissionDataService - Fetching from DB for roles: [ADMIN]
2026-02-27 07:36:23 INFO  c.c.service.PermissionDataService - DB returned 1 records
2026-02-27 07:36:23 INFO  c.c.service.PermissionDataService - Processed DB Data chunk for role: ADMIN, UserRoleId: 939, JSON Length: 22208
2026-02-27 07:36:23 INFO  c.c.service.PermissionDataService - CACHE POPULATING (Pipeline) for role: ADMIN, Total Unique Screens: 185
2026-02-27 07:36:23 INFO  c.c.service.PermissionDataService - Stored in Redis: role_v2::ADMIN with 3 min expiration
2026-02-27 07:36:23 INFO  c.c.service.PermissionDataService - >>> Permission Check Initiated <<<
2026-02-27 07:36:23 INFO  c.c.service.PermissionDataService - User: Mohan, Designations: [CENTER HEAD], Roles: [ADMIN]
2026-02-27 07:36:23 INFO  c.c.service.PermissionDataService - CACHE HIT for role: ADMIN
2026-02-27 07:36:23 INFO  c.c.service.PermissionDataService - Refreshed expiration for role: ADMIN to 3 mins
2026-02-27 07:45:11 INFO  c.c.service.PermissionDataService - >>> Permission Check Initiated <<<
2026-02-27 07:45:11 INFO  c.c.service.PermissionDataService - User: Mohan, Designations: [CENTER HEAD], Roles: [ADMIN]
2026-02-27 07:45:11 INFO  c.c.service.PermissionDataService - CACHE MISS for role: ADMIN
2026-02-27 07:45:11 INFO  c.c.service.PermissionDataService - Fetching from DB for roles: [ADMIN]
2026-02-27 07:45:12 INFO  c.c.service.PermissionDataService - DB returned 1 records
2026-02-27 07:45:12 INFO  c.c.service.PermissionDataService - Processed DB Data chunk for role: ADMIN, UserRoleId: 939, JSON Length: 22208
2026-02-27 07:45:12 INFO  c.c.service.PermissionDataService - CACHE POPULATING (Pipeline) for role: ADMIN, Total Unique Screens: 185
2026-02-27 07:45:12 INFO  c.c.service.PermissionDataService - Stored in Redis: role_v2::ADMIN with 3 min expiration
2026-02-27 07:45:12 INFO  c.c.service.PermissionDataService - >>> Permission Check Initiated <<<
2026-02-27 07:45:12 INFO  c.c.service.PermissionDataService - User: Mohan, Designations: [CENTER HEAD], Roles: [ADMIN]
2026-02-27 07:45:12 INFO  c.c.service.PermissionDataService - CACHE HIT for role: ADMIN
2026-02-27 07:45:12 INFO  c.c.service.PermissionDataService - Refreshed expiration for role: ADMIN to 3 mins
2026-02-27 07:49:30 INFO  c.c.service.PermissionDataService - >>> Permission Check Initiated <<<
2026-02-27 07:49:30 INFO  c.c.service.PermissionDataService - User: Mohan, Designations: [CENTER HEAD], Roles: [ADMIN]
2026-02-27 07:49:30 INFO  c.c.service.PermissionDataService - CACHE MISS for role: ADMIN
2026-02-27 07:49:30 INFO  c.c.service.PermissionDataService - Fetching from DB for roles: [ADMIN]
2026-02-27 07:49:31 INFO  c.c.service.PermissionDataService - DB returned 1 records
2026-02-27 07:49:31 INFO  c.c.service.PermissionDataService - Processed DB Data chunk for role: ADMIN, UserRoleId: 939, JSON Length: 22208
2026-02-27 07:49:31 INFO  c.c.service.PermissionDataService - CACHE POPULATING (Pipeline) for role: ADMIN, Total Unique Screens: 185
2026-02-27 07:49:31 INFO  c.c.service.PermissionDataService - Stored in Redis: role_v2::ADMIN with 3 min expiration
2026-02-27 07:49:31 INFO  c.c.service.PermissionDataService - >>> Permission Check Initiated <<<
2026-02-27 07:49:31 INFO  c.c.service.PermissionDataService - User: Mohan, Designations: [CENTER HEAD], Roles: [ADMIN]
2026-02-27 07:49:31 INFO  c.c.service.PermissionDataService - CACHE HIT for role: ADMIN
2026-02-27 07:49:31 INFO  c.c.service.PermissionDataService - Refreshed expiration for role: ADMIN to 3 mins
2026-02-27 07:56:18 INFO  c.c.service.PermissionDataService - >>> Permission Check Initiated <<<
2026-02-27 07:56:18 INFO  c.c.service.PermissionDataService - User: Mohan, Designations: [CENTER HEAD], Roles: [ADMIN]
2026-02-27 07:56:18 INFO  c.c.service.PermissionDataService - CACHE MISS for role: ADMIN
2026-02-27 07:56:18 INFO  c.c.service.PermissionDataService - Fetching from DB for roles: [ADMIN]
2026-02-27 07:56:18 INFO  c.c.service.PermissionDataService - DB returned 1 records
2026-02-27 07:56:18 INFO  c.c.service.PermissionDataService - Processed DB Data chunk for role: ADMIN, UserRoleId: 939, JSON Length: 22208
2026-02-27 07:56:18 INFO  c.c.service.PermissionDataService - CACHE POPULATING (Pipeline) for role: ADMIN, Total Unique Screens: 185
2026-02-27 07:56:18 INFO  c.c.service.PermissionDataService - Stored in Redis: role_v2::ADMIN with 3 min expiration
2026-02-27 07:56:18 INFO  c.c.service.PermissionDataService - >>> Permission Check Initiated <<<
2026-02-27 07:56:18 INFO  c.c.service.PermissionDataService - User: Mohan, Designations: [CENTER HEAD], Roles: [ADMIN]
2026-02-27 07:56:19 INFO  c.c.service.PermissionDataService - CACHE HIT for role: ADMIN
2026-02-27 07:56:19 INFO  c.c.service.PermissionDataService - Refreshed expiration for role: ADMIN to 3 mins
2026-02-27 08:04:57 INFO  c.c.service.PermissionDataService - >>> Permission Check Initiated <<<
2026-02-27 08:04:57 INFO  c.c.service.PermissionDataService - User: Mohan, Designations: [CENTER HEAD], Roles: [ADMIN]
2026-02-27 08:04:57 INFO  c.c.service.PermissionDataService - CACHE MISS for role: ADMIN
2026-02-27 08:04:57 INFO  c.c.service.PermissionDataService - Fetching from DB for roles: [ADMIN]
2026-02-27 08:04:58 INFO  c.c.service.PermissionDataService - DB returned 1 records
2026-02-27 08:04:58 INFO  c.c.service.PermissionDataService - Processed DB Data chunk for role: ADMIN, UserRoleId: 939, JSON Length: 22208
2026-02-27 08:04:58 INFO  c.c.service.PermissionDataService - CACHE POPULATING (Pipeline) for role: ADMIN, Total Unique Screens: 185
2026-02-27 08:04:58 INFO  c.c.service.PermissionDataService - Stored in Redis: role_v2::ADMIN with 3 min expiration
2026-02-27 08:04:58 INFO  c.c.service.PermissionDataService - >>> Permission Check Initiated <<<
2026-02-27 08:04:58 INFO  c.c.service.PermissionDataService - User: Mohan, Designations: [CENTER HEAD], Roles: [ADMIN]
2026-02-27 08:04:58 INFO  c.c.service.PermissionDataService - CACHE HIT for role: ADMIN
2026-02-27 08:04:58 INFO  c.c.service.PermissionDataService - Refreshed expiration for role: ADMIN to 3 mins
2026-02-27 08:05:15 INFO  c.c.service.PermissionDataService - >>> Permission Check Initiated <<<
2026-02-27 08:05:15 INFO  c.c.service.PermissionDataService - User: Mohan, Designations: [CENTER HEAD], Roles: [ADMIN]
2026-02-27 08:05:15 INFO  c.c.service.PermissionDataService - CACHE HIT for role: ADMIN
2026-02-27 08:05:16 INFO  c.c.service.PermissionDataService - Refreshed expiration for role: ADMIN to 3 mins
2026-02-27 08:05:16 INFO  c.c.service.PermissionDataService - >>> Permission Check Initiated <<<
2026-02-27 08:05:16 INFO  c.c.service.PermissionDataService - User: Mohan, Designations: [CENTER HEAD], Roles: [ADMIN]
2026-02-27 08:05:16 INFO  c.c.service.PermissionDataService - CACHE HIT for role: ADMIN
2026-02-27 08:05:16 INFO  c.c.service.PermissionDataService - Refreshed expiration for role: ADMIN to 3 mins
2026-02-27 11:45:17 INFO  c.c.service.PermissionDataService - >>> Permission Check Initiated <<<
2026-02-27 11:45:17 INFO  c.c.service.PermissionDataService - User: Mohan, Designations: [CENTER HEAD], Roles: [ADMIN]
2026-02-27 11:45:17 INFO  c.c.service.PermissionDataService - CACHE HIT for role: ADMIN
2026-02-27 11:45:17 INFO  c.c.service.PermissionDataService - Refreshed expiration for role: ADMIN to 3 mins
2026-02-27 11:45:17 INFO  c.c.service.PermissionDataService - >>> Permission Check Initiated <<<
2026-02-27 11:45:17 INFO  c.c.service.PermissionDataService - User: Mohan, Designations: [CENTER HEAD], Roles: [ADMIN]
2026-02-27 11:45:17 INFO  c.c.service.PermissionDataService - CACHE HIT for role: ADMIN
2026-02-27 11:45:17 INFO  c.c.service.PermissionDataService - Refreshed expiration for role: ADMIN to 3 mins
2026-02-27 11:45:17 INFO  c.c.service.PermissionDataService - >>> Permission Check Initiated <<<
2026-02-27 11:45:17 INFO  c.c.service.PermissionDataService - User: Mohan, Designations: [CENTER HEAD], Roles: [ADMIN]
2026-02-27 11:45:17 INFO  c.c.service.PermissionDataService - CACHE HIT for role: ADMIN
2026-02-27 11:45:17 INFO  c.c.service.PermissionDataService - Refreshed expiration for role: ADMIN to 3 mins
2026-02-27 11:48:23 INFO  c.c.service.PermissionDataService - >>> Permission Check Initiated <<<
2026-02-27 11:48:23 INFO  c.c.service.PermissionDataService - User: Mohan, Designations: [CENTER HEAD], Roles: [ADMIN]
2026-02-27 11:48:23 INFO  c.c.service.PermissionDataService - CACHE HIT for role: ADMIN
2026-02-27 11:48:23 INFO  c.c.service.PermissionDataService - Refreshed expiration for role: ADMIN to 3 mins
2026-02-27 11:48:23 INFO  c.c.service.PermissionDataService - >>> Permission Check Initiated <<<
2026-02-27 11:48:23 INFO  c.c.service.PermissionDataService - User: Mohan, Designations: [CENTER HEAD], Roles: [ADMIN]
2026-02-27 11:48:23 INFO  c.c.service.PermissionDataService - CACHE HIT for role: ADMIN
2026-02-27 11:48:23 INFO  c.c.service.PermissionDataService - Refreshed expiration for role: ADMIN to 3 mins
2026-02-27 11:48:23 INFO  c.c.service.PermissionDataService - >>> Permission Check Initiated <<<
2026-02-27 11:48:23 INFO  c.c.service.PermissionDataService - User: Mohan, Designations: [CENTER HEAD], Roles: [ADMIN]
2026-02-27 11:48:23 INFO  c.c.service.PermissionDataService - CACHE HIT for role: ADMIN
2026-02-27 11:48:23 INFO  c.c.service.PermissionDataService - Refreshed expiration for role: ADMIN to 3 mins
2026-02-27 12:14:03 INFO  c.c.service.PermissionDataService - >>> Permission Check Initiated <<<
2026-02-27 12:14:03 INFO  c.c.service.PermissionDataService - User: Mohan, Designations: [CENTER HEAD], Roles: [ADMIN]
2026-02-27 12:14:03 INFO  c.c.service.PermissionDataService - CACHE MISS for role: ADMIN
2026-02-27 12:14:03 INFO  c.c.service.PermissionDataService - Fetching from DB for roles: [ADMIN]
2026-02-27 12:14:03 INFO  c.c.service.PermissionDataService - DB returned 1 records
2026-02-27 12:14:03 INFO  c.c.service.PermissionDataService - Processed DB Data chunk for role: ADMIN, UserRoleId: 939, JSON Length: 22208
2026-02-27 12:14:03 INFO  c.c.service.PermissionDataService - CACHE POPULATING (Pipeline) for role: ADMIN, Total Unique Screens: 185
2026-02-27 12:14:03 INFO  c.c.service.PermissionDataService - Stored in Redis: role_v2::ADMIN with 3 min expiration
2026-02-27 12:14:03 INFO  c.c.service.PermissionDataService - >>> Permission Check Initiated <<<
2026-02-27 12:14:03 INFO  c.c.service.PermissionDataService - User: Mohan, Designations: [CENTER HEAD], Roles: [ADMIN]
2026-02-27 12:14:03 INFO  c.c.service.PermissionDataService - CACHE HIT for role: ADMIN
2026-02-27 12:14:03 INFO  c.c.service.PermissionDataService - Refreshed expiration for role: ADMIN to 3 mins
2026-02-27 12:35:25 INFO  c.c.service.PermissionDataService - >>> Permission Check Initiated <<<
2026-02-27 12:35:25 INFO  c.c.service.PermissionDataService - User: Mohan, Designations: [CENTER HEAD], Roles: [ADMIN]
2026-02-27 12:35:25 INFO  c.c.service.PermissionDataService - CACHE MISS for role: ADMIN
2026-02-27 12:35:25 INFO  c.c.service.PermissionDataService - Fetching from DB for roles: [ADMIN]
2026-02-27 12:35:26 INFO  c.c.service.PermissionDataService - DB returned 1 records
2026-02-27 12:35:26 INFO  c.c.service.PermissionDataService - Processed DB Data chunk for role: ADMIN, UserRoleId: 939, JSON Length: 22208
2026-02-27 12:35:26 INFO  c.c.service.PermissionDataService - CACHE POPULATING (Pipeline) for role: ADMIN, Total Unique Screens: 185
2026-02-27 12:35:26 INFO  c.c.service.PermissionDataService - Stored in Redis: role_v2::ADMIN with 3 min expiration
2026-02-27 12:35:26 INFO  c.c.service.PermissionDataService - >>> Permission Check Initiated <<<
2026-02-27 12:35:26 INFO  c.c.service.PermissionDataService - User: Mohan, Designations: [CENTER HEAD], Roles: [ADMIN]
2026-02-27 12:35:26 INFO  c.c.service.PermissionDataService - CACHE HIT for role: ADMIN
2026-02-27 12:35:26 INFO  c.c.service.PermissionDataService - Refreshed expiration for role: ADMIN to 3 mins
2026-02-27 12:52:08 INFO  c.c.service.PermissionDataService - >>> Permission Check Initiated <<<
2026-02-27 12:52:08 INFO  c.c.service.PermissionDataService - User: Mohan, Designations: [CENTER HEAD], Roles: [ADMIN]
2026-02-27 12:52:08 INFO  c.c.service.PermissionDataService - CACHE HIT for role: ADMIN
2026-02-27 12:52:08 INFO  c.c.service.PermissionDataService - Refreshed expiration for role: ADMIN to 3 mins
2026-02-27 12:52:09 INFO  c.c.service.PermissionDataService - >>> Permission Check Initiated <<<
2026-02-27 12:52:09 INFO  c.c.service.PermissionDataService - User: Mohan, Designations: [CENTER HEAD], Roles: [ADMIN]
2026-02-27 12:52:09 INFO  c.c.service.PermissionDataService - CACHE HIT for role: ADMIN
2026-02-27 12:52:09 INFO  c.c.service.PermissionDataService - Refreshed expiration for role: ADMIN to 3 mins
2026-02-27 12:52:09 INFO  c.c.service.PermissionDataService - >>> Permission Check Initiated <<<
2026-02-27 12:52:09 INFO  c.c.service.PermissionDataService - User: Mohan, Designations: [CENTER HEAD], Roles: [ADMIN]
2026-02-27 12:52:09 INFO  c.c.service.PermissionDataService - CACHE HIT for role: ADMIN
2026-02-27 12:52:09 INFO  c.c.service.PermissionDataService - Refreshed expiration for role: ADMIN to 3 mins
2026-02-27 13:08:10 INFO  c.c.service.PermissionDataService - >>> Permission Check Initiated <<<
2026-02-27 13:08:10 INFO  c.c.service.PermissionDataService - User: Mohan, Designations: [CENTER HEAD], Roles: [ADMIN]
2026-02-27 13:08:10 INFO  c.c.service.PermissionDataService - CACHE MISS for role: ADMIN
2026-02-27 13:08:10 INFO  c.c.service.PermissionDataService - Fetching from DB for roles: [ADMIN]
2026-02-27 13:08:10 INFO  c.c.service.PermissionDataService - DB returned 1 records
2026-02-27 13:08:10 INFO  c.c.service.PermissionDataService - Processed DB Data chunk for role: ADMIN, UserRoleId: 939, JSON Length: 22208
2026-02-27 13:08:10 INFO  c.c.service.PermissionDataService - CACHE POPULATING (Pipeline) for role: ADMIN, Total Unique Screens: 185
2026-02-27 13:08:10 INFO  c.c.service.PermissionDataService - Stored in Redis: role_v2::ADMIN with 3 min expiration
2026-02-27 13:08:10 INFO  c.c.service.PermissionDataService - >>> Permission Check Initiated <<<
2026-02-27 13:08:10 INFO  c.c.service.PermissionDataService - User: Mohan, Designations: [CENTER HEAD], Roles: [ADMIN]
2026-02-27 13:08:10 INFO  c.c.service.PermissionDataService - CACHE HIT for role: ADMIN
2026-02-27 13:08:10 INFO  c.c.service.PermissionDataService - Refreshed expiration for role: ADMIN to 3 mins
2026-02-27 13:11:56 INFO  c.c.service.PermissionDataService - >>> Permission Check Initiated <<<
2026-02-27 13:11:56 INFO  c.c.service.PermissionDataService - User: Mohan, Designations: [CENTER HEAD], Roles: [ADMIN]
2026-02-27 13:11:56 INFO  c.c.service.PermissionDataService - CACHE MISS for role: ADMIN
2026-02-27 13:11:56 INFO  c.c.service.PermissionDataService - Fetching from DB for roles: [ADMIN]
2026-02-27 13:11:56 INFO  c.c.service.PermissionDataService - DB returned 1 records
2026-02-27 13:11:56 INFO  c.c.service.PermissionDataService - Processed DB Data chunk for role: ADMIN, UserRoleId: 939, JSON Length: 22208
2026-02-27 13:11:56 INFO  c.c.service.PermissionDataService - CACHE POPULATING (Pipeline) for role: ADMIN, Total Unique Screens: 185
2026-02-27 13:11:56 INFO  c.c.service.PermissionDataService - Stored in Redis: role_v2::ADMIN with 3 min expiration
2026-02-27 13:11:56 INFO  c.c.service.PermissionDataService - >>> Permission Check Initiated <<<
2026-02-27 13:11:56 INFO  c.c.service.PermissionDataService - User: Mohan, Designations: [CENTER HEAD], Roles: [ADMIN]
2026-02-27 13:11:56 INFO  c.c.service.PermissionDataService - CACHE HIT for role: ADMIN
2026-02-27 13:11:56 INFO  c.c.service.PermissionDataService - Refreshed expiration for role: ADMIN to 3 mins
2026-02-27 14:11:50 INFO  c.c.service.PermissionDataService - >>> Permission Check Initiated <<<
2026-02-27 14:11:50 INFO  c.c.service.PermissionDataService - User: Mohan, Designations: [CENTER HEAD], Roles: [ADMIN]
2026-02-27 14:11:50 INFO  c.c.service.PermissionDataService - CACHE HIT for role: ADMIN
2026-02-27 14:11:50 INFO  c.c.service.PermissionDataService - Refreshed expiration for role: ADMIN to 3 mins
2026-02-27 14:11:50 INFO  c.c.service.PermissionDataService - >>> Permission Check Initiated <<<
2026-02-27 14:11:50 INFO  c.c.service.PermissionDataService - User: Mohan, Designations: [CENTER HEAD], Roles: [ADMIN]
2026-02-27 14:11:50 INFO  c.c.service.PermissionDataService - CACHE HIT for role: ADMIN
2026-02-27 14:11:50 INFO  c.c.service.PermissionDataService - Refreshed expiration for role: ADMIN to 3 mins
2026-02-27 14:11:50 INFO  c.c.service.PermissionDataService - >>> Permission Check Initiated <<<
2026-02-27 14:11:50 INFO  c.c.service.PermissionDataService - User: Mohan, Designations: [CENTER HEAD], Roles: [ADMIN]
2026-02-27 14:11:50 INFO  c.c.service.PermissionDataService - CACHE HIT for role: ADMIN
2026-02-27 14:11:50 INFO  c.c.service.PermissionDataService - Refreshed expiration for role: ADMIN to 3 mins
2026-02-27 14:18:00 INFO  c.c.service.PermissionDataService - >>> Permission Check Initiated <<<
2026-02-27 14:18:00 INFO  c.c.service.PermissionDataService - User: Mohan, Designations: [CENTER HEAD], Roles: [ADMIN]
2026-02-27 14:18:01 INFO  c.c.service.PermissionDataService - CACHE MISS for role: ADMIN
2026-02-27 14:18:01 INFO  c.c.service.PermissionDataService - Fetching from DB for roles: [ADMIN]
2026-02-27 14:18:01 INFO  c.c.service.PermissionDataService - DB returned 1 records
2026-02-27 14:18:01 INFO  c.c.service.PermissionDataService - Processed DB Data chunk for role: ADMIN, UserRoleId: 939, JSON Length: 22208
2026-02-27 14:18:01 INFO  c.c.service.PermissionDataService - CACHE POPULATING (Pipeline) for role: ADMIN, Total Unique Screens: 185
2026-02-27 14:18:01 INFO  c.c.service.PermissionDataService - Stored in Redis: role_v2::ADMIN with 3 min expiration
2026-02-27 14:18:01 INFO  c.c.service.PermissionDataService - >>> Permission Check Initiated <<<
2026-02-27 14:18:01 INFO  c.c.service.PermissionDataService - User: Mohan, Designations: [CENTER HEAD], Roles: [ADMIN]
2026-02-27 14:18:01 INFO  c.c.service.PermissionDataService - CACHE HIT for role: ADMIN
2026-02-27 14:18:01 INFO  c.c.service.PermissionDataService - Refreshed expiration for role: ADMIN to 3 mins
2026-02-27 15:08:23 INFO  c.c.service.PermissionDataService - >>> Permission Check Initiated <<<
2026-02-27 15:08:23 INFO  c.c.service.PermissionDataService - User: Mohan, Designations: [CENTER HEAD], Roles: [ADMIN]
2026-02-27 15:08:23 INFO  c.c.service.PermissionDataService - CACHE MISS for role: ADMIN
2026-02-27 15:08:23 INFO  c.c.service.PermissionDataService - Fetching from DB for roles: [ADMIN]
2026-02-27 15:08:23 INFO  c.c.service.PermissionDataService - DB returned 1 records
2026-02-27 15:08:23 INFO  c.c.service.PermissionDataService - Processed DB Data chunk for role: ADMIN, UserRoleId: 939, JSON Length: 22208
2026-02-27 15:08:23 INFO  c.c.service.PermissionDataService - CACHE POPULATING (Pipeline) for role: ADMIN, Total Unique Screens: 185
2026-02-27 15:08:23 INFO  c.c.service.PermissionDataService - Stored in Redis: role_v2::ADMIN with 3 min expiration
2026-02-27 15:08:23 INFO  c.c.service.PermissionDataService - >>> Permission Check Initiated <<<
2026-02-27 15:08:23 INFO  c.c.service.PermissionDataService - User: Mohan, Designations: [CENTER HEAD], Roles: [ADMIN]
2026-02-27 15:08:23 INFO  c.c.service.PermissionDataService - CACHE HIT for role: ADMIN
2026-02-27 15:08:23 INFO  c.c.service.PermissionDataService - Refreshed expiration for role: ADMIN to 3 mins
2026-02-27 15:10:04 INFO  c.c.service.PermissionDataService - >>> Permission Check Initiated <<<
2026-02-27 15:10:04 INFO  c.c.service.PermissionDataService - User: Mohan, Designations: [CENTER HEAD], Roles: [ADMIN]
2026-02-27 15:10:04 INFO  c.c.service.PermissionDataService - CACHE HIT for role: ADMIN
2026-02-27 15:10:04 INFO  c.c.service.PermissionDataService - Refreshed expiration for role: ADMIN to 3 mins
2026-02-27 15:10:04 INFO  c.c.service.PermissionDataService - >>> Permission Check Initiated <<<
2026-02-27 15:10:04 INFO  c.c.service.PermissionDataService - User: Mohan, Designations: [CENTER HEAD], Roles: [ADMIN]
2026-02-27 15:10:04 INFO  c.c.service.PermissionDataService - CACHE HIT for role: ADMIN
2026-02-27 15:10:04 INFO  c.c.service.PermissionDataService - Refreshed expiration for role: ADMIN to 3 mins
2026-02-27 15:14:05 INFO  c.c.service.PermissionDataService - >>> Permission Check Initiated <<<
2026-02-27 15:14:05 INFO  c.c.service.PermissionDataService - User: Mohan, Designations: [CENTER HEAD], Roles: [ADMIN]
2026-02-27 15:14:05 INFO  c.c.service.PermissionDataService - CACHE HIT for role: ADMIN
2026-02-27 15:14:05 INFO  c.c.service.PermissionDataService - Refreshed expiration for role: ADMIN to 3 mins
2026-02-27 15:14:05 INFO  c.c.service.PermissionDataService - >>> Permission Check Initiated <<<
2026-02-27 15:14:05 INFO  c.c.service.PermissionDataService - User: Mohan, Designations: [CENTER HEAD], Roles: [ADMIN]
2026-02-27 15:14:05 INFO  c.c.service.PermissionDataService - CACHE HIT for role: ADMIN
2026-02-27 15:14:05 INFO  c.c.service.PermissionDataService - Refreshed expiration for role: ADMIN to 3 mins
2026-02-27 15:14:06 INFO  c.c.service.PermissionDataService - >>> Permission Check Initiated <<<
2026-02-27 15:14:06 INFO  c.c.service.PermissionDataService - User: Mohan, Designations: [CENTER HEAD], Roles: [ADMIN]
2026-02-27 15:14:06 INFO  c.c.service.PermissionDataService - CACHE HIT for role: ADMIN
2026-02-27 15:14:06 INFO  c.c.service.PermissionDataService - Refreshed expiration for role: ADMIN to 3 mins
2026-02-27 16:26:42 INFO  c.c.service.PermissionDataService - >>> Permission Check Initiated <<<
2026-02-27 16:26:42 INFO  c.c.service.PermissionDataService - User: Mohan, Designations: [CENTER HEAD], Roles: [ADMIN]
2026-02-27 16:26:42 INFO  c.c.service.PermissionDataService - CACHE HIT for role: ADMIN
2026-02-27 16:26:42 INFO  c.c.service.PermissionDataService - Refreshed expiration for role: ADMIN to 3 mins
2026-02-27 16:26:42 INFO  c.c.service.PermissionDataService - >>> Permission Check Initiated <<<
2026-02-27 16:26:42 INFO  c.c.service.PermissionDataService - User: Mohan, Designations: [CENTER HEAD], Roles: [ADMIN]
2026-02-27 16:26:42 INFO  c.c.service.PermissionDataService - CACHE HIT for role: ADMIN
2026-02-27 16:26:42 INFO  c.c.service.PermissionDataService - Refreshed expiration for role: ADMIN to 3 mins
2026-02-27 16:26:42 INFO  c.c.service.PermissionDataService - >>> Permission Check Initiated <<<
2026-02-27 16:26:42 INFO  c.c.service.PermissionDataService - User: Mohan, Designations: [CENTER HEAD], Roles: [ADMIN]
2026-02-27 16:26:42 INFO  c.c.service.PermissionDataService - CACHE HIT for role: ADMIN
2026-02-27 16:26:42 INFO  c.c.service.PermissionDataService - Refreshed expiration for role: ADMIN to 3 mins
2026-02-27 16:34:46 INFO  c.c.service.PermissionDataService - >>> Permission Check Initiated <<<
2026-02-27 16:34:46 INFO  c.c.service.PermissionDataService - User: Mohan, Designations: [CENTER HEAD], Roles: [ADMIN]
2026-02-27 16:34:46 INFO  c.c.service.PermissionDataService - CACHE MISS for role: ADMIN
2026-02-27 16:34:46 INFO  c.c.service.PermissionDataService - Fetching from DB for roles: [ADMIN]
2026-02-27 16:34:46 INFO  c.c.service.PermissionDataService - DB returned 1 records
2026-02-27 16:34:46 INFO  c.c.service.PermissionDataService - Processed DB Data chunk for role: ADMIN, UserRoleId: 939, JSON Length: 22208
2026-02-27 16:34:46 INFO  c.c.service.PermissionDataService - CACHE POPULATING (Pipeline) for role: ADMIN, Total Unique Screens: 185
2026-02-27 16:34:46 INFO  c.c.service.PermissionDataService - Stored in Redis: role_v2::ADMIN with 3 min expiration
2026-02-27 16:34:46 INFO  c.c.service.PermissionDataService - >>> Permission Check Initiated <<<
2026-02-27 16:34:46 INFO  c.c.service.PermissionDataService - User: Mohan, Designations: [CENTER HEAD], Roles: [ADMIN]
2026-02-27 16:34:46 INFO  c.c.service.PermissionDataService - CACHE HIT for role: ADMIN
2026-02-27 16:34:46 INFO  c.c.service.PermissionDataService - Refreshed expiration for role: ADMIN to 3 mins
2026-02-27 18:27:29 INFO  c.c.service.PermissionDataService - >>> Permission Check Initiated <<<
2026-02-27 18:27:29 INFO  c.c.service.PermissionDataService - User: Mohan, Designations: [CENTER HEAD], Roles: [ADMIN]
2026-02-27 18:27:29 INFO  c.c.service.PermissionDataService - CACHE HIT for role: ADMIN
2026-02-27 18:27:29 INFO  c.c.service.PermissionDataService - Refreshed expiration for role: ADMIN to 3 mins
2026-02-27 18:27:29 INFO  c.c.service.PermissionDataService - >>> Permission Check Initiated <<<
2026-02-27 18:27:29 INFO  c.c.service.PermissionDataService - User: Mohan, Designations: [CENTER HEAD], Roles: [ADMIN]
2026-02-27 18:27:29 INFO  c.c.service.PermissionDataService - CACHE HIT for role: ADMIN
2026-02-27 18:27:29 INFO  c.c.service.PermissionDataService - Refreshed expiration for role: ADMIN to 3 mins
2026-02-27 18:27:29 INFO  c.c.service.PermissionDataService - >>> Permission Check Initiated <<<
2026-02-27 18:27:29 INFO  c.c.service.PermissionDataService - User: Mohan, Designations: [CENTER HEAD], Roles: [ADMIN]
2026-02-27 18:27:29 INFO  c.c.service.PermissionDataService - CACHE HIT for role: ADMIN
2026-02-27 18:27:29 INFO  c.c.service.PermissionDataService - Refreshed expiration for role: ADMIN to 3 mins
2026-02-27 19:52:48 INFO  c.c.service.PermissionDataService - >>> Permission Check Initiated <<<
2026-02-27 19:52:48 INFO  c.c.service.PermissionDataService - User: Mohan, Designations: [CENTER HEAD], Roles: [ADMIN]
2026-02-27 19:52:48 INFO  c.c.service.PermissionDataService - CACHE HIT for role: ADMIN
2026-02-27 19:52:48 INFO  c.c.service.PermissionDataService - Refreshed expiration for role: ADMIN to 3 mins
2026-02-27 19:52:48 INFO  c.c.service.PermissionDataService - >>> Permission Check Initiated <<<
2026-02-27 19:52:48 INFO  c.c.service.PermissionDataService - User: Mohan, Designations: [CENTER HEAD], Roles: [ADMIN]
2026-02-27 19:52:48 INFO  c.c.service.PermissionDataService - CACHE HIT for role: ADMIN
2026-02-27 19:52:48 INFO  c.c.service.PermissionDataService - Refreshed expiration for role: ADMIN to 3 mins
2026-02-27 19:52:48 INFO  c.c.service.PermissionDataService - >>> Permission Check Initiated <<<
2026-02-27 19:52:48 INFO  c.c.service.PermissionDataService - User: Mohan, Designations: [CENTER HEAD], Roles: [ADMIN]
2026-02-27 19:52:49 INFO  c.c.service.PermissionDataService - CACHE HIT for role: ADMIN
2026-02-27 19:52:49 INFO  c.c.service.PermissionDataService - Refreshed expiration for role: ADMIN to 3 mins
2026-02-27 20:02:36 INFO  c.c.service.PermissionDataService - >>> Permission Check Initiated <<<
2026-02-27 20:02:36 INFO  c.c.service.PermissionDataService - User: Mohan, Designations: [CENTER HEAD], Roles: [ADMIN]
2026-02-27 20:02:36 INFO  c.c.service.PermissionDataService - CACHE MISS for role: ADMIN
2026-02-27 20:02:36 INFO  c.c.service.PermissionDataService - Fetching from DB for roles: [ADMIN]
2026-02-27 20:02:37 INFO  c.c.service.PermissionDataService - DB returned 1 records
2026-02-27 20:02:37 INFO  c.c.service.PermissionDataService - Processed DB Data chunk for role: ADMIN, UserRoleId: 939, JSON Length: 22208
2026-02-27 20:02:38 INFO  c.c.service.PermissionDataService - CACHE POPULATING (Pipeline) for role: ADMIN, Total Unique Screens: 185
2026-02-27 20:02:38 INFO  c.c.service.PermissionDataService - Stored in Redis: role_v2::ADMIN with 3 min expiration
2026-02-27 20:02:38 INFO  c.c.service.PermissionDataService - >>> Permission Check Initiated <<<
2026-02-27 20:02:38 INFO  c.c.service.PermissionDataService - User: Mohan, Designations: [CENTER HEAD], Roles: [ADMIN]
2026-02-27 20:02:38 INFO  c.c.service.PermissionDataService - CACHE HIT for role: ADMIN
2026-02-27 20:02:39 INFO  c.c.service.PermissionDataService - Refreshed expiration for role: ADMIN to 3 mins
2026-02-27 20:10:53 INFO  c.c.service.PermissionDataService - >>> Permission Check Initiated <<<
2026-02-27 20:10:53 INFO  c.c.service.PermissionDataService - User: Mohan, Designations: [CENTER HEAD], Roles: [ADMIN]
2026-02-27 20:10:53 INFO  c.c.service.PermissionDataService - CACHE MISS for role: ADMIN
2026-02-27 20:10:53 INFO  c.c.service.PermissionDataService - Fetching from DB for roles: [ADMIN]
2026-02-27 20:10:53 INFO  c.c.service.PermissionDataService - DB returned 1 records
2026-02-27 20:10:53 INFO  c.c.service.PermissionDataService - Processed DB Data chunk for role: ADMIN, UserRoleId: 939, JSON Length: 22208
2026-02-27 20:10:54 INFO  c.c.service.PermissionDataService - CACHE POPULATING (Pipeline) for role: ADMIN, Total Unique Screens: 185
2026-02-27 20:10:54 INFO  c.c.service.PermissionDataService - Stored in Redis: role_v2::ADMIN with 3 min expiration
2026-02-27 20:10:54 INFO  c.c.service.PermissionDataService - >>> Permission Check Initiated <<<
2026-02-27 20:10:54 INFO  c.c.service.PermissionDataService - User: Mohan, Designations: [CENTER HEAD], Roles: [ADMIN]
2026-02-27 20:10:54 INFO  c.c.service.PermissionDataService - CACHE HIT for role: ADMIN
2026-02-27 20:10:54 INFO  c.c.service.PermissionDataService - Refreshed expiration for role: ADMIN to 3 mins
2026-02-27 21:19:35 INFO  c.c.service.PermissionDataService - >>> Permission Check Initiated <<<
2026-02-27 21:19:35 INFO  c.c.service.PermissionDataService - User: Mohan, Designations: [CENTER HEAD], Roles: [ADMIN]
2026-02-27 21:19:35 INFO  c.c.service.PermissionDataService - CACHE HIT for role: ADMIN
2026-02-27 21:19:36 INFO  c.c.service.PermissionDataService - Refreshed expiration for role: ADMIN to 3 mins
2026-02-27 21:19:36 INFO  c.c.service.PermissionDataService - >>> Permission Check Initiated <<<
2026-02-27 21:19:36 INFO  c.c.service.PermissionDataService - User: Mohan, Designations: [CENTER HEAD], Roles: [ADMIN]
2026-02-27 21:19:36 INFO  c.c.service.PermissionDataService - CACHE HIT for role: ADMIN
2026-02-27 21:19:36 INFO  c.c.service.PermissionDataService - Refreshed expiration for role: ADMIN to 3 mins
2026-02-27 21:19:36 INFO  c.c.service.PermissionDataService - >>> Permission Check Initiated <<<
2026-02-27 21:19:36 INFO  c.c.service.PermissionDataService - User: Mohan, Designations: [CENTER HEAD], Roles: [ADMIN]
2026-02-27 21:19:36 INFO  c.c.service.PermissionDataService - CACHE HIT for role: ADMIN
2026-02-27 21:19:36 INFO  c.c.service.PermissionDataService - Refreshed expiration for role: ADMIN to 3 mins
2026-02-27 21:22:21 INFO  c.c.service.PermissionDataService - >>> Permission Check Initiated <<<
2026-02-27 21:22:21 INFO  c.c.service.PermissionDataService - User: Mohan, Designations: [CENTER HEAD], Roles: [ADMIN]
2026-02-27 21:22:21 INFO  c.c.service.PermissionDataService - CACHE HIT for role: ADMIN
2026-02-27 21:22:21 INFO  c.c.service.PermissionDataService - Refreshed expiration for role: ADMIN to 3 mins
2026-02-27 21:22:21 INFO  c.c.service.PermissionDataService - >>> Permission Check Initiated <<<
2026-02-27 21:22:21 INFO  c.c.service.PermissionDataService - User: Mohan, Designations: [CENTER HEAD], Roles: [ADMIN]
2026-02-27 21:22:22 INFO  c.c.service.PermissionDataService - CACHE HIT for role: ADMIN
2026-02-27 21:22:22 INFO  c.c.service.PermissionDataService - Refreshed expiration for role: ADMIN to 3 mins
2026-02-27 21:29:38 INFO  c.c.service.PermissionDataService - >>> Permission Check Initiated <<<
2026-02-27 21:29:38 INFO  c.c.service.PermissionDataService - User: Mohan, Designations: [CENTER HEAD], Roles: [ADMIN]
2026-02-27 21:29:38 INFO  c.c.service.PermissionDataService - CACHE HIT for role: ADMIN
2026-02-27 21:29:38 INFO  c.c.service.PermissionDataService - Refreshed expiration for role: ADMIN to 3 mins
2026-02-27 21:29:38 INFO  c.c.service.PermissionDataService - >>> Permission Check Initiated <<<
2026-02-27 21:29:38 INFO  c.c.service.PermissionDataService - User: Mohan, Designations: [CENTER HEAD], Roles: [ADMIN]
2026-02-27 21:29:38 INFO  c.c.service.PermissionDataService - CACHE HIT for role: ADMIN
2026-02-27 21:29:38 INFO  c.c.service.PermissionDataService - Refreshed expiration for role: ADMIN to 3 mins
2026-02-27 21:29:38 INFO  c.c.service.PermissionDataService - >>> Permission Check Initiated <<<
2026-02-27 21:29:38 INFO  c.c.service.PermissionDataService - User: Mohan, Designations: [CENTER HEAD], Roles: [ADMIN]
2026-02-27 21:29:38 INFO  c.c.service.PermissionDataService - CACHE HIT for role: ADMIN
2026-02-27 21:29:38 INFO  c.c.service.PermissionDataService - Refreshed expiration for role: ADMIN to 3 mins
2026-02-27 21:46:06 INFO  c.c.service.PermissionDataService - >>> Permission Check Initiated <<<
2026-02-27 21:46:06 INFO  c.c.service.PermissionDataService - User: Mohan, Designations: [CENTER HEAD], Roles: [ADMIN]
2026-02-27 21:46:06 INFO  c.c.service.PermissionDataService - >>> Permission Check Initiated <<<
2026-02-27 21:46:06 INFO  c.c.service.PermissionDataService - User: Mohan, Designations: [CENTER HEAD], Roles: [ADMIN]
2026-02-27 21:46:06 INFO  c.c.service.PermissionDataService - CACHE MISS for role: ADMIN
2026-02-27 21:46:06 INFO  c.c.service.PermissionDataService - CACHE MISS for role: ADMIN
2026-02-27 21:46:06 INFO  c.c.service.PermissionDataService - Fetching from DB for roles: [ADMIN]
2026-02-27 21:46:06 INFO  c.c.service.PermissionDataService - Fetching from DB for roles: [ADMIN]
2026-02-27 21:46:07 INFO  c.c.service.PermissionDataService - DB returned 1 records
2026-02-27 21:46:07 INFO  c.c.service.PermissionDataService - Processed DB Data chunk for role: ADMIN, UserRoleId: 939, JSON Length: 22208
2026-02-27 21:46:07 INFO  c.c.service.PermissionDataService - CACHE POPULATING (Pipeline) for role: ADMIN, Total Unique Screens: 185
2026-02-27 21:46:07 INFO  c.c.service.PermissionDataService - Stored in Redis: role_v2::ADMIN with 3 min expiration
2026-02-27 21:46:08 INFO  c.c.service.PermissionDataService - DB returned 1 records
2026-02-27 21:46:08 INFO  c.c.service.PermissionDataService - Processed DB Data chunk for role: ADMIN, UserRoleId: 939, JSON Length: 22208
2026-02-27 21:46:09 INFO  c.c.service.PermissionDataService - CACHE POPULATING (Pipeline) for role: ADMIN, Total Unique Screens: 185
2026-02-27 21:46:09 INFO  c.c.service.PermissionDataService - Stored in Redis: role_v2::ADMIN with 3 min expiration
2026-02-27 22:13:44 INFO  c.c.service.PermissionDataService - >>> Permission Check Initiated <<<
2026-02-27 22:13:44 INFO  c.c.service.PermissionDataService - User: Mohan, Designations: [CENTER HEAD], Roles: [ADMIN]
2026-02-27 22:13:44 INFO  c.c.service.PermissionDataService - CACHE HIT for role: ADMIN
2026-02-27 22:13:45 INFO  c.c.service.PermissionDataService - Refreshed expiration for role: ADMIN to 3 mins
2026-02-27 22:13:45 INFO  c.c.service.PermissionDataService - >>> Permission Check Initiated <<<
2026-02-27 22:13:45 INFO  c.c.service.PermissionDataService - User: Mohan, Designations: [CENTER HEAD], Roles: [ADMIN]
2026-02-27 22:13:45 INFO  c.c.service.PermissionDataService - CACHE HIT for role: ADMIN
2026-02-27 22:13:45 INFO  c.c.service.PermissionDataService - Refreshed expiration for role: ADMIN to 3 mins
2026-02-27 22:24:05 INFO  c.c.service.PermissionDataService - >>> Permission Check Initiated <<<
2026-02-27 22:24:05 INFO  c.c.service.PermissionDataService - User: Mohan, Designations: [CENTER HEAD], Roles: [ADMIN]
2026-02-27 22:24:05 INFO  c.c.service.PermissionDataService - CACHE HIT for role: ADMIN
2026-02-27 22:24:05 INFO  c.c.service.PermissionDataService - Refreshed expiration for role: ADMIN to 3 mins
2026-02-27 22:24:05 INFO  c.c.service.PermissionDataService - >>> Permission Check Initiated <<<
2026-02-27 22:24:05 INFO  c.c.service.PermissionDataService - User: Mohan, Designations: [CENTER HEAD], Roles: [ADMIN]
2026-02-27 22:24:05 INFO  c.c.service.PermissionDataService - CACHE HIT for role: ADMIN
2026-02-27 22:24:05 INFO  c.c.service.PermissionDataService - Refreshed expiration for role: ADMIN to 3 mins
2026-02-27 22:24:41 INFO  c.c.service.PermissionDataService - >>> Permission Check Initiated <<<
2026-02-27 22:24:41 INFO  c.c.service.PermissionDataService - User: Mohan, Designations: [CENTER HEAD], Roles: [ADMIN]
2026-02-27 22:24:41 INFO  c.c.service.PermissionDataService - CACHE HIT for role: ADMIN
2026-02-27 22:24:41 INFO  c.c.service.PermissionDataService - Refreshed expiration for role: ADMIN to 3 mins
2026-02-27 22:24:41 INFO  c.c.service.PermissionDataService - >>> Permission Check Initiated <<<
2026-02-27 22:24:41 INFO  c.c.service.PermissionDataService - User: Mohan, Designations: [CENTER HEAD], Roles: [ADMIN]
2026-02-27 22:24:41 INFO  c.c.service.PermissionDataService - CACHE HIT for role: ADMIN
2026-02-27 22:24:41 INFO  c.c.service.PermissionDataService - Refreshed expiration for role: ADMIN to 3 mins
2026-02-27 22:24:49 INFO  c.c.service.PermissionDataService - >>> Permission Check Initiated <<<
2026-02-27 22:24:49 INFO  c.c.service.PermissionDataService - User: Mohan, Designations: [CENTER HEAD], Roles: [ADMIN]
2026-02-27 22:24:50 INFO  c.c.service.PermissionDataService - CACHE HIT for role: ADMIN
2026-02-27 22:24:50 INFO  c.c.service.PermissionDataService - Refreshed expiration for role: ADMIN to 3 mins
2026-02-27 22:24:50 INFO  c.c.service.PermissionDataService - >>> Permission Check Initiated <<<
2026-02-27 22:24:50 INFO  c.c.service.PermissionDataService - User: Mohan, Designations: [CENTER HEAD], Roles: [ADMIN]
2026-02-27 22:24:50 INFO  c.c.service.PermissionDataService - CACHE HIT for role: ADMIN
2026-02-27 22:24:50 INFO  c.c.service.PermissionDataService - Refreshed expiration for role: ADMIN to 3 mins
2026-02-27 22:41:06 INFO  c.c.service.PermissionDataService - >>> Permission Check Initiated <<<
2026-02-27 22:41:06 INFO  c.c.service.PermissionDataService - User: Mohan, Designations: [CENTER HEAD], Roles: [ADMIN]
2026-02-27 22:41:06 INFO  c.c.service.PermissionDataService - CACHE HIT for role: ADMIN
2026-02-27 22:41:06 INFO  c.c.service.PermissionDataService - Refreshed expiration for role: ADMIN to 3 mins
2026-02-27 22:41:06 INFO  c.c.service.PermissionDataService - >>> Permission Check Initiated <<<
2026-02-27 22:41:06 INFO  c.c.service.PermissionDataService - User: Mohan, Designations: [CENTER HEAD], Roles: [ADMIN]
2026-02-27 22:41:06 INFO  c.c.service.PermissionDataService - CACHE HIT for role: ADMIN
2026-02-27 22:41:06 INFO  c.c.service.PermissionDataService - Refreshed expiration for role: ADMIN to 3 mins
2026-02-27 22:41:06 INFO  c.c.service.PermissionDataService - >>> Permission Check Initiated <<<
2026-02-27 22:41:06 INFO  c.c.service.PermissionDataService - User: Mohan, Designations: [CENTER HEAD], Roles: [ADMIN]
2026-02-27 22:41:07 INFO  c.c.service.PermissionDataService - CACHE HIT for role: ADMIN
2026-02-27 22:41:07 INFO  c.c.service.PermissionDataService - Refreshed expiration for role: ADMIN to 3 mins
2026-02-27 22:51:51 INFO  c.c.service.PermissionDataService - >>> Permission Check Initiated <<<
2026-02-27 22:51:51 INFO  c.c.service.PermissionDataService - >>> Permission Check Initiated <<<
2026-02-27 22:51:51 INFO  c.c.service.PermissionDataService - User: Mohan, Designations: [CENTER HEAD], Roles: [ADMIN]
2026-02-27 22:51:51 INFO  c.c.service.PermissionDataService - User: Mohan, Designations: [CENTER HEAD], Roles: [ADMIN]
2026-02-27 22:51:51 INFO  c.c.service.PermissionDataService - CACHE MISS for role: ADMIN
2026-02-27 22:51:51 INFO  c.c.service.PermissionDataService - CACHE MISS for role: ADMIN
2026-02-27 22:51:51 INFO  c.c.service.PermissionDataService - Fetching from DB for roles: [ADMIN]
2026-02-27 22:51:51 INFO  c.c.service.PermissionDataService - Fetching from DB for roles: [ADMIN]
2026-02-27 22:51:52 INFO  c.c.service.PermissionDataService - DB returned 1 records
2026-02-27 22:51:52 INFO  c.c.service.PermissionDataService - Processed DB Data chunk for role: ADMIN, UserRoleId: 939, JSON Length: 22208
2026-02-27 22:51:52 INFO  c.c.service.PermissionDataService - CACHE POPULATING (Pipeline) for role: ADMIN, Total Unique Screens: 185
2026-02-27 22:51:52 INFO  c.c.service.PermissionDataService - Stored in Redis: role_v2::ADMIN with 3 min expiration
2026-02-27 22:51:53 INFO  c.c.service.PermissionDataService - DB returned 1 records
2026-02-27 22:51:53 INFO  c.c.service.PermissionDataService - Processed DB Data chunk for role: ADMIN, UserRoleId: 939, JSON Length: 22208
2026-02-27 22:51:53 INFO  c.c.service.PermissionDataService - CACHE POPULATING (Pipeline) for role: ADMIN, Total Unique Screens: 185
2026-02-27 22:51:53 INFO  c.c.service.PermissionDataService - Stored in Redis: role_v2::ADMIN with 3 min expiration
2026-02-27 23:06:04 INFO  c.c.service.PermissionDataService - >>> Permission Check Initiated <<<
2026-02-27 23:06:04 INFO  c.c.service.PermissionDataService - User: Mohan, Designations: [CENTER HEAD], Roles: [ADMIN]
2026-02-27 23:06:04 INFO  c.c.service.PermissionDataService - CACHE MISS for role: ADMIN
2026-02-27 23:06:04 INFO  c.c.service.PermissionDataService - Fetching from DB for roles: [ADMIN]
2026-02-27 23:06:04 INFO  c.c.service.PermissionDataService - DB returned 1 records
2026-02-27 23:06:04 INFO  c.c.service.PermissionDataService - Processed DB Data chunk for role: ADMIN, UserRoleId: 939, JSON Length: 22208
2026-02-27 23:06:04 INFO  c.c.service.PermissionDataService - CACHE POPULATING (Pipeline) for role: ADMIN, Total Unique Screens: 185
2026-02-27 23:06:04 INFO  c.c.service.PermissionDataService - Stored in Redis: role_v2::ADMIN with 3 min expiration
2026-02-27 23:06:04 INFO  c.c.service.PermissionDataService - >>> Permission Check Initiated <<<
2026-02-27 23:06:04 INFO  c.c.service.PermissionDataService - User: Mohan, Designations: [CENTER HEAD], Roles: [ADMIN]
2026-02-27 23:06:04 INFO  c.c.service.PermissionDataService - CACHE HIT for role: ADMIN
2026-02-27 23:06:04 INFO  c.c.service.PermissionDataService - Refreshed expiration for role: ADMIN to 3 mins
2026-02-27 23:48:22 INFO  c.c.service.PermissionDataService - >>> Permission Check Initiated <<<
2026-02-27 23:48:22 INFO  c.c.service.PermissionDataService - User: Mohan, Designations: [CENTER HEAD], Roles: [ADMIN]
2026-02-27 23:48:22 INFO  c.c.service.PermissionDataService - CACHE HIT for role: ADMIN
2026-02-27 23:48:22 INFO  c.c.service.PermissionDataService - Refreshed expiration for role: ADMIN to 3 mins
2026-02-27 23:48:22 INFO  c.c.service.PermissionDataService - >>> Permission Check Initiated <<<
2026-02-27 23:48:22 INFO  c.c.service.PermissionDataService - User: Mohan, Designations: [CENTER HEAD], Roles: [ADMIN]
2026-02-27 23:48:22 INFO  c.c.service.PermissionDataService - CACHE HIT for role: ADMIN
2026-02-27 23:48:22 INFO  c.c.service.PermissionDataService - Refreshed expiration for role: ADMIN to 3 mins
2026-02-27 23:48:23 INFO  c.c.service.PermissionDataService - >>> Permission Check Initiated <<<
2026-02-27 23:48:23 INFO  c.c.service.PermissionDataService - User: Mohan, Designations: [CENTER HEAD], Roles: [ADMIN]
2026-02-27 23:48:23 INFO  c.c.service.PermissionDataService - CACHE HIT for role: ADMIN
2026-02-27 23:48:23 INFO  c.c.service.PermissionDataService - Refreshed expiration for role: ADMIN to 3 mins
2026-02-27 23:57:39 INFO  c.c.service.PermissionDataService - >>> Permission Check Initiated <<<
2026-02-27 23:57:39 INFO  c.c.service.PermissionDataService - User: Mohan, Designations: [CENTER HEAD], Roles: [ADMIN]
2026-02-27 23:57:39 INFO  c.c.service.PermissionDataService - CACHE HIT for role: ADMIN
2026-02-27 23:57:39 INFO  c.c.service.PermissionDataService - Refreshed expiration for role: ADMIN to 3 mins
2026-02-27 23:57:39 INFO  c.c.service.PermissionDataService - >>> Permission Check Initiated <<<
2026-02-27 23:57:39 INFO  c.c.service.PermissionDataService - User: Mohan, Designations: [CENTER HEAD], Roles: [ADMIN]
2026-02-27 23:57:39 INFO  c.c.service.PermissionDataService - CACHE HIT for role: ADMIN
2026-02-27 23:57:39 INFO  c.c.service.PermissionDataService - Refreshed expiration for role: ADMIN to 3 mins
2026-02-27 23:57:39 INFO  c.c.service.PermissionDataService - >>> Permission Check Initiated <<<
2026-02-27 23:57:39 INFO  c.c.service.PermissionDataService - User: Mohan, Designations: [CENTER HEAD], Roles: [ADMIN]
2026-02-27 23:57:39 INFO  c.c.service.PermissionDataService - CACHE HIT for role: ADMIN
2026-02-27 23:57:39 INFO  c.c.service.PermissionDataService - Refreshed expiration for role: ADMIN to 3 mins
