2026-02-25 14:29:20 INFO  c.c.service.PermissionDataService - >>> Permission Check Initiated <<<
2026-02-25 14:29:20 INFO  c.c.service.PermissionDataService - User: Mohan, Designations: [CENTER HEAD], Roles: [ADMIN]
2026-02-25 14:29:21 INFO  c.c.service.PermissionDataService - CACHE HIT for role: ADMIN
2026-02-25 14:29:21 INFO  c.c.service.PermissionDataService - Refreshed expiration for role: ADMIN to 3 mins
2026-02-25 14:29:21 INFO  c.c.service.PermissionDataService - >>> Permission Check Initiated <<<
2026-02-25 14:29:21 INFO  c.c.service.PermissionDataService - User: Mohan, Designations: [CENTER HEAD], Roles: [ADMIN]
2026-02-25 14:29:21 INFO  c.c.service.PermissionDataService - CACHE HIT for role: ADMIN
2026-02-25 14:29:21 INFO  c.c.service.PermissionDataService - Refreshed expiration for role: ADMIN to 3 mins
2026-02-25 14:29:21 INFO  c.c.service.PermissionDataService - >>> Permission Check Initiated <<<
2026-02-25 14:29:21 INFO  c.c.service.PermissionDataService - User: Mohan, Designations: [CENTER HEAD], Roles: [ADMIN]
2026-02-25 14:29:21 INFO  c.c.service.PermissionDataService - CACHE HIT for role: ADMIN
2026-02-25 14:29:21 INFO  c.c.service.PermissionDataService - Refreshed expiration for role: ADMIN to 3 mins
2026-02-25 16:51:10 INFO  c.c.service.PermissionDataService - >>> Permission Check Initiated <<<
2026-02-25 16:51:10 INFO  c.c.service.PermissionDataService - User: Mohan, Designations: [CENTER HEAD], Roles: [ADMIN]
2026-02-25 16:51:10 INFO  c.c.service.PermissionDataService - CACHE HIT for role: ADMIN
2026-02-25 16:51:10 INFO  c.c.service.PermissionDataService - Refreshed expiration for role: ADMIN to 3 mins
2026-02-25 16:51:10 INFO  c.c.service.PermissionDataService - >>> Permission Check Initiated <<<
2026-02-25 16:51:10 INFO  c.c.service.PermissionDataService - User: Mohan, Designations: [CENTER HEAD], Roles: [ADMIN]
2026-02-25 16:51:10 INFO  c.c.service.PermissionDataService - CACHE HIT for role: ADMIN
2026-02-25 16:51:10 INFO  c.c.service.PermissionDataService - Refreshed expiration for role: ADMIN to 3 mins
2026-02-25 16:51:10 INFO  c.c.service.PermissionDataService - >>> Permission Check Initiated <<<
2026-02-25 16:51:10 INFO  c.c.service.PermissionDataService - User: Mohan, Designations: [CENTER HEAD], Roles: [ADMIN]
2026-02-25 16:51:10 INFO  c.c.service.PermissionDataService - CACHE HIT for role: ADMIN
2026-02-25 16:51:10 INFO  c.c.service.PermissionDataService - Refreshed expiration for role: ADMIN to 3 mins
2026-02-25 17:27:42 INFO  c.c.service.PermissionDataService - >>> Permission Check Initiated <<<
2026-02-25 17:27:42 INFO  c.c.service.PermissionDataService - User: Mohan, Designations: [CENTER HEAD], Roles: [ADMIN]
2026-02-25 17:27:42 INFO  c.c.service.PermissionDataService - CACHE HIT for role: ADMIN
2026-02-25 17:27:42 INFO  c.c.service.PermissionDataService - Refreshed expiration for role: ADMIN to 3 mins
2026-02-25 17:27:42 INFO  c.c.service.PermissionDataService - >>> Permission Check Initiated <<<
2026-02-25 17:27:42 INFO  c.c.service.PermissionDataService - User: Mohan, Designations: [CENTER HEAD], Roles: [ADMIN]
2026-02-25 17:27:42 INFO  c.c.service.PermissionDataService - CACHE HIT for role: ADMIN
2026-02-25 17:27:42 INFO  c.c.service.PermissionDataService - Refreshed expiration for role: ADMIN to 3 mins
2026-02-25 17:27:42 INFO  c.c.service.PermissionDataService - >>> Permission Check Initiated <<<
2026-02-25 17:27:42 INFO  c.c.service.PermissionDataService - User: Mohan, Designations: [CENTER HEAD], Roles: [ADMIN]
2026-02-25 17:27:42 INFO  c.c.service.PermissionDataService - CACHE HIT for role: ADMIN
2026-02-25 17:27:42 INFO  c.c.service.PermissionDataService - Refreshed expiration for role: ADMIN to 3 mins
2026-02-25 17:28:14 INFO  c.c.service.PermissionDataService - >>> Permission Check Initiated <<<
2026-02-25 17:28:14 INFO  c.c.service.PermissionDataService - User: Mohan, Designations: [CENTER HEAD], Roles: [ADMIN]
2026-02-25 17:28:14 INFO  c.c.service.PermissionDataService - CACHE HIT for role: ADMIN
2026-02-25 17:28:14 INFO  c.c.service.PermissionDataService - Refreshed expiration for role: ADMIN to 3 mins
2026-02-25 17:28:14 INFO  c.c.service.PermissionDataService - >>> Permission Check Initiated <<<
2026-02-25 17:28:14 INFO  c.c.service.PermissionDataService - User: Mohan, Designations: [CENTER HEAD], Roles: [ADMIN]
2026-02-25 17:28:15 INFO  c.c.service.PermissionDataService - CACHE HIT for role: ADMIN
2026-02-25 17:28:15 INFO  c.c.service.PermissionDataService - Refreshed expiration for role: ADMIN to 3 mins
2026-02-25 17:42:34 INFO  c.c.service.PermissionDataService - >>> Permission Check Initiated <<<
2026-02-25 17:42:34 INFO  c.c.service.PermissionDataService - User: Mohan, Designations: [CENTER HEAD], Roles: [ADMIN]
2026-02-25 17:42:34 INFO  c.c.service.PermissionDataService - CACHE MISS for role: ADMIN
2026-02-25 17:42:34 INFO  c.c.service.PermissionDataService - Fetching from DB for roles: [ADMIN]
2026-02-25 17:42:35 INFO  c.c.service.PermissionDataService - DB returned 1 records
2026-02-25 17:42:35 INFO  c.c.service.PermissionDataService - Processed DB Data chunk for role: ADMIN, UserRoleId: 939, JSON Length: 22208
2026-02-25 17:42:35 INFO  c.c.service.PermissionDataService - CACHE POPULATING (Pipeline) for role: ADMIN, Total Unique Screens: 185
2026-02-25 17:42:35 INFO  c.c.service.PermissionDataService - Stored in Redis: role_v2::ADMIN with 3 min expiration
2026-02-25 17:42:35 INFO  c.c.service.PermissionDataService - >>> Permission Check Initiated <<<
2026-02-25 17:42:35 INFO  c.c.service.PermissionDataService - User: Mohan, Designations: [CENTER HEAD], Roles: [ADMIN]
2026-02-25 17:42:35 INFO  c.c.service.PermissionDataService - CACHE HIT for role: ADMIN
2026-02-25 17:42:35 INFO  c.c.service.PermissionDataService - Refreshed expiration for role: ADMIN to 3 mins
2026-02-25 17:47:11 INFO  c.c.service.PermissionDataService - >>> Permission Check Initiated <<<
2026-02-25 17:47:11 INFO  c.c.service.PermissionDataService - User: Mohan, Designations: [CENTER HEAD], Roles: [ADMIN]
2026-02-25 17:47:11 INFO  c.c.service.PermissionDataService - CACHE MISS for role: ADMIN
2026-02-25 17:47:11 INFO  c.c.service.PermissionDataService - Fetching from DB for roles: [ADMIN]
2026-02-25 17:47:11 INFO  c.c.service.PermissionDataService - DB returned 1 records
2026-02-25 17:47:11 INFO  c.c.service.PermissionDataService - Processed DB Data chunk for role: ADMIN, UserRoleId: 939, JSON Length: 22208
2026-02-25 17:47:11 INFO  c.c.service.PermissionDataService - CACHE POPULATING (Pipeline) for role: ADMIN, Total Unique Screens: 185
2026-02-25 17:47:11 INFO  c.c.service.PermissionDataService - Stored in Redis: role_v2::ADMIN with 3 min expiration
2026-02-25 17:47:11 INFO  c.c.service.PermissionDataService - >>> Permission Check Initiated <<<
2026-02-25 17:47:11 INFO  c.c.service.PermissionDataService - User: Mohan, Designations: [CENTER HEAD], Roles: [ADMIN]
2026-02-25 17:47:11 INFO  c.c.service.PermissionDataService - CACHE HIT for role: ADMIN
2026-02-25 17:47:11 INFO  c.c.service.PermissionDataService - Refreshed expiration for role: ADMIN to 3 mins
2026-02-25 18:42:08 INFO  c.c.service.PermissionDataService - >>> Permission Check Initiated <<<
2026-02-25 18:42:08 INFO  c.c.service.PermissionDataService - User: Mohan, Designations: [CENTER HEAD], Roles: [ADMIN]
2026-02-25 18:42:08 INFO  c.c.service.PermissionDataService - CACHE HIT for role: ADMIN
2026-02-25 18:42:08 INFO  c.c.service.PermissionDataService - Refreshed expiration for role: ADMIN to 3 mins
2026-02-25 18:42:08 INFO  c.c.service.PermissionDataService - >>> Permission Check Initiated <<<
2026-02-25 18:42:08 INFO  c.c.service.PermissionDataService - User: Mohan, Designations: [CENTER HEAD], Roles: [ADMIN]
2026-02-25 18:42:08 INFO  c.c.service.PermissionDataService - CACHE HIT for role: ADMIN
2026-02-25 18:42:08 INFO  c.c.service.PermissionDataService - Refreshed expiration for role: ADMIN to 3 mins
2026-02-25 18:42:08 INFO  c.c.service.PermissionDataService - >>> Permission Check Initiated <<<
2026-02-25 18:42:08 INFO  c.c.service.PermissionDataService - User: Mohan, Designations: [CENTER HEAD], Roles: [ADMIN]
2026-02-25 18:42:08 INFO  c.c.service.PermissionDataService - CACHE HIT for role: ADMIN
2026-02-25 18:42:08 INFO  c.c.service.PermissionDataService - Refreshed expiration for role: ADMIN to 3 mins
2026-02-25 21:35:23 INFO  c.c.service.PermissionDataService - >>> Permission Check Initiated <<<
2026-02-25 21:35:23 INFO  c.c.service.PermissionDataService - User: Mohan, Designations: [CENTER HEAD], Roles: [ADMIN]
2026-02-25 21:35:23 INFO  c.c.service.PermissionDataService - CACHE HIT for role: ADMIN
2026-02-25 21:35:23 INFO  c.c.service.PermissionDataService - Refreshed expiration for role: ADMIN to 3 mins
2026-02-25 21:35:23 INFO  c.c.service.PermissionDataService - >>> Permission Check Initiated <<<
2026-02-25 21:35:23 INFO  c.c.service.PermissionDataService - User: Mohan, Designations: [CENTER HEAD], Roles: [ADMIN]
2026-02-25 21:35:23 INFO  c.c.service.PermissionDataService - CACHE HIT for role: ADMIN
2026-02-25 21:35:23 INFO  c.c.service.PermissionDataService - Refreshed expiration for role: ADMIN to 3 mins
2026-02-25 21:35:23 INFO  c.c.service.PermissionDataService - >>> Permission Check Initiated <<<
2026-02-25 21:35:23 INFO  c.c.service.PermissionDataService - User: Mohan, Designations: [CENTER HEAD], Roles: [ADMIN]
2026-02-25 21:35:24 INFO  c.c.service.PermissionDataService - CACHE HIT for role: ADMIN
2026-02-25 21:35:24 INFO  c.c.service.PermissionDataService - Refreshed expiration for role: ADMIN to 3 mins
