2026-02-23 09:57:15 INFO  c.c.service.PermissionDataService - >>> Permission Check Initiated <<<
2026-02-23 09:57:15 INFO  c.c.service.PermissionDataService - User: Mohan, Designations: [CENTER HEAD], Roles: [ADMIN]
2026-02-23 09:57:15 INFO  c.c.service.PermissionDataService - CACHE HIT for role: ADMIN
2026-02-23 09:57:15 INFO  c.c.service.PermissionDataService - Refreshed expiration for role: ADMIN to 3 mins
2026-02-23 09:57:15 INFO  c.c.service.PermissionDataService - >>> Permission Check Initiated <<<
2026-02-23 09:57:15 INFO  c.c.service.PermissionDataService - User: Mohan, Designations: [CENTER HEAD], Roles: [ADMIN]
2026-02-23 09:57:15 INFO  c.c.service.PermissionDataService - CACHE HIT for role: ADMIN
2026-02-23 09:57:15 INFO  c.c.service.PermissionDataService - Refreshed expiration for role: ADMIN to 3 mins
2026-02-23 09:57:15 INFO  c.c.service.PermissionDataService - >>> Permission Check Initiated <<<
2026-02-23 09:57:15 INFO  c.c.service.PermissionDataService - User: Mohan, Designations: [CENTER HEAD], Roles: [ADMIN]
2026-02-23 09:57:15 INFO  c.c.service.PermissionDataService - CACHE HIT for role: ADMIN
2026-02-23 09:57:15 INFO  c.c.service.PermissionDataService - Refreshed expiration for role: ADMIN to 3 mins
2026-02-23 10:01:22 INFO  c.c.service.PermissionDataService - >>> Permission Check Initiated <<<
2026-02-23 10:01:22 INFO  c.c.service.PermissionDataService - User: Mohan, Designations: [CENTER HEAD], Roles: [ADMIN]
2026-02-23 10:01:22 INFO  c.c.service.PermissionDataService - CACHE MISS for role: ADMIN
2026-02-23 10:01:22 INFO  c.c.service.PermissionDataService - Fetching from DB for roles: [ADMIN]
2026-02-23 10:01:22 INFO  c.c.service.PermissionDataService - DB returned 1 records
2026-02-23 10:01:22 INFO  c.c.service.PermissionDataService - Processed DB Data chunk for role: ADMIN, UserRoleId: 939, JSON Length: 15766
2026-02-23 10:01:22 INFO  c.c.service.PermissionDataService - CACHE POPULATING (Pipeline) for role: ADMIN, Total Unique Screens: 135
2026-02-23 10:01:22 INFO  c.c.service.PermissionDataService - Stored in Redis: role_v2::ADMIN with 3 min expiration
2026-02-23 10:01:22 INFO  c.c.service.PermissionDataService - >>> Permission Check Initiated <<<
2026-02-23 10:01:22 INFO  c.c.service.PermissionDataService - User: Mohan, Designations: [CENTER HEAD], Roles: [ADMIN]
2026-02-23 10:01:22 INFO  c.c.service.PermissionDataService - CACHE HIT for role: ADMIN
2026-02-23 10:01:22 INFO  c.c.service.PermissionDataService - Refreshed expiration for role: ADMIN to 3 mins
2026-02-23 10:03:00 INFO  c.c.service.PermissionDataService - >>> Permission Check Initiated <<<
2026-02-23 10:03:00 INFO  c.c.service.PermissionDataService - User: Mohan, Designations: [CENTER HEAD], Roles: [ADMIN]
2026-02-23 10:03:00 INFO  c.c.service.PermissionDataService - CACHE HIT for role: ADMIN
2026-02-23 10:03:00 INFO  c.c.service.PermissionDataService - Refreshed expiration for role: ADMIN to 3 mins
2026-02-23 10:03:00 INFO  c.c.service.PermissionDataService - >>> Permission Check Initiated <<<
2026-02-23 10:03:00 INFO  c.c.service.PermissionDataService - User: Mohan, Designations: [CENTER HEAD], Roles: [ADMIN]
2026-02-23 10:03:00 INFO  c.c.service.PermissionDataService - CACHE HIT for role: ADMIN
2026-02-23 10:03:00 INFO  c.c.service.PermissionDataService - Refreshed expiration for role: ADMIN to 3 mins
2026-02-23 10:05:15 INFO  c.c.service.PermissionDataService - >>> Permission Check Initiated <<<
2026-02-23 10:05:15 INFO  c.c.service.PermissionDataService - User: Mohan, Designations: [CENTER HEAD], Roles: [ADMIN]
2026-02-23 10:05:15 INFO  c.c.service.PermissionDataService - CACHE HIT for role: ADMIN
2026-02-23 10:05:15 INFO  c.c.service.PermissionDataService - Refreshed expiration for role: ADMIN to 3 mins
2026-02-23 10:05:15 INFO  c.c.service.PermissionDataService - >>> Permission Check Initiated <<<
2026-02-23 10:05:15 INFO  c.c.service.PermissionDataService - User: Mohan, Designations: [CENTER HEAD], Roles: [ADMIN]
2026-02-23 10:05:15 INFO  c.c.service.PermissionDataService - CACHE HIT for role: ADMIN
2026-02-23 10:05:15 INFO  c.c.service.PermissionDataService - Refreshed expiration for role: ADMIN to 3 mins
2026-02-23 10:07:33 INFO  c.c.service.PermissionDataService - >>> Permission Check Initiated <<<
2026-02-23 10:07:33 INFO  c.c.service.PermissionDataService - User: Mohan, Designations: [CENTER HEAD], Roles: [ADMIN]
2026-02-23 10:07:33 INFO  c.c.service.PermissionDataService - CACHE HIT for role: ADMIN
2026-02-23 10:07:33 INFO  c.c.service.PermissionDataService - Refreshed expiration for role: ADMIN to 3 mins
2026-02-23 10:07:33 INFO  c.c.service.PermissionDataService - >>> Permission Check Initiated <<<
2026-02-23 10:07:33 INFO  c.c.service.PermissionDataService - User: Mohan, Designations: [CENTER HEAD], Roles: [ADMIN]
2026-02-23 10:07:33 INFO  c.c.service.PermissionDataService - CACHE HIT for role: ADMIN
2026-02-23 10:07:33 INFO  c.c.service.PermissionDataService - Refreshed expiration for role: ADMIN to 3 mins
2026-02-23 10:10:13 INFO  c.c.service.PermissionDataService - >>> Permission Check Initiated <<<
2026-02-23 10:10:13 INFO  c.c.service.PermissionDataService - User: Mohan, Designations: [CENTER HEAD], Roles: [ADMIN]
2026-02-23 10:10:13 INFO  c.c.service.PermissionDataService - CACHE HIT for role: ADMIN
2026-02-23 10:10:13 INFO  c.c.service.PermissionDataService - Refreshed expiration for role: ADMIN to 3 mins
2026-02-23 10:10:14 INFO  c.c.service.PermissionDataService - >>> Permission Check Initiated <<<
2026-02-23 10:10:14 INFO  c.c.service.PermissionDataService - User: Mohan, Designations: [CENTER HEAD], Roles: [ADMIN]
2026-02-23 10:10:14 INFO  c.c.service.PermissionDataService - CACHE HIT for role: ADMIN
2026-02-23 10:10:14 INFO  c.c.service.PermissionDataService - Refreshed expiration for role: ADMIN to 3 mins
2026-02-23 11:30:31 INFO  c.c.service.PermissionDataService - >>> Permission Check Initiated <<<
2026-02-23 11:30:31 INFO  c.c.service.PermissionDataService - User: Mohan, Designations: [CENTER HEAD], Roles: [ADMIN]
2026-02-23 11:30:31 INFO  c.c.service.PermissionDataService - CACHE HIT for role: ADMIN
2026-02-23 11:30:31 INFO  c.c.service.PermissionDataService - Refreshed expiration for role: ADMIN to 3 mins
2026-02-23 11:30:31 INFO  c.c.service.PermissionDataService - >>> Permission Check Initiated <<<
2026-02-23 11:30:31 INFO  c.c.service.PermissionDataService - User: Mohan, Designations: [CENTER HEAD], Roles: [ADMIN]
2026-02-23 11:30:31 INFO  c.c.service.PermissionDataService - CACHE HIT for role: ADMIN
2026-02-23 11:30:31 INFO  c.c.service.PermissionDataService - Refreshed expiration for role: ADMIN to 3 mins
2026-02-23 11:30:31 INFO  c.c.service.PermissionDataService - >>> Permission Check Initiated <<<
2026-02-23 11:30:31 INFO  c.c.service.PermissionDataService - User: Mohan, Designations: [CENTER HEAD], Roles: [ADMIN]
2026-02-23 11:30:31 INFO  c.c.service.PermissionDataService - CACHE HIT for role: ADMIN
2026-02-23 11:30:31 INFO  c.c.service.PermissionDataService - Refreshed expiration for role: ADMIN to 3 mins
2026-02-23 11:49:21 INFO  c.c.service.PermissionDataService - >>> Permission Check Initiated <<<
2026-02-23 11:49:21 INFO  c.c.service.PermissionDataService - User: Mohan, Designations: [CENTER HEAD], Roles: [ADMIN]
2026-02-23 11:49:21 INFO  c.c.service.PermissionDataService - CACHE MISS for role: ADMIN
2026-02-23 11:49:21 INFO  c.c.service.PermissionDataService - Fetching from DB for roles: [ADMIN]
2026-02-23 11:49:21 INFO  c.c.service.PermissionDataService - DB returned 1 records
2026-02-23 11:49:21 INFO  c.c.service.PermissionDataService - Processed DB Data chunk for role: ADMIN, UserRoleId: 939, JSON Length: 15766
2026-02-23 11:49:21 INFO  c.c.service.PermissionDataService - CACHE POPULATING (Pipeline) for role: ADMIN, Total Unique Screens: 135
2026-02-23 11:49:21 INFO  c.c.service.PermissionDataService - Stored in Redis: role_v2::ADMIN with 3 min expiration
2026-02-23 11:49:21 INFO  c.c.service.PermissionDataService - >>> Permission Check Initiated <<<
2026-02-23 11:49:21 INFO  c.c.service.PermissionDataService - User: Mohan, Designations: [CENTER HEAD], Roles: [ADMIN]
2026-02-23 11:49:22 INFO  c.c.service.PermissionDataService - CACHE HIT for role: ADMIN
2026-02-23 11:49:22 INFO  c.c.service.PermissionDataService - Refreshed expiration for role: ADMIN to 3 mins
2026-02-23 11:56:27 INFO  c.c.service.PermissionDataService - >>> Permission Check Initiated <<<
2026-02-23 11:56:27 INFO  c.c.service.PermissionDataService - User: Mohan, Designations: [CENTER HEAD], Roles: [ADMIN]
2026-02-23 11:56:27 INFO  c.c.service.PermissionDataService - CACHE MISS for role: ADMIN
2026-02-23 11:56:27 INFO  c.c.service.PermissionDataService - Fetching from DB for roles: [ADMIN]
2026-02-23 11:56:27 INFO  c.c.service.PermissionDataService - DB returned 1 records
2026-02-23 11:56:27 INFO  c.c.service.PermissionDataService - Processed DB Data chunk for role: ADMIN, UserRoleId: 939, JSON Length: 15766
2026-02-23 11:56:27 INFO  c.c.service.PermissionDataService - CACHE POPULATING (Pipeline) for role: ADMIN, Total Unique Screens: 135
2026-02-23 11:56:27 INFO  c.c.service.PermissionDataService - Stored in Redis: role_v2::ADMIN with 3 min expiration
2026-02-23 11:56:27 INFO  c.c.service.PermissionDataService - >>> Permission Check Initiated <<<
2026-02-23 11:56:27 INFO  c.c.service.PermissionDataService - User: Mohan, Designations: [CENTER HEAD], Roles: [ADMIN]
2026-02-23 11:56:27 INFO  c.c.service.PermissionDataService - CACHE HIT for role: ADMIN
2026-02-23 11:56:27 INFO  c.c.service.PermissionDataService - Refreshed expiration for role: ADMIN to 3 mins
2026-02-23 14:17:22 INFO  c.c.service.PermissionDataService - >>> Permission Check Initiated <<<
2026-02-23 14:17:22 INFO  c.c.service.PermissionDataService - User: Mohan, Designations: [CENTER HEAD], Roles: [ADMIN]
2026-02-23 14:17:23 INFO  c.c.service.PermissionDataService - CACHE HIT for role: ADMIN
2026-02-23 14:17:23 INFO  c.c.service.PermissionDataService - Refreshed expiration for role: ADMIN to 3 mins
2026-02-23 14:17:23 INFO  c.c.service.PermissionDataService - >>> Permission Check Initiated <<<
2026-02-23 14:17:23 INFO  c.c.service.PermissionDataService - User: Mohan, Designations: [CENTER HEAD], Roles: [ADMIN]
2026-02-23 14:17:23 INFO  c.c.service.PermissionDataService - CACHE HIT for role: ADMIN
2026-02-23 14:17:23 INFO  c.c.service.PermissionDataService - Refreshed expiration for role: ADMIN to 3 mins
2026-02-23 14:17:23 INFO  c.c.service.PermissionDataService - >>> Permission Check Initiated <<<
2026-02-23 14:17:23 INFO  c.c.service.PermissionDataService - User: Mohan, Designations: [CENTER HEAD], Roles: [ADMIN]
2026-02-23 14:17:23 INFO  c.c.service.PermissionDataService - CACHE HIT for role: ADMIN
2026-02-23 14:17:23 INFO  c.c.service.PermissionDataService - Refreshed expiration for role: ADMIN to 3 mins
2026-02-23 15:38:54 INFO  c.c.service.PermissionDataService - >>> Permission Check Initiated <<<
2026-02-23 15:38:54 INFO  c.c.service.PermissionDataService - User: Mohan, Designations: [CENTER HEAD], Roles: [ADMIN]
2026-02-23 15:38:54 INFO  c.c.service.PermissionDataService - CACHE HIT for role: ADMIN
2026-02-23 15:38:54 INFO  c.c.service.PermissionDataService - Refreshed expiration for role: ADMIN to 3 mins
2026-02-23 15:38:54 INFO  c.c.service.PermissionDataService - >>> Permission Check Initiated <<<
2026-02-23 15:38:54 INFO  c.c.service.PermissionDataService - User: Mohan, Designations: [CENTER HEAD], Roles: [ADMIN]
2026-02-23 15:38:54 INFO  c.c.service.PermissionDataService - CACHE HIT for role: ADMIN
2026-02-23 15:38:54 INFO  c.c.service.PermissionDataService - Refreshed expiration for role: ADMIN to 3 mins
2026-02-23 15:38:54 INFO  c.c.service.PermissionDataService - >>> Permission Check Initiated <<<
2026-02-23 15:38:54 INFO  c.c.service.PermissionDataService - User: Mohan, Designations: [CENTER HEAD], Roles: [ADMIN]
2026-02-23 15:38:54 INFO  c.c.service.PermissionDataService - CACHE HIT for role: ADMIN
2026-02-23 15:38:54 INFO  c.c.service.PermissionDataService - Refreshed expiration for role: ADMIN to 3 mins
2026-02-23 15:40:52 INFO  c.c.service.PermissionDataService - >>> Permission Check Initiated <<<
2026-02-23 15:40:52 INFO  c.c.service.PermissionDataService - User: Mohan, Designations: [CENTER HEAD], Roles: [ADMIN]
2026-02-23 15:40:52 INFO  c.c.service.PermissionDataService - CACHE HIT for role: ADMIN
2026-02-23 15:40:52 INFO  c.c.service.PermissionDataService - Refreshed expiration for role: ADMIN to 3 mins
2026-02-23 15:40:52 INFO  c.c.service.PermissionDataService - >>> Permission Check Initiated <<<
2026-02-23 15:40:52 INFO  c.c.service.PermissionDataService - User: Mohan, Designations: [CENTER HEAD], Roles: [ADMIN]
2026-02-23 15:40:52 INFO  c.c.service.PermissionDataService - CACHE HIT for role: ADMIN
2026-02-23 15:40:52 INFO  c.c.service.PermissionDataService - Refreshed expiration for role: ADMIN to 3 mins
2026-02-23 16:18:46 INFO  c.c.service.PermissionDataService - >>> Permission Check Initiated <<<
2026-02-23 16:18:46 INFO  c.c.service.PermissionDataService - User: Mohan, Designations: [CENTER HEAD], Roles: [ADMIN]
2026-02-23 16:18:46 INFO  c.c.service.PermissionDataService - CACHE HIT for role: ADMIN
2026-02-23 16:18:46 INFO  c.c.service.PermissionDataService - Refreshed expiration for role: ADMIN to 3 mins
2026-02-23 16:18:46 INFO  c.c.service.PermissionDataService - >>> Permission Check Initiated <<<
2026-02-23 16:18:46 INFO  c.c.service.PermissionDataService - User: Mohan, Designations: [CENTER HEAD], Roles: [ADMIN]
2026-02-23 16:18:46 INFO  c.c.service.PermissionDataService - CACHE HIT for role: ADMIN
2026-02-23 16:18:46 INFO  c.c.service.PermissionDataService - Refreshed expiration for role: ADMIN to 3 mins
2026-02-23 16:18:46 INFO  c.c.service.PermissionDataService - >>> Permission Check Initiated <<<
2026-02-23 16:18:46 INFO  c.c.service.PermissionDataService - User: Mohan, Designations: [CENTER HEAD], Roles: [ADMIN]
2026-02-23 16:18:46 INFO  c.c.service.PermissionDataService - CACHE HIT for role: ADMIN
2026-02-23 16:18:46 INFO  c.c.service.PermissionDataService - Refreshed expiration for role: ADMIN to 3 mins
2026-02-23 16:50:05 INFO  c.c.service.PermissionDataService - >>> Permission Check Initiated <<<
2026-02-23 16:50:05 INFO  c.c.service.PermissionDataService - User: Mohan, Designations: [CENTER HEAD], Roles: [ADMIN]
2026-02-23 16:50:05 INFO  c.c.service.PermissionDataService - CACHE HIT for role: ADMIN
2026-02-23 16:50:05 INFO  c.c.service.PermissionDataService - Refreshed expiration for role: ADMIN to 3 mins
2026-02-23 16:50:05 INFO  c.c.service.PermissionDataService - >>> Permission Check Initiated <<<
2026-02-23 16:50:05 INFO  c.c.service.PermissionDataService - User: Mohan, Designations: [CENTER HEAD], Roles: [ADMIN]
2026-02-23 16:50:05 INFO  c.c.service.PermissionDataService - CACHE HIT for role: ADMIN
2026-02-23 16:50:05 INFO  c.c.service.PermissionDataService - Refreshed expiration for role: ADMIN to 3 mins
2026-02-23 16:50:05 INFO  c.c.service.PermissionDataService - >>> Permission Check Initiated <<<
2026-02-23 16:50:05 INFO  c.c.service.PermissionDataService - User: Mohan, Designations: [CENTER HEAD], Roles: [ADMIN]
2026-02-23 16:50:05 INFO  c.c.service.PermissionDataService - CACHE HIT for role: ADMIN
2026-02-23 16:50:05 INFO  c.c.service.PermissionDataService - Refreshed expiration for role: ADMIN to 3 mins
2026-02-23 17:17:50 INFO  c.c.service.PermissionDataService - >>> Permission Check Initiated <<<
2026-02-23 17:17:50 INFO  c.c.service.PermissionDataService - User: Mohan, Designations: [CENTER HEAD], Roles: [ADMIN]
2026-02-23 17:17:50 INFO  c.c.service.PermissionDataService - CACHE HIT for role: ADMIN
2026-02-23 17:17:50 INFO  c.c.service.PermissionDataService - Refreshed expiration for role: ADMIN to 3 mins
2026-02-23 17:17:50 INFO  c.c.service.PermissionDataService - >>> Permission Check Initiated <<<
2026-02-23 17:17:50 INFO  c.c.service.PermissionDataService - User: Mohan, Designations: [CENTER HEAD], Roles: [ADMIN]
2026-02-23 17:17:50 INFO  c.c.service.PermissionDataService - CACHE HIT for role: ADMIN
2026-02-23 17:17:50 INFO  c.c.service.PermissionDataService - Refreshed expiration for role: ADMIN to 3 mins
2026-02-23 17:17:50 INFO  c.c.service.PermissionDataService - >>> Permission Check Initiated <<<
2026-02-23 17:17:50 INFO  c.c.service.PermissionDataService - User: Mohan, Designations: [CENTER HEAD], Roles: [ADMIN]
2026-02-23 17:17:50 INFO  c.c.service.PermissionDataService - CACHE HIT for role: ADMIN
2026-02-23 17:17:50 INFO  c.c.service.PermissionDataService - Refreshed expiration for role: ADMIN to 3 mins
2026-02-23 19:59:56 INFO  c.c.service.PermissionDataService - >>> Permission Check Initiated <<<
2026-02-23 19:59:56 INFO  c.c.service.PermissionDataService - User: Mohan, Designations: [CENTER HEAD], Roles: [ADMIN]
2026-02-23 19:59:58 INFO  c.c.service.PermissionDataService - CACHE HIT for role: ADMIN
2026-02-23 19:59:58 INFO  c.c.service.PermissionDataService - Refreshed expiration for role: ADMIN to 3 mins
2026-02-23 19:59:58 INFO  c.c.service.PermissionDataService - >>> Permission Check Initiated <<<
2026-02-23 19:59:58 INFO  c.c.service.PermissionDataService - User: Mohan, Designations: [CENTER HEAD], Roles: [ADMIN]
2026-02-23 19:59:58 INFO  c.c.service.PermissionDataService - CACHE HIT for role: ADMIN
2026-02-23 19:59:58 INFO  c.c.service.PermissionDataService - Refreshed expiration for role: ADMIN to 3 mins
2026-02-23 19:59:58 INFO  c.c.service.PermissionDataService - >>> Permission Check Initiated <<<
2026-02-23 19:59:58 INFO  c.c.service.PermissionDataService - User: Mohan, Designations: [CENTER HEAD], Roles: [ADMIN]
2026-02-23 19:59:58 INFO  c.c.service.PermissionDataService - CACHE HIT for role: ADMIN
2026-02-23 19:59:58 INFO  c.c.service.PermissionDataService - Refreshed expiration for role: ADMIN to 3 mins
2026-02-23 20:00:39 INFO  c.c.service.PermissionDataService - >>> Permission Check Initiated <<<
2026-02-23 20:00:39 INFO  c.c.service.PermissionDataService - User: Mohan, Designations: [CENTER HEAD], Roles: [ADMIN]
2026-02-23 20:00:39 INFO  c.c.service.PermissionDataService - CACHE HIT for role: ADMIN
2026-02-23 20:00:39 INFO  c.c.service.PermissionDataService - Refreshed expiration for role: ADMIN to 3 mins
2026-02-23 20:00:39 INFO  c.c.service.PermissionDataService - >>> Permission Check Initiated <<<
2026-02-23 20:00:39 INFO  c.c.service.PermissionDataService - User: Mohan, Designations: [CENTER HEAD], Roles: [ADMIN]
2026-02-23 20:00:39 INFO  c.c.service.PermissionDataService - CACHE HIT for role: ADMIN
2026-02-23 20:00:39 INFO  c.c.service.PermissionDataService - Refreshed expiration for role: ADMIN to 3 mins
2026-02-23 20:09:48 INFO  c.c.service.PermissionDataService - >>> Permission Check Initiated <<<
2026-02-23 20:09:48 INFO  c.c.service.PermissionDataService - User: Mohan, Designations: [CENTER HEAD], Roles: [ADMIN]
2026-02-23 20:09:48 INFO  c.c.service.PermissionDataService - CACHE HIT for role: ADMIN
2026-02-23 20:09:48 INFO  c.c.service.PermissionDataService - Refreshed expiration for role: ADMIN to 3 mins
2026-02-23 20:09:48 INFO  c.c.service.PermissionDataService - >>> Permission Check Initiated <<<
2026-02-23 20:09:48 INFO  c.c.service.PermissionDataService - User: Mohan, Designations: [CENTER HEAD], Roles: [ADMIN]
2026-02-23 20:09:48 INFO  c.c.service.PermissionDataService - CACHE HIT for role: ADMIN
2026-02-23 20:09:48 INFO  c.c.service.PermissionDataService - Refreshed expiration for role: ADMIN to 3 mins
2026-02-23 20:09:48 INFO  c.c.service.PermissionDataService - >>> Permission Check Initiated <<<
2026-02-23 20:09:48 INFO  c.c.service.PermissionDataService - User: Mohan, Designations: [CENTER HEAD], Roles: [ADMIN]
2026-02-23 20:09:48 INFO  c.c.service.PermissionDataService - CACHE HIT for role: ADMIN
2026-02-23 20:09:48 INFO  c.c.service.PermissionDataService - Refreshed expiration for role: ADMIN to 3 mins
2026-02-23 20:11:18 INFO  c.c.service.PermissionDataService - >>> Permission Check Initiated <<<
2026-02-23 20:11:18 INFO  c.c.service.PermissionDataService - User: Mohan, Designations: [CENTER HEAD], Roles: [ADMIN]
2026-02-23 20:11:18 INFO  c.c.service.PermissionDataService - CACHE HIT for role: ADMIN
2026-02-23 20:11:18 INFO  c.c.service.PermissionDataService - Refreshed expiration for role: ADMIN to 3 mins
2026-02-23 20:11:19 INFO  c.c.service.PermissionDataService - >>> Permission Check Initiated <<<
2026-02-23 20:11:19 INFO  c.c.service.PermissionDataService - User: Mohan, Designations: [CENTER HEAD], Roles: [ADMIN]
2026-02-23 20:11:19 INFO  c.c.service.PermissionDataService - CACHE HIT for role: ADMIN
2026-02-23 20:11:19 INFO  c.c.service.PermissionDataService - Refreshed expiration for role: ADMIN to 3 mins
2026-02-23 20:14:18 INFO  c.c.service.PermissionDataService - >>> Permission Check Initiated <<<
2026-02-23 20:14:18 INFO  c.c.service.PermissionDataService - User: Mohan, Designations: [CENTER HEAD], Roles: [ADMIN]
2026-02-23 20:14:18 INFO  c.c.service.PermissionDataService - CACHE HIT for role: ADMIN
2026-02-23 20:14:18 INFO  c.c.service.PermissionDataService - Refreshed expiration for role: ADMIN to 3 mins
2026-02-23 20:14:18 INFO  c.c.service.PermissionDataService - >>> Permission Check Initiated <<<
2026-02-23 20:14:18 INFO  c.c.service.PermissionDataService - User: Mohan, Designations: [CENTER HEAD], Roles: [ADMIN]
2026-02-23 20:14:18 INFO  c.c.service.PermissionDataService - CACHE HIT for role: ADMIN
2026-02-23 20:14:18 INFO  c.c.service.PermissionDataService - Refreshed expiration for role: ADMIN to 3 mins
2026-02-23 20:14:38 INFO  c.c.service.PermissionDataService - >>> Permission Check Initiated <<<
2026-02-23 20:14:39 INFO  c.c.service.PermissionDataService - User: Mohan, Designations: [CENTER HEAD], Roles: [ADMIN]
2026-02-23 20:14:39 INFO  c.c.service.PermissionDataService - CACHE HIT for role: ADMIN
2026-02-23 20:14:39 INFO  c.c.service.PermissionDataService - Refreshed expiration for role: ADMIN to 3 mins
2026-02-23 20:14:39 INFO  c.c.service.PermissionDataService - >>> Permission Check Initiated <<<
2026-02-23 20:14:39 INFO  c.c.service.PermissionDataService - User: Mohan, Designations: [CENTER HEAD], Roles: [ADMIN]
2026-02-23 20:14:39 INFO  c.c.service.PermissionDataService - CACHE HIT for role: ADMIN
2026-02-23 20:14:39 INFO  c.c.service.PermissionDataService - Refreshed expiration for role: ADMIN to 3 mins
2026-02-23 20:21:30 INFO  c.c.service.PermissionDataService - >>> Permission Check Initiated <<<
2026-02-23 20:21:30 INFO  c.c.service.PermissionDataService - User: Mohan, Designations: [CENTER HEAD], Roles: [ADMIN]
2026-02-23 20:21:30 INFO  c.c.service.PermissionDataService - CACHE MISS for role: ADMIN
2026-02-23 20:21:30 INFO  c.c.service.PermissionDataService - Fetching from DB for roles: [ADMIN]
2026-02-23 20:21:32 INFO  c.c.service.PermissionDataService - DB returned 1 records
2026-02-23 20:21:32 INFO  c.c.service.PermissionDataService - Processed DB Data chunk for role: ADMIN, UserRoleId: 939, JSON Length: 15766
2026-02-23 20:21:33 INFO  c.c.service.PermissionDataService - CACHE POPULATING (Pipeline) for role: ADMIN, Total Unique Screens: 135
2026-02-23 20:21:33 INFO  c.c.service.PermissionDataService - Stored in Redis: role_v2::ADMIN with 3 min expiration
2026-02-23 20:21:34 INFO  c.c.service.PermissionDataService - >>> Permission Check Initiated <<<
2026-02-23 20:21:34 INFO  c.c.service.PermissionDataService - User: Mohan, Designations: [CENTER HEAD], Roles: [ADMIN]
2026-02-23 20:21:34 INFO  c.c.service.PermissionDataService - CACHE HIT for role: ADMIN
2026-02-23 20:21:34 INFO  c.c.service.PermissionDataService - Refreshed expiration for role: ADMIN to 3 mins
2026-02-23 20:23:56 INFO  c.c.service.PermissionDataService - >>> Permission Check Initiated <<<
2026-02-23 20:23:56 INFO  c.c.service.PermissionDataService - User: Mohan, Designations: [CENTER HEAD], Roles: [ADMIN]
2026-02-23 20:23:56 INFO  c.c.service.PermissionDataService - CACHE HIT for role: ADMIN
2026-02-23 20:23:56 INFO  c.c.service.PermissionDataService - Refreshed expiration for role: ADMIN to 3 mins
2026-02-23 20:23:56 INFO  c.c.service.PermissionDataService - >>> Permission Check Initiated <<<
2026-02-23 20:23:56 INFO  c.c.service.PermissionDataService - User: Mohan, Designations: [CENTER HEAD], Roles: [ADMIN]
2026-02-23 20:23:56 INFO  c.c.service.PermissionDataService - CACHE HIT for role: ADMIN
2026-02-23 20:23:56 INFO  c.c.service.PermissionDataService - Refreshed expiration for role: ADMIN to 3 mins
2026-02-23 20:24:07 INFO  c.c.service.PermissionDataService - >>> Permission Check Initiated <<<
2026-02-23 20:24:07 INFO  c.c.service.PermissionDataService - User: Mohan, Designations: [CENTER HEAD], Roles: [ADMIN]
2026-02-23 20:24:07 INFO  c.c.service.PermissionDataService - CACHE HIT for role: ADMIN
2026-02-23 20:24:07 INFO  c.c.service.PermissionDataService - Refreshed expiration for role: ADMIN to 3 mins
2026-02-23 20:24:07 INFO  c.c.service.PermissionDataService - >>> Permission Check Initiated <<<
2026-02-23 20:24:07 INFO  c.c.service.PermissionDataService - User: Mohan, Designations: [CENTER HEAD], Roles: [ADMIN]
2026-02-23 20:24:07 INFO  c.c.service.PermissionDataService - CACHE HIT for role: ADMIN
2026-02-23 20:24:07 INFO  c.c.service.PermissionDataService - Refreshed expiration for role: ADMIN to 3 mins
2026-02-23 20:25:54 INFO  c.c.service.PermissionDataService - >>> Permission Check Initiated <<<
2026-02-23 20:25:54 INFO  c.c.service.PermissionDataService - User: Mohan, Designations: [CENTER HEAD], Roles: [ADMIN]
2026-02-23 20:25:54 INFO  c.c.service.PermissionDataService - CACHE HIT for role: ADMIN
2026-02-23 20:25:54 INFO  c.c.service.PermissionDataService - Refreshed expiration for role: ADMIN to 3 mins
2026-02-23 20:25:54 INFO  c.c.service.PermissionDataService - >>> Permission Check Initiated <<<
2026-02-23 20:25:54 INFO  c.c.service.PermissionDataService - User: Mohan, Designations: [CENTER HEAD], Roles: [ADMIN]
2026-02-23 20:25:54 INFO  c.c.service.PermissionDataService - CACHE HIT for role: ADMIN
2026-02-23 20:25:54 INFO  c.c.service.PermissionDataService - Refreshed expiration for role: ADMIN to 3 mins
2026-02-23 20:40:35 INFO  c.c.service.PermissionDataService - >>> Permission Check Initiated <<<
2026-02-23 20:40:35 INFO  c.c.service.PermissionDataService - User: Mohan, Designations: [CENTER HEAD], Roles: [ADMIN]
2026-02-23 20:40:35 INFO  c.c.service.PermissionDataService - CACHE MISS for role: ADMIN
2026-02-23 20:40:35 INFO  c.c.service.PermissionDataService - Fetching from DB for roles: [ADMIN]
2026-02-23 20:40:35 INFO  c.c.service.PermissionDataService - DB returned 1 records
2026-02-23 20:40:35 INFO  c.c.service.PermissionDataService - Processed DB Data chunk for role: ADMIN, UserRoleId: 939, JSON Length: 15766
2026-02-23 20:40:35 INFO  c.c.service.PermissionDataService - CACHE POPULATING (Pipeline) for role: ADMIN, Total Unique Screens: 135
2026-02-23 20:40:35 INFO  c.c.service.PermissionDataService - Stored in Redis: role_v2::ADMIN with 3 min expiration
2026-02-23 20:40:35 INFO  c.c.service.PermissionDataService - >>> Permission Check Initiated <<<
2026-02-23 20:40:35 INFO  c.c.service.PermissionDataService - User: Mohan, Designations: [CENTER HEAD], Roles: [ADMIN]
2026-02-23 20:40:35 INFO  c.c.service.PermissionDataService - CACHE HIT for role: ADMIN
2026-02-23 20:40:35 INFO  c.c.service.PermissionDataService - Refreshed expiration for role: ADMIN to 3 mins
2026-02-23 20:43:16 INFO  c.c.service.PermissionDataService - >>> Permission Check Initiated <<<
2026-02-23 20:43:16 INFO  c.c.service.PermissionDataService - User: Mohan, Designations: [CENTER HEAD], Roles: [ADMIN]
2026-02-23 20:43:16 INFO  c.c.service.PermissionDataService - CACHE HIT for role: ADMIN
2026-02-23 20:43:16 INFO  c.c.service.PermissionDataService - Refreshed expiration for role: ADMIN to 3 mins
2026-02-23 20:43:16 INFO  c.c.service.PermissionDataService - >>> Permission Check Initiated <<<
2026-02-23 20:43:16 INFO  c.c.service.PermissionDataService - User: Mohan, Designations: [CENTER HEAD], Roles: [ADMIN]
2026-02-23 20:43:16 INFO  c.c.service.PermissionDataService - CACHE HIT for role: ADMIN
2026-02-23 20:43:16 INFO  c.c.service.PermissionDataService - Refreshed expiration for role: ADMIN to 3 mins
2026-02-23 20:44:02 INFO  c.c.service.PermissionDataService - >>> Permission Check Initiated <<<
2026-02-23 20:44:02 INFO  c.c.service.PermissionDataService - User: Mohan, Designations: [CENTER HEAD], Roles: [ADMIN]
2026-02-23 20:44:02 INFO  c.c.service.PermissionDataService - CACHE HIT for role: ADMIN
2026-02-23 20:44:02 INFO  c.c.service.PermissionDataService - Refreshed expiration for role: ADMIN to 3 mins
2026-02-23 20:44:02 INFO  c.c.service.PermissionDataService - >>> Permission Check Initiated <<<
2026-02-23 20:44:02 INFO  c.c.service.PermissionDataService - User: Mohan, Designations: [CENTER HEAD], Roles: [ADMIN]
2026-02-23 20:44:02 INFO  c.c.service.PermissionDataService - CACHE HIT for role: ADMIN
2026-02-23 20:44:02 INFO  c.c.service.PermissionDataService - Refreshed expiration for role: ADMIN to 3 mins
2026-02-23 21:05:47 INFO  c.c.service.PermissionDataService - >>> Permission Check Initiated <<<
2026-02-23 21:05:47 INFO  c.c.service.PermissionDataService - User: Mohan, Designations: [CENTER HEAD], Roles: [ADMIN]
2026-02-23 21:05:47 INFO  c.c.service.PermissionDataService - CACHE MISS for role: ADMIN
2026-02-23 21:05:47 INFO  c.c.service.PermissionDataService - Fetching from DB for roles: [ADMIN]
2026-02-23 21:05:47 INFO  c.c.service.PermissionDataService - DB returned 1 records
2026-02-23 21:05:47 INFO  c.c.service.PermissionDataService - Processed DB Data chunk for role: ADMIN, UserRoleId: 939, JSON Length: 15766
2026-02-23 21:05:48 INFO  c.c.service.PermissionDataService - CACHE POPULATING (Pipeline) for role: ADMIN, Total Unique Screens: 135
2026-02-23 21:05:48 INFO  c.c.service.PermissionDataService - Stored in Redis: role_v2::ADMIN with 3 min expiration
2026-02-23 21:05:48 INFO  c.c.service.PermissionDataService - >>> Permission Check Initiated <<<
2026-02-23 21:05:48 INFO  c.c.service.PermissionDataService - User: Mohan, Designations: [CENTER HEAD], Roles: [ADMIN]
2026-02-23 21:05:48 INFO  c.c.service.PermissionDataService - CACHE HIT for role: ADMIN
2026-02-23 21:05:48 INFO  c.c.service.PermissionDataService - Refreshed expiration for role: ADMIN to 3 mins
2026-02-23 21:43:00 INFO  c.c.service.PermissionDataService - >>> Permission Check Initiated <<<
2026-02-23 21:43:00 INFO  c.c.service.PermissionDataService - User: Mohan, Designations: [CENTER HEAD], Roles: [ADMIN]
2026-02-23 21:43:00 INFO  c.c.service.PermissionDataService - CACHE HIT for role: ADMIN
2026-02-23 21:43:01 INFO  c.c.service.PermissionDataService - Refreshed expiration for role: ADMIN to 3 mins
2026-02-23 21:43:01 INFO  c.c.service.PermissionDataService - >>> Permission Check Initiated <<<
2026-02-23 21:43:01 INFO  c.c.service.PermissionDataService - User: Mohan, Designations: [CENTER HEAD], Roles: [ADMIN]
2026-02-23 21:43:01 INFO  c.c.service.PermissionDataService - CACHE HIT for role: ADMIN
2026-02-23 21:43:01 INFO  c.c.service.PermissionDataService - Refreshed expiration for role: ADMIN to 3 mins
2026-02-23 21:43:01 INFO  c.c.service.PermissionDataService - >>> Permission Check Initiated <<<
2026-02-23 21:43:01 INFO  c.c.service.PermissionDataService - User: Mohan, Designations: [CENTER HEAD], Roles: [ADMIN]
2026-02-23 21:43:01 INFO  c.c.service.PermissionDataService - CACHE HIT for role: ADMIN
2026-02-23 21:43:01 INFO  c.c.service.PermissionDataService - Refreshed expiration for role: ADMIN to 3 mins
