2026-02-20 10:36:39 INFO  c.c.service.PermissionDataService - >>> Permission Check Initiated <<<
2026-02-20 10:36:39 INFO  c.c.service.PermissionDataService - User: Mohan, Designations: [CENTER HEAD], Roles: [ADMIN]
2026-02-20 10:36:41 INFO  c.c.service.PermissionDataService - CACHE HIT for role: ADMIN
2026-02-20 10:36:41 INFO  c.c.service.PermissionDataService - Refreshed expiration for role: ADMIN to 3 mins
2026-02-20 10:36:41 INFO  c.c.service.PermissionDataService - >>> Permission Check Initiated <<<
2026-02-20 10:36:41 INFO  c.c.service.PermissionDataService - User: Mohan, Designations: [CENTER HEAD], Roles: [ADMIN]
2026-02-20 10:36:41 INFO  c.c.service.PermissionDataService - CACHE HIT for role: ADMIN
2026-02-20 10:36:41 INFO  c.c.service.PermissionDataService - Refreshed expiration for role: ADMIN to 3 mins
2026-02-20 10:36:41 INFO  c.c.service.PermissionDataService - >>> Permission Check Initiated <<<
2026-02-20 10:36:41 INFO  c.c.service.PermissionDataService - User: Mohan, Designations: [CENTER HEAD], Roles: [ADMIN]
2026-02-20 10:36:41 INFO  c.c.service.PermissionDataService - CACHE HIT for role: ADMIN
2026-02-20 10:36:41 INFO  c.c.service.PermissionDataService - Refreshed expiration for role: ADMIN to 3 mins
2026-02-20 12:09:16 INFO  c.c.service.PermissionDataService - >>> Permission Check Initiated <<<
2026-02-20 12:09:16 INFO  c.c.service.PermissionDataService - User: Mohan, Designations: [CENTER HEAD], Roles: [ADMIN]
2026-02-20 12:09:16 INFO  c.c.service.PermissionDataService - CACHE HIT for role: ADMIN
2026-02-20 12:09:16 INFO  c.c.service.PermissionDataService - Refreshed expiration for role: ADMIN to 3 mins
2026-02-20 12:09:16 INFO  c.c.service.PermissionDataService - >>> Permission Check Initiated <<<
2026-02-20 12:09:16 INFO  c.c.service.PermissionDataService - User: Mohan, Designations: [CENTER HEAD], Roles: [ADMIN]
2026-02-20 12:09:16 INFO  c.c.service.PermissionDataService - CACHE HIT for role: ADMIN
2026-02-20 12:09:16 INFO  c.c.service.PermissionDataService - Refreshed expiration for role: ADMIN to 3 mins
2026-02-20 12:09:16 INFO  c.c.service.PermissionDataService - >>> Permission Check Initiated <<<
2026-02-20 12:09:16 INFO  c.c.service.PermissionDataService - User: Mohan, Designations: [CENTER HEAD], Roles: [ADMIN]
2026-02-20 12:09:16 INFO  c.c.service.PermissionDataService - CACHE HIT for role: ADMIN
2026-02-20 12:09:16 INFO  c.c.service.PermissionDataService - Refreshed expiration for role: ADMIN to 3 mins
2026-02-20 12:48:40 INFO  c.c.service.PermissionDataService - >>> Permission Check Initiated <<<
2026-02-20 12:48:40 INFO  c.c.service.PermissionDataService - User: Mohan, Designations: [CENTER HEAD], Roles: [ADMIN]
2026-02-20 12:48:40 INFO  c.c.service.PermissionDataService - CACHE HIT for role: ADMIN
2026-02-20 12:48:40 INFO  c.c.service.PermissionDataService - Refreshed expiration for role: ADMIN to 3 mins
2026-02-20 12:48:40 INFO  c.c.service.PermissionDataService - >>> Permission Check Initiated <<<
2026-02-20 12:48:40 INFO  c.c.service.PermissionDataService - User: Mohan, Designations: [CENTER HEAD], Roles: [ADMIN]
2026-02-20 12:48:40 INFO  c.c.service.PermissionDataService - CACHE HIT for role: ADMIN
2026-02-20 12:48:40 INFO  c.c.service.PermissionDataService - Refreshed expiration for role: ADMIN to 3 mins
2026-02-20 12:48:40 INFO  c.c.service.PermissionDataService - >>> Permission Check Initiated <<<
2026-02-20 12:48:40 INFO  c.c.service.PermissionDataService - User: Mohan, Designations: [CENTER HEAD], Roles: [ADMIN]
2026-02-20 12:48:40 INFO  c.c.service.PermissionDataService - CACHE HIT for role: ADMIN
2026-02-20 12:48:40 INFO  c.c.service.PermissionDataService - Refreshed expiration for role: ADMIN to 3 mins
2026-02-20 15:34:20 INFO  c.c.service.PermissionDataService - >>> Permission Check Initiated <<<
2026-02-20 15:34:20 INFO  c.c.service.PermissionDataService - User: Mohan, Designations: [CENTER HEAD], Roles: [ADMIN]
2026-02-20 15:34:20 INFO  c.c.service.PermissionDataService - CACHE HIT for role: ADMIN
2026-02-20 15:34:20 INFO  c.c.service.PermissionDataService - Refreshed expiration for role: ADMIN to 3 mins
2026-02-20 15:34:20 INFO  c.c.service.PermissionDataService - >>> Permission Check Initiated <<<
2026-02-20 15:34:20 INFO  c.c.service.PermissionDataService - User: Mohan, Designations: [CENTER HEAD], Roles: [ADMIN]
2026-02-20 15:34:20 INFO  c.c.service.PermissionDataService - CACHE HIT for role: ADMIN
2026-02-20 15:34:20 INFO  c.c.service.PermissionDataService - Refreshed expiration for role: ADMIN to 3 mins
2026-02-20 15:34:21 INFO  c.c.service.PermissionDataService - >>> Permission Check Initiated <<<
2026-02-20 15:34:21 INFO  c.c.service.PermissionDataService - User: Mohan, Designations: [CENTER HEAD], Roles: [ADMIN]
2026-02-20 15:34:21 INFO  c.c.service.PermissionDataService - CACHE HIT for role: ADMIN
2026-02-20 15:34:21 INFO  c.c.service.PermissionDataService - Refreshed expiration for role: ADMIN to 3 mins
2026-02-20 15:36:08 INFO  c.c.service.PermissionDataService - >>> Permission Check Initiated <<<
2026-02-20 15:36:08 INFO  c.c.service.PermissionDataService - User: Mohan, Designations: [CENTER HEAD], Roles: [ADMIN]
2026-02-20 15:36:08 INFO  c.c.service.PermissionDataService - CACHE HIT for role: ADMIN
2026-02-20 15:36:08 INFO  c.c.service.PermissionDataService - Refreshed expiration for role: ADMIN to 3 mins
2026-02-20 15:36:08 INFO  c.c.service.PermissionDataService - >>> Permission Check Initiated <<<
2026-02-20 15:36:08 INFO  c.c.service.PermissionDataService - User: Mohan, Designations: [CENTER HEAD], Roles: [ADMIN]
2026-02-20 15:36:08 INFO  c.c.service.PermissionDataService - CACHE HIT for role: ADMIN
2026-02-20 15:36:08 INFO  c.c.service.PermissionDataService - Refreshed expiration for role: ADMIN to 3 mins
2026-02-20 16:00:48 INFO  c.c.service.PermissionDataService - >>> Permission Check Initiated <<<
2026-02-20 16:00:48 INFO  c.c.service.PermissionDataService - User: Mohan, Designations: [CENTER HEAD], Roles: [ADMIN]
2026-02-20 16:00:48 INFO  c.c.service.PermissionDataService - CACHE HIT for role: ADMIN
2026-02-20 16:00:48 INFO  c.c.service.PermissionDataService - Refreshed expiration for role: ADMIN to 3 mins
2026-02-20 16:00:48 INFO  c.c.service.PermissionDataService - >>> Permission Check Initiated <<<
2026-02-20 16:00:48 INFO  c.c.service.PermissionDataService - User: Mohan, Designations: [CENTER HEAD], Roles: [ADMIN]
2026-02-20 16:00:48 INFO  c.c.service.PermissionDataService - CACHE HIT for role: ADMIN
2026-02-20 16:00:48 INFO  c.c.service.PermissionDataService - Refreshed expiration for role: ADMIN to 3 mins
2026-02-20 16:00:48 INFO  c.c.service.PermissionDataService - >>> Permission Check Initiated <<<
2026-02-20 16:00:48 INFO  c.c.service.PermissionDataService - User: Mohan, Designations: [CENTER HEAD], Roles: [ADMIN]
2026-02-20 16:00:48 INFO  c.c.service.PermissionDataService - CACHE HIT for role: ADMIN
2026-02-20 16:00:48 INFO  c.c.service.PermissionDataService - Refreshed expiration for role: ADMIN to 3 mins
2026-02-20 16:31:42 INFO  c.c.service.PermissionDataService - >>> Permission Check Initiated <<<
2026-02-20 16:31:42 INFO  c.c.service.PermissionDataService - User: Mohan, Designations: [CENTER HEAD], Roles: [ADMIN]
2026-02-20 16:31:42 INFO  c.c.service.PermissionDataService - CACHE MISS for role: ADMIN
2026-02-20 16:31:42 INFO  c.c.service.PermissionDataService - Fetching from DB for roles: [ADMIN]
2026-02-20 16:31:42 INFO  c.c.service.PermissionDataService - DB returned 1 records
2026-02-20 16:31:42 INFO  c.c.service.PermissionDataService - Processed DB Data chunk for role: ADMIN, UserRoleId: 939, JSON Length: 15766
2026-02-20 16:31:43 INFO  c.c.service.PermissionDataService - CACHE POPULATING (Pipeline) for role: ADMIN, Total Unique Screens: 135
2026-02-20 16:31:43 INFO  c.c.service.PermissionDataService - Stored in Redis: role_v2::ADMIN with 3 min expiration
2026-02-20 16:31:43 INFO  c.c.service.PermissionDataService - >>> Permission Check Initiated <<<
2026-02-20 16:31:43 INFO  c.c.service.PermissionDataService - User: Mohan, Designations: [CENTER HEAD], Roles: [ADMIN]
2026-02-20 16:31:43 INFO  c.c.service.PermissionDataService - CACHE HIT for role: ADMIN
2026-02-20 16:31:43 INFO  c.c.service.PermissionDataService - Refreshed expiration for role: ADMIN to 3 mins
2026-02-20 16:38:00 INFO  c.c.service.PermissionDataService - >>> Permission Check Initiated <<<
2026-02-20 16:38:00 INFO  c.c.service.PermissionDataService - User: Mohan, Designations: [CENTER HEAD], Roles: [ADMIN]
2026-02-20 16:38:00 INFO  c.c.service.PermissionDataService - CACHE HIT for role: ADMIN
2026-02-20 16:38:00 INFO  c.c.service.PermissionDataService - Refreshed expiration for role: ADMIN to 3 mins
2026-02-20 16:38:00 INFO  c.c.service.PermissionDataService - >>> Permission Check Initiated <<<
2026-02-20 16:38:00 INFO  c.c.service.PermissionDataService - User: Mohan, Designations: [CENTER HEAD], Roles: [ADMIN]
2026-02-20 16:38:00 INFO  c.c.service.PermissionDataService - CACHE HIT for role: ADMIN
2026-02-20 16:38:00 INFO  c.c.service.PermissionDataService - Refreshed expiration for role: ADMIN to 3 mins
2026-02-20 16:43:39 INFO  c.c.service.PermissionDataService - >>> Permission Check Initiated <<<
2026-02-20 16:43:39 INFO  c.c.service.PermissionDataService - User: Mohan, Designations: [CENTER HEAD], Roles: [ADMIN]
2026-02-20 16:43:39 INFO  c.c.service.PermissionDataService - CACHE MISS for role: ADMIN
2026-02-20 16:43:39 INFO  c.c.service.PermissionDataService - Fetching from DB for roles: [ADMIN]
2026-02-20 16:43:39 INFO  c.c.service.PermissionDataService - DB returned 1 records
2026-02-20 16:43:39 INFO  c.c.service.PermissionDataService - Processed DB Data chunk for role: ADMIN, UserRoleId: 939, JSON Length: 15766
2026-02-20 16:43:39 INFO  c.c.service.PermissionDataService - CACHE POPULATING (Pipeline) for role: ADMIN, Total Unique Screens: 135
2026-02-20 16:43:39 INFO  c.c.service.PermissionDataService - Stored in Redis: role_v2::ADMIN with 3 min expiration
2026-02-20 16:43:39 INFO  c.c.service.PermissionDataService - >>> Permission Check Initiated <<<
2026-02-20 16:43:39 INFO  c.c.service.PermissionDataService - User: Mohan, Designations: [CENTER HEAD], Roles: [ADMIN]
2026-02-20 16:43:39 INFO  c.c.service.PermissionDataService - CACHE HIT for role: ADMIN
2026-02-20 16:43:39 INFO  c.c.service.PermissionDataService - Refreshed expiration for role: ADMIN to 3 mins
2026-02-20 16:48:32 INFO  c.c.service.PermissionDataService - >>> Permission Check Initiated <<<
2026-02-20 16:48:32 INFO  c.c.service.PermissionDataService - User: Mohan, Designations: [CENTER HEAD], Roles: [ADMIN]
2026-02-20 16:48:32 INFO  c.c.service.PermissionDataService - CACHE MISS for role: ADMIN
2026-02-20 16:48:32 INFO  c.c.service.PermissionDataService - Fetching from DB for roles: [ADMIN]
2026-02-20 16:48:32 INFO  c.c.service.PermissionDataService - DB returned 1 records
2026-02-20 16:48:32 INFO  c.c.service.PermissionDataService - Processed DB Data chunk for role: ADMIN, UserRoleId: 939, JSON Length: 15766
2026-02-20 16:48:32 INFO  c.c.service.PermissionDataService - CACHE POPULATING (Pipeline) for role: ADMIN, Total Unique Screens: 135
2026-02-20 16:48:32 INFO  c.c.service.PermissionDataService - Stored in Redis: role_v2::ADMIN with 3 min expiration
2026-02-20 16:48:32 INFO  c.c.service.PermissionDataService - >>> Permission Check Initiated <<<
2026-02-20 16:48:32 INFO  c.c.service.PermissionDataService - User: Mohan, Designations: [CENTER HEAD], Roles: [ADMIN]
2026-02-20 16:48:32 INFO  c.c.service.PermissionDataService - CACHE HIT for role: ADMIN
2026-02-20 16:48:32 INFO  c.c.service.PermissionDataService - Refreshed expiration for role: ADMIN to 3 mins
2026-02-20 16:50:40 INFO  c.c.service.PermissionDataService - >>> Permission Check Initiated <<<
2026-02-20 16:50:40 INFO  c.c.service.PermissionDataService - User: Mohan, Designations: [CENTER HEAD], Roles: [ADMIN]
2026-02-20 16:50:40 INFO  c.c.service.PermissionDataService - CACHE HIT for role: ADMIN
2026-02-20 16:50:40 INFO  c.c.service.PermissionDataService - Refreshed expiration for role: ADMIN to 3 mins
2026-02-20 16:50:40 INFO  c.c.service.PermissionDataService - >>> Permission Check Initiated <<<
2026-02-20 16:50:40 INFO  c.c.service.PermissionDataService - User: Mohan, Designations: [CENTER HEAD], Roles: [ADMIN]
2026-02-20 16:50:40 INFO  c.c.service.PermissionDataService - CACHE HIT for role: ADMIN
2026-02-20 16:50:40 INFO  c.c.service.PermissionDataService - Refreshed expiration for role: ADMIN to 3 mins
2026-02-20 18:16:14 INFO  c.c.service.PermissionDataService - >>> Permission Check Initiated <<<
2026-02-20 18:16:14 INFO  c.c.service.PermissionDataService - User: Mohan, Designations: [CENTER HEAD], Roles: [ADMIN]
2026-02-20 18:16:14 INFO  c.c.service.PermissionDataService - CACHE HIT for role: ADMIN
2026-02-20 18:16:14 INFO  c.c.service.PermissionDataService - Refreshed expiration for role: ADMIN to 3 mins
2026-02-20 18:16:16 INFO  c.c.service.PermissionDataService - >>> Permission Check Initiated <<<
2026-02-20 18:16:16 INFO  c.c.service.PermissionDataService - User: Mohan, Designations: [CENTER HEAD], Roles: [ADMIN]
2026-02-20 18:16:16 INFO  c.c.service.PermissionDataService - CACHE HIT for role: ADMIN
2026-02-20 18:16:16 INFO  c.c.service.PermissionDataService - Refreshed expiration for role: ADMIN to 3 mins
2026-02-20 18:16:16 INFO  c.c.service.PermissionDataService - >>> Permission Check Initiated <<<
2026-02-20 18:16:16 INFO  c.c.service.PermissionDataService - User: Mohan, Designations: [CENTER HEAD], Roles: [ADMIN]
2026-02-20 18:16:16 INFO  c.c.service.PermissionDataService - CACHE HIT for role: ADMIN
2026-02-20 18:16:16 INFO  c.c.service.PermissionDataService - Refreshed expiration for role: ADMIN to 3 mins
2026-02-20 22:12:40 INFO  c.c.service.PermissionDataService - >>> Permission Check Initiated <<<
2026-02-20 22:12:40 INFO  c.c.service.PermissionDataService - User: Mohan, Designations: [CENTER HEAD], Roles: [ADMIN]
2026-02-20 22:12:40 INFO  c.c.service.PermissionDataService - CACHE HIT for role: ADMIN
2026-02-20 22:12:40 INFO  c.c.service.PermissionDataService - Refreshed expiration for role: ADMIN to 3 mins
2026-02-20 22:12:40 INFO  c.c.service.PermissionDataService - >>> Permission Check Initiated <<<
2026-02-20 22:12:40 INFO  c.c.service.PermissionDataService - User: Mohan, Designations: [CENTER HEAD], Roles: [ADMIN]
2026-02-20 22:12:40 INFO  c.c.service.PermissionDataService - CACHE HIT for role: ADMIN
2026-02-20 22:12:40 INFO  c.c.service.PermissionDataService - Refreshed expiration for role: ADMIN to 3 mins
2026-02-20 22:12:40 INFO  c.c.service.PermissionDataService - >>> Permission Check Initiated <<<
2026-02-20 22:12:40 INFO  c.c.service.PermissionDataService - User: Mohan, Designations: [CENTER HEAD], Roles: [ADMIN]
2026-02-20 22:12:41 INFO  c.c.service.PermissionDataService - CACHE HIT for role: ADMIN
2026-02-20 22:12:41 INFO  c.c.service.PermissionDataService - Refreshed expiration for role: ADMIN to 3 mins
2026-02-20 22:13:32 INFO  c.c.service.PermissionDataService - >>> Permission Check Initiated <<<
2026-02-20 22:13:32 INFO  c.c.service.PermissionDataService - User: Mohan, Designations: [CENTER HEAD], Roles: [ADMIN]
2026-02-20 22:13:32 INFO  c.c.service.PermissionDataService - CACHE HIT for role: ADMIN
2026-02-20 22:13:32 INFO  c.c.service.PermissionDataService - Refreshed expiration for role: ADMIN to 3 mins
2026-02-20 22:13:32 INFO  c.c.service.PermissionDataService - >>> Permission Check Initiated <<<
2026-02-20 22:13:32 INFO  c.c.service.PermissionDataService - User: Mohan, Designations: [CENTER HEAD], Roles: [ADMIN]
2026-02-20 22:13:32 INFO  c.c.service.PermissionDataService - CACHE HIT for role: ADMIN
2026-02-20 22:13:32 INFO  c.c.service.PermissionDataService - Refreshed expiration for role: ADMIN to 3 mins
2026-02-20 22:13:32 INFO  c.c.service.PermissionDataService - >>> Permission Check Initiated <<<
2026-02-20 22:13:32 INFO  c.c.service.PermissionDataService - User: Mohan, Designations: [CENTER HEAD], Roles: [ADMIN]
2026-02-20 22:13:32 INFO  c.c.service.PermissionDataService - CACHE HIT for role: ADMIN
2026-02-20 22:13:32 INFO  c.c.service.PermissionDataService - Refreshed expiration for role: ADMIN to 3 mins
2026-02-20 22:14:57 INFO  c.c.service.PermissionDataService - >>> Permission Check Initiated <<<
2026-02-20 22:14:57 INFO  c.c.service.PermissionDataService - User: Mohan, Designations: [CENTER HEAD], Roles: [ADMIN]
2026-02-20 22:14:57 INFO  c.c.service.PermissionDataService - CACHE HIT for role: ADMIN
2026-02-20 22:14:57 INFO  c.c.service.PermissionDataService - Refreshed expiration for role: ADMIN to 3 mins
2026-02-20 22:14:57 INFO  c.c.service.PermissionDataService - >>> Permission Check Initiated <<<
2026-02-20 22:14:57 INFO  c.c.service.PermissionDataService - User: Mohan, Designations: [CENTER HEAD], Roles: [ADMIN]
2026-02-20 22:14:57 INFO  c.c.service.PermissionDataService - CACHE HIT for role: ADMIN
2026-02-20 22:14:57 INFO  c.c.service.PermissionDataService - Refreshed expiration for role: ADMIN to 3 mins
2026-02-20 22:42:46 INFO  c.c.service.PermissionDataService - >>> Permission Check Initiated <<<
2026-02-20 22:42:46 INFO  c.c.service.PermissionDataService - User: Mohan, Designations: [CENTER HEAD], Roles: [ADMIN]
2026-02-20 22:42:46 INFO  c.c.service.PermissionDataService - CACHE MISS for role: ADMIN
2026-02-20 22:42:46 INFO  c.c.service.PermissionDataService - Fetching from DB for roles: [ADMIN]
2026-02-20 22:42:46 INFO  c.c.service.PermissionDataService - DB returned 1 records
2026-02-20 22:42:46 INFO  c.c.service.PermissionDataService - Processed DB Data chunk for role: ADMIN, UserRoleId: 939, JSON Length: 15766
2026-02-20 22:42:46 INFO  c.c.service.PermissionDataService - CACHE POPULATING (Pipeline) for role: ADMIN, Total Unique Screens: 135
2026-02-20 22:42:46 INFO  c.c.service.PermissionDataService - Stored in Redis: role_v2::ADMIN with 3 min expiration
2026-02-20 22:42:46 INFO  c.c.service.PermissionDataService - >>> Permission Check Initiated <<<
2026-02-20 22:42:46 INFO  c.c.service.PermissionDataService - User: Mohan, Designations: [CENTER HEAD], Roles: [ADMIN]
2026-02-20 22:42:46 INFO  c.c.service.PermissionDataService - CACHE HIT for role: ADMIN
2026-02-20 22:42:46 INFO  c.c.service.PermissionDataService - Refreshed expiration for role: ADMIN to 3 mins
2026-02-20 22:43:02 INFO  c.c.service.PermissionDataService - >>> Permission Check Initiated <<<
2026-02-20 22:43:02 INFO  c.c.service.PermissionDataService - User: Mohan, Designations: [CENTER HEAD], Roles: [ADMIN]
2026-02-20 22:43:02 INFO  c.c.service.PermissionDataService - CACHE HIT for role: ADMIN
2026-02-20 22:43:02 INFO  c.c.service.PermissionDataService - Refreshed expiration for role: ADMIN to 3 mins
2026-02-20 22:43:02 INFO  c.c.service.PermissionDataService - >>> Permission Check Initiated <<<
2026-02-20 22:43:02 INFO  c.c.service.PermissionDataService - User: Mohan, Designations: [CENTER HEAD], Roles: [ADMIN]
2026-02-20 22:43:02 INFO  c.c.service.PermissionDataService - CACHE HIT for role: ADMIN
2026-02-20 22:43:02 INFO  c.c.service.PermissionDataService - Refreshed expiration for role: ADMIN to 3 mins
2026-02-20 22:43:45 INFO  c.c.service.PermissionDataService - >>> Permission Check Initiated <<<
2026-02-20 22:43:45 INFO  c.c.service.PermissionDataService - User: Mohan, Designations: [CENTER HEAD], Roles: [ADMIN]
2026-02-20 22:43:45 INFO  c.c.service.PermissionDataService - CACHE HIT for role: ADMIN
2026-02-20 22:43:45 INFO  c.c.service.PermissionDataService - Refreshed expiration for role: ADMIN to 3 mins
2026-02-20 22:43:45 INFO  c.c.service.PermissionDataService - >>> Permission Check Initiated <<<
2026-02-20 22:43:45 INFO  c.c.service.PermissionDataService - User: Mohan, Designations: [CENTER HEAD], Roles: [ADMIN]
2026-02-20 22:43:45 INFO  c.c.service.PermissionDataService - CACHE HIT for role: ADMIN
2026-02-20 22:43:45 INFO  c.c.service.PermissionDataService - Refreshed expiration for role: ADMIN to 3 mins
2026-02-20 22:47:42 INFO  c.c.service.PermissionDataService - >>> Permission Check Initiated <<<
2026-02-20 22:47:42 INFO  c.c.service.PermissionDataService - User: Mohan, Designations: [CENTER HEAD], Roles: [ADMIN]
2026-02-20 22:47:42 INFO  c.c.service.PermissionDataService - CACHE MISS for role: ADMIN
2026-02-20 22:47:42 INFO  c.c.service.PermissionDataService - Fetching from DB for roles: [ADMIN]
2026-02-20 22:47:43 INFO  c.c.service.PermissionDataService - DB returned 1 records
2026-02-20 22:47:43 INFO  c.c.service.PermissionDataService - Processed DB Data chunk for role: ADMIN, UserRoleId: 939, JSON Length: 15766
2026-02-20 22:47:43 INFO  c.c.service.PermissionDataService - CACHE POPULATING (Pipeline) for role: ADMIN, Total Unique Screens: 135
2026-02-20 22:47:43 INFO  c.c.service.PermissionDataService - Stored in Redis: role_v2::ADMIN with 3 min expiration
2026-02-20 22:47:43 INFO  c.c.service.PermissionDataService - >>> Permission Check Initiated <<<
2026-02-20 22:47:43 INFO  c.c.service.PermissionDataService - User: Mohan, Designations: [CENTER HEAD], Roles: [ADMIN]
2026-02-20 22:47:43 INFO  c.c.service.PermissionDataService - CACHE HIT for role: ADMIN
2026-02-20 22:47:43 INFO  c.c.service.PermissionDataService - Refreshed expiration for role: ADMIN to 3 mins
2026-02-20 22:48:04 INFO  c.c.service.PermissionDataService - >>> Permission Check Initiated <<<
2026-02-20 22:48:04 INFO  c.c.service.PermissionDataService - User: Mohan, Designations: [CENTER HEAD], Roles: [ADMIN]
2026-02-20 22:48:04 INFO  c.c.service.PermissionDataService - CACHE HIT for role: ADMIN
2026-02-20 22:48:04 INFO  c.c.service.PermissionDataService - Refreshed expiration for role: ADMIN to 3 mins
2026-02-20 22:48:04 INFO  c.c.service.PermissionDataService - >>> Permission Check Initiated <<<
2026-02-20 22:48:04 INFO  c.c.service.PermissionDataService - User: Mohan, Designations: [CENTER HEAD], Roles: [ADMIN]
2026-02-20 22:48:04 INFO  c.c.service.PermissionDataService - CACHE HIT for role: ADMIN
2026-02-20 22:48:04 INFO  c.c.service.PermissionDataService - Refreshed expiration for role: ADMIN to 3 mins
2026-02-20 22:58:30 INFO  c.c.service.PermissionDataService - >>> Permission Check Initiated <<<
2026-02-20 22:58:30 INFO  c.c.service.PermissionDataService - User: Mohan, Designations: [CENTER HEAD], Roles: [ADMIN]
2026-02-20 22:58:30 INFO  c.c.service.PermissionDataService - >>> Permission Check Initiated <<<
2026-02-20 22:58:30 INFO  c.c.service.PermissionDataService - User: Mohan, Designations: [CENTER HEAD], Roles: [ADMIN]
2026-02-20 22:58:30 INFO  c.c.service.PermissionDataService - CACHE MISS for role: ADMIN
2026-02-20 22:58:30 INFO  c.c.service.PermissionDataService - Fetching from DB for roles: [ADMIN]
2026-02-20 22:58:30 INFO  c.c.service.PermissionDataService - CACHE MISS for role: ADMIN
2026-02-20 22:58:30 INFO  c.c.service.PermissionDataService - Fetching from DB for roles: [ADMIN]
2026-02-20 22:58:30 INFO  c.c.service.PermissionDataService - DB returned 1 records
2026-02-20 22:58:30 INFO  c.c.service.PermissionDataService - Processed DB Data chunk for role: ADMIN, UserRoleId: 939, JSON Length: 15766
2026-02-20 22:58:31 INFO  c.c.service.PermissionDataService - CACHE POPULATING (Pipeline) for role: ADMIN, Total Unique Screens: 135
2026-02-20 22:58:31 INFO  c.c.service.PermissionDataService - Stored in Redis: role_v2::ADMIN with 3 min expiration
2026-02-20 22:58:31 INFO  c.c.service.PermissionDataService - DB returned 1 records
2026-02-20 22:58:31 INFO  c.c.service.PermissionDataService - Processed DB Data chunk for role: ADMIN, UserRoleId: 939, JSON Length: 15766
2026-02-20 22:58:31 INFO  c.c.service.PermissionDataService - CACHE POPULATING (Pipeline) for role: ADMIN, Total Unique Screens: 135
2026-02-20 22:58:31 INFO  c.c.service.PermissionDataService - Stored in Redis: role_v2::ADMIN with 3 min expiration
2026-02-20 22:59:16 INFO  c.c.service.PermissionDataService - >>> Permission Check Initiated <<<
2026-02-20 22:59:16 INFO  c.c.service.PermissionDataService - User: Mohan, Designations: [CENTER HEAD], Roles: [ADMIN]
2026-02-20 22:59:16 INFO  c.c.service.PermissionDataService - >>> Permission Check Initiated <<<
2026-02-20 22:59:16 INFO  c.c.service.PermissionDataService - User: Mohan, Designations: [CENTER HEAD], Roles: [ADMIN]
2026-02-20 22:59:16 INFO  c.c.service.PermissionDataService - CACHE HIT for role: ADMIN
2026-02-20 22:59:16 INFO  c.c.service.PermissionDataService - CACHE HIT for role: ADMIN
2026-02-20 22:59:16 INFO  c.c.service.PermissionDataService - Refreshed expiration for role: ADMIN to 3 mins
2026-02-20 22:59:16 INFO  c.c.service.PermissionDataService - Refreshed expiration for role: ADMIN to 3 mins
2026-02-20 23:03:12 INFO  c.c.service.PermissionDataService - >>> Permission Check Initiated <<<
2026-02-20 23:03:12 INFO  c.c.service.PermissionDataService - User: Mohan, Designations: [CENTER HEAD], Roles: [ADMIN]
2026-02-20 23:03:12 INFO  c.c.service.PermissionDataService - CACHE MISS for role: ADMIN
2026-02-20 23:03:12 INFO  c.c.service.PermissionDataService - Fetching from DB for roles: [ADMIN]
2026-02-20 23:03:13 INFO  c.c.service.PermissionDataService - >>> Permission Check Initiated <<<
2026-02-20 23:03:13 INFO  c.c.service.PermissionDataService - User: Mohan, Designations: [CENTER HEAD], Roles: [ADMIN]
2026-02-20 23:03:13 INFO  c.c.service.PermissionDataService - CACHE MISS for role: ADMIN
2026-02-20 23:03:13 INFO  c.c.service.PermissionDataService - Fetching from DB for roles: [ADMIN]
2026-02-20 23:03:13 INFO  c.c.service.PermissionDataService - DB returned 1 records
2026-02-20 23:03:13 INFO  c.c.service.PermissionDataService - Processed DB Data chunk for role: ADMIN, UserRoleId: 939, JSON Length: 15766
2026-02-20 23:03:13 INFO  c.c.service.PermissionDataService - CACHE POPULATING (Pipeline) for role: ADMIN, Total Unique Screens: 135
2026-02-20 23:03:13 INFO  c.c.service.PermissionDataService - Stored in Redis: role_v2::ADMIN with 3 min expiration
2026-02-20 23:03:14 INFO  c.c.service.PermissionDataService - DB returned 1 records
2026-02-20 23:03:14 INFO  c.c.service.PermissionDataService - Processed DB Data chunk for role: ADMIN, UserRoleId: 939, JSON Length: 15766
2026-02-20 23:03:14 INFO  c.c.service.PermissionDataService - CACHE POPULATING (Pipeline) for role: ADMIN, Total Unique Screens: 135
2026-02-20 23:03:14 INFO  c.c.service.PermissionDataService - Stored in Redis: role_v2::ADMIN with 3 min expiration
2026-02-20 23:04:09 INFO  c.c.service.PermissionDataService - >>> Permission Check Initiated <<<
2026-02-20 23:04:09 INFO  c.c.service.PermissionDataService - User: Mohan, Designations: [CENTER HEAD], Roles: [ADMIN]
2026-02-20 23:04:09 INFO  c.c.service.PermissionDataService - CACHE HIT for role: ADMIN
2026-02-20 23:04:09 INFO  c.c.service.PermissionDataService - Refreshed expiration for role: ADMIN to 3 mins
2026-02-20 23:04:09 INFO  c.c.service.PermissionDataService - >>> Permission Check Initiated <<<
2026-02-20 23:04:09 INFO  c.c.service.PermissionDataService - User: Mohan, Designations: [CENTER HEAD], Roles: [ADMIN]
2026-02-20 23:04:09 INFO  c.c.service.PermissionDataService - CACHE HIT for role: ADMIN
2026-02-20 23:04:09 INFO  c.c.service.PermissionDataService - Refreshed expiration for role: ADMIN to 3 mins
2026-02-20 23:04:09 INFO  c.c.service.PermissionDataService - >>> Permission Check Initiated <<<
2026-02-20 23:04:09 INFO  c.c.service.PermissionDataService - User: Mohan, Designations: [CENTER HEAD], Roles: [ADMIN]
2026-02-20 23:04:09 INFO  c.c.service.PermissionDataService - CACHE HIT for role: ADMIN
2026-02-20 23:04:09 INFO  c.c.service.PermissionDataService - Refreshed expiration for role: ADMIN to 3 mins
2026-02-20 23:04:28 INFO  c.c.service.PermissionDataService - >>> Permission Check Initiated <<<
2026-02-20 23:04:28 INFO  c.c.service.PermissionDataService - User: Mohan, Designations: [CENTER HEAD], Roles: [ADMIN]
2026-02-20 23:04:28 INFO  c.c.service.PermissionDataService - CACHE HIT for role: ADMIN
2026-02-20 23:04:28 INFO  c.c.service.PermissionDataService - Refreshed expiration for role: ADMIN to 3 mins
2026-02-20 23:04:28 INFO  c.c.service.PermissionDataService - >>> Permission Check Initiated <<<
2026-02-20 23:04:28 INFO  c.c.service.PermissionDataService - User: Mohan, Designations: [CENTER HEAD], Roles: [ADMIN]
2026-02-20 23:04:28 INFO  c.c.service.PermissionDataService - CACHE HIT for role: ADMIN
2026-02-20 23:04:28 INFO  c.c.service.PermissionDataService - Refreshed expiration for role: ADMIN to 3 mins
2026-02-20 23:04:47 INFO  c.c.service.PermissionDataService - >>> Permission Check Initiated <<<
2026-02-20 23:04:47 INFO  c.c.service.PermissionDataService - User: Mohan, Designations: [CENTER HEAD], Roles: [ADMIN]
2026-02-20 23:04:47 INFO  c.c.service.PermissionDataService - CACHE HIT for role: ADMIN
2026-02-20 23:04:47 INFO  c.c.service.PermissionDataService - Refreshed expiration for role: ADMIN to 3 mins
2026-02-20 23:04:47 INFO  c.c.service.PermissionDataService - >>> Permission Check Initiated <<<
2026-02-20 23:04:47 INFO  c.c.service.PermissionDataService - User: Mohan, Designations: [CENTER HEAD], Roles: [ADMIN]
2026-02-20 23:04:47 INFO  c.c.service.PermissionDataService - CACHE HIT for role: ADMIN
2026-02-20 23:04:47 INFO  c.c.service.PermissionDataService - Refreshed expiration for role: ADMIN to 3 mins
2026-02-20 23:05:35 INFO  c.c.service.PermissionDataService - >>> Permission Check Initiated <<<
2026-02-20 23:05:35 INFO  c.c.service.PermissionDataService - User: Mohan, Designations: [CENTER HEAD], Roles: [ADMIN]
2026-02-20 23:05:35 INFO  c.c.service.PermissionDataService - >>> Permission Check Initiated <<<
2026-02-20 23:05:35 INFO  c.c.service.PermissionDataService - User: Mohan, Designations: [CENTER HEAD], Roles: [ADMIN]
2026-02-20 23:05:35 INFO  c.c.service.PermissionDataService - CACHE HIT for role: ADMIN
2026-02-20 23:05:35 INFO  c.c.service.PermissionDataService - CACHE HIT for role: ADMIN
2026-02-20 23:05:35 INFO  c.c.service.PermissionDataService - Refreshed expiration for role: ADMIN to 3 mins
2026-02-20 23:05:35 INFO  c.c.service.PermissionDataService - Refreshed expiration for role: ADMIN to 3 mins
2026-02-20 23:10:11 INFO  c.c.service.PermissionDataService - >>> Permission Check Initiated <<<
2026-02-20 23:10:11 INFO  c.c.service.PermissionDataService - User: Mohan, Designations: [CENTER HEAD], Roles: [ADMIN]
2026-02-20 23:10:11 INFO  c.c.service.PermissionDataService - CACHE MISS for role: ADMIN
2026-02-20 23:10:11 INFO  c.c.service.PermissionDataService - Fetching from DB for roles: [ADMIN]
2026-02-20 23:10:11 INFO  c.c.service.PermissionDataService - DB returned 1 records
2026-02-20 23:10:11 INFO  c.c.service.PermissionDataService - Processed DB Data chunk for role: ADMIN, UserRoleId: 939, JSON Length: 15766
2026-02-20 23:10:11 INFO  c.c.service.PermissionDataService - CACHE POPULATING (Pipeline) for role: ADMIN, Total Unique Screens: 135
2026-02-20 23:10:11 INFO  c.c.service.PermissionDataService - Stored in Redis: role_v2::ADMIN with 3 min expiration
2026-02-20 23:10:11 INFO  c.c.service.PermissionDataService - >>> Permission Check Initiated <<<
2026-02-20 23:10:11 INFO  c.c.service.PermissionDataService - User: Mohan, Designations: [CENTER HEAD], Roles: [ADMIN]
2026-02-20 23:10:11 INFO  c.c.service.PermissionDataService - CACHE HIT for role: ADMIN
2026-02-20 23:10:11 INFO  c.c.service.PermissionDataService - Refreshed expiration for role: ADMIN to 3 mins
2026-02-20 23:11:08 INFO  c.c.service.PermissionDataService - >>> Permission Check Initiated <<<
2026-02-20 23:11:08 INFO  c.c.service.PermissionDataService - User: Mohan, Designations: [CENTER HEAD], Roles: [ADMIN]
2026-02-20 23:11:08 INFO  c.c.service.PermissionDataService - CACHE HIT for role: ADMIN
2026-02-20 23:11:08 INFO  c.c.service.PermissionDataService - Refreshed expiration for role: ADMIN to 3 mins
2026-02-20 23:11:08 INFO  c.c.service.PermissionDataService - >>> Permission Check Initiated <<<
2026-02-20 23:11:08 INFO  c.c.service.PermissionDataService - User: Mohan, Designations: [CENTER HEAD], Roles: [ADMIN]
2026-02-20 23:11:08 INFO  c.c.service.PermissionDataService - CACHE HIT for role: ADMIN
2026-02-20 23:11:08 INFO  c.c.service.PermissionDataService - Refreshed expiration for role: ADMIN to 3 mins
2026-02-20 23:11:56 INFO  c.c.service.PermissionDataService - >>> Permission Check Initiated <<<
2026-02-20 23:11:56 INFO  c.c.service.PermissionDataService - User: Mohan, Designations: [CENTER HEAD], Roles: [ADMIN]
2026-02-20 23:11:57 INFO  c.c.service.PermissionDataService - CACHE HIT for role: ADMIN
2026-02-20 23:11:57 INFO  c.c.service.PermissionDataService - Refreshed expiration for role: ADMIN to 3 mins
2026-02-20 23:11:57 INFO  c.c.service.PermissionDataService - >>> Permission Check Initiated <<<
2026-02-20 23:11:57 INFO  c.c.service.PermissionDataService - User: Mohan, Designations: [CENTER HEAD], Roles: [ADMIN]
2026-02-20 23:11:57 INFO  c.c.service.PermissionDataService - CACHE HIT for role: ADMIN
2026-02-20 23:11:57 INFO  c.c.service.PermissionDataService - Refreshed expiration for role: ADMIN to 3 mins
2026-02-20 23:14:44 INFO  c.c.service.PermissionDataService - >>> Permission Check Initiated <<<
2026-02-20 23:14:44 INFO  c.c.service.PermissionDataService - User: Mohan, Designations: [CENTER HEAD], Roles: [ADMIN]
2026-02-20 23:14:44 INFO  c.c.service.PermissionDataService - >>> Permission Check Initiated <<<
2026-02-20 23:14:44 INFO  c.c.service.PermissionDataService - User: Mohan, Designations: [CENTER HEAD], Roles: [ADMIN]
2026-02-20 23:14:44 INFO  c.c.service.PermissionDataService - CACHE HIT for role: ADMIN
2026-02-20 23:14:44 INFO  c.c.service.PermissionDataService - CACHE HIT for role: ADMIN
2026-02-20 23:14:44 INFO  c.c.service.PermissionDataService - Refreshed expiration for role: ADMIN to 3 mins
2026-02-20 23:14:44 INFO  c.c.service.PermissionDataService - Refreshed expiration for role: ADMIN to 3 mins
2026-02-20 23:15:39 INFO  c.c.service.PermissionDataService - >>> Permission Check Initiated <<<
2026-02-20 23:15:39 INFO  c.c.service.PermissionDataService - User: Mohan, Designations: [CENTER HEAD], Roles: [ADMIN]
2026-02-20 23:15:39 INFO  c.c.service.PermissionDataService - CACHE HIT for role: ADMIN
2026-02-20 23:15:39 INFO  c.c.service.PermissionDataService - >>> Permission Check Initiated <<<
2026-02-20 23:15:39 INFO  c.c.service.PermissionDataService - User: Mohan, Designations: [CENTER HEAD], Roles: [ADMIN]
2026-02-20 23:15:39 INFO  c.c.service.PermissionDataService - Refreshed expiration for role: ADMIN to 3 mins
2026-02-20 23:15:39 INFO  c.c.service.PermissionDataService - CACHE HIT for role: ADMIN
2026-02-20 23:15:39 INFO  c.c.service.PermissionDataService - Refreshed expiration for role: ADMIN to 3 mins
2026-02-20 23:25:17 INFO  c.c.service.PermissionDataService - >>> Permission Check Initiated <<<
2026-02-20 23:25:17 INFO  c.c.service.PermissionDataService - User: Mohan, Designations: [CENTER HEAD], Roles: [ADMIN]
2026-02-20 23:25:17 INFO  c.c.service.PermissionDataService - CACHE MISS for role: ADMIN
2026-02-20 23:25:17 INFO  c.c.service.PermissionDataService - Fetching from DB for roles: [ADMIN]
2026-02-20 23:25:17 INFO  c.c.service.PermissionDataService - DB returned 1 records
2026-02-20 23:25:17 INFO  c.c.service.PermissionDataService - Processed DB Data chunk for role: ADMIN, UserRoleId: 939, JSON Length: 15766
2026-02-20 23:25:17 INFO  c.c.service.PermissionDataService - CACHE POPULATING (Pipeline) for role: ADMIN, Total Unique Screens: 135
2026-02-20 23:25:17 INFO  c.c.service.PermissionDataService - Stored in Redis: role_v2::ADMIN with 3 min expiration
2026-02-20 23:25:17 INFO  c.c.service.PermissionDataService - >>> Permission Check Initiated <<<
2026-02-20 23:25:17 INFO  c.c.service.PermissionDataService - User: Mohan, Designations: [CENTER HEAD], Roles: [ADMIN]
2026-02-20 23:25:17 INFO  c.c.service.PermissionDataService - CACHE HIT for role: ADMIN
2026-02-20 23:25:17 INFO  c.c.service.PermissionDataService - Refreshed expiration for role: ADMIN to 3 mins
2026-02-20 23:25:58 INFO  c.c.service.PermissionDataService - >>> Permission Check Initiated <<<
2026-02-20 23:25:58 INFO  c.c.service.PermissionDataService - User: Mohan, Designations: [CENTER HEAD], Roles: [ADMIN]
2026-02-20 23:25:58 INFO  c.c.service.PermissionDataService - CACHE HIT for role: ADMIN
2026-02-20 23:25:58 INFO  c.c.service.PermissionDataService - Refreshed expiration for role: ADMIN to 3 mins
2026-02-20 23:25:58 INFO  c.c.service.PermissionDataService - >>> Permission Check Initiated <<<
2026-02-20 23:25:58 INFO  c.c.service.PermissionDataService - User: Mohan, Designations: [CENTER HEAD], Roles: [ADMIN]
2026-02-20 23:25:58 INFO  c.c.service.PermissionDataService - CACHE HIT for role: ADMIN
2026-02-20 23:25:58 INFO  c.c.service.PermissionDataService - Refreshed expiration for role: ADMIN to 3 mins
2026-02-20 23:26:24 INFO  c.c.service.PermissionDataService - >>> Permission Check Initiated <<<
2026-02-20 23:26:24 INFO  c.c.service.PermissionDataService - User: Mohan, Designations: [CENTER HEAD], Roles: [ADMIN]
2026-02-20 23:26:24 INFO  c.c.service.PermissionDataService - >>> Permission Check Initiated <<<
2026-02-20 23:26:24 INFO  c.c.service.PermissionDataService - User: Mohan, Designations: [CENTER HEAD], Roles: [ADMIN]
2026-02-20 23:26:24 INFO  c.c.service.PermissionDataService - CACHE HIT for role: ADMIN
2026-02-20 23:26:24 INFO  c.c.service.PermissionDataService - CACHE HIT for role: ADMIN
2026-02-20 23:26:24 INFO  c.c.service.PermissionDataService - Refreshed expiration for role: ADMIN to 3 mins
2026-02-20 23:26:24 INFO  c.c.service.PermissionDataService - Refreshed expiration for role: ADMIN to 3 mins
2026-02-20 23:27:13 INFO  c.c.service.PermissionDataService - >>> Permission Check Initiated <<<
2026-02-20 23:27:13 INFO  c.c.service.PermissionDataService - User: Mohan, Designations: [CENTER HEAD], Roles: [ADMIN]
2026-02-20 23:27:13 INFO  c.c.service.PermissionDataService - >>> Permission Check Initiated <<<
2026-02-20 23:27:13 INFO  c.c.service.PermissionDataService - User: Mohan, Designations: [CENTER HEAD], Roles: [ADMIN]
2026-02-20 23:27:13 INFO  c.c.service.PermissionDataService - CACHE HIT for role: ADMIN
2026-02-20 23:27:13 INFO  c.c.service.PermissionDataService - CACHE HIT for role: ADMIN
2026-02-20 23:27:13 INFO  c.c.service.PermissionDataService - Refreshed expiration for role: ADMIN to 3 mins
2026-02-20 23:27:13 INFO  c.c.service.PermissionDataService - Refreshed expiration for role: ADMIN to 3 mins
2026-02-20 23:27:55 INFO  c.c.service.PermissionDataService - >>> Permission Check Initiated <<<
2026-02-20 23:27:55 INFO  c.c.service.PermissionDataService - User: Mohan, Designations: [CENTER HEAD], Roles: [ADMIN]
2026-02-20 23:27:55 INFO  c.c.service.PermissionDataService - CACHE HIT for role: ADMIN
2026-02-20 23:27:55 INFO  c.c.service.PermissionDataService - Refreshed expiration for role: ADMIN to 3 mins
2026-02-20 23:27:55 INFO  c.c.service.PermissionDataService - >>> Permission Check Initiated <<<
2026-02-20 23:27:55 INFO  c.c.service.PermissionDataService - User: Mohan, Designations: [CENTER HEAD], Roles: [ADMIN]
2026-02-20 23:27:55 INFO  c.c.service.PermissionDataService - CACHE HIT for role: ADMIN
2026-02-20 23:27:55 INFO  c.c.service.PermissionDataService - Refreshed expiration for role: ADMIN to 3 mins
2026-02-20 23:30:58 INFO  c.c.service.PermissionDataService - >>> Permission Check Initiated <<<
2026-02-20 23:30:58 INFO  c.c.service.PermissionDataService - >>> Permission Check Initiated <<<
2026-02-20 23:30:58 INFO  c.c.service.PermissionDataService - User: Mohan, Designations: [CENTER HEAD], Roles: [ADMIN]
2026-02-20 23:30:58 INFO  c.c.service.PermissionDataService - User: Mohan, Designations: [CENTER HEAD], Roles: [ADMIN]
2026-02-20 23:30:58 INFO  c.c.service.PermissionDataService - CACHE MISS for role: ADMIN
2026-02-20 23:30:58 INFO  c.c.service.PermissionDataService - Fetching from DB for roles: [ADMIN]
2026-02-20 23:30:58 INFO  c.c.service.PermissionDataService - CACHE MISS for role: ADMIN
2026-02-20 23:30:58 INFO  c.c.service.PermissionDataService - Fetching from DB for roles: [ADMIN]
2026-02-20 23:30:59 INFO  c.c.service.PermissionDataService - DB returned 1 records
2026-02-20 23:30:59 INFO  c.c.service.PermissionDataService - Processed DB Data chunk for role: ADMIN, UserRoleId: 939, JSON Length: 15766
2026-02-20 23:30:59 INFO  c.c.service.PermissionDataService - CACHE POPULATING (Pipeline) for role: ADMIN, Total Unique Screens: 135
2026-02-20 23:30:59 INFO  c.c.service.PermissionDataService - Stored in Redis: role_v2::ADMIN with 3 min expiration
2026-02-20 23:30:59 INFO  c.c.service.PermissionDataService - DB returned 1 records
2026-02-20 23:30:59 INFO  c.c.service.PermissionDataService - Processed DB Data chunk for role: ADMIN, UserRoleId: 939, JSON Length: 15766
2026-02-20 23:30:59 INFO  c.c.service.PermissionDataService - CACHE POPULATING (Pipeline) for role: ADMIN, Total Unique Screens: 135
2026-02-20 23:30:59 INFO  c.c.service.PermissionDataService - Stored in Redis: role_v2::ADMIN with 3 min expiration
2026-02-20 23:31:20 INFO  c.c.service.PermissionDataService - >>> Permission Check Initiated <<<
2026-02-20 23:31:20 INFO  c.c.service.PermissionDataService - User: Mohan, Designations: [CENTER HEAD], Roles: [ADMIN]
2026-02-20 23:31:20 INFO  c.c.service.PermissionDataService - CACHE HIT for role: ADMIN
2026-02-20 23:31:20 INFO  c.c.service.PermissionDataService - Refreshed expiration for role: ADMIN to 3 mins
2026-02-20 23:31:20 INFO  c.c.service.PermissionDataService - >>> Permission Check Initiated <<<
2026-02-20 23:31:20 INFO  c.c.service.PermissionDataService - User: Mohan, Designations: [CENTER HEAD], Roles: [ADMIN]
2026-02-20 23:31:20 INFO  c.c.service.PermissionDataService - CACHE HIT for role: ADMIN
2026-02-20 23:31:20 INFO  c.c.service.PermissionDataService - Refreshed expiration for role: ADMIN to 3 mins
2026-02-20 23:33:06 INFO  c.c.service.PermissionDataService - >>> Permission Check Initiated <<<
2026-02-20 23:33:06 INFO  c.c.service.PermissionDataService - User: Mohan, Designations: [CENTER HEAD], Roles: [ADMIN]
2026-02-20 23:33:06 INFO  c.c.service.PermissionDataService - CACHE HIT for role: ADMIN
2026-02-20 23:33:06 INFO  c.c.service.PermissionDataService - Refreshed expiration for role: ADMIN to 3 mins
2026-02-20 23:33:06 INFO  c.c.service.PermissionDataService - >>> Permission Check Initiated <<<
2026-02-20 23:33:06 INFO  c.c.service.PermissionDataService - User: Mohan, Designations: [CENTER HEAD], Roles: [ADMIN]
2026-02-20 23:33:06 INFO  c.c.service.PermissionDataService - CACHE HIT for role: ADMIN
2026-02-20 23:33:06 INFO  c.c.service.PermissionDataService - Refreshed expiration for role: ADMIN to 3 mins
2026-02-20 23:33:44 INFO  c.c.service.PermissionDataService - >>> Permission Check Initiated <<<
2026-02-20 23:33:44 INFO  c.c.service.PermissionDataService - User: Mohan, Designations: [CENTER HEAD], Roles: [ADMIN]
2026-02-20 23:33:44 INFO  c.c.service.PermissionDataService - CACHE HIT for role: ADMIN
2026-02-20 23:33:44 INFO  c.c.service.PermissionDataService - Refreshed expiration for role: ADMIN to 3 mins
2026-02-20 23:33:44 INFO  c.c.service.PermissionDataService - >>> Permission Check Initiated <<<
2026-02-20 23:33:44 INFO  c.c.service.PermissionDataService - User: Mohan, Designations: [CENTER HEAD], Roles: [ADMIN]
2026-02-20 23:33:44 INFO  c.c.service.PermissionDataService - CACHE HIT for role: ADMIN
2026-02-20 23:33:44 INFO  c.c.service.PermissionDataService - Refreshed expiration for role: ADMIN to 3 mins
2026-02-20 23:34:23 INFO  c.c.service.PermissionDataService - >>> Permission Check Initiated <<<
2026-02-20 23:34:23 INFO  c.c.service.PermissionDataService - User: Mohan, Designations: [CENTER HEAD], Roles: [ADMIN]
2026-02-20 23:34:23 INFO  c.c.service.PermissionDataService - CACHE HIT for role: ADMIN
2026-02-20 23:34:23 INFO  c.c.service.PermissionDataService - Refreshed expiration for role: ADMIN to 3 mins
2026-02-20 23:34:23 INFO  c.c.service.PermissionDataService - >>> Permission Check Initiated <<<
2026-02-20 23:34:23 INFO  c.c.service.PermissionDataService - User: Mohan, Designations: [CENTER HEAD], Roles: [ADMIN]
2026-02-20 23:34:23 INFO  c.c.service.PermissionDataService - CACHE HIT for role: ADMIN
2026-02-20 23:34:23 INFO  c.c.service.PermissionDataService - Refreshed expiration for role: ADMIN to 3 mins
2026-02-20 23:40:21 INFO  c.c.service.PermissionDataService - >>> Permission Check Initiated <<<
2026-02-20 23:40:21 INFO  c.c.service.PermissionDataService - User: Mohan, Designations: [CENTER HEAD], Roles: [ADMIN]
2026-02-20 23:40:21 INFO  c.c.service.PermissionDataService - >>> Permission Check Initiated <<<
2026-02-20 23:40:21 INFO  c.c.service.PermissionDataService - User: Mohan, Designations: [CENTER HEAD], Roles: [ADMIN]
2026-02-20 23:40:21 INFO  c.c.service.PermissionDataService - CACHE MISS for role: ADMIN
2026-02-20 23:40:21 INFO  c.c.service.PermissionDataService - CACHE MISS for role: ADMIN
2026-02-20 23:40:21 INFO  c.c.service.PermissionDataService - Fetching from DB for roles: [ADMIN]
2026-02-20 23:40:21 INFO  c.c.service.PermissionDataService - Fetching from DB for roles: [ADMIN]
2026-02-20 23:40:21 INFO  c.c.service.PermissionDataService - DB returned 1 records
2026-02-20 23:40:21 INFO  c.c.service.PermissionDataService - Processed DB Data chunk for role: ADMIN, UserRoleId: 939, JSON Length: 15766
2026-02-20 23:40:21 INFO  c.c.service.PermissionDataService - CACHE POPULATING (Pipeline) for role: ADMIN, Total Unique Screens: 135
2026-02-20 23:40:21 INFO  c.c.service.PermissionDataService - Stored in Redis: role_v2::ADMIN with 3 min expiration
2026-02-20 23:40:22 INFO  c.c.service.PermissionDataService - DB returned 1 records
2026-02-20 23:40:22 INFO  c.c.service.PermissionDataService - Processed DB Data chunk for role: ADMIN, UserRoleId: 939, JSON Length: 15766
2026-02-20 23:40:22 INFO  c.c.service.PermissionDataService - CACHE POPULATING (Pipeline) for role: ADMIN, Total Unique Screens: 135
2026-02-20 23:40:22 INFO  c.c.service.PermissionDataService - Stored in Redis: role_v2::ADMIN with 3 min expiration
2026-02-20 23:41:33 INFO  c.c.service.PermissionDataService - >>> Permission Check Initiated <<<
2026-02-20 23:41:33 INFO  c.c.service.PermissionDataService - User: Mohan, Designations: [CENTER HEAD], Roles: [ADMIN]
2026-02-20 23:41:33 INFO  c.c.service.PermissionDataService - CACHE HIT for role: ADMIN
2026-02-20 23:41:33 INFO  c.c.service.PermissionDataService - Refreshed expiration for role: ADMIN to 3 mins
2026-02-20 23:41:33 INFO  c.c.service.PermissionDataService - >>> Permission Check Initiated <<<
2026-02-20 23:41:33 INFO  c.c.service.PermissionDataService - User: Mohan, Designations: [CENTER HEAD], Roles: [ADMIN]
2026-02-20 23:41:33 INFO  c.c.service.PermissionDataService - CACHE HIT for role: ADMIN
2026-02-20 23:41:33 INFO  c.c.service.PermissionDataService - Refreshed expiration for role: ADMIN to 3 mins
2026-02-20 23:41:50 INFO  c.c.service.PermissionDataService - >>> Permission Check Initiated <<<
2026-02-20 23:41:50 INFO  c.c.service.PermissionDataService - User: Mohan, Designations: [CENTER HEAD], Roles: [ADMIN]
2026-02-20 23:41:50 INFO  c.c.service.PermissionDataService - >>> Permission Check Initiated <<<
2026-02-20 23:41:50 INFO  c.c.service.PermissionDataService - User: Mohan, Designations: [CENTER HEAD], Roles: [ADMIN]
2026-02-20 23:41:50 INFO  c.c.service.PermissionDataService - CACHE HIT for role: ADMIN
2026-02-20 23:41:50 INFO  c.c.service.PermissionDataService - CACHE HIT for role: ADMIN
2026-02-20 23:41:50 INFO  c.c.service.PermissionDataService - Refreshed expiration for role: ADMIN to 3 mins
2026-02-20 23:41:50 INFO  c.c.service.PermissionDataService - Refreshed expiration for role: ADMIN to 3 mins
2026-02-20 23:42:05 INFO  c.c.service.PermissionDataService - >>> Permission Check Initiated <<<
2026-02-20 23:42:05 INFO  c.c.service.PermissionDataService - User: Mohan, Designations: [CENTER HEAD], Roles: [ADMIN]
2026-02-20 23:42:05 INFO  c.c.service.PermissionDataService - >>> Permission Check Initiated <<<
2026-02-20 23:42:05 INFO  c.c.service.PermissionDataService - User: Mohan, Designations: [CENTER HEAD], Roles: [ADMIN]
2026-02-20 23:42:05 INFO  c.c.service.PermissionDataService - CACHE HIT for role: ADMIN
2026-02-20 23:42:05 INFO  c.c.service.PermissionDataService - CACHE HIT for role: ADMIN
2026-02-20 23:42:05 INFO  c.c.service.PermissionDataService - Refreshed expiration for role: ADMIN to 3 mins
2026-02-20 23:42:05 INFO  c.c.service.PermissionDataService - Refreshed expiration for role: ADMIN to 3 mins
2026-02-20 23:42:46 INFO  c.c.service.PermissionDataService - >>> Permission Check Initiated <<<
2026-02-20 23:42:46 INFO  c.c.service.PermissionDataService - User: Mohan, Designations: [CENTER HEAD], Roles: [ADMIN]
2026-02-20 23:42:46 INFO  c.c.service.PermissionDataService - CACHE HIT for role: ADMIN
2026-02-20 23:42:46 INFO  c.c.service.PermissionDataService - Refreshed expiration for role: ADMIN to 3 mins
2026-02-20 23:42:46 INFO  c.c.service.PermissionDataService - >>> Permission Check Initiated <<<
2026-02-20 23:42:46 INFO  c.c.service.PermissionDataService - User: Mohan, Designations: [CENTER HEAD], Roles: [ADMIN]
2026-02-20 23:42:46 INFO  c.c.service.PermissionDataService - CACHE HIT for role: ADMIN
2026-02-20 23:42:46 INFO  c.c.service.PermissionDataService - Refreshed expiration for role: ADMIN to 3 mins
2026-02-20 23:43:09 INFO  c.c.service.PermissionDataService - >>> Permission Check Initiated <<<
2026-02-20 23:43:09 INFO  c.c.service.PermissionDataService - User: Mohan, Designations: [CENTER HEAD], Roles: [ADMIN]
2026-02-20 23:43:09 INFO  c.c.service.PermissionDataService - CACHE HIT for role: ADMIN
2026-02-20 23:43:09 INFO  c.c.service.PermissionDataService - Refreshed expiration for role: ADMIN to 3 mins
2026-02-20 23:43:09 INFO  c.c.service.PermissionDataService - >>> Permission Check Initiated <<<
2026-02-20 23:43:09 INFO  c.c.service.PermissionDataService - User: Mohan, Designations: [CENTER HEAD], Roles: [ADMIN]
2026-02-20 23:43:09 INFO  c.c.service.PermissionDataService - CACHE HIT for role: ADMIN
2026-02-20 23:43:09 INFO  c.c.service.PermissionDataService - Refreshed expiration for role: ADMIN to 3 mins
2026-02-20 23:43:09 INFO  c.c.service.PermissionDataService - >>> Permission Check Initiated <<<
2026-02-20 23:43:09 INFO  c.c.service.PermissionDataService - User: Mohan, Designations: [CENTER HEAD], Roles: [ADMIN]
2026-02-20 23:43:09 INFO  c.c.service.PermissionDataService - CACHE HIT for role: ADMIN
2026-02-20 23:43:09 INFO  c.c.service.PermissionDataService - Refreshed expiration for role: ADMIN to 3 mins
2026-02-20 23:44:08 INFO  c.c.service.PermissionDataService - >>> Permission Check Initiated <<<
2026-02-20 23:44:08 INFO  c.c.service.PermissionDataService - User: Mohan, Designations: [CENTER HEAD], Roles: [ADMIN]
2026-02-20 23:44:08 INFO  c.c.service.PermissionDataService - CACHE HIT for role: ADMIN
2026-02-20 23:44:08 INFO  c.c.service.PermissionDataService - Refreshed expiration for role: ADMIN to 3 mins
2026-02-20 23:44:08 INFO  c.c.service.PermissionDataService - >>> Permission Check Initiated <<<
2026-02-20 23:44:08 INFO  c.c.service.PermissionDataService - User: Mohan, Designations: [CENTER HEAD], Roles: [ADMIN]
2026-02-20 23:44:08 INFO  c.c.service.PermissionDataService - CACHE HIT for role: ADMIN
2026-02-20 23:44:08 INFO  c.c.service.PermissionDataService - Refreshed expiration for role: ADMIN to 3 mins
2026-02-20 23:51:17 INFO  c.c.service.PermissionDataService - >>> Permission Check Initiated <<<
2026-02-20 23:51:17 INFO  c.c.service.PermissionDataService - User: Mohan, Designations: [CENTER HEAD], Roles: [ADMIN]
2026-02-20 23:51:17 INFO  c.c.service.PermissionDataService - CACHE HIT for role: ADMIN
2026-02-20 23:51:17 INFO  c.c.service.PermissionDataService - Refreshed expiration for role: ADMIN to 3 mins
2026-02-20 23:51:17 INFO  c.c.service.PermissionDataService - >>> Permission Check Initiated <<<
2026-02-20 23:51:17 INFO  c.c.service.PermissionDataService - User: Mohan, Designations: [CENTER HEAD], Roles: [ADMIN]
2026-02-20 23:51:17 INFO  c.c.service.PermissionDataService - CACHE HIT for role: ADMIN
2026-02-20 23:51:17 INFO  c.c.service.PermissionDataService - Refreshed expiration for role: ADMIN to 3 mins
2026-02-20 23:51:17 INFO  c.c.service.PermissionDataService - >>> Permission Check Initiated <<<
2026-02-20 23:51:17 INFO  c.c.service.PermissionDataService - User: Mohan, Designations: [CENTER HEAD], Roles: [ADMIN]
2026-02-20 23:51:17 INFO  c.c.service.PermissionDataService - CACHE HIT for role: ADMIN
2026-02-20 23:51:17 INFO  c.c.service.PermissionDataService - Refreshed expiration for role: ADMIN to 3 mins
2026-02-20 23:51:53 INFO  c.c.service.PermissionDataService - >>> Permission Check Initiated <<<
2026-02-20 23:51:53 INFO  c.c.service.PermissionDataService - User: Mohan, Designations: [CENTER HEAD], Roles: [ADMIN]
2026-02-20 23:51:53 INFO  c.c.service.PermissionDataService - CACHE HIT for role: ADMIN
2026-02-20 23:51:53 INFO  c.c.service.PermissionDataService - Refreshed expiration for role: ADMIN to 3 mins
2026-02-20 23:51:53 INFO  c.c.service.PermissionDataService - >>> Permission Check Initiated <<<
2026-02-20 23:51:53 INFO  c.c.service.PermissionDataService - User: Mohan, Designations: [CENTER HEAD], Roles: [ADMIN]
2026-02-20 23:51:53 INFO  c.c.service.PermissionDataService - CACHE HIT for role: ADMIN
2026-02-20 23:51:53 INFO  c.c.service.PermissionDataService - Refreshed expiration for role: ADMIN to 3 mins
2026-02-20 23:52:03 INFO  c.c.service.PermissionDataService - >>> Permission Check Initiated <<<
2026-02-20 23:52:03 INFO  c.c.service.PermissionDataService - User: Mohan, Designations: [CENTER HEAD], Roles: [ADMIN]
2026-02-20 23:52:03 INFO  c.c.service.PermissionDataService - CACHE HIT for role: ADMIN
2026-02-20 23:52:03 INFO  c.c.service.PermissionDataService - Refreshed expiration for role: ADMIN to 3 mins
2026-02-20 23:52:03 INFO  c.c.service.PermissionDataService - >>> Permission Check Initiated <<<
2026-02-20 23:52:03 INFO  c.c.service.PermissionDataService - User: Mohan, Designations: [CENTER HEAD], Roles: [ADMIN]
2026-02-20 23:52:03 INFO  c.c.service.PermissionDataService - CACHE HIT for role: ADMIN
2026-02-20 23:52:03 INFO  c.c.service.PermissionDataService - Refreshed expiration for role: ADMIN to 3 mins
