2026-03-06 10:47:58 INFO  c.c.service.PermissionDataService - >>> Permission Check Initiated <<<
2026-03-06 10:47:58 INFO  c.c.service.PermissionDataService - User: Mohan, Designations: [CENTER HEAD], Roles: [ADMIN]
2026-03-06 10:48:03 INFO  c.c.service.PermissionDataService - CACHE HIT for role: ADMIN
2026-03-06 10:48:03 INFO  c.c.service.PermissionDataService - Refreshed expiration for role: ADMIN to 3 mins
2026-03-06 10:48:04 INFO  c.c.service.PermissionDataService - >>> Permission Check Initiated <<<
2026-03-06 10:48:04 INFO  c.c.service.PermissionDataService - User: Mohan, Designations: [CENTER HEAD], Roles: [ADMIN]
2026-03-06 10:48:04 INFO  c.c.service.PermissionDataService - CACHE HIT for role: ADMIN
2026-03-06 10:48:04 INFO  c.c.service.PermissionDataService - Refreshed expiration for role: ADMIN to 3 mins
2026-03-06 10:48:04 INFO  c.c.service.PermissionDataService - >>> Permission Check Initiated <<<
2026-03-06 10:48:04 INFO  c.c.service.PermissionDataService - User: Mohan, Designations: [CENTER HEAD], Roles: [ADMIN]
2026-03-06 10:48:04 INFO  c.c.service.PermissionDataService - CACHE HIT for role: ADMIN
2026-03-06 10:48:04 INFO  c.c.service.PermissionDataService - Refreshed expiration for role: ADMIN to 3 mins
2026-03-06 10:53:52 INFO  c.c.service.PermissionDataService - >>> Permission Check Initiated <<<
2026-03-06 10:53:52 INFO  c.c.service.PermissionDataService - User: Mohan, Designations: [CENTER HEAD], Roles: [ADMIN]
2026-03-06 10:53:52 INFO  c.c.service.PermissionDataService - CACHE HIT for role: ADMIN
2026-03-06 10:53:52 INFO  c.c.service.PermissionDataService - Refreshed expiration for role: ADMIN to 3 mins
2026-03-06 10:53:52 INFO  c.c.service.PermissionDataService - >>> Permission Check Initiated <<<
2026-03-06 10:53:52 INFO  c.c.service.PermissionDataService - User: Mohan, Designations: [CENTER HEAD], Roles: [ADMIN]
2026-03-06 10:53:52 INFO  c.c.service.PermissionDataService - CACHE HIT for role: ADMIN
2026-03-06 10:53:52 INFO  c.c.service.PermissionDataService - Refreshed expiration for role: ADMIN to 3 mins
2026-03-06 11:00:22 INFO  c.c.service.PermissionDataService - >>> Permission Check Initiated <<<
2026-03-06 11:00:22 INFO  c.c.service.PermissionDataService - User: Mohan, Designations: [CENTER HEAD], Roles: [ADMIN]
2026-03-06 11:00:22 INFO  c.c.service.PermissionDataService - CACHE MISS for role: ADMIN
2026-03-06 11:00:22 INFO  c.c.service.PermissionDataService - Fetching from DB for roles: [ADMIN]
2026-03-06 11:00:22 INFO  c.c.service.PermissionDataService - DB returned 1 records
2026-03-06 11:00:22 INFO  c.c.service.PermissionDataService - Processed DB Data chunk for role: ADMIN, UserRoleId: 939, JSON Length: 22208
2026-03-06 11:00:22 INFO  c.c.service.PermissionDataService - CACHE POPULATING (Pipeline) for role: ADMIN, Total Unique Screens: 185
2026-03-06 11:00:22 INFO  c.c.service.PermissionDataService - Stored in Redis: role_v2::ADMIN with 3 min expiration
2026-03-06 11:00:22 INFO  c.c.service.PermissionDataService - >>> Permission Check Initiated <<<
2026-03-06 11:00:22 INFO  c.c.service.PermissionDataService - User: Mohan, Designations: [CENTER HEAD], Roles: [ADMIN]
2026-03-06 11:00:22 INFO  c.c.service.PermissionDataService - CACHE HIT for role: ADMIN
2026-03-06 11:00:22 INFO  c.c.service.PermissionDataService - Refreshed expiration for role: ADMIN to 3 mins
2026-03-06 11:17:14 INFO  c.c.service.PermissionDataService - >>> Permission Check Initiated <<<
2026-03-06 11:17:14 INFO  c.c.service.PermissionDataService - User: Mohan, Designations: [CENTER HEAD], Roles: [ADMIN]
2026-03-06 11:17:14 INFO  c.c.service.PermissionDataService - CACHE MISS for role: ADMIN
2026-03-06 11:17:14 INFO  c.c.service.PermissionDataService - Fetching from DB for roles: [ADMIN]
2026-03-06 11:17:15 INFO  c.c.service.PermissionDataService - DB returned 1 records
2026-03-06 11:17:15 INFO  c.c.service.PermissionDataService - Processed DB Data chunk for role: ADMIN, UserRoleId: 939, JSON Length: 22208
2026-03-06 11:17:15 INFO  c.c.service.PermissionDataService - CACHE POPULATING (Pipeline) for role: ADMIN, Total Unique Screens: 185
2026-03-06 11:17:15 INFO  c.c.service.PermissionDataService - Stored in Redis: role_v2::ADMIN with 3 min expiration
2026-03-06 11:17:15 INFO  c.c.service.PermissionDataService - >>> Permission Check Initiated <<<
2026-03-06 11:17:15 INFO  c.c.service.PermissionDataService - User: Mohan, Designations: [CENTER HEAD], Roles: [ADMIN]
2026-03-06 11:17:15 INFO  c.c.service.PermissionDataService - CACHE HIT for role: ADMIN
2026-03-06 11:17:15 INFO  c.c.service.PermissionDataService - Refreshed expiration for role: ADMIN to 3 mins
2026-03-06 11:18:54 INFO  c.c.service.PermissionDataService - >>> Permission Check Initiated <<<
2026-03-06 11:18:54 INFO  c.c.service.PermissionDataService - User: Mohan, Designations: [CENTER HEAD], Roles: [ADMIN]
2026-03-06 11:18:54 INFO  c.c.service.PermissionDataService - CACHE HIT for role: ADMIN
2026-03-06 11:18:54 INFO  c.c.service.PermissionDataService - Refreshed expiration for role: ADMIN to 3 mins
2026-03-06 11:18:54 INFO  c.c.service.PermissionDataService - >>> Permission Check Initiated <<<
2026-03-06 11:18:54 INFO  c.c.service.PermissionDataService - User: Mohan, Designations: [CENTER HEAD], Roles: [ADMIN]
2026-03-06 11:18:54 INFO  c.c.service.PermissionDataService - CACHE HIT for role: ADMIN
2026-03-06 11:18:54 INFO  c.c.service.PermissionDataService - Refreshed expiration for role: ADMIN to 3 mins
2026-03-06 11:19:29 INFO  c.c.service.PermissionDataService - >>> Permission Check Initiated <<<
2026-03-06 11:19:29 INFO  c.c.service.PermissionDataService - User: Mohan, Designations: [CENTER HEAD], Roles: [ADMIN]
2026-03-06 11:19:29 INFO  c.c.service.PermissionDataService - CACHE HIT for role: ADMIN
2026-03-06 11:19:29 INFO  c.c.service.PermissionDataService - Refreshed expiration for role: ADMIN to 3 mins
2026-03-06 11:19:29 INFO  c.c.service.PermissionDataService - >>> Permission Check Initiated <<<
2026-03-06 11:19:29 INFO  c.c.service.PermissionDataService - User: Mohan, Designations: [CENTER HEAD], Roles: [ADMIN]
2026-03-06 11:19:29 INFO  c.c.service.PermissionDataService - CACHE HIT for role: ADMIN
2026-03-06 11:19:29 INFO  c.c.service.PermissionDataService - Refreshed expiration for role: ADMIN to 3 mins
2026-03-06 11:25:25 INFO  c.c.service.PermissionDataService - >>> Permission Check Initiated <<<
2026-03-06 11:25:25 INFO  c.c.service.PermissionDataService - User: Mohan, Designations: [CENTER HEAD], Roles: [ADMIN]
2026-03-06 11:25:25 INFO  c.c.service.PermissionDataService - CACHE MISS for role: ADMIN
2026-03-06 11:25:25 INFO  c.c.service.PermissionDataService - Fetching from DB for roles: [ADMIN]
2026-03-06 11:25:25 INFO  c.c.service.PermissionDataService - DB returned 1 records
2026-03-06 11:25:25 INFO  c.c.service.PermissionDataService - Processed DB Data chunk for role: ADMIN, UserRoleId: 939, JSON Length: 22208
2026-03-06 11:25:25 INFO  c.c.service.PermissionDataService - CACHE POPULATING (Pipeline) for role: ADMIN, Total Unique Screens: 185
2026-03-06 11:25:25 INFO  c.c.service.PermissionDataService - Stored in Redis: role_v2::ADMIN with 3 min expiration
2026-03-06 11:25:25 INFO  c.c.service.PermissionDataService - >>> Permission Check Initiated <<<
2026-03-06 11:25:25 INFO  c.c.service.PermissionDataService - User: Mohan, Designations: [CENTER HEAD], Roles: [ADMIN]
2026-03-06 11:25:25 INFO  c.c.service.PermissionDataService - CACHE HIT for role: ADMIN
2026-03-06 11:25:25 INFO  c.c.service.PermissionDataService - Refreshed expiration for role: ADMIN to 3 mins
2026-03-06 11:31:32 INFO  c.c.service.PermissionDataService - >>> Permission Check Initiated <<<
2026-03-06 11:31:32 INFO  c.c.service.PermissionDataService - User: Mohan, Designations: [CENTER HEAD], Roles: [ADMIN]
2026-03-06 11:31:32 INFO  c.c.service.PermissionDataService - CACHE HIT for role: ADMIN
2026-03-06 11:31:32 INFO  c.c.service.PermissionDataService - Refreshed expiration for role: ADMIN to 3 mins
2026-03-06 11:31:32 INFO  c.c.service.PermissionDataService - >>> Permission Check Initiated <<<
2026-03-06 11:31:32 INFO  c.c.service.PermissionDataService - User: Mohan, Designations: [CENTER HEAD], Roles: [ADMIN]
2026-03-06 11:31:32 INFO  c.c.service.PermissionDataService - CACHE HIT for role: ADMIN
2026-03-06 11:31:32 INFO  c.c.service.PermissionDataService - Refreshed expiration for role: ADMIN to 3 mins
2026-03-06 11:38:00 INFO  c.c.service.PermissionDataService - >>> Permission Check Initiated <<<
2026-03-06 11:38:00 INFO  c.c.service.PermissionDataService - User: Mohan, Designations: [CENTER HEAD], Roles: [ADMIN]
2026-03-06 11:38:00 INFO  c.c.service.PermissionDataService - CACHE MISS for role: ADMIN
2026-03-06 11:38:00 INFO  c.c.service.PermissionDataService - Fetching from DB for roles: [ADMIN]
2026-03-06 11:38:01 INFO  c.c.service.PermissionDataService - DB returned 1 records
2026-03-06 11:38:01 INFO  c.c.service.PermissionDataService - Processed DB Data chunk for role: ADMIN, UserRoleId: 939, JSON Length: 22208
2026-03-06 11:38:01 INFO  c.c.service.PermissionDataService - CACHE POPULATING (Pipeline) for role: ADMIN, Total Unique Screens: 185
2026-03-06 11:38:01 INFO  c.c.service.PermissionDataService - Stored in Redis: role_v2::ADMIN with 3 min expiration
2026-03-06 11:38:01 INFO  c.c.service.PermissionDataService - >>> Permission Check Initiated <<<
2026-03-06 11:38:01 INFO  c.c.service.PermissionDataService - User: Mohan, Designations: [CENTER HEAD], Roles: [ADMIN]
2026-03-06 11:38:01 INFO  c.c.service.PermissionDataService - CACHE HIT for role: ADMIN
2026-03-06 11:38:01 INFO  c.c.service.PermissionDataService - Refreshed expiration for role: ADMIN to 3 mins
2026-03-06 11:39:41 INFO  c.c.service.PermissionDataService - >>> Permission Check Initiated <<<
2026-03-06 11:39:41 INFO  c.c.service.PermissionDataService - User: Mohan, Designations: [CENTER HEAD], Roles: [ADMIN]
2026-03-06 11:39:41 INFO  c.c.service.PermissionDataService - CACHE HIT for role: ADMIN
2026-03-06 11:39:41 INFO  c.c.service.PermissionDataService - Refreshed expiration for role: ADMIN to 3 mins
2026-03-06 11:39:41 INFO  c.c.service.PermissionDataService - >>> Permission Check Initiated <<<
2026-03-06 11:39:41 INFO  c.c.service.PermissionDataService - User: Mohan, Designations: [CENTER HEAD], Roles: [ADMIN]
2026-03-06 11:39:41 INFO  c.c.service.PermissionDataService - CACHE HIT for role: ADMIN
2026-03-06 11:39:41 INFO  c.c.service.PermissionDataService - Refreshed expiration for role: ADMIN to 3 mins
2026-03-06 12:44:02 INFO  c.c.service.PermissionDataService - >>> Permission Check Initiated <<<
2026-03-06 12:44:02 INFO  c.c.service.PermissionDataService - User: Mohan, Designations: [CENTER HEAD], Roles: [ADMIN]
2026-03-06 12:44:02 INFO  c.c.service.PermissionDataService - CACHE HIT for role: ADMIN
2026-03-06 12:44:02 INFO  c.c.service.PermissionDataService - Refreshed expiration for role: ADMIN to 3 mins
2026-03-06 12:44:02 INFO  c.c.service.PermissionDataService - >>> Permission Check Initiated <<<
2026-03-06 12:44:02 INFO  c.c.service.PermissionDataService - User: Mohan, Designations: [CENTER HEAD], Roles: [ADMIN]
2026-03-06 12:44:02 INFO  c.c.service.PermissionDataService - CACHE HIT for role: ADMIN
2026-03-06 12:44:02 INFO  c.c.service.PermissionDataService - Refreshed expiration for role: ADMIN to 3 mins
2026-03-06 12:44:02 INFO  c.c.service.PermissionDataService - >>> Permission Check Initiated <<<
2026-03-06 12:44:02 INFO  c.c.service.PermissionDataService - User: Mohan, Designations: [CENTER HEAD], Roles: [ADMIN]
2026-03-06 12:44:02 INFO  c.c.service.PermissionDataService - CACHE HIT for role: ADMIN
2026-03-06 12:44:02 INFO  c.c.service.PermissionDataService - Refreshed expiration for role: ADMIN to 3 mins
2026-03-06 15:08:36 INFO  c.c.service.PermissionDataService - >>> Permission Check Initiated <<<
2026-03-06 15:08:36 INFO  c.c.service.PermissionDataService - User: Mohan, Designations: [CENTER HEAD], Roles: [ADMIN]
2026-03-06 15:08:36 INFO  c.c.service.PermissionDataService - CACHE HIT for role: ADMIN
2026-03-06 15:08:36 INFO  c.c.service.PermissionDataService - Refreshed expiration for role: ADMIN to 3 mins
2026-03-06 15:08:36 INFO  c.c.service.PermissionDataService - >>> Permission Check Initiated <<<
2026-03-06 15:08:36 INFO  c.c.service.PermissionDataService - User: Mohan, Designations: [CENTER HEAD], Roles: [ADMIN]
2026-03-06 15:08:36 INFO  c.c.service.PermissionDataService - CACHE HIT for role: ADMIN
2026-03-06 15:08:36 INFO  c.c.service.PermissionDataService - Refreshed expiration for role: ADMIN to 3 mins
2026-03-06 15:08:37 INFO  c.c.service.PermissionDataService - >>> Permission Check Initiated <<<
2026-03-06 15:08:37 INFO  c.c.service.PermissionDataService - User: Mohan, Designations: [CENTER HEAD], Roles: [ADMIN]
2026-03-06 15:08:37 INFO  c.c.service.PermissionDataService - CACHE HIT for role: ADMIN
2026-03-06 15:08:37 INFO  c.c.service.PermissionDataService - Refreshed expiration for role: ADMIN to 3 mins
2026-03-06 15:15:11 INFO  c.c.service.PermissionDataService - >>> Permission Check Initiated <<<
2026-03-06 15:15:11 INFO  c.c.service.PermissionDataService - User: Mohan, Designations: [CENTER HEAD], Roles: [ADMIN]
2026-03-06 15:15:11 INFO  c.c.service.PermissionDataService - CACHE MISS for role: ADMIN
2026-03-06 15:15:11 INFO  c.c.service.PermissionDataService - Fetching from DB for roles: [ADMIN]
2026-03-06 15:15:11 INFO  c.c.service.PermissionDataService - DB returned 1 records
2026-03-06 15:15:11 INFO  c.c.service.PermissionDataService - Processed DB Data chunk for role: ADMIN, UserRoleId: 939, JSON Length: 22208
2026-03-06 15:15:11 INFO  c.c.service.PermissionDataService - CACHE POPULATING (Pipeline) for role: ADMIN, Total Unique Screens: 185
2026-03-06 15:15:11 INFO  c.c.service.PermissionDataService - Stored in Redis: role_v2::ADMIN with 3 min expiration
2026-03-06 15:15:11 INFO  c.c.service.PermissionDataService - >>> Permission Check Initiated <<<
2026-03-06 15:15:11 INFO  c.c.service.PermissionDataService - User: Mohan, Designations: [CENTER HEAD], Roles: [ADMIN]
2026-03-06 15:15:11 INFO  c.c.service.PermissionDataService - CACHE HIT for role: ADMIN
2026-03-06 15:15:11 INFO  c.c.service.PermissionDataService - Refreshed expiration for role: ADMIN to 3 mins
2026-03-06 15:16:27 INFO  c.c.service.PermissionDataService - >>> Permission Check Initiated <<<
2026-03-06 15:16:27 INFO  c.c.service.PermissionDataService - User: Mohan, Designations: [CENTER HEAD], Roles: [ADMIN]
2026-03-06 15:16:27 INFO  c.c.service.PermissionDataService - CACHE HIT for role: ADMIN
2026-03-06 15:16:27 INFO  c.c.service.PermissionDataService - Refreshed expiration for role: ADMIN to 3 mins
2026-03-06 15:16:27 INFO  c.c.service.PermissionDataService - >>> Permission Check Initiated <<<
2026-03-06 15:16:27 INFO  c.c.service.PermissionDataService - User: Mohan, Designations: [CENTER HEAD], Roles: [ADMIN]
2026-03-06 15:16:27 INFO  c.c.service.PermissionDataService - CACHE HIT for role: ADMIN
2026-03-06 15:16:27 INFO  c.c.service.PermissionDataService - Refreshed expiration for role: ADMIN to 3 mins
2026-03-06 15:16:46 INFO  c.c.service.PermissionDataService - >>> Permission Check Initiated <<<
2026-03-06 15:16:46 INFO  c.c.service.PermissionDataService - User: Mohan, Designations: [CENTER HEAD], Roles: [ADMIN]
2026-03-06 15:16:46 INFO  c.c.service.PermissionDataService - CACHE HIT for role: ADMIN
2026-03-06 15:16:46 INFO  c.c.service.PermissionDataService - Refreshed expiration for role: ADMIN to 3 mins
2026-03-06 15:16:46 INFO  c.c.service.PermissionDataService - >>> Permission Check Initiated <<<
2026-03-06 15:16:46 INFO  c.c.service.PermissionDataService - User: Mohan, Designations: [CENTER HEAD], Roles: [ADMIN]
2026-03-06 15:16:46 INFO  c.c.service.PermissionDataService - CACHE HIT for role: ADMIN
2026-03-06 15:16:46 INFO  c.c.service.PermissionDataService - Refreshed expiration for role: ADMIN to 3 mins
2026-03-06 16:54:47 INFO  c.c.service.PermissionDataService - >>> Permission Check Initiated <<<
2026-03-06 16:54:47 INFO  c.c.service.PermissionDataService - User: Mohan, Designations: [CENTER HEAD], Roles: [ADMIN]
2026-03-06 16:54:47 INFO  c.c.service.PermissionDataService - CACHE HIT for role: ADMIN
2026-03-06 16:54:47 INFO  c.c.service.PermissionDataService - Refreshed expiration for role: ADMIN to 3 mins
2026-03-06 16:54:47 INFO  c.c.service.PermissionDataService - >>> Permission Check Initiated <<<
2026-03-06 16:54:47 INFO  c.c.service.PermissionDataService - User: Mohan, Designations: [CENTER HEAD], Roles: [ADMIN]
2026-03-06 16:54:47 INFO  c.c.service.PermissionDataService - CACHE HIT for role: ADMIN
2026-03-06 16:54:47 INFO  c.c.service.PermissionDataService - Refreshed expiration for role: ADMIN to 3 mins
2026-03-06 16:54:47 INFO  c.c.service.PermissionDataService - >>> Permission Check Initiated <<<
2026-03-06 16:54:47 INFO  c.c.service.PermissionDataService - User: Mohan, Designations: [CENTER HEAD], Roles: [ADMIN]
2026-03-06 16:54:47 INFO  c.c.service.PermissionDataService - CACHE HIT for role: ADMIN
2026-03-06 16:54:47 INFO  c.c.service.PermissionDataService - Refreshed expiration for role: ADMIN to 3 mins
2026-03-06 17:14:07 INFO  c.c.service.PermissionDataService - >>> Permission Check Initiated <<<
2026-03-06 17:14:07 INFO  c.c.service.PermissionDataService - User: Mohan, Designations: [CENTER HEAD], Roles: [ADMIN]
2026-03-06 17:14:07 INFO  c.c.service.PermissionDataService - CACHE MISS for role: ADMIN
2026-03-06 17:14:07 INFO  c.c.service.PermissionDataService - Fetching from DB for roles: [ADMIN]
2026-03-06 17:14:07 INFO  c.c.service.PermissionDataService - DB returned 1 records
2026-03-06 17:14:07 INFO  c.c.service.PermissionDataService - Processed DB Data chunk for role: ADMIN, UserRoleId: 939, JSON Length: 22208
2026-03-06 17:14:07 INFO  c.c.service.PermissionDataService - CACHE POPULATING (Pipeline) for role: ADMIN, Total Unique Screens: 185
2026-03-06 17:14:07 INFO  c.c.service.PermissionDataService - Stored in Redis: role_v2::ADMIN with 3 min expiration
2026-03-06 17:14:07 INFO  c.c.service.PermissionDataService - >>> Permission Check Initiated <<<
2026-03-06 17:14:07 INFO  c.c.service.PermissionDataService - User: Mohan, Designations: [CENTER HEAD], Roles: [ADMIN]
2026-03-06 17:14:07 INFO  c.c.service.PermissionDataService - CACHE HIT for role: ADMIN
2026-03-06 17:14:07 INFO  c.c.service.PermissionDataService - Refreshed expiration for role: ADMIN to 3 mins
2026-03-06 17:24:52 INFO  c.c.service.PermissionDataService - >>> Permission Check Initiated <<<
2026-03-06 17:24:52 INFO  c.c.service.PermissionDataService - User: Mohan, Designations: [CENTER HEAD], Roles: [ADMIN]
2026-03-06 17:24:52 INFO  c.c.service.PermissionDataService - CACHE MISS for role: ADMIN
2026-03-06 17:24:52 INFO  c.c.service.PermissionDataService - Fetching from DB for roles: [ADMIN]
2026-03-06 17:24:52 INFO  c.c.service.PermissionDataService - DB returned 1 records
2026-03-06 17:24:52 INFO  c.c.service.PermissionDataService - Processed DB Data chunk for role: ADMIN, UserRoleId: 939, JSON Length: 22208
2026-03-06 17:24:52 INFO  c.c.service.PermissionDataService - CACHE POPULATING (Pipeline) for role: ADMIN, Total Unique Screens: 185
2026-03-06 17:24:52 INFO  c.c.service.PermissionDataService - Stored in Redis: role_v2::ADMIN with 3 min expiration
2026-03-06 17:24:52 INFO  c.c.service.PermissionDataService - >>> Permission Check Initiated <<<
2026-03-06 17:24:52 INFO  c.c.service.PermissionDataService - User: Mohan, Designations: [CENTER HEAD], Roles: [ADMIN]
2026-03-06 17:24:52 INFO  c.c.service.PermissionDataService - CACHE HIT for role: ADMIN
2026-03-06 17:24:52 INFO  c.c.service.PermissionDataService - Refreshed expiration for role: ADMIN to 3 mins
2026-03-06 17:46:41 INFO  c.c.service.PermissionDataService - >>> Permission Check Initiated <<<
2026-03-06 17:46:41 INFO  c.c.service.PermissionDataService - User: Mohan, Designations: [CENTER HEAD], Roles: [ADMIN]
2026-03-06 17:46:41 INFO  c.c.service.PermissionDataService - CACHE HIT for role: ADMIN
2026-03-06 17:46:41 INFO  c.c.service.PermissionDataService - Refreshed expiration for role: ADMIN to 3 mins
2026-03-06 17:46:41 INFO  c.c.service.PermissionDataService - >>> Permission Check Initiated <<<
2026-03-06 17:46:41 INFO  c.c.service.PermissionDataService - User: Mohan, Designations: [CENTER HEAD], Roles: [ADMIN]
2026-03-06 17:46:41 INFO  c.c.service.PermissionDataService - CACHE HIT for role: ADMIN
2026-03-06 17:46:41 INFO  c.c.service.PermissionDataService - Refreshed expiration for role: ADMIN to 3 mins
2026-03-06 17:46:41 INFO  c.c.service.PermissionDataService - >>> Permission Check Initiated <<<
2026-03-06 17:46:41 INFO  c.c.service.PermissionDataService - User: Mohan, Designations: [CENTER HEAD], Roles: [ADMIN]
2026-03-06 17:46:41 INFO  c.c.service.PermissionDataService - CACHE HIT for role: ADMIN
2026-03-06 17:46:41 INFO  c.c.service.PermissionDataService - Refreshed expiration for role: ADMIN to 3 mins
2026-03-06 17:48:15 INFO  c.c.service.PermissionDataService - >>> Permission Check Initiated <<<
2026-03-06 17:48:15 INFO  c.c.service.PermissionDataService - User: Mohan, Designations: [CENTER HEAD], Roles: [ADMIN]
2026-03-06 17:48:15 INFO  c.c.service.PermissionDataService - CACHE HIT for role: ADMIN
2026-03-06 17:48:15 INFO  c.c.service.PermissionDataService - Refreshed expiration for role: ADMIN to 3 mins
2026-03-06 17:48:15 INFO  c.c.service.PermissionDataService - >>> Permission Check Initiated <<<
2026-03-06 17:48:15 INFO  c.c.service.PermissionDataService - User: Mohan, Designations: [CENTER HEAD], Roles: [ADMIN]
2026-03-06 17:48:15 INFO  c.c.service.PermissionDataService - CACHE HIT for role: ADMIN
2026-03-06 17:48:15 INFO  c.c.service.PermissionDataService - Refreshed expiration for role: ADMIN to 3 mins
2026-03-06 17:48:15 INFO  c.c.service.PermissionDataService - >>> Permission Check Initiated <<<
2026-03-06 17:48:15 INFO  c.c.service.PermissionDataService - User: Mohan, Designations: [CENTER HEAD], Roles: [ADMIN]
2026-03-06 17:48:15 INFO  c.c.service.PermissionDataService - CACHE HIT for role: ADMIN
2026-03-06 17:48:15 INFO  c.c.service.PermissionDataService - Refreshed expiration for role: ADMIN to 3 mins
2026-03-06 18:28:24 INFO  c.c.service.PermissionDataService - >>> Permission Check Initiated <<<
2026-03-06 18:28:24 INFO  c.c.service.PermissionDataService - User: Mohan, Designations: [CENTER HEAD], Roles: [ADMIN]
2026-03-06 18:28:24 INFO  c.c.service.PermissionDataService - CACHE MISS for role: ADMIN
2026-03-06 18:28:24 INFO  c.c.service.PermissionDataService - Fetching from DB for roles: [ADMIN]
2026-03-06 18:28:24 INFO  c.c.service.PermissionDataService - DB returned 1 records
2026-03-06 18:28:24 INFO  c.c.service.PermissionDataService - Processed DB Data chunk for role: ADMIN, UserRoleId: 939, JSON Length: 22208
2026-03-06 18:28:24 INFO  c.c.service.PermissionDataService - CACHE POPULATING (Pipeline) for role: ADMIN, Total Unique Screens: 185
2026-03-06 18:28:24 INFO  c.c.service.PermissionDataService - Stored in Redis: role_v2::ADMIN with 3 min expiration
2026-03-06 18:28:24 INFO  c.c.service.PermissionDataService - >>> Permission Check Initiated <<<
2026-03-06 18:28:24 INFO  c.c.service.PermissionDataService - User: Mohan, Designations: [CENTER HEAD], Roles: [ADMIN]
2026-03-06 18:28:24 INFO  c.c.service.PermissionDataService - CACHE HIT for role: ADMIN
2026-03-06 18:28:24 INFO  c.c.service.PermissionDataService - Refreshed expiration for role: ADMIN to 3 mins
2026-03-06 18:28:51 INFO  c.c.service.PermissionDataService - >>> Permission Check Initiated <<<
2026-03-06 18:28:51 INFO  c.c.service.PermissionDataService - User: Mohan, Designations: [CENTER HEAD], Roles: [ADMIN]
2026-03-06 18:28:51 INFO  c.c.service.PermissionDataService - CACHE HIT for role: ADMIN
2026-03-06 18:28:51 INFO  c.c.service.PermissionDataService - Refreshed expiration for role: ADMIN to 3 mins
2026-03-06 18:28:51 INFO  c.c.service.PermissionDataService - >>> Permission Check Initiated <<<
2026-03-06 18:28:51 INFO  c.c.service.PermissionDataService - User: Mohan, Designations: [CENTER HEAD], Roles: [ADMIN]
2026-03-06 18:28:51 INFO  c.c.service.PermissionDataService - CACHE HIT for role: ADMIN
2026-03-06 18:28:51 INFO  c.c.service.PermissionDataService - Refreshed expiration for role: ADMIN to 3 mins
2026-03-06 18:30:06 INFO  c.c.service.PermissionDataService - >>> Permission Check Initiated <<<
2026-03-06 18:30:06 INFO  c.c.service.PermissionDataService - User: Mohan, Designations: [CENTER HEAD], Roles: [ADMIN]
2026-03-06 18:30:06 INFO  c.c.service.PermissionDataService - CACHE HIT for role: ADMIN
2026-03-06 18:30:06 INFO  c.c.service.PermissionDataService - Refreshed expiration for role: ADMIN to 3 mins
2026-03-06 18:30:06 INFO  c.c.service.PermissionDataService - >>> Permission Check Initiated <<<
2026-03-06 18:30:06 INFO  c.c.service.PermissionDataService - User: Mohan, Designations: [CENTER HEAD], Roles: [ADMIN]
2026-03-06 18:30:06 INFO  c.c.service.PermissionDataService - CACHE HIT for role: ADMIN
2026-03-06 18:30:06 INFO  c.c.service.PermissionDataService - Refreshed expiration for role: ADMIN to 3 mins
2026-03-06 18:31:00 INFO  c.c.service.PermissionDataService - >>> Permission Check Initiated <<<
2026-03-06 18:31:00 INFO  c.c.service.PermissionDataService - User: Mohan, Designations: [CENTER HEAD], Roles: [ADMIN]
2026-03-06 18:31:00 INFO  c.c.service.PermissionDataService - CACHE HIT for role: ADMIN
2026-03-06 18:31:00 INFO  c.c.service.PermissionDataService - Refreshed expiration for role: ADMIN to 3 mins
2026-03-06 18:31:00 INFO  c.c.service.PermissionDataService - >>> Permission Check Initiated <<<
2026-03-06 18:31:00 INFO  c.c.service.PermissionDataService - User: Mohan, Designations: [CENTER HEAD], Roles: [ADMIN]
2026-03-06 18:31:00 INFO  c.c.service.PermissionDataService - CACHE HIT for role: ADMIN
2026-03-06 18:31:00 INFO  c.c.service.PermissionDataService - Refreshed expiration for role: ADMIN to 3 mins
2026-03-06 18:32:39 INFO  c.c.service.PermissionDataService - >>> Permission Check Initiated <<<
2026-03-06 18:32:39 INFO  c.c.service.PermissionDataService - User: Mohan, Designations: [CENTER HEAD], Roles: [ADMIN]
2026-03-06 18:32:39 INFO  c.c.service.PermissionDataService - CACHE HIT for role: ADMIN
2026-03-06 18:32:39 INFO  c.c.service.PermissionDataService - Refreshed expiration for role: ADMIN to 3 mins
2026-03-06 18:32:39 INFO  c.c.service.PermissionDataService - >>> Permission Check Initiated <<<
2026-03-06 18:32:39 INFO  c.c.service.PermissionDataService - User: Mohan, Designations: [CENTER HEAD], Roles: [ADMIN]
2026-03-06 18:32:39 INFO  c.c.service.PermissionDataService - CACHE HIT for role: ADMIN
2026-03-06 18:32:39 INFO  c.c.service.PermissionDataService - Refreshed expiration for role: ADMIN to 3 mins
2026-03-06 20:43:03 INFO  c.c.service.PermissionDataService - >>> Permission Check Initiated <<<
2026-03-06 20:43:03 INFO  c.c.service.PermissionDataService - User: Mohan, Designations: [CENTER HEAD], Roles: [ADMIN]
2026-03-06 20:43:03 INFO  c.c.service.PermissionDataService - CACHE HIT for role: ADMIN
2026-03-06 20:43:03 INFO  c.c.service.PermissionDataService - Refreshed expiration for role: ADMIN to 3 mins
2026-03-06 20:43:03 INFO  c.c.service.PermissionDataService - >>> Permission Check Initiated <<<
2026-03-06 20:43:03 INFO  c.c.service.PermissionDataService - User: Mohan, Designations: [CENTER HEAD], Roles: [ADMIN]
2026-03-06 20:43:03 INFO  c.c.service.PermissionDataService - CACHE HIT for role: ADMIN
2026-03-06 20:43:03 INFO  c.c.service.PermissionDataService - Refreshed expiration for role: ADMIN to 3 mins
2026-03-06 20:43:03 INFO  c.c.service.PermissionDataService - >>> Permission Check Initiated <<<
2026-03-06 20:43:03 INFO  c.c.service.PermissionDataService - User: Mohan, Designations: [CENTER HEAD], Roles: [ADMIN]
2026-03-06 20:43:03 INFO  c.c.service.PermissionDataService - CACHE HIT for role: ADMIN
2026-03-06 20:43:03 INFO  c.c.service.PermissionDataService - Refreshed expiration for role: ADMIN to 3 mins
2026-03-06 20:46:22 INFO  c.c.service.PermissionDataService - >>> Permission Check Initiated <<<
2026-03-06 20:46:22 INFO  c.c.service.PermissionDataService - User: Mohan, Designations: [CENTER HEAD], Roles: [ADMIN]
2026-03-06 20:46:22 INFO  c.c.service.PermissionDataService - CACHE MISS for role: ADMIN
2026-03-06 20:46:22 INFO  c.c.service.PermissionDataService - Fetching from DB for roles: [ADMIN]
2026-03-06 20:46:24 INFO  c.c.service.PermissionDataService - DB returned 1 records
2026-03-06 20:46:24 INFO  c.c.service.PermissionDataService - Processed DB Data chunk for role: ADMIN, UserRoleId: 939, JSON Length: 22208
2026-03-06 20:46:24 INFO  c.c.service.PermissionDataService - CACHE POPULATING (Pipeline) for role: ADMIN, Total Unique Screens: 185
2026-03-06 20:46:24 INFO  c.c.service.PermissionDataService - Stored in Redis: role_v2::ADMIN with 3 min expiration
2026-03-06 20:46:25 INFO  c.c.service.PermissionDataService - >>> Permission Check Initiated <<<
2026-03-06 20:46:25 INFO  c.c.service.PermissionDataService - User: Mohan, Designations: [CENTER HEAD], Roles: [ADMIN]
2026-03-06 20:46:25 INFO  c.c.service.PermissionDataService - CACHE HIT for role: ADMIN
2026-03-06 20:46:25 INFO  c.c.service.PermissionDataService - Refreshed expiration for role: ADMIN to 3 mins
2026-03-06 20:48:04 INFO  c.c.service.PermissionDataService - >>> Permission Check Initiated <<<
2026-03-06 20:48:04 INFO  c.c.service.PermissionDataService - User: Mohan, Designations: [CENTER HEAD], Roles: [ADMIN]
2026-03-06 20:48:18 INFO  c.c.service.PermissionDataService - CACHE HIT for role: ADMIN
2026-03-06 20:48:18 INFO  c.c.service.PermissionDataService - Refreshed expiration for role: ADMIN to 3 mins
2026-03-06 20:48:19 INFO  c.c.service.PermissionDataService - >>> Permission Check Initiated <<<
2026-03-06 20:48:19 INFO  c.c.service.PermissionDataService - User: Mohan, Designations: [CENTER HEAD], Roles: [ADMIN]
2026-03-06 20:48:19 INFO  c.c.service.PermissionDataService - CACHE HIT for role: ADMIN
2026-03-06 20:48:19 INFO  c.c.service.PermissionDataService - Refreshed expiration for role: ADMIN to 3 mins
2026-03-06 20:48:19 INFO  c.c.service.PermissionDataService - >>> Permission Check Initiated <<<
2026-03-06 20:48:19 INFO  c.c.service.PermissionDataService - User: Mohan, Designations: [CENTER HEAD], Roles: [ADMIN]
2026-03-06 20:48:19 INFO  c.c.service.PermissionDataService - CACHE HIT for role: ADMIN
2026-03-06 20:48:19 INFO  c.c.service.PermissionDataService - Refreshed expiration for role: ADMIN to 3 mins
2026-03-06 21:03:59 INFO  c.c.service.PermissionDataService - >>> Permission Check Initiated <<<
2026-03-06 21:03:59 INFO  c.c.service.PermissionDataService - User: Mohan, Designations: [CENTER HEAD], Roles: [ADMIN]
2026-03-06 21:03:59 INFO  c.c.service.PermissionDataService - CACHE MISS for role: ADMIN
2026-03-06 21:03:59 INFO  c.c.service.PermissionDataService - Fetching from DB for roles: [ADMIN]
2026-03-06 21:04:01 INFO  c.c.service.PermissionDataService - DB returned 1 records
2026-03-06 21:04:01 INFO  c.c.service.PermissionDataService - Processed DB Data chunk for role: ADMIN, UserRoleId: 939, JSON Length: 22208
2026-03-06 21:04:01 INFO  c.c.service.PermissionDataService - CACHE POPULATING (Pipeline) for role: ADMIN, Total Unique Screens: 185
2026-03-06 21:04:01 INFO  c.c.service.PermissionDataService - Stored in Redis: role_v2::ADMIN with 3 min expiration
2026-03-06 21:04:02 INFO  c.c.service.PermissionDataService - >>> Permission Check Initiated <<<
2026-03-06 21:04:02 INFO  c.c.service.PermissionDataService - User: Mohan, Designations: [CENTER HEAD], Roles: [ADMIN]
2026-03-06 21:04:02 INFO  c.c.service.PermissionDataService - CACHE HIT for role: ADMIN
2026-03-06 21:04:02 INFO  c.c.service.PermissionDataService - Refreshed expiration for role: ADMIN to 3 mins
2026-03-06 21:29:51 INFO  c.c.service.PermissionDataService - >>> Permission Check Initiated <<<
2026-03-06 21:29:51 INFO  c.c.service.PermissionDataService - User: Mohan, Designations: [CENTER HEAD], Roles: [ADMIN]
2026-03-06 21:29:51 INFO  c.c.service.PermissionDataService - CACHE MISS for role: ADMIN
2026-03-06 21:29:51 INFO  c.c.service.PermissionDataService - Fetching from DB for roles: [ADMIN]
2026-03-06 21:29:53 INFO  c.c.service.PermissionDataService - DB returned 1 records
2026-03-06 21:29:53 INFO  c.c.service.PermissionDataService - Processed DB Data chunk for role: ADMIN, UserRoleId: 939, JSON Length: 22208
2026-03-06 21:29:54 INFO  c.c.service.PermissionDataService - CACHE POPULATING (Pipeline) for role: ADMIN, Total Unique Screens: 185
2026-03-06 21:29:54 INFO  c.c.service.PermissionDataService - Stored in Redis: role_v2::ADMIN with 3 min expiration
2026-03-06 21:29:54 INFO  c.c.service.PermissionDataService - >>> Permission Check Initiated <<<
2026-03-06 21:29:54 INFO  c.c.service.PermissionDataService - User: Mohan, Designations: [CENTER HEAD], Roles: [ADMIN]
2026-03-06 21:29:54 INFO  c.c.service.PermissionDataService - CACHE HIT for role: ADMIN
2026-03-06 21:29:54 INFO  c.c.service.PermissionDataService - Refreshed expiration for role: ADMIN to 3 mins
2026-03-06 21:40:11 INFO  c.c.service.PermissionDataService - >>> Permission Check Initiated <<<
2026-03-06 21:40:11 INFO  c.c.service.PermissionDataService - User: Mohan, Designations: [CENTER HEAD], Roles: [ADMIN]
2026-03-06 21:40:11 INFO  c.c.service.PermissionDataService - CACHE MISS for role: ADMIN
2026-03-06 21:40:11 INFO  c.c.service.PermissionDataService - Fetching from DB for roles: [ADMIN]
2026-03-06 21:40:12 INFO  c.c.service.PermissionDataService - DB returned 1 records
2026-03-06 21:40:12 INFO  c.c.service.PermissionDataService - Processed DB Data chunk for role: ADMIN, UserRoleId: 939, JSON Length: 22208
2026-03-06 21:40:12 INFO  c.c.service.PermissionDataService - CACHE POPULATING (Pipeline) for role: ADMIN, Total Unique Screens: 185
2026-03-06 21:40:12 INFO  c.c.service.PermissionDataService - Stored in Redis: role_v2::ADMIN with 3 min expiration
2026-03-06 21:40:12 INFO  c.c.service.PermissionDataService - >>> Permission Check Initiated <<<
2026-03-06 21:40:12 INFO  c.c.service.PermissionDataService - User: Mohan, Designations: [CENTER HEAD], Roles: [ADMIN]
2026-03-06 21:40:12 INFO  c.c.service.PermissionDataService - CACHE HIT for role: ADMIN
2026-03-06 21:40:13 INFO  c.c.service.PermissionDataService - Refreshed expiration for role: ADMIN to 3 mins
2026-03-06 22:27:23 INFO  c.c.service.PermissionDataService - >>> Permission Check Initiated <<<
2026-03-06 22:27:23 INFO  c.c.service.PermissionDataService - User: Mohan, Designations: [CENTER HEAD], Roles: [ADMIN]
2026-03-06 22:27:23 INFO  c.c.service.PermissionDataService - CACHE HIT for role: ADMIN
2026-03-06 22:27:23 INFO  c.c.service.PermissionDataService - Refreshed expiration for role: ADMIN to 3 mins
2026-03-06 22:27:24 INFO  c.c.service.PermissionDataService - >>> Permission Check Initiated <<<
2026-03-06 22:27:24 INFO  c.c.service.PermissionDataService - User: Mohan, Designations: [CENTER HEAD], Roles: [ADMIN]
2026-03-06 22:27:24 INFO  c.c.service.PermissionDataService - CACHE HIT for role: ADMIN
2026-03-06 22:27:24 INFO  c.c.service.PermissionDataService - Refreshed expiration for role: ADMIN to 3 mins
2026-03-06 22:27:24 INFO  c.c.service.PermissionDataService - >>> Permission Check Initiated <<<
2026-03-06 22:27:24 INFO  c.c.service.PermissionDataService - User: Mohan, Designations: [CENTER HEAD], Roles: [ADMIN]
2026-03-06 22:27:24 INFO  c.c.service.PermissionDataService - CACHE HIT for role: ADMIN
2026-03-06 22:27:24 INFO  c.c.service.PermissionDataService - Refreshed expiration for role: ADMIN to 3 mins
